[dflash] WARNING: detected CUDA device 0 (NVIDIA GeForce RTX 3090) with 23 GiB VRAM.
[dflash]          Long-context prefill on <=24 GiB cards is significantly
[dflash]          slower with VMM enabled. Consider rebuilding with:
[dflash]              cmake -DGGML_CUDA_NO_VMM=ON ..
ggml_cuda_init: found 1 CUDA devices (Total VRAM: 24575 MiB):
  Device 0: NVIDIA GeForce RTX 3090, compute capability 8.6, VMM: no, VRAM: 24575 MiB
[cache] created max_ctx=65536 (full_attn=65536, swa=2048), kv_layers=60, saved 80.7%
[cache] kv types: SWA=tq3_0, full=tq3_0
[cfg] model=/home/peppi/Dev/lucebox-hub/models/gemma-4-31B-it-Q4_K_M.gguf draft=(none) method=none gpu=0 ctx=65536 n_predict=64 kv_k=tq3_0 kv_v=tq3_0 temp=0.00 top_k=0 top_p=1.00 budget=22 bench=0 fa_window=0 draft_max=0 adaptive=0 draft_kv_cap_override=0 pflash=1 pflash_alpha=0.120
[gemma4_loader] bos_id=2 eos_id=106 eos_chat_id=107
[gemma4_loader] capture_layer_ids: 1 12 23 35 46 57
[target] loaded 60 layers, n_embd=5376, vocab=262144  (2799.6 ms)
[cache] created max_ctx=65536, kv_layers=60  (225.5 ms)
[tokens] using 49903 pre-tokenised IDs from --tokens
[tokens] prepended BOS token 2
[prefill] 49904 tokens ...
[prefill] 49904 tokens in 112824.8 ms (442.3 tok/s) [chunked+pflash, chunk_size=1024]  (last sampled token: 100)
[tgt-only-dbg] logits[0..3]: -12.707 -3.019 -5.846 -12.807 max=24.548@45518 next=45518
100 45518 107 101 818 3847 1816 563 496 22907 529 18583 699 1156 1607 10772 236787 8966 36951 236789 236751 5213 236780 6886 40707 605 1018 532 5213 40421 8488 84750 108 10354 5213 7783 236743 236770 236787 3468 19386 44477 1018 108 1018 38322 137944 53121 107 236829 139 1018 4335 71928 53121 669 6082 16625 563 506 16438 1534 506 5213 
[stats] generated=64  decode_ms=10122.6  tok/s=6.32  first_tok_ms=159.04
[stats] prefill=49904 tokens  context_used=49968/65536
[mem]  VRAM used=21.02 GB  total=24.00 GB
