[dflash] WARNING: detected CUDA device 0 (NVIDIA GeForce RTX 3090) with 23 GiB VRAM.
[dflash]          Long-context prefill on <=24 GiB cards is significantly
[dflash]          slower with VMM enabled. Consider rebuilding with:
[dflash]              cmake -DGGML_CUDA_NO_VMM=ON ..
ggml_cuda_init: found 1 CUDA devices (Total VRAM: 24575 MiB):
  Device 0: NVIDIA GeForce RTX 3090, compute capability 8.6, VMM: no, VRAM: 24575 MiB
[gemma4 draft GGUF] loaded: n_layer=5 n_head=64 n_kv=8 n_embd=5376 n_ff=10752 head_dim=128 target_hidden=5376  (1.52 GiB on GPU)
[cache] narrow asymmetric: forced Q8_0 on 2 captured full-attn layer(s) (remaining 8 full-attn keep TQ3)
[cache] created max_ctx=65536 (full_attn=65536, swa=2048), kv_layers=60, saved 80.7%
[cache] kv types: SWA=tq3_0, full=tq3_0
[spec] draft KV sliding re-prefill: kept 2092 tokens (positions 47812..49903), dkv_cap=2096
[cfg] model=/home/peppi/Dev/lucebox-hub/models/gemma-4-31B-it-Q4_K_M.gguf draft=/home/peppi/models/gemma4-31b-dflash/draft-q8_0.gguf method=dflash gpu=0 ctx=65536 n_predict=64 kv_k=tq3_0 kv_v=tq3_0 temp=0.00 top_k=0 top_p=1.00 budget=22 bench=0 fa_window=0 draft_max=4 adaptive=0 draft_kv_cap_override=0 pflash=1 pflash_alpha=0.120
[gemma4_loader] bos_id=2 eos_id=106 eos_chat_id=107
[gemma4_loader] capture_layer_ids: 1 12 23 35 46 57
[target] loaded 60 layers, n_embd=5376, vocab=262144  (2614.0 ms)
[tok_embd] uploaded 756.0 MiB to GPU (q4_K [5376, 262144])
[draft] loaded n_layer=5 n_head=64 n_embd=5376 n_vocab=262144 target_hidden=5376 block_size=16  (258.5 ms)
[cache] created max_ctx=65536, kv_layers=60  (235.3 ms)
[draft] KV cache allocated: 2096 slots
[tokens] using 49903 pre-tokenised IDs from --tokens
[tokens] prepended BOS token 2
[prefill] 49904 tokens ...
[prefill] 49904 tokens in 104094.6 ms (479.4 tok/s) [chunked+pflash, chunk_size=1024]  (last sampled token: 100)
[draft] KV prefill done: 2096 positions materialized (skipped 47808 early tokens, cap=2096, target_feat_cap=4096, dkv_pos=2096)
100 [spec] draft KV sliding re-prefill: kept 2092 tokens (positions 47813..49904), dkv_cap=2096
ggml_backend_cuda_graph_compute: CUDA graph warmup complete
[step 1] accept=1/4 avg=1.0 draft_ms=8.28 verify_ms=179.27 kv_ms=0.72 refill_ms=20.25
45518 107 [spec] draft KV sliding re-prefill: kept 2092 tokens (positions 47815..49906), dkv_cap=2096
[step 2] accept=2/4 avg=1.5 draft_ms=6.12 verify_ms=176.14 kv_ms=0.79 refill_ms=20.25
101 2094 [spec] draft KV sliding re-prefill: kept 2092 tokens (positions 47817..49908), dkv_cap=2096
[step 3] accept=2/4 avg=1.7 draft_ms=4.38 verify_ms=176.66 kv_ms=0.61 refill_ms=19.81
1816 [spec] draft KV sliding re-prefill: kept 2092 tokens (positions 47818..49909), dkv_cap=2096
[step 4] accept=1/4 avg=1.5 draft_ms=4.39 verify_ms=179.12 kv_ms=0.68 refill_ms=19.71
10594 529 496 ggml_backend_cuda_graph_compute: CUDA graph warmup complete
[spec] draft KV sliding re-prefill: kept 2092 tokens (positions 47821..49912), dkv_cap=2096
[step 5] accept=3/4 avg=1.8 draft_ms=4.69 verify_ms=175.69 kv_ms=0.71 refill_ms=19.74
3605 529 20997 ggml_backend_cuda_graph_compute: CUDA graph warmup complete
[spec] draft KV sliding re-prefill: kept 2092 tokens (positions 47824..49915), dkv_cap=2096
[step 6] accept=3/4 avg=2.0 draft_ms=4.38 verify_ms=175.39 kv_ms=0.69 refill_ms=20.36
18583 ggml_backend_cuda_graph_compute: CUDA graph warmup reset
[spec] draft KV sliding re-prefill: kept 2092 tokens (positions 47825..49916), dkv_cap=2096
[step 7] accept=1/4 avg=1.9 draft_ms=4.40 verify_ms=177.36 kv_ms=0.65 refill_ms=19.60
568 19609 699 496 [spec] draft KV sliding re-prefill: kept 2092 tokens (positions 47829..49920), dkv_cap=2096
[step 8] accept=4/4 avg=2.1 draft_ms=4.37 verify_ms=176.92 kv_ms=0.90 refill_ms=19.65
1441 653 496 [spec] draft KV sliding re-prefill: kept 2092 tokens (positions 47832..49923), dkv_cap=2096
[step 9] accept=3/4 avg=2.2 draft_ms=4.39 verify_ms=176.86 kv_ms=0.63 refill_ms=19.94
3605 529 [spec] draft KV sliding re-prefill: kept 2092 tokens (positions 47834..49925), dkv_cap=2096
[step 10] accept=2/4 avg=2.2 draft_ms=4.41 verify_ms=177.06 kv_ms=0.65 refill_ms=19.64
10772 [spec] draft KV sliding re-prefill: kept 2092 tokens (positions 47835..49926), dkv_cap=2096
[step 11] accept=1/4 avg=2.1 draft_ms=4.38 verify_ms=178.31 kv_ms=0.63 refill_ms=19.81
236764 ggml_backend_cuda_graph_compute: CUDA graph warmup complete
[spec] draft KV sliding re-prefill: kept 2092 tokens (positions 47836..49927), dkv_cap=2096
[step 12] accept=1/4 avg=2.0 draft_ms=4.68 verify_ms=177.03 kv_ms=0.66 refill_ms=20.07
10916 [spec] draft KV sliding re-prefill: kept 2092 tokens (positions 47837..49928), dkv_cap=2096
[step 13] accept=1/4 avg=1.9 draft_ms=4.37 verify_ms=177.59 kv_ms=0.57 refill_ms=19.56
159689 506 ggml_backend_cuda_graph_compute: CUDA graph warmup reset
[spec] draft KV sliding re-prefill: kept 2092 tokens (positions 47839..49930), dkv_cap=2096
[step 14] accept=2/4 avg=1.9 draft_ms=4.38 verify_ms=176.87 kv_ms=0.65 refill_ms=20.26
22888 [spec] draft KV sliding re-prefill: kept 2092 tokens (positions 47840..49931), dkv_cap=2096
[step 15] accept=1/4 avg=1.9 draft_ms=4.38 verify_ms=178.00 kv_ms=0.70 refill_ms=20.02
532 ggml_backend_cuda_graph_compute: CUDA graph warmup complete
[spec] draft KV sliding re-prefill: kept 2092 tokens (positions 47841..49932), dkv_cap=2096
[step 16] accept=1/4 avg=1.8 draft_ms=4.39 verify_ms=178.64 kv_ms=0.92 refill_ms=19.91
7579 529 ggml_backend_cuda_graph_compute: CUDA graph warmup reset
[spec] draft KV sliding re-prefill: kept 2092 tokens (positions 47843..49934), dkv_cap=2096
[step 17] accept=2/4 avg=1.8 draft_ms=4.38 verify_ms=176.86 kv_ms=0.66 refill_ms=19.80
506 808 ggml_backend_cuda_graph_compute: CUDA graph warmup complete
[spec] draft KV sliding re-prefill: kept 2092 tokens (positions 47845..49936), dkv_cap=2096
[step 18] accept=2/4 avg=1.8 draft_ms=4.39 verify_ms=178.17 kv_ms=0.66 refill_ms=19.56
236780 ggml_backend_cuda_graph_compute: CUDA graph warmup reset
[spec] draft KV sliding re-prefill: kept 2092 tokens (positions 47846..49937), dkv_cap=2096
[step 19] accept=1/4 avg=1.8 draft_ms=4.39 verify_ms=176.77 kv_ms=0.67 refill_ms=19.68
6886 ggml_backend_cuda_graph_compute: CUDA graph warmup complete
[spec] draft KV sliding re-prefill: kept 2092 tokens (positions 47847..49938), dkv_cap=2096
[step 20] accept=1/4 avg=1.8 draft_ms=4.42 verify_ms=176.82 kv_ms=0.63 refill_ms=19.71
40707 [spec] draft KV sliding re-prefill: kept 2092 tokens (positions 47848..49939), dkv_cap=2096
[step 21] accept=1/4 avg=1.7 draft_ms=4.41 verify_ms=177.33 kv_ms=0.56 refill_ms=20.37
605 236829 ggml_backend_cuda_graph_compute: CUDA graph warmup reset
[spec] draft KV sliding re-prefill: kept 2092 tokens (positions 47850..49941), dkv_cap=2096
[step 22] accept=2/4 avg=1.7 draft_ms=4.38 verify_ms=177.20 kv_ms=0.73 refill_ms=20.45
532 808 ggml_backend_cuda_graph_compute: CUDA graph warmup complete
[spec] draft KV sliding re-prefill: kept 2092 tokens (positions 47852..49943), dkv_cap=2096
[step 23] accept=2/4 avg=1.7 draft_ms=4.38 verify_ms=180.39 kv_ms=0.72 refill_ms=20.13
40421 8488 236829 ggml_backend_cuda_graph_compute: CUDA graph warmup reset
[spec] draft KV sliding re-prefill: kept 2092 tokens (positions 47855..49946), dkv_cap=2096
[step 24] accept=3/4 avg=1.8 draft_ms=4.38 verify_ms=177.14 kv_ms=0.62 refill_ms=19.89
6933 529 [spec] draft KV sliding re-prefill: kept 2092 tokens (positions 47857..49948), dkv_cap=2096
[step 25] accept=2/4 avg=1.8 draft_ms=4.38 verify_ms=177.65 kv_ms=0.64 refill_ms=19.59
36951 508 ggml_backend_cuda_graph_compute: CUDA graph warmup complete
ggml_backend_cuda_graph_compute: CUDA graph warmup reset
[spec] draft KV sliding re-prefill: kept 2092 tokens (positions 47859..49950), dkv_cap=2096
[step 26] accept=2/4 avg=1.8 draft_ms=4.38 verify_ms=177.50 kv_ms=0.71 refill_ms=19.65
236772 3061 18155 ggml_backend_cuda_graph_compute: CUDA graph warmup reset
ggml_backend_cuda_graph_compute: CUDA graph warmup complete
[spec] draft KV sliding re-prefill: kept 2092 tokens (positions 47862..49953), dkv_cap=2096
[step 27] accept=3/4 avg=1.9 draft_ms=4.39 verify_ms=176.83 kv_ms=0.76 refill_ms=20.34
769 [spec] draft KV sliding re-prefill: kept 2092 tokens (positions 47863..49954), dkv_cap=2096
[step 28] accept=1/4 avg=1.8 draft_ms=4.39 verify_ms=176.82 kv_ms=0.68 refill_ms=20.35
108 818 [spec] draft KV sliding re-prefill: kept 2092 tokens (positions 47865..49956), dkv_cap=2096
[step 29] accept=2/4 avg=1.8 draft_ms=4.74 verify_ms=177.58 kv_ms=0.72 refill_ms=20.39
3262 22888 ggml_backend_cuda_graph_compute: CUDA graph warmup complete
[spec] draft KV sliding re-prefill: kept 2092 tokens (positions 47867..49958), dkv_cap=2096
[step 30] accept=2/4 avg=1.8 draft_ms=4.42 verify_ms=179.76 kv_ms=0.72 refill_ms=20.58
532 7579 659 ggml_backend_cuda_graph_compute: CUDA graph warmup reset
[spec] draft KV sliding re-prefill: kept 2092 tokens (positions 47870..49961), dkv_cap=2096
[step 31] accept=3/4 avg=1.9 draft_ms=4.39 verify_ms=179.02 kv_ms=0.68 refill_ms=20.08
36813 [spec] draft KV sliding re-prefill: kept 2092 tokens (positions 47871..49962), dkv_cap=2096
[step 32] accept=1/4 avg=1.8 draft_ms=4.41 verify_ms=177.56 kv_ms=0.63 refill_ms=19.96
3426 236787 108 10354 [spec] draft KV sliding re-prefill: kept 2092 tokens (positions 47875..49966), dkv_cap=2096
[step 33] accept=4/4 avg=1.9 draft_ms=4.38 verify_ms=180.20 kv_ms=0.65 refill_ms=19.62
5213 [step 34] accept=4/4 avg=1.9 draft_ms=4.75 verify_ms=178.21 kv_ms=0.85 refill_ms=20.39

[stats] generated=64  decode_ms=7053.3  tok/s=9.07  first_tok_ms=220.81
[stats] prefill=49904 tokens  context_used=49968/65536
[spec] draft_steps=34 total_accepted=64 avg_accept=1.88
[mem]  VRAM used=23.73 GB  total=24.00 GB
