[dflash] WARNING: detected CUDA device 0 (NVIDIA GeForce RTX 3090) with 23 GiB VRAM.
[dflash]          Long-context prefill on <=24 GiB cards is significantly
[dflash]          slower with VMM enabled. Consider rebuilding with:
[dflash]              cmake -DGGML_CUDA_NO_VMM=ON ..
ggml_cuda_init: found 1 CUDA devices (Total VRAM: 24575 MiB):
  Device 0: NVIDIA GeForce RTX 3090, compute capability 8.6, VMM: no, VRAM: 24575 MiB
[gemma4 draft GGUF] loaded: n_layer=5 n_head=64 n_kv=8 n_embd=5376 n_ff=10752 head_dim=128 target_hidden=5376  (1.52 GiB on GPU)
[cache] narrow asymmetric: forced Q8_0 on 2 captured full-attn layer(s) (remaining 8 full-attn keep TQ3)
[cache] created max_ctx=8192 (full_attn=8192, swa=2048), kv_layers=60, saved 62.5%
[cache] kv types: SWA=tq3_0, full=tq3_0
[spec] draft KV sliding re-prefill: kept 2092 tokens (positions 1955..4046), dkv_cap=2096
[cfg] model=/home/peppi/Dev/lucebox-hub/models/gemma-4-31B-it-Q4_K_M.gguf draft=/home/peppi/models/gemma4-31b-dflash/draft-q8_0.gguf method=dflash gpu=0 ctx=8192 n_predict=64 kv_k=tq3_0 kv_v=tq3_0 temp=0.00 top_k=0 top_p=1.00 budget=22 bench=0 fa_window=0 draft_max=4 adaptive=0 draft_kv_cap_override=0 pflash=1 pflash_alpha=0.120
[gemma4_loader] bos_id=2 eos_id=106 eos_chat_id=107
[gemma4_loader] capture_layer_ids: 1 12 23 35 46 57
[target] loaded 60 layers, n_embd=5376, vocab=262144  (2488.7 ms)
[tok_embd] uploaded 756.0 MiB to GPU (q4_K [5376, 262144])
[draft] loaded n_layer=5 n_head=64 n_embd=5376 n_vocab=262144 target_hidden=5376 block_size=16  (252.1 ms)
[cache] created max_ctx=8192, kv_layers=60  (94.3 ms)
[draft] KV cache allocated: 2096 slots
[tokens] using 4046 pre-tokenised IDs from --tokens
[tokens] prepended BOS token 2
[prefill] 4047 tokens ...
[prefill] 4047 tokens in 6166.9 ms (656.2 tok/s) [chunked+pflash, chunk_size=1024]  (last sampled token: 108)
[draft] KV prefill done: 2096 positions materialized (skipped 1951 early tokens, cap=2096, target_feat_cap=4096, dkv_pos=2096)
108 140 [spec] draft KV sliding re-prefill: kept 2092 tokens (positions 1957..4048), dkv_cap=2096
ggml_backend_cuda_graph_compute: CUDA graph warmup complete
[step 1] accept=2/4 avg=2.0 draft_ms=8.08 verify_ms=99.74 kv_ms=0.90 refill_ms=20.21
2060 [spec] draft KV sliding re-prefill: kept 2092 tokens (positions 1958..4049), dkv_cap=2096
[step 2] accept=1/4 avg=1.5 draft_ms=5.92 verify_ms=94.84 kv_ms=0.70 refill_ms=21.14
870 236781 573 1123 [spec] draft KV sliding re-prefill: kept 2092 tokens (positions 1962..4053), dkv_cap=2096
[step 3] accept=4/4 avg=2.3 draft_ms=4.43 verify_ms=95.63 kv_ms=0.69 refill_ms=20.05
528 4945 768 [spec] draft KV sliding re-prefill: kept 2092 tokens (positions 1965..4056), dkv_cap=2096
[step 4] accept=3/4 avg=2.5 draft_ms=4.42 verify_ms=95.93 kv_ms=0.71 refill_ms=19.99
4945 236761 2861 236769 ggml_backend_cuda_graph_compute: CUDA graph warmup complete
[spec] draft KV sliding re-prefill: kept 2092 tokens (positions 1969..4060), dkv_cap=2096
[step 5] accept=4/4 avg=2.8 draft_ms=4.44 verify_ms=95.11 kv_ms=0.68 refill_ms=19.95
236781 236768 1251 236743 ggml_backend_cuda_graph_compute: CUDA graph warmup complete
[spec] draft KV sliding re-prefill: kept 2092 tokens (positions 1973..4064), dkv_cap=2096
[step 6] accept=4/4 avg=3.0 draft_ms=4.42 verify_ms=96.59 kv_ms=0.77 refill_ms=20.03
236770 236842 108 ggml_backend_cuda_graph_compute: CUDA graph warmup reset
[spec] draft KV sliding re-prefill: kept 2092 tokens (positions 1976..4067), dkv_cap=2096
[step 7] accept=3/4 avg=3.0 draft_ms=4.78 verify_ms=95.91 kv_ms=0.67 refill_ms=20.24
236751 [spec] draft KV sliding re-prefill: kept 2092 tokens (positions 1977..4068), dkv_cap=2096
[step 8] accept=1/4 avg=2.8 draft_ms=4.44 verify_ms=95.02 kv_ms=0.64 refill_ms=19.84
578 ggml_backend_cuda_graph_compute: CUDA graph warmup complete
ggml_backend_cuda_graph_compute: CUDA graph warmup reset
[spec] draft KV sliding re-prefill: kept 2092 tokens (positions 1978..4069), dkv_cap=2096
[step 9] accept=1/4 avg=2.6 draft_ms=4.42 verify_ms=97.52 kv_ms=0.66 refill_ms=20.14
623 ggml_backend_cuda_graph_compute: CUDA graph warmup reset
[spec] draft KV sliding re-prefill: kept 2092 tokens (positions 1979..4070), dkv_cap=2096
[step 10] accept=1/4 avg=2.4 draft_ms=4.43 verify_ms=95.43 kv_ms=0.70 refill_ms=20.10
28180 [spec] draft KV sliding re-prefill: kept 2092 tokens (positions 1980..4071), dkv_cap=2096
[step 11] accept=1/4 avg=2.3 draft_ms=4.44 verify_ms=95.86 kv_ms=0.66 refill_ms=20.36
236775 107 [spec] draft KV sliding re-prefill: kept 2092 tokens (positions 1982..4073), dkv_cap=2096
[step 12] accept=2/4 avg=2.2 draft_ms=4.43 verify_ms=96.16 kv_ms=0.70 refill_ms=20.51
503 ggml_backend_cuda_graph_compute: CUDA graph warmup complete
[spec] draft KV sliding re-prefill: kept 2092 tokens (positions 1983..4074), dkv_cap=2096
[step 13] accept=1/4 avg=2.2 draft_ms=4.45 verify_ms=94.99 kv_ms=0.66 refill_ms=20.24
1852 ggml_backend_cuda_graph_compute: CUDA graph warmup complete
[spec] draft KV sliding re-prefill: kept 2092 tokens (positions 1984..4075), dkv_cap=2096
[step 14] accept=1/4 avg=2.1 draft_ms=4.42 verify_ms=96.78 kv_ms=0.74 refill_ms=20.01
236779 [spec] draft KV sliding re-prefill: kept 2092 tokens (positions 1985..4076), dkv_cap=2096
[step 15] accept=1/4 avg=2.0 draft_ms=4.42 verify_ms=95.85 kv_ms=0.55 refill_ms=19.94
8992 578 623 ggml_backend_cuda_graph_compute: CUDA graph warmup reset
[spec] draft KV sliding re-prefill: kept 2092 tokens (positions 1988..4079), dkv_cap=2096
[step 16] accept=3/4 avg=2.1 draft_ms=4.44 verify_ms=95.74 kv_ms=0.68 refill_ms=19.85
715 [spec] draft KV sliding re-prefill: kept 2092 tokens (positions 1989..4080), dkv_cap=2096
[step 17] accept=1/4 avg=2.0 draft_ms=4.46 verify_ms=96.23 kv_ms=0.75 refill_ms=20.94
1852 ggml_backend_cuda_graph_compute: CUDA graph warmup complete
ggml_backend_cuda_graph_compute: CUDA graph warmup reset
[spec] draft KV sliding re-prefill: kept 2092 tokens (positions 1990..4081), dkv_cap=2096
[step 18] accept=1/4 avg=1.9 draft_ms=4.44 verify_ms=97.88 kv_ms=0.71 refill_ms=20.05
4171 236775 107 ggml_backend_cuda_graph_compute: CUDA graph warmup reset
ggml_backend_cuda_graph_compute: CUDA graph warmup complete
[spec] draft KV sliding re-prefill: kept 2092 tokens (positions 1993..4084), dkv_cap=2096
[step 19] accept=3/4 avg=2.0 draft_ms=4.46 verify_ms=95.19 kv_ms=0.66 refill_ms=20.30
503 1852 [spec] draft KV sliding re-prefill: kept 2092 tokens (positions 1995..4086), dkv_cap=2096
[step 20] accept=2/4 avg=2.0 draft_ms=4.45 verify_ms=95.47 kv_ms=0.67 refill_ms=19.89
236779 8992 578 623 [spec] draft KV sliding re-prefill: kept 2092 tokens (positions 1999..4090), dkv_cap=2096
[step 21] accept=4/4 avg=2.1 draft_ms=4.42 verify_ms=97.36 kv_ms=0.66 refill_ms=19.78
715 1852 4171 236775 ggml_backend_cuda_graph_compute: CUDA graph warmup complete
ggml_backend_cuda_graph_compute: CUDA graph warmup reset
[spec] draft KV sliding re-prefill: kept 2092 tokens (positions 2003..4094), dkv_cap=2096
[step 22] accept=4/4 avg=2.2 draft_ms=4.74 verify_ms=95.48 kv_ms=0.79 refill_ms=19.81
107 ggml_backend_cuda_graph_compute: CUDA graph warmup reset
ggml_backend_cuda_graph_compute: CUDA graph warmup complete
[spec] draft KV sliding re-prefill: kept 2092 tokens (positions 2004..4095), dkv_cap=2096
[step 23] accept=1/4 avg=2.1 draft_ms=4.43 verify_ms=99.36 kv_ms=0.75 refill_ms=20.01
503 1852 236779 8992 [spec] draft KV sliding re-prefill: kept 2092 tokens (positions 2008..4099), dkv_cap=2096
[step 24] accept=4/4 avg=2.2 draft_ms=4.45 verify_ms=96.73 kv_ms=0.63 refill_ms=20.67
578 623 [spec] draft KV sliding re-prefill: kept 2092 tokens (positions 2010..4101), dkv_cap=2096
[step 25] accept=2/4 avg=2.2 draft_ms=4.43 verify_ms=95.91 kv_ms=0.63 refill_ms=19.75
715 1852 ggml_backend_cuda_graph_compute: CUDA graph warmup complete
[spec] draft KV sliding re-prefill: kept 2092 tokens (positions 2012..4103), dkv_cap=2096
[step 26] accept=2/4 avg=2.2 draft_ms=4.42 verify_ms=96.25 kv_ms=0.67 refill_ms=19.95
4171 236775 107 ggml_backend_cuda_graph_compute: CUDA graph warmup reset
[spec] draft KV sliding re-prefill: kept 2092 tokens (positions 2015..4106), dkv_cap=2096
[step 27] accept=3/4 avg=2.2 draft_ms=4.43 verify_ms=95.65 kv_ms=0.75 refill_ms=19.83
503 1852 236779 8992 [step 28] accept=4/4 avg=2.3 draft_ms=4.45 verify_ms=95.69 kv_ms=0.69 refill_ms=20.02

[stats] generated=64  decode_ms=3524.4  tok/s=18.16  first_tok_ms=139.03
[stats] prefill=4047 tokens  context_used=4111/8192
[spec] draft_steps=28 total_accepted=64 avg_accept=2.29
[mem]  VRAM used=22.41 GB  total=24.00 GB
