[dflash] WARNING: detected CUDA device 0 (NVIDIA GeForce RTX 3090) with 23 GiB VRAM.
[dflash]          Long-context prefill on <=24 GiB cards is significantly
[dflash]          slower with VMM enabled. Consider rebuilding with:
[dflash]              cmake -DGGML_CUDA_NO_VMM=ON ..
ggml_cuda_init: found 1 CUDA devices (Total VRAM: 24575 MiB):
  Device 0: NVIDIA GeForce RTX 3090, compute capability 8.6, VMM: no, VRAM: 24575 MiB
[gemma4 draft GGUF] loaded: n_layer=5 n_head=64 n_kv=8 n_embd=5376 n_ff=10752 head_dim=128 target_hidden=5376  (1.52 GiB on GPU)
[cache] narrow asymmetric: forced Q8_0 on 2 captured full-attn layer(s) (remaining 8 full-attn keep TQ3)
[cache] created max_ctx=32768 (full_attn=32768, swa=2048), kv_layers=60, saved 78.1%
[cache] kv types: SWA=tq3_0, full=tq3_0
[spec] draft KV sliding re-prefill: kept 2092 tokens (positions 10197..12288), dkv_cap=2096
[cfg] model=/home/peppi/Dev/lucebox-hub/models/gemma-4-31B-it-Q4_K_M.gguf draft=/home/peppi/models/gemma4-31b-dflash/draft-q8_0.gguf method=dflash gpu=0 ctx=32768 n_predict=64 kv_k=tq3_0 kv_v=tq3_0 temp=0.00 top_k=0 top_p=1.00 budget=22 bench=0 fa_window=0 draft_max=4 adaptive=0 draft_kv_cap_override=0 pflash=1 pflash_alpha=0.120
[gemma4_loader] bos_id=2 eos_id=106 eos_chat_id=107
[gemma4_loader] capture_layer_ids: 1 12 23 35 46 57
[target] loaded 60 layers, n_embd=5376, vocab=262144  (2475.9 ms)
[tok_embd] uploaded 756.0 MiB to GPU (q4_K [5376, 262144])
[draft] loaded n_layer=5 n_head=64 n_embd=5376 n_vocab=262144 target_hidden=5376 block_size=16  (215.1 ms)
[cache] created max_ctx=32768, kv_layers=60  (152.1 ms)
[draft] KV cache allocated: 2096 slots
[tokens] using 12288 pre-tokenised IDs from --tokens
[tokens] prepended BOS token 2
[prefill] 12289 tokens ...
[prefill] 12289 tokens in 19849.7 ms (619.1 tok/s) [chunked+pflash, chunk_size=1024]  (last sampled token: 506)
[draft] KV prefill done: 2096 positions materialized (skipped 10193 early tokens, cap=2096, target_feat_cap=4096, dkv_pos=2096)
506 [spec] draft KV sliding re-prefill: kept 2092 tokens (positions 10198..12289), dkv_cap=2096
ggml_backend_cuda_graph_compute: CUDA graph warmup complete
[step 1] accept=1/4 avg=1.0 draft_ms=7.94 verify_ms=110.36 kv_ms=0.68 refill_ms=19.73
236780 [spec] draft KV sliding re-prefill: kept 2092 tokens (positions 10199..12290), dkv_cap=2096
[step 2] accept=1/4 avg=1.0 draft_ms=6.20 verify_ms=108.37 kv_ms=0.63 refill_ms=19.72
6886 [spec] draft KV sliding re-prefill: kept 2092 tokens (positions 10200..12291), dkv_cap=2096
[step 3] accept=1/4 avg=1.0 draft_ms=4.36 verify_ms=109.74 kv_ms=0.68 refill_ms=19.54
8244 [spec] draft KV sliding re-prefill: kept 2092 tokens (positions 10201..12292), dkv_cap=2096
[step 4] accept=1/4 avg=1.0 draft_ms=4.36 verify_ms=109.38 kv_ms=0.63 refill_ms=19.64
698 ggml_backend_cuda_graph_compute: CUDA graph warmup complete
ggml_backend_cuda_graph_compute: CUDA graph warmup complete
[spec] draft KV sliding re-prefill: kept 2092 tokens (positions 10202..12293), dkv_cap=2096
[step 5] accept=1/4 avg=1.0 draft_ms=4.38 verify_ms=108.38 kv_ms=0.66 refill_ms=19.75
1090 [spec] draft KV sliding re-prefill: kept 2092 tokens (positions 10203..12294), dkv_cap=2096
[step 6] accept=1/4 avg=1.0 draft_ms=4.36 verify_ms=109.49 kv_ms=0.52 refill_ms=19.81
236789 236751 ggml_backend_cuda_graph_compute: CUDA graph warmup reset
[spec] draft KV sliding re-prefill: kept 2092 tokens (positions 10205..12296), dkv_cap=2096
[step 7] accept=2/4 avg=1.1 draft_ms=4.46 verify_ms=108.38 kv_ms=0.67 refill_ms=19.55
1852 [spec] draft KV sliding re-prefill: kept 2092 tokens (positions 10206..12297), dkv_cap=2096
[step 8] accept=1/4 avg=1.1 draft_ms=4.37 verify_ms=108.14 kv_ms=0.64 refill_ms=19.57
3161 ggml_backend_cuda_graph_compute: CUDA graph warmup complete
[spec] draft KV sliding re-prefill: kept 2092 tokens (positions 10207..12298), dkv_cap=2096
[step 9] accept=1/4 avg=1.1 draft_ms=4.37 verify_ms=109.17 kv_ms=0.60 refill_ms=19.68
236762 [spec] draft KV sliding re-prefill: kept 2092 tokens (positions 10208..12299), dkv_cap=2096
[step 10] accept=1/4 avg=1.1 draft_ms=4.37 verify_ms=108.92 kv_ms=0.63 refill_ms=19.47
3161 [spec] draft KV sliding re-prefill: kept 2092 tokens (positions 10209..12300), dkv_cap=2096
[step 11] accept=1/4 avg=1.1 draft_ms=4.36 verify_ms=109.26 kv_ms=0.52 refill_ms=20.40
1852 [spec] draft KV sliding re-prefill: kept 2092 tokens (positions 10210..12301), dkv_cap=2096
[step 12] accept=1/4 avg=1.1 draft_ms=4.37 verify_ms=108.30 kv_ms=0.51 refill_ms=19.52
3161 [spec] draft KV sliding re-prefill: kept 2092 tokens (positions 10211..12302), dkv_cap=2096
[step 13] accept=1/4 avg=1.1 draft_ms=4.40 verify_ms=108.63 kv_ms=0.52 refill_ms=19.62
236762 [spec] draft KV sliding re-prefill: kept 2092 tokens (positions 10212..12303), dkv_cap=2096
[step 14] accept=1/4 avg=1.1 draft_ms=4.37 verify_ms=109.53 kv_ms=0.52 refill_ms=19.40
1852 [spec] draft KV sliding re-prefill: kept 2092 tokens (positions 10213..12304), dkv_cap=2096
[step 15] accept=1/4 avg=1.1 draft_ms=4.41 verify_ms=107.71 kv_ms=0.53 refill_ms=19.77
3161 [spec] draft KV sliding re-prefill: kept 2092 tokens (positions 10214..12305), dkv_cap=2096
[step 16] accept=1/4 avg=1.1 draft_ms=4.49 verify_ms=107.99 kv_ms=0.53 refill_ms=19.56
236762 [spec] draft KV sliding re-prefill: kept 2092 tokens (positions 10215..12306), dkv_cap=2096
[step 17] accept=1/4 avg=1.1 draft_ms=4.37 verify_ms=109.69 kv_ms=0.55 refill_ms=19.70
1852 [spec] draft KV sliding re-prefill: kept 2092 tokens (positions 10216..12307), dkv_cap=2096
[step 18] accept=1/4 avg=1.1 draft_ms=4.37 verify_ms=108.81 kv_ms=0.52 refill_ms=19.79
3161 236762 ggml_backend_cuda_graph_compute: CUDA graph warmup reset
[spec] draft KV sliding re-prefill: kept 2092 tokens (positions 10218..12309), dkv_cap=2096
[step 19] accept=2/4 avg=1.1 draft_ms=4.35 verify_ms=108.70 kv_ms=0.65 refill_ms=19.56
1852 [spec] draft KV sliding re-prefill: kept 2092 tokens (positions 10219..12310), dkv_cap=2096
[step 20] accept=1/4 avg=1.1 draft_ms=4.37 verify_ms=108.80 kv_ms=0.60 refill_ms=19.95
3161 ggml_backend_cuda_graph_compute: CUDA graph warmup complete
[spec] draft KV sliding re-prefill: kept 2092 tokens (positions 10220..12311), dkv_cap=2096
[step 21] accept=1/4 avg=1.1 draft_ms=4.38 verify_ms=109.14 kv_ms=0.62 refill_ms=19.70
1852 [spec] draft KV sliding re-prefill: kept 2092 tokens (positions 10221..12312), dkv_cap=2096
[step 22] accept=1/4 avg=1.1 draft_ms=4.39 verify_ms=108.70 kv_ms=0.55 refill_ms=19.66
3161 236762 ggml_backend_cuda_graph_compute: CUDA graph warmup reset
[spec] draft KV sliding re-prefill: kept 2092 tokens (positions 10223..12314), dkv_cap=2096
[step 23] accept=2/4 avg=1.1 draft_ms=4.37 verify_ms=107.85 kv_ms=0.63 refill_ms=19.53
1852 [spec] draft KV sliding re-prefill: kept 2092 tokens (positions 10224..12315), dkv_cap=2096
[step 24] accept=1/4 avg=1.1 draft_ms=4.38 verify_ms=109.22 kv_ms=0.63 refill_ms=19.75
3161 236762 [spec] draft KV sliding re-prefill: kept 2092 tokens (positions 10226..12317), dkv_cap=2096
[step 25] accept=2/4 avg=1.2 draft_ms=4.37 verify_ms=111.33 kv_ms=0.64 refill_ms=19.98
1852 [spec] draft KV sliding re-prefill: kept 2092 tokens (positions 10227..12318), dkv_cap=2096
[step 26] accept=1/4 avg=1.2 draft_ms=4.38 verify_ms=110.14 kv_ms=0.63 refill_ms=20.00
3161 ggml_backend_cuda_graph_compute: CUDA graph warmup complete
[spec] draft KV sliding re-prefill: kept 2092 tokens (positions 10228..12319), dkv_cap=2096
[step 27] accept=1/4 avg=1.1 draft_ms=4.41 verify_ms=109.66 kv_ms=0.66 refill_ms=19.98
236762 [spec] draft KV sliding re-prefill: kept 2092 tokens (positions 10229..12320), dkv_cap=2096
[step 28] accept=1/4 avg=1.1 draft_ms=4.39 verify_ms=110.41 kv_ms=0.59 refill_ms=19.83
1852 [spec] draft KV sliding re-prefill: kept 2092 tokens (positions 10230..12321), dkv_cap=2096
[step 29] accept=1/4 avg=1.1 draft_ms=4.37 verify_ms=109.34 kv_ms=0.53 refill_ms=20.05
759 [spec] draft KV sliding re-prefill: kept 2092 tokens (positions 10231..12322), dkv_cap=2096
[step 30] accept=1/4 avg=1.1 draft_ms=4.38 verify_ms=108.69 kv_ms=0.59 refill_ms=19.68
1852 [spec] draft KV sliding re-prefill: kept 2092 tokens (positions 10232..12323), dkv_cap=2096
[step 31] accept=1/4 avg=1.1 draft_ms=4.38 verify_ms=110.61 kv_ms=0.55 refill_ms=20.36
3161 236762 ggml_backend_cuda_graph_compute: CUDA graph warmup reset
[spec] draft KV sliding re-prefill: kept 2092 tokens (positions 10234..12325), dkv_cap=2096
[step 32] accept=2/4 avg=1.2 draft_ms=4.38 verify_ms=110.89 kv_ms=0.60 refill_ms=19.69
1852 3161 236762 [spec] draft KV sliding re-prefill: kept 2092 tokens (positions 10237..12328), dkv_cap=2096
[step 33] accept=3/4 avg=1.2 draft_ms=4.36 verify_ms=110.06 kv_ms=0.77 refill_ms=19.54
1852 3161 [spec] draft KV sliding re-prefill: kept 2092 tokens (positions 10239..12330), dkv_cap=2096
[step 34] accept=2/4 avg=1.2 draft_ms=4.38 verify_ms=108.13 kv_ms=0.63 refill_ms=19.56
514 [spec] draft KV sliding re-prefill: kept 2092 tokens (positions 10240..12331), dkv_cap=2096
[step 35] accept=1/4 avg=1.2 draft_ms=4.37 verify_ms=109.15 kv_ms=0.63 refill_ms=19.55
931 ggml_backend_cuda_graph_compute: CUDA graph warmup complete
[spec] draft KV sliding re-prefill: kept 2092 tokens (positions 10241..12332), dkv_cap=2096
[step 36] accept=1/4 avg=1.2 draft_ms=4.37 verify_ms=108.78 kv_ms=0.61 refill_ms=19.88
236762 [spec] draft KV sliding re-prefill: kept 2092 tokens (positions 10242..12333), dkv_cap=2096
[step 37] accept=1/4 avg=1.2 draft_ms=4.38 verify_ms=108.73 kv_ms=0.56 refill_ms=19.70
1852 3161 236762 ggml_backend_cuda_graph_compute: CUDA graph warmup reset
[spec] draft KV sliding re-prefill: kept 2092 tokens (positions 10245..12336), dkv_cap=2096
[step 38] accept=3/4 avg=1.3 draft_ms=4.40 verify_ms=108.88 kv_ms=0.72 refill_ms=20.14
1852 [spec] draft KV sliding re-prefill: kept 2092 tokens (positions 10246..12337), dkv_cap=2096
[step 39] accept=1/4 avg=1.3 draft_ms=4.37 verify_ms=109.24 kv_ms=0.63 refill_ms=19.71
3161 236762 [spec] draft KV sliding re-prefill: kept 2092 tokens (positions 10248..12339), dkv_cap=2096
[step 40] accept=2/4 avg=1.3 draft_ms=4.54 verify_ms=108.95 kv_ms=0.63 refill_ms=19.69
1852 3161 236762 [spec] draft KV sliding re-prefill: kept 2092 tokens (positions 10251..12342), dkv_cap=2096
[step 41] accept=3/4 avg=1.3 draft_ms=4.37 verify_ms=108.69 kv_ms=0.70 refill_ms=19.53
1852 [spec] draft KV sliding re-prefill: kept 2092 tokens (positions 10252..12343), dkv_cap=2096
[step 42] accept=1/4 avg=1.3 draft_ms=4.37 verify_ms=108.17 kv_ms=0.62 refill_ms=19.52
3161 ggml_backend_cuda_graph_compute: CUDA graph warmup complete
[spec] draft KV sliding re-prefill: kept 2092 tokens (positions 10253..12344), dkv_cap=2096
[step 43] accept=1/4 avg=1.3 draft_ms=4.37 verify_ms=108.96 kv_ms=0.64 refill_ms=19.78
236762 [spec] draft KV sliding re-prefill: kept 2092 tokens (positions 10254..12345), dkv_cap=2096
[step 44] accept=1/4 avg=1.3 draft_ms=4.39 verify_ms=109.49 kv_ms=0.54 refill_ms=19.63
1852 3161 236762 ggml_backend_cuda_graph_compute: CUDA graph warmup reset
[spec] draft KV sliding re-prefill: kept 2092 tokens (positions 10257..12348), dkv_cap=2096
[step 45] accept=3/4 avg=1.3 draft_ms=4.41 verify_ms=108.58 kv_ms=0.72 refill_ms=19.67
1852 [spec] draft KV sliding re-prefill: kept 2092 tokens (positions 10258..12349), dkv_cap=2096
[step 46] accept=1/4 avg=1.3 draft_ms=4.37 verify_ms=110.58 kv_ms=0.64 refill_ms=19.67
3161 ggml_backend_cuda_graph_compute: CUDA graph warmup complete
[spec] draft KV sliding re-prefill: kept 2092 tokens (positions 10259..12350), dkv_cap=2096
[step 47] accept=1/4 avg=1.3 draft_ms=4.38 verify_ms=108.34 kv_ms=0.59 refill_ms=19.98
236762 [spec] draft KV sliding re-prefill: kept 2092 tokens (positions 10260..12351), dkv_cap=2096
[step 48] accept=1/4 avg=1.3 draft_ms=4.43 verify_ms=109.82 kv_ms=0.64 refill_ms=19.73
1852 [step 49] accept=1/4 avg=1.3 draft_ms=4.41 verify_ms=109.78 kv_ms=0.62 refill_ms=19.89

[stats] generated=64  decode_ms=6771.9  tok/s=9.45  first_tok_ms=151.68
[stats] prefill=12289 tokens  context_used=12353/32768
[spec] draft_steps=49 total_accepted=64 avg_accept=1.31
[mem]  VRAM used=22.97 GB  total=24.00 GB
