[dflash] WARNING: detected CUDA device 0 (NVIDIA GeForce RTX 3090) with 23 GiB VRAM.
[dflash]          Long-context prefill on <=24 GiB cards is significantly
[dflash]          slower with VMM enabled. Consider rebuilding with:
[dflash]              cmake -DGGML_CUDA_NO_VMM=ON ..
ggml_cuda_init: found 1 CUDA devices (Total VRAM: 24575 MiB):
  Device 0: NVIDIA GeForce RTX 3090, compute capability 8.6, VMM: no, VRAM: 24575 MiB
[gemma4 draft GGUF] loaded: n_layer=5 n_head=64 n_kv=8 n_embd=5376 n_ff=10752 head_dim=128 target_hidden=5376  (1.52 GiB on GPU)
[cache] narrow asymmetric: forced Q8_0 on 2 captured full-attn layer(s) (remaining 8 full-attn keep TQ3)
[cache] created max_ctx=16384 (full_attn=16384, swa=2048), kv_layers=60, saved 72.9%
[cache] kv types: SWA=tq3_0, full=tq3_0
[spec] draft KV sliding re-prefill: kept 2092 tokens (positions 6101..8192), dkv_cap=2096
[cfg] model=/home/peppi/Dev/lucebox-hub/models/gemma-4-31B-it-Q4_K_M.gguf draft=/home/peppi/models/gemma4-31b-dflash/draft-q8_0.gguf method=dflash gpu=0 ctx=16384 n_predict=64 kv_k=tq3_0 kv_v=tq3_0 temp=0.00 top_k=0 top_p=1.00 budget=22 bench=0 fa_window=0 draft_max=4 adaptive=0 draft_kv_cap_override=0 pflash=1 pflash_alpha=0.120
[gemma4_loader] bos_id=2 eos_id=106 eos_chat_id=107
[gemma4_loader] capture_layer_ids: 1 12 23 35 46 57
[target] loaded 60 layers, n_embd=5376, vocab=262144  (2354.2 ms)
[tok_embd] uploaded 756.0 MiB to GPU (q4_K [5376, 262144])
[draft] loaded n_layer=5 n_head=64 n_embd=5376 n_vocab=262144 target_hidden=5376 block_size=16  (204.5 ms)
[cache] created max_ctx=16384, kv_layers=60  (111.1 ms)
[draft] KV cache allocated: 2096 slots
[tokens] using 8192 pre-tokenised IDs from --tokens
[tokens] prepended BOS token 2
[prefill] 8193 tokens ...
[prefill] 8193 tokens in 12728.2 ms (643.7 tok/s) [chunked+pflash, chunk_size=1024]  (last sampled token: 236787)
[draft] KV prefill done: 2096 positions materialized (skipped 6097 early tokens, cap=2096, target_feat_cap=4096, dkv_pos=2096)
236787 107 [spec] draft KV sliding re-prefill: kept 2092 tokens (positions 6103..8194), dkv_cap=2096
ggml_backend_cuda_graph_compute: CUDA graph warmup complete
[step 1] accept=2/4 avg=2.0 draft_ms=7.90 verify_ms=105.29 kv_ms=0.83 refill_ms=19.91
236779 [spec] draft KV sliding re-prefill: kept 2092 tokens (positions 6104..8195), dkv_cap=2096
[step 2] accept=1/4 avg=1.5 draft_ms=6.21 verify_ms=102.11 kv_ms=0.86 refill_ms=20.31
715 [spec] draft KV sliding re-prefill: kept 2092 tokens (positions 6105..8196), dkv_cap=2096
[step 3] accept=1/4 avg=1.3 draft_ms=4.42 verify_ms=102.65 kv_ms=0.64 refill_ms=20.21
236779 [spec] draft KV sliding re-prefill: kept 2092 tokens (positions 6106..8197), dkv_cap=2096
[step 4] accept=1/4 avg=1.2 draft_ms=4.47 verify_ms=103.65 kv_ms=0.71 refill_ms=20.12
568 ggml_backend_cuda_graph_compute: CUDA graph warmup complete
[spec] draft KV sliding re-prefill: kept 2092 tokens (positions 6107..8198), dkv_cap=2096
[step 5] accept=1/4 avg=1.2 draft_ms=4.41 verify_ms=104.73 kv_ms=0.82 refill_ms=19.94
715 ggml_backend_cuda_graph_compute: CUDA graph warmup reset
ggml_backend_cuda_graph_compute: CUDA graph warmup complete
[spec] draft KV sliding re-prefill: kept 2092 tokens (positions 6108..8199), dkv_cap=2096
[step 6] accept=1/4 avg=1.2 draft_ms=4.44 verify_ms=103.64 kv_ms=0.67 refill_ms=20.20
236779 ggml_backend_cuda_graph_compute: CUDA graph warmup complete
[spec] draft KV sliding re-prefill: kept 2092 tokens (positions 6109..8200), dkv_cap=2096
[step 7] accept=1/4 avg=1.1 draft_ms=4.47 verify_ms=103.36 kv_ms=0.73 refill_ms=20.31
715 [spec] draft KV sliding re-prefill: kept 2092 tokens (positions 6110..8201), dkv_cap=2096
[step 8] accept=1/4 avg=1.1 draft_ms=4.41 verify_ms=102.93 kv_ms=0.53 refill_ms=19.81
236779 715 ggml_backend_cuda_graph_compute: CUDA graph warmup reset
[spec] draft KV sliding re-prefill: kept 2092 tokens (positions 6112..8203), dkv_cap=2096
[step 9] accept=2/4 avg=1.2 draft_ms=4.41 verify_ms=102.25 kv_ms=0.60 refill_ms=19.80
236779 [spec] draft KV sliding re-prefill: kept 2092 tokens (positions 6113..8204), dkv_cap=2096
[step 10] accept=1/4 avg=1.2 draft_ms=4.41 verify_ms=102.71 kv_ms=0.67 refill_ms=19.76
78987 ggml_backend_cuda_graph_compute: CUDA graph warmup complete
ggml_backend_cuda_graph_compute: CUDA graph warmup reset
[spec] draft KV sliding re-prefill: kept 2092 tokens (positions 6114..8205), dkv_cap=2096
[step 11] accept=1/4 avg=1.2 draft_ms=4.41 verify_ms=102.42 kv_ms=0.61 refill_ms=19.79
965 ggml_backend_cuda_graph_compute: CUDA graph warmup reset
ggml_backend_cuda_graph_compute: CUDA graph warmup complete
[spec] draft KV sliding re-prefill: kept 2092 tokens (positions 6115..8206), dkv_cap=2096
[step 12] accept=1/4 avg=1.2 draft_ms=4.46 verify_ms=103.84 kv_ms=0.65 refill_ms=19.89
2222 715 [spec] draft KV sliding re-prefill: kept 2092 tokens (positions 6117..8208), dkv_cap=2096
[step 13] accept=2/4 avg=1.2 draft_ms=4.42 verify_ms=103.13 kv_ms=0.70 refill_ms=20.05
236779 715 ggml_backend_cuda_graph_compute: CUDA graph warmup complete
[spec] draft KV sliding re-prefill: kept 2092 tokens (positions 6119..8210), dkv_cap=2096
[step 14] accept=2/4 avg=1.3 draft_ms=4.41 verify_ms=101.98 kv_ms=0.66 refill_ms=19.74
236779 715 [spec] draft KV sliding re-prefill: kept 2092 tokens (positions 6121..8212), dkv_cap=2096
[step 15] accept=2/4 avg=1.3 draft_ms=4.45 verify_ms=102.45 kv_ms=0.56 refill_ms=19.98
236779 715 [spec] draft KV sliding re-prefill: kept 2092 tokens (positions 6123..8214), dkv_cap=2096
[step 16] accept=2/4 avg=1.4 draft_ms=4.44 verify_ms=102.62 kv_ms=0.55 refill_ms=19.75
236779 ggml_backend_cuda_graph_compute: CUDA graph warmup reset
[spec] draft KV sliding re-prefill: kept 2092 tokens (positions 6124..8215), dkv_cap=2096
[step 17] accept=1/4 avg=1.4 draft_ms=4.43 verify_ms=102.27 kv_ms=0.65 refill_ms=19.85
715 ggml_backend_cuda_graph_compute: CUDA graph warmup complete
[spec] draft KV sliding re-prefill: kept 2092 tokens (positions 6125..8216), dkv_cap=2096
[step 18] accept=1/4 avg=1.3 draft_ms=4.41 verify_ms=102.66 kv_ms=0.65 refill_ms=19.73
236779 [spec] draft KV sliding re-prefill: kept 2092 tokens (positions 6126..8217), dkv_cap=2096
[step 19] accept=1/4 avg=1.3 draft_ms=4.44 verify_ms=102.30 kv_ms=0.55 refill_ms=19.87
715 [spec] draft KV sliding re-prefill: kept 2092 tokens (positions 6127..8218), dkv_cap=2096
[step 20] accept=1/4 avg=1.3 draft_ms=4.44 verify_ms=103.85 kv_ms=0.60 refill_ms=19.79
236779 [spec] draft KV sliding re-prefill: kept 2092 tokens (positions 6128..8219), dkv_cap=2096
[step 21] accept=1/4 avg=1.3 draft_ms=4.44 verify_ms=102.69 kv_ms=0.56 refill_ms=20.04
715 [spec] draft KV sliding re-prefill: kept 2092 tokens (positions 6129..8220), dkv_cap=2096
[step 22] accept=1/4 avg=1.3 draft_ms=4.43 verify_ms=103.39 kv_ms=0.60 refill_ms=19.68
236779 [spec] draft KV sliding re-prefill: kept 2092 tokens (positions 6130..8221), dkv_cap=2096
[step 23] accept=1/4 avg=1.3 draft_ms=4.44 verify_ms=103.07 kv_ms=0.56 refill_ms=19.80
715 [spec] draft KV sliding re-prefill: kept 2092 tokens (positions 6131..8222), dkv_cap=2096
[step 24] accept=1/4 avg=1.2 draft_ms=4.43 verify_ms=102.52 kv_ms=0.67 refill_ms=19.81
236779 [spec] draft KV sliding re-prefill: kept 2092 tokens (positions 6132..8223), dkv_cap=2096
[step 25] accept=1/4 avg=1.2 draft_ms=4.47 verify_ms=102.87 kv_ms=0.59 refill_ms=20.04
715 [spec] draft KV sliding re-prefill: kept 2092 tokens (positions 6133..8224), dkv_cap=2096
[step 26] accept=1/4 avg=1.2 draft_ms=4.45 verify_ms=102.72 kv_ms=0.56 refill_ms=19.93
236779 [spec] draft KV sliding re-prefill: kept 2092 tokens (positions 6134..8225), dkv_cap=2096
[step 27] accept=1/4 avg=1.2 draft_ms=4.44 verify_ms=104.44 kv_ms=0.56 refill_ms=19.79
715 [spec] draft KV sliding re-prefill: kept 2092 tokens (positions 6135..8226), dkv_cap=2096
[step 28] accept=1/4 avg=1.2 draft_ms=4.43 verify_ms=103.44 kv_ms=0.60 refill_ms=19.70
236779 715 236779 ggml_backend_cuda_graph_compute: CUDA graph warmup reset
[spec] draft KV sliding re-prefill: kept 2092 tokens (positions 6138..8229), dkv_cap=2096
[step 29] accept=3/4 avg=1.3 draft_ms=4.44 verify_ms=103.60 kv_ms=0.68 refill_ms=19.72
715 [spec] draft KV sliding re-prefill: kept 2092 tokens (positions 6139..8230), dkv_cap=2096
[step 30] accept=1/4 avg=1.3 draft_ms=4.42 verify_ms=103.23 kv_ms=0.63 refill_ms=19.84
236779 ggml_backend_cuda_graph_compute: CUDA graph warmup complete
[spec] draft KV sliding re-prefill: kept 2092 tokens (positions 6140..8231), dkv_cap=2096
[step 31] accept=1/4 avg=1.3 draft_ms=4.44 verify_ms=103.33 kv_ms=0.63 refill_ms=19.83
715 [spec] draft KV sliding re-prefill: kept 2092 tokens (positions 6141..8232), dkv_cap=2096
[step 32] accept=1/4 avg=1.2 draft_ms=4.44 verify_ms=104.16 kv_ms=0.60 refill_ms=20.05
236779 715 236779 ggml_backend_cuda_graph_compute: CUDA graph warmup reset
[spec] draft KV sliding re-prefill: kept 2092 tokens (positions 6144..8235), dkv_cap=2096
[step 33] accept=3/4 avg=1.3 draft_ms=4.45 verify_ms=103.45 kv_ms=0.65 refill_ms=19.83
715 [spec] draft KV sliding re-prefill: kept 2092 tokens (positions 6145..8236), dkv_cap=2096
[step 34] accept=1/4 avg=1.3 draft_ms=4.44 verify_ms=104.12 kv_ms=0.76 refill_ms=19.81
236779 ggml_backend_cuda_graph_compute: CUDA graph warmup complete
[spec] draft KV sliding re-prefill: kept 2092 tokens (positions 6146..8237), dkv_cap=2096
[step 35] accept=1/4 avg=1.3 draft_ms=4.43 verify_ms=103.27 kv_ms=0.67 refill_ms=20.86
715 [spec] draft KV sliding re-prefill: kept 2092 tokens (positions 6147..8238), dkv_cap=2096
[step 36] accept=1/4 avg=1.3 draft_ms=4.43 verify_ms=103.44 kv_ms=0.59 refill_ms=19.77
236779 [spec] draft KV sliding re-prefill: kept 2092 tokens (positions 6148..8239), dkv_cap=2096
[step 37] accept=1/4 avg=1.3 draft_ms=4.43 verify_ms=103.09 kv_ms=0.56 refill_ms=19.84
715 [spec] draft KV sliding re-prefill: kept 2092 tokens (positions 6149..8240), dkv_cap=2096
[step 38] accept=1/4 avg=1.3 draft_ms=4.44 verify_ms=103.16 kv_ms=0.59 refill_ms=19.95
236779 715 ggml_backend_cuda_graph_compute: CUDA graph warmup reset
[spec] draft KV sliding re-prefill: kept 2092 tokens (positions 6151..8242), dkv_cap=2096
[step 39] accept=2/4 avg=1.3 draft_ms=4.45 verify_ms=103.03 kv_ms=0.71 refill_ms=19.91
236779 715 ggml_backend_cuda_graph_compute: CUDA graph warmup complete
[spec] draft KV sliding re-prefill: kept 2092 tokens (positions 6153..8244), dkv_cap=2096
[step 40] accept=2/4 avg=1.3 draft_ms=4.45 verify_ms=103.89 kv_ms=0.66 refill_ms=20.52
236779 715 [spec] draft KV sliding re-prefill: kept 2092 tokens (positions 6155..8246), dkv_cap=2096
[step 41] accept=2/4 avg=1.3 draft_ms=4.44 verify_ms=103.61 kv_ms=0.57 refill_ms=19.91
236779 ggml_backend_cuda_graph_compute: CUDA graph warmup reset
[spec] draft KV sliding re-prefill: kept 2092 tokens (positions 6156..8247), dkv_cap=2096
[step 42] accept=1/4 avg=1.3 draft_ms=4.44 verify_ms=103.77 kv_ms=0.63 refill_ms=20.04
715 ggml_backend_cuda_graph_compute: CUDA graph warmup complete
[spec] draft KV sliding re-prefill: kept 2092 tokens (positions 6157..8248), dkv_cap=2096
[step 43] accept=1/4 avg=1.3 draft_ms=4.43 verify_ms=103.92 kv_ms=0.64 refill_ms=19.84
236779 [spec] draft KV sliding re-prefill: kept 2092 tokens (positions 6158..8249), dkv_cap=2096
[step 44] accept=1/4 avg=1.3 draft_ms=4.44 verify_ms=103.04 kv_ms=0.59 refill_ms=20.03
715 [spec] draft KV sliding re-prefill: kept 2092 tokens (positions 6159..8250), dkv_cap=2096
[step 45] accept=1/4 avg=1.3 draft_ms=4.44 verify_ms=103.09 kv_ms=0.59 refill_ms=20.09
236779 715 236779 715 ggml_backend_cuda_graph_compute: CUDA graph warmup reset
[spec] draft KV sliding re-prefill: kept 2092 tokens (positions 6163..8254), dkv_cap=2096
[step 46] accept=4/4 avg=1.3 draft_ms=4.44 verify_ms=103.61 kv_ms=0.71 refill_ms=19.96
236779 715 [step 47] accept=2/4 avg=1.4 draft_ms=4.77 verify_ms=104.33 kv_ms=0.70 refill_ms=20.42

[stats] generated=64  decode_ms=6227.8  tok/s=10.28  first_tok_ms=147.17
[stats] prefill=8193 tokens  context_used=8257/16384
[spec] draft_steps=47 total_accepted=64 avg_accept=1.36
[mem]  VRAM used=22.60 GB  total=24.00 GB
