[dflash] WARNING: detected CUDA device 0 (NVIDIA GeForce RTX 3090) with 23 GiB VRAM.
[dflash]          Long-context prefill on <=24 GiB cards is significantly
[dflash]          slower with VMM enabled. Consider rebuilding with:
[dflash]              cmake -DGGML_CUDA_NO_VMM=ON ..
ggml_cuda_init: found 1 CUDA devices (Total VRAM: 24575 MiB):
  Device 0: NVIDIA GeForce RTX 3090, compute capability 8.6, VMM: no, VRAM: 24575 MiB
[gemma4 draft GGUF] loaded: n_layer=5 n_head=64 n_kv=8 n_embd=5376 n_ff=10752 head_dim=128 target_hidden=5376  (1.52 GiB on GPU)
[cache] narrow asymmetric: forced Q8_0 on 2 captured full-attn layer(s) (remaining 8 full-attn keep TQ3)
[cache] created max_ctx=16384 (full_attn=16384, swa=2048), kv_layers=60, saved 72.9%
[cache] kv types: SWA=tq3_0, full=tq3_0
[spec] draft KV sliding re-prefill: kept 2092 tokens (positions 6051..8142), dkv_cap=2096
[cfg] model=/home/peppi/Dev/lucebox-hub/models/gemma-4-31B-it-Q4_K_M.gguf draft=/home/peppi/models/gemma4-31b-dflash/draft-q8_0.gguf method=dflash gpu=0 ctx=16384 n_predict=64 kv_k=tq3_0 kv_v=tq3_0 temp=0.00 top_k=0 top_p=1.00 budget=22 bench=0 fa_window=0 draft_max=4 adaptive=0 draft_kv_cap_override=0 pflash=1 pflash_alpha=0.120
[gemma4_loader] bos_id=2 eos_id=106 eos_chat_id=107
[gemma4_loader] capture_layer_ids: 1 12 23 35 46 57
[target] loaded 60 layers, n_embd=5376, vocab=262144  (2402.4 ms)
[tok_embd] uploaded 756.0 MiB to GPU (q4_K [5376, 262144])
[draft] loaded n_layer=5 n_head=64 n_embd=5376 n_vocab=262144 target_hidden=5376 block_size=16  (219.6 ms)
[cache] created max_ctx=16384, kv_layers=60  (113.1 ms)
[draft] KV cache allocated: 2096 slots
[tokens] using 8142 pre-tokenised IDs from --tokens
[tokens] prepended BOS token 2
[prefill] 8143 tokens ...
[prefill] 8143 tokens in 12721.0 ms (640.1 tok/s) [chunked+pflash, chunk_size=1024]  (last sampled token: 1708)
[draft] KV prefill done: 2096 positions materialized (skipped 6047 early tokens, cap=2096, target_feat_cap=4096, dkv_pos=2096)
1708 [spec] draft KV sliding re-prefill: kept 2092 tokens (positions 6052..8143), dkv_cap=2096
ggml_backend_cuda_graph_compute: CUDA graph warmup complete
[step 1] accept=1/4 avg=1.0 draft_ms=8.34 verify_ms=104.27 kv_ms=0.82 refill_ms=20.82
858 528 2644 236769 [spec] draft KV sliding re-prefill: kept 2092 tokens (positions 6056..8147), dkv_cap=2096
[step 2] accept=4/4 avg=2.5 draft_ms=5.97 verify_ms=102.43 kv_ms=0.65 refill_ms=21.10
236749 1473 107 144 [spec] draft KV sliding re-prefill: kept 2092 tokens (positions 6060..8151), dkv_cap=2096
[step 3] accept=4/4 avg=3.0 draft_ms=4.47 verify_ms=102.52 kv_ms=0.70 refill_ms=20.21
619 578 [spec] draft KV sliding re-prefill: kept 2092 tokens (positions 6062..8153), dkv_cap=2096
[step 4] accept=2/4 avg=2.8 draft_ms=4.44 verify_ms=102.68 kv_ms=0.75 refill_ms=20.00
568 619 808 ggml_backend_cuda_graph_compute: CUDA graph warmup complete
[spec] draft KV sliding re-prefill: kept 2092 tokens (positions 6065..8156), dkv_cap=2096
[step 5] accept=3/4 avg=2.8 draft_ms=4.43 verify_ms=103.61 kv_ms=0.71 refill_ms=19.80
1123 236768 2144 510 [spec] draft KV sliding re-prefill: kept 2092 tokens (positions 6069..8160), dkv_cap=2096
[step 6] accept=4/4 avg=3.0 draft_ms=4.43 verify_ms=103.61 kv_ms=0.71 refill_ms=20.49
107 144 [spec] draft KV sliding re-prefill: kept 2092 tokens (positions 6071..8162), dkv_cap=2096
[step 7] accept=2/4 avg=2.9 draft_ms=4.43 verify_ms=103.12 kv_ms=0.64 refill_ms=19.77
619 578 ggml_backend_cuda_graph_compute: CUDA graph warmup complete
[spec] draft KV sliding re-prefill: kept 2092 tokens (positions 6073..8164), dkv_cap=2096
[step 8] accept=2/4 avg=2.8 draft_ms=4.48 verify_ms=102.68 kv_ms=0.69 refill_ms=20.17
568 619 808 1123 ggml_backend_cuda_graph_compute: CUDA graph warmup reset
[spec] draft KV sliding re-prefill: kept 2092 tokens (positions 6077..8168), dkv_cap=2096
[step 9] accept=4/4 avg=2.9 draft_ms=4.44 verify_ms=102.93 kv_ms=0.69 refill_ms=19.98
236768 2144 510 [spec] draft KV sliding re-prefill: kept 2092 tokens (positions 6080..8171), dkv_cap=2096
[step 10] accept=3/4 avg=2.9 draft_ms=4.43 verify_ms=102.95 kv_ms=0.64 refill_ms=19.86
997 1174 563 ggml_backend_cuda_graph_compute: CUDA graph warmup complete
[spec] draft KV sliding re-prefill: kept 2092 tokens (positions 6083..8174), dkv_cap=2096
[step 11] accept=3/4 avg=2.9 draft_ms=4.74 verify_ms=105.39 kv_ms=0.67 refill_ms=19.77
711 ggml_backend_cuda_graph_compute: CUDA graph warmup reset
[spec] draft KV sliding re-prefill: kept 2092 tokens (positions 6084..8175), dkv_cap=2096
[step 12] accept=1/4 avg=2.8 draft_ms=4.43 verify_ms=103.03 kv_ms=0.78 refill_ms=19.84
4338 236764 ggml_backend_cuda_graph_compute: CUDA graph warmup reset
[spec] draft KV sliding re-prefill: kept 2092 tokens (positions 6086..8177), dkv_cap=2096
[step 13] accept=2/4 avg=2.7 draft_ms=4.44 verify_ms=102.77 kv_ms=0.63 refill_ms=20.33
672 563 ggml_backend_cuda_graph_compute: CUDA graph warmup complete
[spec] draft KV sliding re-prefill: kept 2092 tokens (positions 6088..8179), dkv_cap=2096
[step 14] accept=2/4 avg=2.6 draft_ms=4.45 verify_ms=102.84 kv_ms=0.70 refill_ms=20.03
711 [spec] draft KV sliding re-prefill: kept 2092 tokens (positions 6089..8180), dkv_cap=2096
[step 15] accept=1/4 avg=2.5 draft_ms=4.44 verify_ms=103.45 kv_ms=0.62 refill_ms=19.93
506 ggml_backend_cuda_graph_compute: CUDA graph warmup complete
[spec] draft KV sliding re-prefill: kept 2092 tokens (positions 6090..8181), dkv_cap=2096
[step 16] accept=1/4 avg=2.4 draft_ms=4.44 verify_ms=104.46 kv_ms=0.73 refill_ms=19.97
236743 107 ggml_backend_cuda_graph_compute: CUDA graph warmup reset
[spec] draft KV sliding re-prefill: kept 2092 tokens (positions 6092..8183), dkv_cap=2096
[step 17] accept=2/4 avg=2.4 draft_ms=4.43 verify_ms=102.97 kv_ms=0.68 refill_ms=19.96
140 [spec] draft KV sliding re-prefill: kept 2092 tokens (positions 6093..8184), dkv_cap=2096
[step 18] accept=1/4 avg=2.3 draft_ms=4.46 verify_ms=103.40 kv_ms=0.75 refill_ms=20.06
2060 766 [spec] draft KV sliding re-prefill: kept 2092 tokens (positions 6095..8186), dkv_cap=2096
[step 19] accept=2/4 avg=2.3 draft_ms=4.44 verify_ms=102.91 kv_ms=0.70 refill_ms=19.87
108 [spec] draft KV sliding re-prefill: kept 2092 tokens (positions 6096..8187), dkv_cap=2096
[step 20] accept=1/4 avg=2.2 draft_ms=4.44 verify_ms=103.81 kv_ms=0.65 refill_ms=19.98
140 ggml_backend_cuda_graph_compute: CUDA graph warmup complete
[spec] draft KV sliding re-prefill: kept 2092 tokens (positions 6097..8188), dkv_cap=2096
[step 21] accept=1/4 avg=2.2 draft_ms=4.44 verify_ms=103.79 kv_ms=0.66 refill_ms=20.06
236865 [spec] draft KV sliding re-prefill: kept 2092 tokens (positions 6098..8189), dkv_cap=2096
[step 22] accept=1/4 avg=2.1 draft_ms=4.43 verify_ms=107.03 kv_ms=0.64 refill_ms=19.91
1174 [spec] draft KV sliding re-prefill: kept 2092 tokens (positions 6099..8190), dkv_cap=2096
[step 23] accept=1/4 avg=2.1 draft_ms=4.45 verify_ms=105.41 kv_ms=0.68 refill_ms=19.92
563 [spec] draft KV sliding re-prefill: kept 2092 tokens (positions 6100..8191), dkv_cap=2096
[step 24] accept=1/4 avg=2.0 draft_ms=4.55 verify_ms=107.12 kv_ms=0.55 refill_ms=20.27
711 [spec] draft KV sliding re-prefill: kept 2092 tokens (positions 6101..8192), dkv_cap=2096
[step 25] accept=1/4 avg=2.0 draft_ms=4.45 verify_ms=102.62 kv_ms=0.55 refill_ms=19.83
4338 [spec] draft KV sliding re-prefill: kept 2092 tokens (positions 6102..8193), dkv_cap=2096
[step 26] accept=1/4 avg=2.0 draft_ms=4.44 verify_ms=102.96 kv_ms=0.55 refill_ms=19.86
236764 [spec] draft KV sliding re-prefill: kept 2092 tokens (positions 6103..8194), dkv_cap=2096
[step 27] accept=1/4 avg=1.9 draft_ms=4.45 verify_ms=103.88 kv_ms=0.58 refill_ms=19.70
672 [spec] draft KV sliding re-prefill: kept 2092 tokens (positions 6104..8195), dkv_cap=2096
[step 28] accept=1/4 avg=1.9 draft_ms=4.44 verify_ms=102.91 kv_ms=0.63 refill_ms=19.77
107 140 ggml_backend_cuda_graph_compute: CUDA graph warmup reset
[spec] draft KV sliding re-prefill: kept 2092 tokens (positions 6106..8197), dkv_cap=2096
[step 29] accept=2/4 avg=1.9 draft_ms=4.46 verify_ms=103.47 kv_ms=0.68 refill_ms=20.07
236865 [spec] draft KV sliding re-prefill: kept 2092 tokens (positions 6107..8198), dkv_cap=2096
[step 30] accept=1/4 avg=1.9 draft_ms=4.45 verify_ms=106.21 kv_ms=0.62 refill_ms=20.04
1174 563 [spec] draft KV sliding re-prefill: kept 2092 tokens (positions 6109..8200), dkv_cap=2096
[step 31] accept=2/4 avg=1.9 draft_ms=4.43 verify_ms=103.37 kv_ms=0.63 refill_ms=19.79
711 [spec] draft KV sliding re-prefill: kept 2092 tokens (positions 6110..8201), dkv_cap=2096
[step 32] accept=1/4 avg=1.8 draft_ms=4.45 verify_ms=104.82 kv_ms=0.64 refill_ms=20.31
759 ggml_backend_cuda_graph_compute: CUDA graph warmup complete
[spec] draft KV sliding re-prefill: kept 2092 tokens (positions 6111..8202), dkv_cap=2096
[step 33] accept=1/4 avg=1.8 draft_ms=4.43 verify_ms=105.56 kv_ms=0.64 refill_ms=20.10
1852 [spec] draft KV sliding re-prefill: kept 2092 tokens (positions 6112..8203), dkv_cap=2096
[step 34] accept=1/4 avg=1.8 draft_ms=4.44 verify_ms=104.38 kv_ms=0.63 refill_ms=20.33
236789 236751 ggml_backend_cuda_graph_compute: CUDA graph warmup reset
[spec] draft KV sliding re-prefill: kept 2092 tokens (positions 6114..8205), dkv_cap=2096
[step 35] accept=2/4 avg=1.8 draft_ms=4.43 verify_ms=103.25 kv_ms=0.70 refill_ms=19.80
1852 [step 36] accept=1/4 avg=1.8 draft_ms=4.45 verify_ms=108.51 kv_ms=0.68 refill_ms=19.99

[stats] generated=64  decode_ms=4804.3  tok/s=13.32  first_tok_ms=144.53
[stats] prefill=8143 tokens  context_used=8207/16384
[spec] draft_steps=36 total_accepted=64 avg_accept=1.78
[mem]  VRAM used=22.63 GB  total=24.00 GB
