[dflash] WARNING: detected CUDA device 0 (NVIDIA GeForce RTX 3090) with 23 GiB VRAM.
[dflash]          Long-context prefill on <=24 GiB cards is significantly
[dflash]          slower with VMM enabled. Consider rebuilding with:
[dflash]              cmake -DGGML_CUDA_NO_VMM=ON ..
ggml_cuda_init: found 1 CUDA devices (Total VRAM: 24575 MiB):
  Device 0: NVIDIA GeForce RTX 3090, compute capability 8.6, VMM: no, VRAM: 24575 MiB
[gemma4 draft GGUF] loaded: n_layer=5 n_head=64 n_kv=8 n_embd=5376 n_ff=10752 head_dim=128 target_hidden=5376  (1.52 GiB on GPU)
[cache] narrow asymmetric: forced Q8_0 on 2 captured full-attn layer(s) (remaining 8 full-attn keep TQ3)
[cache] created max_ctx=4096 (full_attn=4096, swa=2048), kv_layers=60, saved 41.7%
[cache] kv types: SWA=tq3_0, full=tq3_0
[spec] draft KV sliding re-prefill: kept 2092 tokens (positions 520..2611), dkv_cap=2096
[cfg] model=/home/peppi/Dev/lucebox-hub/models/gemma-4-31B-it-Q4_K_M.gguf draft=/home/peppi/models/gemma4-31b-dflash/draft-q8_0.gguf method=dflash gpu=0 ctx=4096 n_predict=64 kv_k=tq3_0 kv_v=tq3_0 temp=0.00 top_k=0 top_p=1.00 budget=22 bench=0 fa_window=0 draft_max=4 adaptive=0 draft_kv_cap_override=0 pflash=1 pflash_alpha=0.120
[gemma4_loader] bos_id=2 eos_id=106 eos_chat_id=107
[gemma4_loader] capture_layer_ids: 1 12 23 35 46 57
[target] loaded 60 layers, n_embd=5376, vocab=262144  (2431.3 ms)
[tok_embd] uploaded 756.0 MiB to GPU (q4_K [5376, 262144])
[draft] loaded n_layer=5 n_head=64 n_embd=5376 n_vocab=262144 target_hidden=5376 block_size=16  (230.6 ms)
[cache] created max_ctx=4096, kv_layers=60  (85.7 ms)
[draft] KV cache allocated: 2096 slots
[tokens] using 2611 pre-tokenised IDs from --tokens
[tokens] prepended BOS token 2
[prefill] 2612 tokens ...
[prefill] 2612 tokens in 3995.5 ms (653.7 tok/s) [chunked+pflash, chunk_size=1024]  (last sampled token: 100)
[draft] KV prefill done: 2096 positions materialized (skipped 516 early tokens, cap=2096, target_feat_cap=4096, dkv_pos=2096)
100 45518 107 [spec] draft KV sliding re-prefill: kept 2092 tokens (positions 523..2614), dkv_cap=2096
ggml_backend_cuda_graph_compute: CUDA graph warmup complete
[step 1] accept=3/4 avg=3.0 draft_ms=8.10 verify_ms=99.99 kv_ms=0.69 refill_ms=19.76
101 [spec] draft KV sliding re-prefill: kept 2092 tokens (positions 524..2615), dkv_cap=2096
[step 2] accept=1/4 avg=2.0 draft_ms=6.24 verify_ms=92.13 kv_ms=0.71 refill_ms=19.77
22515 580 506 1816 [spec] draft KV sliding re-prefill: kept 2092 tokens (positions 528..2619), dkv_cap=2096
[step 3] accept=4/4 avg=2.7 draft_ms=4.45 verify_ms=93.02 kv_ms=0.65 refill_ms=19.57
3847 236764 1590 563 [spec] draft KV sliding re-prefill: kept 2092 tokens (positions 532..2623), dkv_cap=2096
[step 4] accept=4/4 avg=3.0 draft_ms=4.41 verify_ms=93.99 kv_ms=0.65 refill_ms=19.62
496 12323 529 506 ggml_backend_cuda_graph_compute: CUDA graph warmup complete
ggml_backend_cuda_graph_compute: CUDA graph warmup complete
[spec] draft KV sliding re-prefill: kept 2092 tokens (positions 536..2627), dkv_cap=2096
[step 5] accept=4/4 avg=3.2 draft_ms=4.41 verify_ms=93.30 kv_ms=0.84 refill_ms=20.02
4749 236787 108 ggml_backend_cuda_graph_compute: CUDA graph warmup reset
[spec] draft KV sliding re-prefill: kept 2092 tokens (positions 539..2630), dkv_cap=2096
[step 6] accept=3/4 avg=3.2 draft_ms=4.43 verify_ms=92.70 kv_ms=0.66 refill_ms=19.90
85305 [spec] draft KV sliding re-prefill: kept 2092 tokens (positions 540..2631), dkv_cap=2096
[step 7] accept=1/4 avg=2.9 draft_ms=4.41 verify_ms=92.96 kv_ms=0.66 refill_ms=20.10
236764 ggml_backend_cuda_graph_compute: CUDA graph warmup complete
[spec] draft KV sliding re-prefill: kept 2092 tokens (positions 541..2632), dkv_cap=2096
[step 8] accept=1/4 avg=2.6 draft_ms=4.42 verify_ms=91.88 kv_ms=0.65 refill_ms=19.63
496 [spec] draft KV sliding re-prefill: kept 2092 tokens (positions 542..2633), dkv_cap=2096
[step 9] accept=1/4 avg=2.4 draft_ms=4.96 verify_ms=93.03 kv_ms=0.58 refill_ms=19.89
3184 3953 236764 5238 ggml_backend_cuda_graph_compute: CUDA graph warmup reset
[spec] draft KV sliding re-prefill: kept 2092 tokens (positions 546..2637), dkv_cap=2096
[step 10] accept=4/4 avg=2.6 draft_ms=4.42 verify_ms=93.69 kv_ms=0.65 refill_ms=19.43
496 7286 [spec] draft KV sliding re-prefill: kept 2092 tokens (positions 548..2639), dkv_cap=2096
[step 11] accept=2/4 avg=2.5 draft_ms=4.42 verify_ms=93.89 kv_ms=0.71 refill_ms=19.82
62524 1679 496 [spec] draft KV sliding re-prefill: kept 2092 tokens (positions 551..2642), dkv_cap=2096
[step 12] accept=3/4 avg=2.6 draft_ms=4.68 verify_ms=92.76 kv_ms=0.65 refill_ms=19.94
5268 [spec] draft KV sliding re-prefill: kept 2092 tokens (positions 552..2643), dkv_cap=2096
[step 13] accept=1/4 avg=2.5 draft_ms=4.40 verify_ms=93.21 kv_ms=0.86 refill_ms=19.83
12401 ggml_backend_cuda_graph_compute: CUDA graph warmup complete
[spec] draft KV sliding re-prefill: kept 2092 tokens (positions 553..2644), dkv_cap=2096
[step 14] accept=1/4 avg=2.4 draft_ms=4.41 verify_ms=93.76 kv_ms=0.62 refill_ms=20.01
532 [spec] draft KV sliding re-prefill: kept 2092 tokens (positions 554..2645), dkv_cap=2096
[step 15] accept=1/4 avg=2.3 draft_ms=4.42 verify_ms=93.17 kv_ms=0.69 refill_ms=19.47
15249 13442 528 496 ggml_backend_cuda_graph_compute: CUDA graph warmup reset
ggml_backend_cuda_graph_compute: CUDA graph warmup reset
[spec] draft KV sliding re-prefill: kept 2092 tokens (positions 558..2649), dkv_cap=2096
[step 16] accept=4/4 avg=2.4 draft_ms=4.44 verify_ms=97.42 kv_ms=0.71 refill_ms=19.54
17163 ggml_backend_cuda_graph_compute: CUDA graph warmup complete
[spec] draft KV sliding re-prefill: kept 2092 tokens (positions 559..2650), dkv_cap=2096
[step 17] accept=1/4 avg=2.3 draft_ms=4.44 verify_ms=94.41 kv_ms=0.72 refill_ms=21.02
1902 236761 2625 [spec] draft KV sliding re-prefill: kept 2092 tokens (positions 562..2653), dkv_cap=2096
[step 18] accept=3/4 avg=2.3 draft_ms=4.45 verify_ms=94.02 kv_ms=0.70 refill_ms=20.32
77828 496 [spec] draft KV sliding re-prefill: kept 2092 tokens (positions 564..2655), dkv_cap=2096
[step 19] accept=2/4 avg=2.3 draft_ms=4.44 verify_ms=94.08 kv_ms=0.66 refill_ms=20.31
1440 [spec] draft KV sliding re-prefill: kept 2092 tokens (positions 565..2656), dkv_cap=2096
[step 20] accept=1/4 avg=2.2 draft_ms=4.45 verify_ms=95.95 kv_ms=0.85 refill_ms=19.99
11967 607 [spec] draft KV sliding re-prefill: kept 2092 tokens (positions 567..2658), dkv_cap=2096
[step 21] accept=2/4 avg=2.2 draft_ms=4.74 verify_ms=93.51 kv_ms=0.64 refill_ms=20.03
23555 13887 532 [spec] draft KV sliding re-prefill: kept 2092 tokens (positions 570..2661), dkv_cap=2096
[step 22] accept=3/4 avg=2.3 draft_ms=4.44 verify_ms=93.68 kv_ms=0.62 refill_ms=20.77
15249 496 16383 13935 [spec] draft KV sliding re-prefill: kept 2092 tokens (positions 574..2665), dkv_cap=2096
[step 23] accept=4/4 avg=2.3 draft_ms=4.45 verify_ms=93.92 kv_ms=0.72 refill_ms=19.82
2307 [spec] draft KV sliding re-prefill: kept 2092 tokens (positions 575..2666), dkv_cap=2096
[step 24] accept=1/4 avg=2.3 draft_ms=4.43 verify_ms=96.48 kv_ms=0.81 refill_ms=20.20
600 19015 496 [spec] draft KV sliding re-prefill: kept 2092 tokens (positions 578..2669), dkv_cap=2096
[step 25] accept=3/4 avg=2.3 draft_ms=4.45 verify_ms=93.86 kv_ms=0.68 refill_ms=19.92
1944 5232 [spec] draft KV sliding re-prefill: kept 2092 tokens (positions 580..2671), dkv_cap=2096
[step 26] accept=2/4 avg=2.3 draft_ms=4.42 verify_ms=94.16 kv_ms=0.64 refill_ms=19.84
5830 531 496 [spec] draft KV sliding re-prefill: kept 2092 tokens (positions 583..2674), dkv_cap=2096
[step 27] accept=3/4 avg=2.3 draft_ms=4.43 verify_ms=95.05 kv_ms=0.67 refill_ms=20.56
4148 [step 28] accept=2/4 avg=2.3 draft_ms=4.84 verify_ms=94.73 kv_ms=0.74 refill_ms=20.35

[stats] generated=64  decode_ms=3461.7  tok/s=18.49  first_tok_ms=138.93
[stats] prefill=2612 tokens  context_used=2676/4096
[spec] draft_steps=28 total_accepted=64 avg_accept=2.29
[mem]  VRAM used=22.33 GB  total=24.00 GB
