[dflash] WARNING: detected CUDA device 0 (NVIDIA GeForce RTX 3090) with 23 GiB VRAM.
[dflash]          Long-context prefill on <=24 GiB cards is significantly
[dflash]          slower with VMM enabled. Consider rebuilding with:
[dflash]              cmake -DGGML_CUDA_NO_VMM=ON ..
ggml_cuda_init: found 1 CUDA devices (Total VRAM: 24575 MiB):
  Device 0: NVIDIA GeForce RTX 3090, compute capability 8.6, VMM: no, VRAM: 24575 MiB
[gemma4 draft GGUF] loaded: n_layer=5 n_head=64 n_kv=8 n_embd=5376 n_ff=10752 head_dim=128 target_hidden=5376  (1.52 GiB on GPU)
[cache] narrow asymmetric: forced Q8_0 on 2 captured full-attn layer(s) (remaining 8 full-attn keep TQ3)
[cache] created max_ctx=65536 (full_attn=65536, swa=2048), kv_layers=60, saved 80.7%
[cache] kv types: SWA=tq3_0, full=tq3_0
[spec] draft KV sliding re-prefill: kept 2092 tokens (positions 47911..50002), dkv_cap=2096
[cfg] model=/home/peppi/Dev/lucebox-hub/models/gemma-4-31B-it-Q4_K_M.gguf draft=/home/peppi/models/gemma4-31b-dflash/draft-q8_0.gguf method=dflash gpu=0 ctx=65536 n_predict=64 kv_k=tq3_0 kv_v=tq3_0 temp=0.00 top_k=0 top_p=1.00 budget=22 bench=0 fa_window=0 draft_max=4 adaptive=0 draft_kv_cap_override=0 pflash=1 pflash_alpha=0.120
[gemma4_loader] bos_id=2 eos_id=106 eos_chat_id=107
[gemma4_loader] capture_layer_ids: 1 12 23 35 46 57
[target] loaded 60 layers, n_embd=5376, vocab=262144  (2582.0 ms)
[tok_embd] uploaded 756.0 MiB to GPU (q4_K [5376, 262144])
[draft] loaded n_layer=5 n_head=64 n_embd=5376 n_vocab=262144 target_hidden=5376 block_size=16  (261.3 ms)
[cache] created max_ctx=65536, kv_layers=60  (240.4 ms)
[draft] KV cache allocated: 2096 slots
[tokens] using 50002 pre-tokenised IDs from --tokens
[tokens] prepended BOS token 2
[prefill] 50003 tokens ...
[prefill] 50003 tokens in 105886.1 ms (472.2 tok/s) [chunked+pflash, chunk_size=1024]  (last sampled token: 100)
[draft] KV prefill done: 2096 positions materialized (skipped 47907 early tokens, cap=2096, target_feat_cap=4096, dkv_pos=2096)
100 45518 107 [spec] draft KV sliding re-prefill: kept 2092 tokens (positions 47914..50005), dkv_cap=2096
ggml_backend_cuda_graph_compute: CUDA graph warmup complete
[step 1] accept=3/4 avg=3.0 draft_ms=7.84 verify_ms=177.98 kv_ms=0.75 refill_ms=20.16
101 [spec] draft KV sliding re-prefill: kept 2092 tokens (positions 47915..50006), dkv_cap=2096
[step 2] accept=1/4 avg=2.0 draft_ms=5.85 verify_ms=175.89 kv_ms=0.81 refill_ms=19.90
2094 [spec] draft KV sliding re-prefill: kept 2092 tokens (positions 47916..50007), dkv_cap=2096
[step 3] accept=1/4 avg=1.7 draft_ms=4.43 verify_ms=177.84 kv_ms=0.62 refill_ms=20.60
9173 [spec] draft KV sliding re-prefill: kept 2092 tokens (positions 47917..50008), dkv_cap=2096
[step 4] accept=1/4 avg=1.5 draft_ms=4.44 verify_ms=176.89 kv_ms=0.72 refill_ms=20.23
10594 529 496 5249 ggml_backend_cuda_graph_compute: CUDA graph warmup complete
[spec] draft KV sliding re-prefill: kept 2092 tokens (positions 47921..50012), dkv_cap=2096
[step 5] accept=4/4 avg=2.0 draft_ms=4.43 verify_ms=176.96 kv_ms=0.65 refill_ms=20.17
529 14955 5151 [spec] draft KV sliding re-prefill: kept 2092 tokens (positions 47924..50015), dkv_cap=2096
[step 6] accept=3/4 avg=2.2 draft_ms=4.45 verify_ms=178.68 kv_ms=0.73 refill_ms=20.30
600 [spec] draft KV sliding re-prefill: kept 2092 tokens (positions 47925..50016), dkv_cap=2096
[step 7] accept=1/4 avg=2.0 draft_ms=4.43 verify_ms=176.50 kv_ms=0.65 refill_ms=20.20
13336 ggml_backend_cuda_graph_compute: CUDA graph warmup complete
[spec] draft KV sliding re-prefill: kept 2092 tokens (positions 47926..50017), dkv_cap=2096
[step 8] accept=1/4 avg=1.9 draft_ms=4.41 verify_ms=177.03 kv_ms=0.66 refill_ms=19.75
3213 580 23093 ggml_backend_cuda_graph_compute: CUDA graph warmup reset
[spec] draft KV sliding re-prefill: kept 2092 tokens (positions 47929..50020), dkv_cap=2096
[step 9] accept=3/4 avg=2.0 draft_ms=4.42 verify_ms=177.24 kv_ms=0.65 refill_ms=19.73
15621 236764 2483 37226 ggml_backend_cuda_graph_compute: CUDA graph warmup reset
[spec] draft KV sliding re-prefill: kept 2092 tokens (positions 47933..50024), dkv_cap=2096
[step 10] accept=4/4 avg=2.2 draft_ms=4.46 verify_ms=176.08 kv_ms=0.65 refill_ms=20.04
236764 532 ggml_backend_cuda_graph_compute: CUDA graph warmup complete
[spec] draft KV sliding re-prefill: kept 2092 tokens (positions 47935..50026), dkv_cap=2096
[step 11] accept=2/4 avg=2.2 draft_ms=4.43 verify_ms=176.40 kv_ms=0.67 refill_ms=19.94
1694 8487 236761 [spec] draft KV sliding re-prefill: kept 2092 tokens (positions 47938..50029), dkv_cap=2096
[step 12] accept=3/4 avg=2.2 draft_ms=4.42 verify_ms=176.85 kv_ms=0.69 refill_ms=19.89
669 [spec] draft KV sliding re-prefill: kept 2092 tokens (positions 47939..50030), dkv_cap=2096
[step 13] accept=1/4 avg=2.2 draft_ms=4.43 verify_ms=175.70 kv_ms=0.64 refill_ms=19.82
3393 5238 496 [spec] draft KV sliding re-prefill: kept 2092 tokens (positions 47942..50033), dkv_cap=2096
[step 14] accept=3/4 avg=2.2 draft_ms=4.45 verify_ms=176.30 kv_ms=0.72 refill_ms=19.84
3759 529 [spec] draft KV sliding re-prefill: kept 2092 tokens (positions 47944..50035), dkv_cap=2096
[step 15] accept=2/4 avg=2.2 draft_ms=4.42 verify_ms=176.05 kv_ms=0.62 refill_ms=19.84
6655 496 ggml_backend_cuda_graph_compute: CUDA graph warmup complete
[spec] draft KV sliding re-prefill: kept 2092 tokens (positions 47946..50037), dkv_cap=2096
[step 16] accept=2/4 avg=2.2 draft_ms=4.71 verify_ms=176.76 kv_ms=0.71 refill_ms=20.00
3530 118213 [spec] draft KV sliding re-prefill: kept 2092 tokens (positions 47948..50039), dkv_cap=2096
[step 17] accept=2/4 avg=2.2 draft_ms=4.43 verify_ms=177.09 kv_ms=0.62 refill_ms=19.71
3465 573 496 ggml_backend_cuda_graph_compute: CUDA graph warmup reset
[spec] draft KV sliding re-prefill: kept 2092 tokens (positions 47951..50042), dkv_cap=2096
[step 18] accept=3/4 avg=2.2 draft_ms=4.41 verify_ms=175.59 kv_ms=0.65 refill_ms=19.74
2238 [spec] draft KV sliding re-prefill: kept 2092 tokens (positions 47952..50043), dkv_cap=2096
[step 19] accept=1/4 avg=2.2 draft_ms=4.41 verify_ms=178.64 kv_ms=0.70 refill_ms=19.93
2608 ggml_backend_cuda_graph_compute: CUDA graph warmup complete
[spec] draft KV sliding re-prefill: kept 2092 tokens (positions 47953..50044), dkv_cap=2096
[step 20] accept=1/4 avg=2.1 draft_ms=4.42 verify_ms=179.98 kv_ms=0.66 refill_ms=20.03
236764 3187 29820 ggml_backend_cuda_graph_compute: CUDA graph warmup reset
[spec] draft KV sliding re-prefill: kept 2092 tokens (positions 47956..50047), dkv_cap=2096
[step 21] accept=3/4 avg=2.1 draft_ms=4.41 verify_ms=185.09 kv_ms=0.76 refill_ms=19.83
17856 236789 236751 5284 [spec] draft KV sliding re-prefill: kept 2092 tokens (positions 47960..50051), dkv_cap=2096
[step 22] accept=4/4 avg=2.2 draft_ms=4.47 verify_ms=181.00 kv_ms=0.61 refill_ms=20.36
236772 495 [spec] draft KV sliding re-prefill: kept 2092 tokens (positions 47962..50053), dkv_cap=2096
[step 23] accept=2/4 avg=2.2 draft_ms=4.44 verify_ms=179.41 kv_ms=0.95 refill_ms=20.08
10828 [spec] draft KV sliding re-prefill: kept 2092 tokens (positions 47963..50054), dkv_cap=2096
[step 24] accept=1/4 avg=2.2 draft_ms=4.45 verify_ms=183.03 kv_ms=0.63 refill_ms=21.02
6436 1133 2165 [spec] draft KV sliding re-prefill: kept 2092 tokens (positions 47966..50057), dkv_cap=2096
[step 25] accept=3/4 avg=2.2 draft_ms=4.74 verify_ms=177.39 kv_ms=0.67 refill_ms=20.00
3275 8347 2165 7212 [spec] draft KV sliding re-prefill: kept 2092 tokens (positions 47970..50061), dkv_cap=2096
[step 26] accept=4/4 avg=2.3 draft_ms=4.42 verify_ms=176.73 kv_ms=0.77 refill_ms=20.02
8347 532 2165 [spec] draft KV sliding re-prefill: kept 2092 tokens (positions 47973..50064), dkv_cap=2096
[step 27] accept=3/4 avg=2.3 draft_ms=4.44 verify_ms=176.11 kv_ms=0.67 refill_ms=19.97
40835 21233 [step 28] accept=3/4 avg=2.3 draft_ms=4.42 verify_ms=175.83 kv_ms=0.62 refill_ms=19.78

[stats] generated=64  decode_ms=5817.1  tok/s=11.00  first_tok_ms=219.06
[stats] prefill=50003 tokens  context_used=50067/65536
[spec] draft_steps=28 total_accepted=64 avg_accept=2.29
[mem]  VRAM used=23.74 GB  total=24.00 GB
