[dflash] WARNING: detected CUDA device 0 (NVIDIA GeForce RTX 3090) with 23 GiB VRAM.
[dflash]          Long-context prefill on <=24 GiB cards is significantly
[dflash]          slower with VMM enabled. Consider rebuilding with:
[dflash]              cmake -DGGML_CUDA_NO_VMM=ON ..
ggml_cuda_init: found 1 CUDA devices (Total VRAM: 24575 MiB):
  Device 0: NVIDIA GeForce RTX 3090, compute capability 8.6, VMM: no, VRAM: 24575 MiB
[cache] MTP donor override: forced Q8_0 on 2 layer(s) to avoid TQ3/FWHT cross-attn mismatch
[cache] created max_ctx=131072 (full_attn=131072, swa=2048), kv_layers=60, saved 82.0%
[cache] kv types: SWA=tq3_0, full=tq3_0
ggml_backend_cuda_graph_compute: CUDA graph warmup complete
[cfg] model=/home/peppi/Dev/lucebox-hub/models/gemma-4-31B-it-Q4_K_M.gguf draft=(none) method=mtp gpu=0 ctx=131072 n_predict=64 kv_k=tq3_0 kv_v=tq3_0 temp=0.00 top_k=0 top_p=1.00 budget=22 bench=0 fa_window=0 draft_max=0 adaptive=0 draft_kv_cap_override=0 pflash=1 pflash_alpha=0.120
[gemma4_loader] bos_id=2 eos_id=106 eos_chat_id=107
[gemma4_loader] capture_layer_ids: 1 12 23 35 46 57
[target] loaded 60 layers, n_embd=5376, vocab=262144  (2675.1 ms)
[mtp_loader] loaded: n_embd_backbone=5376 n_mtp_layers=4 attention_k_eq_v=1 n_centroids=2048 use_ordered_embeddings=0 requires_target_arch=gemma4 tensors=49 GPU 322.06 MiB
[mtp_loader]   layer[0]: is_swa=1 donor_target_layer=59
[mtp_loader]   layer[1]: is_swa=1 donor_target_layer=59
[mtp_loader]   layer[2]: is_swa=1 donor_target_layer=59
[mtp_loader]   layer[3]: is_swa=0 donor_target_layer=58
[mtp] loaded n_layers=4 n_embd=1024 n_embd_backbone=5376  (99.0 ms)
[cache] created max_ctx=131072, kv_layers=60  (359.0 ms)
[mtp] mtp_last_full_layer=59
[mtp-fa-types] layer 0: Qfa=f32 Kfa=q8_0 Vfa=q8_0 head_dim_fa=256 kv_is_tq3=0 need_mask=0
[mtp-fa-types] layer 1: Qfa=f32 Kfa=q8_0 Vfa=q8_0 head_dim_fa=256 kv_is_tq3=0 need_mask=0
[mtp-fa-types] layer 2: Qfa=f32 Kfa=q8_0 Vfa=q8_0 head_dim_fa=256 kv_is_tq3=0 need_mask=0
[mtp-fa-types] layer 3: Qfa=f32 Kfa=q8_0 Vfa=q8_0 head_dim_fa=512 kv_is_tq3=0 need_mask=1
[mtp] step graph built ok
[tokens] using 49903 pre-tokenised IDs from --tokens
[tokens] prepended BOS token 2
[prefill] 49904 tokens ...
[prefill] 49904 tokens in 108773.4 ms (458.8 tok/s) [chunked+pflash, chunk_size=1024]  (last sampled token: 7243)
107 [mtp-gt1] chain k=1 accepted=0 bonus=107 total_acc=0 pos_mode=const
ggml_backend_cuda_graph_compute: CUDA graph warmup complete
100 [mtp-gt1] chain k=2 accepted=0 bonus=100 total_acc=0 pos_mode=const
ggml_backend_cuda_graph_compute: CUDA graph warmup complete
45518 107 101 [mtp-gt1] chain k=3 accepted=2 bonus=101 total_acc=2 pos_mode=const
ggml_backend_cuda_graph_compute: CUDA graph warmup complete
818 [mtp-gt1] chain k=4 accepted=0 bonus=818 total_acc=2 pos_mode=const
ggml_backend_cuda_graph_compute: CUDA graph warmup complete
3847 1816 [mtp-gt1] chain k=5 accepted=1 bonus=1816 total_acc=3 pos_mode=const
ggml_backend_cuda_graph_compute: CUDA graph warmup complete
563 496 22907 [mtp-gt1] chain k=6 accepted=2 bonus=22907 total_acc=5 pos_mode=const
ggml_backend_cuda_graph_compute: CUDA graph warmup complete
529 18583 [mtp-gt1] chain k=7 accepted=1 bonus=18583 total_acc=6 pos_mode=const
ggml_backend_cuda_graph_compute: CUDA graph warmup complete
699 1156 1607 [mtp-gt1] chain k=8 accepted=2 bonus=1607 total_acc=8 pos_mode=const
ggml_backend_cuda_graph_compute: CUDA graph warmup complete
10772 [mtp-gt1] chain k=9 accepted=0 bonus=10772 total_acc=8 pos_mode=const
ggml_backend_cuda_graph_compute: CUDA graph warmup complete
236787 [mtp-gt1] chain k=10 accepted=0 bonus=236787 total_acc=8 pos_mode=const
ggml_backend_cuda_graph_compute: CUDA graph warmup complete
8966 [mtp-gt1] chain k=11 accepted=0 bonus=8966 total_acc=8 pos_mode=const
ggml_backend_cuda_graph_compute: CUDA graph warmup complete
36951 236789 236751 [mtp-gt1] chain k=12 accepted=2 bonus=236751 total_acc=10 pos_mode=const
ggml_backend_cuda_graph_compute: CUDA graph warmup complete
5213 236780 [mtp-gt1] chain k=13 accepted=1 bonus=236780 total_acc=11 pos_mode=const
ggml_backend_cuda_graph_compute: CUDA graph warmup complete
6886 40707 [mtp-gt1] chain k=14 accepted=1 bonus=40707 total_acc=12 pos_mode=const
ggml_backend_cuda_graph_compute: CUDA graph warmup complete
605 1018 532 [mtp-gt1] chain k=15 accepted=2 bonus=532 total_acc=14 pos_mode=const
ggml_backend_cuda_graph_compute: CUDA graph warmup complete
5213 [mtp-gt1] chain k=16 accepted=0 bonus=5213 total_acc=14 pos_mode=const
ggml_backend_cuda_graph_compute: CUDA graph warmup complete
40421 8488 84750 [mtp-gt1] chain k=17 accepted=2 bonus=84750 total_acc=16 pos_mode=const
ggml_backend_cuda_graph_compute: CUDA graph warmup complete
108 [mtp-gt1] chain k=18 accepted=0 bonus=108 total_acc=16 pos_mode=const
ggml_backend_cuda_graph_compute: CUDA graph warmup complete
10354 5213 [mtp-gt1] chain k=19 accepted=1 bonus=5213 total_acc=17 pos_mode=const
ggml_backend_cuda_graph_compute: CUDA graph warmup complete
7783 236743 236770 [mtp-gt1] chain k=20 accepted=2 bonus=236770 total_acc=19 pos_mode=const
ggml_backend_cuda_graph_compute: CUDA graph warmup complete
236787 3468 19386 [mtp-gt1] chain k=21 accepted=2 bonus=19386 total_acc=21 pos_mode=const
ggml_backend_cuda_graph_compute: CUDA graph warmup complete
44477 1018 108 [mtp-gt1] chain k=22 accepted=2 bonus=108 total_acc=23 pos_mode=const
ggml_backend_cuda_graph_compute: CUDA graph warmup complete
1018 38322 137944 [mtp-gt1] chain k=23 accepted=2 bonus=137944 total_acc=25 pos_mode=const
ggml_backend_cuda_graph_compute: CUDA graph warmup complete
53121 [mtp-gt1] chain k=24 accepted=0 bonus=53121 total_acc=25 pos_mode=const
ggml_backend_cuda_graph_compute: CUDA graph warmup complete
107 236829 139 [mtp-gt1] chain k=25 accepted=2 bonus=139 total_acc=27 pos_mode=const
ggml_backend_cuda_graph_compute: CUDA graph warmup complete
1018 4335 71928 [mtp-gt1] chain k=26 accepted=2 bonus=71928 total_acc=29 pos_mode=const
ggml_backend_cuda_graph_compute: CUDA graph warmup complete
53121 [mtp-gt1] chain k=27 accepted=0 bonus=53121 total_acc=29 pos_mode=const
ggml_backend_cuda_graph_compute: CUDA graph warmup complete
669 6082 [mtp-gt1] chain k=28 accepted=1 bonus=6082 total_acc=30 pos_mode=const
ggml_backend_cuda_graph_compute: CUDA graph warmup complete
16625 563 506 [mtp-gt1] chain k=29 accepted=2 bonus=506 total_acc=32 pos_mode=const
ggml_backend_cuda_graph_compute: CUDA graph warmup complete
16438 1534 506 [mtp-gt1] chain k=30 accepted=2 bonus=506 total_acc=34 pos_mode=const

[mtp-gt1] chains=30 total_accepted=34 mean_accept=1.13 accept_rate=0.567 gamma=2 pos_mode=const

[stats] generated=64  decode_ms=7255.9  tok/s=8.82  first_tok_ms=255.78
[stats] prefill=49904 tokens  context_used=49968/131072
[mem]  VRAM used=22.80 GB  total=24.00 GB
