[dflash] WARNING: detected CUDA device 0 (NVIDIA GeForce RTX 3090) with 23 GiB VRAM.
[dflash]          Long-context prefill on <=24 GiB cards is significantly
[dflash]          slower with VMM enabled. Consider rebuilding with:
[dflash]              cmake -DGGML_CUDA_NO_VMM=ON ..
ggml_cuda_init: found 1 CUDA devices (Total VRAM: 24575 MiB):
  Device 0: NVIDIA GeForce RTX 3090, compute capability 8.6, VMM: no, VRAM: 24575 MiB
[cache] created max_ctx=4096 (full_attn=4096, swa=2048), kv_layers=60, saved 41.7%
[cache] kv types: SWA=tq3_0, full=tq3_0
[cfg] model=/home/peppi/Dev/lucebox-hub/models/gemma-4-31B-it-Q4_K_M.gguf draft=(none) method=none gpu=0 ctx=4096 n_predict=64 kv_k=tq3_0 kv_v=tq3_0 temp=0.00 top_k=0 top_p=1.00 budget=22 bench=0 fa_window=0 draft_max=0 adaptive=0 draft_kv_cap_override=0 pflash=1 pflash_alpha=0.120
[gemma4_loader] bos_id=2 eos_id=106 eos_chat_id=107
[gemma4_loader] capture_layer_ids: 1 12 23 35 46 57
[target] loaded 60 layers, n_embd=5376, vocab=262144  (2453.9 ms)
[cache] created max_ctx=4096, kv_layers=60  (83.0 ms)
[tokens] using 1998 pre-tokenised IDs from --tokens
[tokens] prepended BOS token 2
[prefill] 1999 tokens ...
[prefill] 1999 tokens in 3098.9 ms (645.1 tok/s) [chunked+pflash, chunk_size=1024]  (last sampled token: 22539)
[tgt-only-dbg] logits[0..3]: -4.980 -5.510 -12.651 -5.094 max=22.894@27801 next=27801
22539 27801 1033 715 715 963 756 715 715 963 756 715 715 963 756 236751 1852 236789 17333 3161 236762 1852 3161 236762 1852 3161 236762 1852 3161 236762 1852 3161 236762 1852 3161 236762 1852 3161 236762 1852 3161 236762 1852 3161 236762 1852 3161 236762 1852 3161 236762 1852 496 1852 3161 236762 1852 3161 236762 1852 3161 236762 1852 3161 
[stats] generated=64  decode_ms=3663.5  tok/s=17.47  first_tok_ms=57.58
[stats] prefill=1999 tokens  context_used=2063/4096
[mem]  VRAM used=19.95 GB  total=24.00 GB
