[dflash] WARNING: detected CUDA device 0 (NVIDIA GeForce RTX 3090) with 23 GiB VRAM.
[dflash]          Long-context prefill on <=24 GiB cards is significantly
[dflash]          slower with VMM enabled. Consider rebuilding with:
[dflash]              cmake -DGGML_CUDA_NO_VMM=ON ..
ggml_cuda_init: found 1 CUDA devices (Total VRAM: 24575 MiB):
  Device 0: NVIDIA GeForce RTX 3090, compute capability 8.6, VMM: no, VRAM: 24575 MiB
[cache] MTP donor override: forced Q8_0 on 2 layer(s) to avoid TQ3/FWHT cross-attn mismatch
[cache] created max_ctx=16384 (full_attn=16384, swa=2048), kv_layers=60, saved 72.9%
[cache] kv types: SWA=tq3_0, full=tq3_0
ggml_backend_cuda_graph_compute: CUDA graph warmup complete
[cfg] model=/home/peppi/Dev/lucebox-hub/models/gemma-4-31B-it-Q4_K_M.gguf draft=(none) method=mtp gpu=0 ctx=16384 n_predict=64 kv_k=tq3_0 kv_v=tq3_0 temp=0.00 top_k=0 top_p=1.00 budget=22 bench=0 fa_window=0 draft_max=0 adaptive=0 draft_kv_cap_override=0 pflash=1 pflash_alpha=0.120
[gemma4_loader] bos_id=2 eos_id=106 eos_chat_id=107
[gemma4_loader] capture_layer_ids: 1 12 23 35 46 57
[target] loaded 60 layers, n_embd=5376, vocab=262144  (2526.5 ms)
[mtp_loader] loaded: n_embd_backbone=5376 n_mtp_layers=4 attention_k_eq_v=1 n_centroids=2048 use_ordered_embeddings=0 requires_target_arch=gemma4 tensors=49 GPU 322.06 MiB
[mtp_loader]   layer[0]: is_swa=1 donor_target_layer=59
[mtp_loader]   layer[1]: is_swa=1 donor_target_layer=59
[mtp_loader]   layer[2]: is_swa=1 donor_target_layer=59
[mtp_loader]   layer[3]: is_swa=0 donor_target_layer=58
[mtp] loaded n_layers=4 n_embd=1024 n_embd_backbone=5376  (100.5 ms)
[cache] created max_ctx=16384, kv_layers=60  (113.3 ms)
[mtp] mtp_last_full_layer=59
[mtp-fa-types] layer 0: Qfa=f32 Kfa=q8_0 Vfa=q8_0 head_dim_fa=256 kv_is_tq3=0 need_mask=0
[mtp-fa-types] layer 1: Qfa=f32 Kfa=q8_0 Vfa=q8_0 head_dim_fa=256 kv_is_tq3=0 need_mask=0
[mtp-fa-types] layer 2: Qfa=f32 Kfa=q8_0 Vfa=q8_0 head_dim_fa=256 kv_is_tq3=0 need_mask=0
[mtp-fa-types] layer 3: Qfa=f32 Kfa=q8_0 Vfa=q8_0 head_dim_fa=512 kv_is_tq3=0 need_mask=1
[mtp] step graph built ok
[tokens] using 8192 pre-tokenised IDs from --tokens
[tokens] prepended BOS token 2
[prefill] 8193 tokens ...
[prefill] 8193 tokens in 12944.0 ms (633.0 tok/s) [chunked+pflash, chunk_size=1024]  (last sampled token: 7243)
107 715 [mtp-gt1] chain k=1 accepted=1 bonus=715 total_acc=1 pos_mode=const
ggml_backend_cuda_graph_compute: CUDA graph warmup complete
496 [mtp-gt1] chain k=2 accepted=0 bonus=496 total_acc=1 pos_mode=const
ggml_backend_cuda_graph_compute: CUDA graph warmup complete
26596 [mtp-gt1] chain k=3 accepted=0 bonus=26596 total_acc=1 pos_mode=const
ggml_backend_cuda_graph_compute: CUDA graph warmup complete
236772 [mtp-gt1] chain k=4 accepted=0 bonus=236772 total_acc=1 pos_mode=const
ggml_backend_cuda_graph_compute: CUDA graph warmup complete
496 [mtp-gt1] chain k=5 accepted=0 bonus=496 total_acc=1 pos_mode=const
ggml_backend_cuda_graph_compute: CUDA graph warmup complete
26596 [mtp-gt1] chain k=6 accepted=0 bonus=26596 total_acc=1 pos_mode=const
ggml_backend_cuda_graph_compute: CUDA graph warmup complete
44666 [mtp-gt1] chain k=7 accepted=0 bonus=44666 total_acc=1 pos_mode=const
ggml_backend_cuda_graph_compute: CUDA graph warmup complete
36606 [mtp-gt1] chain k=8 accepted=0 bonus=36606 total_acc=1 pos_mode=const
ggml_backend_cuda_graph_compute: CUDA graph warmup complete
236855 [mtp-gt1] chain k=9 accepted=0 bonus=236855 total_acc=1 pos_mode=const
ggml_backend_cuda_graph_compute: CUDA graph warmup complete
496 [mtp-gt1] chain k=10 accepted=0 bonus=496 total_acc=1 pos_mode=const
ggml_backend_cuda_graph_compute: CUDA graph warmup complete
26596 [mtp-gt1] chain k=11 accepted=0 bonus=26596 total_acc=1 pos_mode=const
ggml_backend_cuda_graph_compute: CUDA graph warmup complete
236772 496 [mtp-gt1] chain k=12 accepted=1 bonus=496 total_acc=2 pos_mode=const
ggml_backend_cuda_graph_compute: CUDA graph warmup complete
26596 236772 496 [mtp-gt1] chain k=13 accepted=2 bonus=496 total_acc=4 pos_mode=const
ggml_backend_cuda_graph_compute: CUDA graph warmup complete
26596 236772 496 [mtp-gt1] chain k=14 accepted=2 bonus=496 total_acc=6 pos_mode=const
ggml_backend_cuda_graph_compute: CUDA graph warmup complete
26596 236772 496 [mtp-gt1] chain k=15 accepted=2 bonus=496 total_acc=8 pos_mode=const
ggml_backend_cuda_graph_compute: CUDA graph warmup complete
26596 236772 496 [mtp-gt1] chain k=16 accepted=2 bonus=496 total_acc=10 pos_mode=const
ggml_backend_cuda_graph_compute: CUDA graph warmup complete
26596 236772 496 [mtp-gt1] chain k=17 accepted=2 bonus=496 total_acc=12 pos_mode=const
ggml_backend_cuda_graph_compute: CUDA graph warmup complete
26596 715 [mtp-gt1] chain k=18 accepted=1 bonus=715 total_acc=13 pos_mode=const
ggml_backend_cuda_graph_compute: CUDA graph warmup complete
107 [mtp-gt1] chain k=19 accepted=0 bonus=107 total_acc=13 pos_mode=const
ggml_backend_cuda_graph_compute: CUDA graph warmup complete
715 496 26596 [mtp-gt1] chain k=20 accepted=2 bonus=26596 total_acc=15 pos_mode=const
ggml_backend_cuda_graph_compute: CUDA graph warmup complete
236772 496 26596 [mtp-gt1] chain k=21 accepted=2 bonus=26596 total_acc=17 pos_mode=const
ggml_backend_cuda_graph_compute: CUDA graph warmup complete
236772 496 26596 [mtp-gt1] chain k=22 accepted=2 bonus=26596 total_acc=19 pos_mode=const
ggml_backend_cuda_graph_compute: CUDA graph warmup complete
236772 496 24017 [mtp-gt1] chain k=23 accepted=2 bonus=24017 total_acc=21 pos_mode=const
ggml_backend_cuda_graph_compute: CUDA graph warmup complete
24017 [mtp-gt1] chain k=24 accepted=0 bonus=24017 total_acc=21 pos_mode=const
ggml_backend_cuda_graph_compute: CUDA graph warmup complete
24017 [mtp-gt1] chain k=25 accepted=0 bonus=24017 total_acc=21 pos_mode=const
ggml_backend_cuda_graph_compute: CUDA graph warmup complete
24017 24017 [mtp-gt1] chain k=26 accepted=1 bonus=24017 total_acc=22 pos_mode=const
ggml_backend_cuda_graph_compute: CUDA graph warmup complete
24017 24017 24017 [mtp-gt1] chain k=27 accepted=2 bonus=24017 total_acc=24 pos_mode=const
ggml_backend_cuda_graph_compute: CUDA graph warmup complete
24017 24017 24017 [mtp-gt1] chain k=28 accepted=2 bonus=24017 total_acc=26 pos_mode=const
ggml_backend_cuda_graph_compute: CUDA graph warmup complete
24017 24017 24017 [mtp-gt1] chain k=29 accepted=2 bonus=24017 total_acc=28 pos_mode=const
ggml_backend_cuda_graph_compute: CUDA graph warmup complete
24017 24017 24017 [mtp-gt1] chain k=30 accepted=2 bonus=24017 total_acc=30 pos_mode=const
ggml_backend_cuda_graph_compute: CUDA graph warmup complete
24017 24017 24017 [mtp-gt1] chain k=31 accepted=2 bonus=24017 total_acc=32 pos_mode=const
ggml_backend_cuda_graph_compute: CUDA graph warmup complete
24017 [mtp-gt1] chain k=32 accepted=2 bonus=24017 total_acc=34 pos_mode=const

[mtp-gt1] chains=32 total_accepted=34 mean_accept=1.06 accept_rate=0.531 gamma=2 pos_mode=const

[stats] generated=64  decode_ms=4400.6  tok/s=14.54  first_tok_ms=152.26
[stats] prefill=8193 tokens  context_used=8259/16384
[mem]  VRAM used=20.57 GB  total=24.00 GB
