[dflash] WARNING: detected CUDA device 0 (NVIDIA GeForce RTX 3090) with 23 GiB VRAM.
[dflash]          Long-context prefill on <=24 GiB cards is significantly
[dflash]          slower with VMM enabled. Consider rebuilding with:
[dflash]              cmake -DGGML_CUDA_NO_VMM=ON ..
ggml_cuda_init: found 1 CUDA devices (Total VRAM: 24575 MiB):
  Device 0: NVIDIA GeForce RTX 3090, compute capability 8.6, VMM: no, VRAM: 24575 MiB
[gemma4 draft GGUF] loaded: n_layer=5 n_head=64 n_kv=8 n_embd=5376 n_ff=10752 head_dim=128 target_hidden=5376  (1.52 GiB on GPU)
[cache] narrow asymmetric: forced Q8_0 on 2 captured full-attn layer(s) (remaining 8 full-attn keep TQ3)
[cache] created max_ctx=1024 (full_attn=1024, swa=1024), kv_layers=60, saved 0.0%
[cache] kv types: SWA=tq3_0, full=tq3_0
[cfg] model=/home/peppi/Dev/lucebox-hub/models/gemma-4-31B-it-Q4_K_M.gguf draft=/home/peppi/models/gemma4-31b-dflash/draft-q8_0.gguf method=dflash gpu=0 ctx=1024 n_predict=64 kv_k=tq3_0 kv_v=tq3_0 temp=0.00 top_k=0 top_p=1.00 budget=22 bench=0 fa_window=0 draft_max=4 adaptive=0 draft_kv_cap_override=0 pflash=1 pflash_alpha=0.120
[gemma4_loader] bos_id=2 eos_id=106 eos_chat_id=107
[gemma4_loader] capture_layer_ids: 1 12 23 35 46 57
[target] loaded 60 layers, n_embd=5376, vocab=262144  (2398.2 ms)
[tok_embd] uploaded 756.0 MiB to GPU (q4_K [5376, 262144])
[draft] loaded n_layer=5 n_head=64 n_embd=5376 n_vocab=262144 target_hidden=5376 block_size=16  (244.6 ms)
[cache] created max_ctx=1024, kv_layers=60  (31.3 ms)
[draft] KV cache allocated: 2096 slots
[tokens] using 139 pre-tokenised IDs from --tokens
[tokens] prepended BOS token 2
[prefill] 140 tokens ...
[prefill] 140 tokens in 316.2 ms (442.7 tok/s) [chunked+pflash, chunk_size=140]  (last sampled token: 2063)
[draft] KV prefill done: 140 positions materialized (skipped 0 early tokens, cap=2096, target_feat_cap=1024, dkv_pos=140)
2063 102267 236779 5640 [step 1] accept=4/4 avg=4.0 draft_ms=7.85 verify_ms=74.03 kv_ms=0.66 refill_ms=0.00
236769 5640 236787 6803 [step 2] accept=4/4 avg=4.0 draft_ms=4.12 verify_ms=72.52 kv_ms=0.72 refill_ms=0.00
236768 3921 6803 236787 [step 3] accept=4/4 avg=4.0 draft_ms=4.03 verify_ms=74.32 kv_ms=0.65 refill_ms=0.00
107 140 12234 [step 4] accept=3/4 avg=3.8 draft_ms=3.88 verify_ms=72.73 kv_ms=0.83 refill_ms=0.00
17770 496 4414 18224 [step 5] accept=4/4 avg=3.8 draft_ms=3.88 verify_ms=73.15 kv_ms=0.68 refill_ms=0.00
1523 1548 236764 625 [step 6] accept=4/4 avg=3.8 draft_ms=3.86 verify_ms=71.82 kv_ms=0.68 refill_ms=0.00
740 577 81153 1131 [step 7] accept=4/4 avg=3.9 draft_ms=3.89 verify_ms=71.98 kv_ms=0.63 refill_ms=0.00
107 140 624 11995 [step 8] accept=4/4 avg=3.9 draft_ms=3.88 verify_ms=71.34 kv_ms=0.66 refill_ms=0.00
912 568 65020 11995 [step 9] accept=4/4 avg=3.9 draft_ms=3.93 verify_ms=71.98 kv_ms=0.68 refill_ms=0.00
7100 1082 [step 10] accept=2/4 avg=3.7 draft_ms=3.87 verify_ms=71.50 kv_ms=0.74 refill_ms=0.00
2238 1548 236768 532 [step 11] accept=4/4 avg=3.7 draft_ms=3.89 verify_ms=71.86 kv_ms=0.67 refill_ms=0.00
70208 107 140 [step 12] accept=3/4 avg=3.7 draft_ms=3.98 verify_ms=71.70 kv_ms=0.61 refill_ms=0.00
236769 989 1749 912 [step 13] accept=4/4 avg=3.7 draft_ms=3.87 verify_ms=73.16 kv_ms=0.65 refill_ms=0.00
2462 7100 1082 236743 [step 14] accept=4/4 avg=3.7 draft_ms=3.91 verify_ms=72.10 kv_ms=0.62 refill_ms=0.00
236770 769 108 140 [step 15] accept=4/4 avg=3.7 draft_ms=3.92 verify_ms=71.65 kv_ms=0.69 refill_ms=0.00
13293 506 20632 912 [step 16] accept=4/4 avg=3.8 draft_ms=4.10 verify_ms=72.57 kv_ms=0.63 refill_ms=0.00
529 506 1548 236761 [step 17] accept=4/4 avg=3.8 draft_ms=3.85 verify_ms=73.25 kv_ms=0.81 refill_ms=0.00

[stats] generated=64  decode_ms=1386.7  tok/s=46.15  first_tok_ms=94.73
[stats] prefill=140 tokens  context_used=204/1024
[spec] draft_steps=17 total_accepted=64 avg_accept=3.76
[mem]  VRAM used=21.39 GB  total=24.00 GB
