[dflash] WARNING: detected CUDA device 0 (NVIDIA GeForce RTX 3090) with 23 GiB VRAM.
[dflash]          Long-context prefill on <=24 GiB cards is significantly
[dflash]          slower with VMM enabled. Consider rebuilding with:
[dflash]              cmake -DGGML_CUDA_NO_VMM=ON ..
ggml_cuda_init: found 1 CUDA devices (Total VRAM: 24575 MiB):
  Device 0: NVIDIA GeForce RTX 3090, compute capability 8.6, VMM: no, VRAM: 24575 MiB
[cache] created max_ctx=1024 (full_attn=1024, swa=1024), kv_layers=60, saved 0.0%
[cache] kv types: SWA=tq3_0, full=tq3_0
[cfg] model=/home/peppi/Dev/lucebox-hub/models/gemma-4-31B-it-Q4_K_M.gguf draft=(none) method=none gpu=0 ctx=1024 n_predict=64 kv_k=tq3_0 kv_v=tq3_0 temp=0.00 top_k=0 top_p=1.00 budget=22 bench=0 fa_window=0 draft_max=0 adaptive=0 draft_kv_cap_override=0 pflash=1 pflash_alpha=0.120
[gemma4_loader] bos_id=2 eos_id=106 eos_chat_id=107
[gemma4_loader] capture_layer_ids: 1 12 23 35 46 57
[target] loaded 60 layers, n_embd=5376, vocab=262144  (2700.7 ms)
[cache] created max_ctx=1024, kv_layers=60  (32.1 ms)
[tokens] using 139 pre-tokenised IDs from --tokens
[tokens] prepended BOS token 2
[prefill] 140 tokens ...
[prefill] 140 tokens in 322.7 ms (433.9 tok/s) [chunked+pflash, chunk_size=140]  (last sampled token: 1106)
[tgt-only-dbg] logits[0..3]: -7.818 -11.282 -10.661 -7.727 max=24.217@6596 next=6596
1106 6596 108 2063 102267 236779 5640 236769 5640 236787 6803 236768 3921 6803 236787 107 140 12234 17770 496 4414 18224 1523 1548 236764 625 740 577 81153 1131 107 140 624 11995 912 568 65020 11995 7100 1082 2238 1548 236768 532 70208 107 140 236769 989 88851 912 2462 7100 1082 236743 236770 769 108 140 13293 506 20632 912 529 
[stats] generated=64  decode_ms=3141.0  tok/s=20.38  first_tok_ms=50.43
[stats] prefill=140 tokens  context_used=204/1024
[mem]  VRAM used=19.03 GB  total=24.00 GB
