[dflash] WARNING: detected CUDA device 0 (NVIDIA GeForce RTX 3090) with 23 GiB VRAM.
[dflash]          Long-context prefill on <=24 GiB cards is significantly
[dflash]          slower with VMM enabled. Consider rebuilding with:
[dflash]              cmake -DGGML_CUDA_NO_VMM=ON ..
ggml_cuda_init: found 1 CUDA devices (Total VRAM: 24575 MiB):
  Device 0: NVIDIA GeForce RTX 3090, compute capability 8.6, VMM: no, VRAM: 24575 MiB
[cache] created max_ctx=16384 (full_attn=16384, swa=2048), kv_layers=60, saved 72.9%
[cache] kv types: SWA=tq3_0, full=tq3_0
[cfg] model=/home/peppi/Dev/lucebox-hub/models/gemma-4-31B-it-Q4_K_M.gguf draft=(none) method=none gpu=0 ctx=16384 n_predict=64 kv_k=tq3_0 kv_v=tq3_0 temp=0.00 top_k=0 top_p=1.00 budget=22 bench=0 fa_window=0 draft_max=0 adaptive=0 draft_kv_cap_override=0 pflash=1 pflash_alpha=0.120
[gemma4_loader] bos_id=2 eos_id=106 eos_chat_id=107
[gemma4_loader] capture_layer_ids: 1 12 23 35 46 57
[target] loaded 60 layers, n_embd=5376, vocab=262144  (2461.4 ms)
[cache] created max_ctx=16384, kv_layers=60  (118.2 ms)
[tokens] using 8142 pre-tokenised IDs from --tokens
[tokens] prepended BOS token 2
[prefill] 8143 tokens ...
[prefill] 8143 tokens in 13235.2 ms (615.3 tok/s) [chunked+pflash, chunk_size=1024]  (last sampled token: 1708)
[tgt-only-dbg] logits[0..3]: -3.187 -5.090 -6.598 -3.173 max=26.236@858 next=858
1708 858 528 2644 236769 3469 236769 1714 236769 236749 1223 1473 107 236751 578 1540 236769 236749 236768 107 140 1708 858 528 2644 236769 3469 236769 1714 236769 236749 236768 167 167 167 167 167 167 167 167 167 167 167 167 167 167 167 167 167 167 167 167 167 167 167 167 167 167 167 167 167 167 167 167 
[stats] generated=64  decode_ms=4606.7  tok/s=13.89  first_tok_ms=76.35
[stats] prefill=8143 tokens  context_used=8207/16384
[mem]  VRAM used=20.13 GB  total=24.00 GB
