[dflash] WARNING: detected CUDA device 0 (NVIDIA GeForce RTX 3090) with 23 GiB VRAM.
[dflash]          Long-context prefill on <=24 GiB cards is significantly
[dflash]          slower with VMM enabled. Consider rebuilding with:
[dflash]              cmake -DGGML_CUDA_NO_VMM=ON ..
ggml_cuda_init: found 1 CUDA devices (Total VRAM: 24575 MiB):
  Device 0: NVIDIA GeForce RTX 3090, compute capability 8.6, VMM: no, VRAM: 24575 MiB
[gemma4 draft GGUF] loaded: n_layer=5 n_head=64 n_kv=8 n_embd=5376 n_ff=10752 head_dim=128 target_hidden=5376  (1.52 GiB on GPU)
[cache] narrow asymmetric: forced Q8_0 on 2 captured full-attn layer(s) (remaining 8 full-attn keep TQ3)
[cache] created max_ctx=1024 (full_attn=1024, swa=1024), kv_layers=60, saved 0.0%
[cache] kv types: SWA=tq3_0, full=tq3_0
[cfg] model=/home/peppi/Dev/lucebox-hub/models/gemma-4-31B-it-Q4_K_M.gguf draft=/home/peppi/models/gemma4-31b-dflash/draft-q8_0.gguf method=dflash gpu=0 ctx=1024 n_predict=64 kv_k=tq3_0 kv_v=tq3_0 temp=0.00 top_k=0 top_p=1.00 budget=22 bench=0 fa_window=0 draft_max=4 adaptive=0 draft_kv_cap_override=0 pflash=1 pflash_alpha=0.120
[gemma4_loader] bos_id=2 eos_id=106 eos_chat_id=107
[gemma4_loader] capture_layer_ids: 1 12 23 35 46 57
[target] loaded 60 layers, n_embd=5376, vocab=262144  (2443.0 ms)
[tok_embd] uploaded 756.0 MiB to GPU (q4_K [5376, 262144])
[draft] loaded n_layer=5 n_head=64 n_embd=5376 n_vocab=262144 target_hidden=5376 block_size=16  (206.4 ms)
[cache] created max_ctx=1024, kv_layers=60  (31.5 ms)
[draft] KV cache allocated: 2096 slots
[tokens] using 40 pre-tokenised IDs from --tokens
[tokens] prepended BOS token 2
[prefill] 41 tokens ...
[prefill] 41 tokens in 184.7 ms (222.0 tok/s) [chunked+pflash, chunk_size=41]  (last sampled token: 100)
[draft] KV prefill done: 41 positions materialized (skipped 0 early tokens, cap=2096, target_feat_cap=1024, dkv_pos=41)
100 [step 1] accept=1/4 avg=1.0 draft_ms=6.20 verify_ms=74.90 kv_ms=0.71 refill_ms=0.00
45518 107 [step 2] accept=2/4 avg=1.5 draft_ms=3.84 verify_ms=73.25 kv_ms=0.81 refill_ms=0.00
101 10011 236743 [step 3] accept=3/4 avg=2.0 draft_ms=3.82 verify_ms=73.43 kv_ms=0.72 refill_ms=0.00
236832 [step 4] accept=1/4 avg=1.8 draft_ms=3.78 verify_ms=71.23 kv_ms=0.62 refill_ms=0.00
236812 [step 5] accept=1/4 avg=1.6 draft_ms=3.80 verify_ms=71.44 kv_ms=0.62 refill_ms=0.00
236812 [step 6] accept=1/4 avg=1.5 draft_ms=3.70 verify_ms=71.19 kv_ms=0.69 refill_ms=0.00
691 [step 7] accept=1/4 avg=1.4 draft_ms=3.81 verify_ms=72.02 kv_ms=0.65 refill_ms=0.00
496 [step 8] accept=1/4 avg=1.4 draft_ms=3.77 verify_ms=71.43 kv_ms=0.65 refill_ms=0.00
18510 236772 [step 9] accept=2/4 avg=1.4 draft_ms=3.87 verify_ms=72.50 kv_ms=0.61 refill_ms=0.00
172671 206305 [step 10] accept=2/4 avg=1.5 draft_ms=3.78 verify_ms=70.94 kv_ms=0.63 refill_ms=0.00
5402 573 8459 [step 11] accept=3/4 avg=1.6 draft_ms=3.76 verify_ms=72.10 kv_ms=0.84 refill_ms=0.00
43118 236761 4923 [step 12] accept=3/4 avg=1.8 draft_ms=3.82 verify_ms=71.52 kv_ms=0.70 refill_ms=0.00
1902 691 [step 13] accept=2/4 avg=1.8 draft_ms=3.88 verify_ms=71.27 kv_ms=0.62 refill_ms=0.00
886 529 [step 14] accept=2/4 avg=1.8 draft_ms=3.76 verify_ms=71.26 kv_ms=0.62 refill_ms=0.00
12819 [step 15] accept=1/4 avg=1.7 draft_ms=3.76 verify_ms=72.17 kv_ms=0.67 refill_ms=0.00
8103 532 [step 16] accept=2/4 avg=1.8 draft_ms=3.74 verify_ms=71.78 kv_ms=0.66 refill_ms=0.00
14820 [step 17] accept=1/4 avg=1.7 draft_ms=3.76 verify_ms=71.78 kv_ms=0.80 refill_ms=0.00
13179 [step 18] accept=1/4 avg=1.7 draft_ms=3.80 verify_ms=72.00 kv_ms=0.59 refill_ms=0.00
236764 3097 668 [step 19] accept=3/4 avg=1.7 draft_ms=3.77 verify_ms=72.34 kv_ms=0.67 refill_ms=0.00
691 [step 20] accept=1/4 avg=1.7 draft_ms=3.78 verify_ms=71.71 kv_ms=0.65 refill_ms=0.00
35213 2930 [step 21] accept=2/4 avg=1.7 draft_ms=3.81 verify_ms=72.16 kv_ms=0.75 refill_ms=0.00
531 [step 22] accept=1/4 avg=1.7 draft_ms=3.86 verify_ms=71.56 kv_ms=0.71 refill_ms=0.00
3582 [step 23] accept=1/4 avg=1.7 draft_ms=3.86 verify_ms=71.79 kv_ms=0.65 refill_ms=0.00
855 614 [step 24] accept=2/4 avg=1.7 draft_ms=3.96 verify_ms=72.94 kv_ms=0.64 refill_ms=0.00
22619 1610 [step 25] accept=2/4 avg=1.7 draft_ms=3.84 verify_ms=71.47 kv_ms=0.68 refill_ms=0.00
11452 236761 [step 26] accept=2/4 avg=1.7 draft_ms=3.85 verify_ms=71.99 kv_ms=0.65 refill_ms=0.00
108 8409 [step 27] accept=2/4 avg=1.7 draft_ms=3.90 verify_ms=73.13 kv_ms=0.71 refill_ms=0.00
30035 506 [step 28] accept=2/4 avg=1.7 draft_ms=3.91 verify_ms=73.11 kv_ms=0.61 refill_ms=0.00
37061 236764 [step 29] accept=2/4 avg=1.7 draft_ms=3.80 verify_ms=71.45 kv_ms=0.65 refill_ms=0.00
236743 236832 236812 236812 [step 30] accept=4/4 avg=1.8 draft_ms=3.80 verify_ms=72.67 kv_ms=0.65 refill_ms=0.00
1765 496 [step 31] accept=2/4 avg=1.8 draft_ms=3.76 verify_ms=71.33 kv_ms=0.65 refill_ms=0.00
1076 529 [step 32] accept=2/4 avg=1.8 draft_ms=3.84 verify_ms=72.36 kv_ms=0.67 refill_ms=0.00
35740 [step 33] accept=1/4 avg=1.8 draft_ms=3.82 verify_ms=71.57 kv_ms=0.66 refill_ms=0.00
236751 532 496 [step 34] accept=3/4 avg=1.8 draft_ms=3.86 verify_ms=71.57 kv_ms=0.64 refill_ms=0.00
11580 12002 [step 35] accept=3/4 avg=1.8 draft_ms=3.87 verify_ms=73.31 kv_ms=0.75 refill_ms=0.00

[stats] generated=64  decode_ms=2822.8  tok/s=22.67  first_tok_ms=94.24
[stats] prefill=41 tokens  context_used=105/1024
[spec] draft_steps=35 total_accepted=64 avg_accept=1.83
[mem]  VRAM used=21.29 GB  total=24.00 GB
