[dflash] WARNING: detected CUDA device 0 (NVIDIA GeForce RTX 3090) with 23 GiB VRAM.
[dflash]          Long-context prefill on <=24 GiB cards is significantly
[dflash]          slower with VMM enabled. Consider rebuilding with:
[dflash]              cmake -DGGML_CUDA_NO_VMM=ON ..
ggml_cuda_init: found 1 CUDA devices (Total VRAM: 24575 MiB):
  Device 0: NVIDIA GeForce RTX 3090, compute capability 8.6, VMM: no, VRAM: 24575 MiB
[cache] MTP donor override: forced Q8_0 on 2 layer(s) to avoid TQ3/FWHT cross-attn mismatch
[cache] created max_ctx=8192 (full_attn=8192, swa=2048), kv_layers=60, saved 62.5%
[cache] kv types: SWA=tq3_0, full=tq3_0
ggml_backend_cuda_graph_compute: CUDA graph warmup complete
[cfg] model=/home/peppi/Dev/lucebox-hub/models/gemma-4-31B-it-Q4_K_M.gguf draft=(none) method=mtp gpu=0 ctx=8192 n_predict=64 kv_k=tq3_0 kv_v=tq3_0 temp=0.00 top_k=0 top_p=1.00 budget=22 bench=0 fa_window=0 draft_max=0 adaptive=0 draft_kv_cap_override=0 pflash=1 pflash_alpha=0.120
[gemma4_loader] bos_id=2 eos_id=106 eos_chat_id=107
[gemma4_loader] capture_layer_ids: 1 12 23 35 46 57
[target] loaded 60 layers, n_embd=5376, vocab=262144  (2498.3 ms)
[mtp_loader] loaded: n_embd_backbone=5376 n_mtp_layers=4 attention_k_eq_v=1 n_centroids=2048 use_ordered_embeddings=0 requires_target_arch=gemma4 tensors=49 GPU 322.06 MiB
[mtp_loader]   layer[0]: is_swa=1 donor_target_layer=59
[mtp_loader]   layer[1]: is_swa=1 donor_target_layer=59
[mtp_loader]   layer[2]: is_swa=1 donor_target_layer=59
[mtp_loader]   layer[3]: is_swa=0 donor_target_layer=58
[mtp] loaded n_layers=4 n_embd=1024 n_embd_backbone=5376  (97.5 ms)
[cache] created max_ctx=8192, kv_layers=60  (100.3 ms)
[mtp] mtp_last_full_layer=59
[mtp-fa-types] layer 0: Qfa=f32 Kfa=q8_0 Vfa=q8_0 head_dim_fa=256 kv_is_tq3=0 need_mask=0
[mtp-fa-types] layer 1: Qfa=f32 Kfa=q8_0 Vfa=q8_0 head_dim_fa=256 kv_is_tq3=0 need_mask=0
[mtp-fa-types] layer 2: Qfa=f32 Kfa=q8_0 Vfa=q8_0 head_dim_fa=256 kv_is_tq3=0 need_mask=0
[mtp-fa-types] layer 3: Qfa=f32 Kfa=q8_0 Vfa=q8_0 head_dim_fa=512 kv_is_tq3=0 need_mask=1
[mtp] step graph built ok
[tokens] using 4046 pre-tokenised IDs from --tokens
[tokens] prepended BOS token 2
[prefill] 4047 tokens ...
[prefill] 4047 tokens in 6250.3 ms (647.5 tok/s) [chunked+pflash, chunk_size=1024]  (last sampled token: 7243)
107 [mtp-gt1] chain k=1 accepted=0 bonus=107 total_acc=0 pos_mode=const
ggml_backend_cuda_graph_compute: CUDA graph warmup complete
140 236865 [mtp-gt1] chain k=2 accepted=1 bonus=236865 total_acc=1 pos_mode=const
ggml_backend_cuda_graph_compute: CUDA graph warmup reset
ggml_backend_cuda_graph_compute: CUDA graph warmup complete
23130 [mtp-gt1] chain k=3 accepted=0 bonus=23130 total_acc=1 pos_mode=const
ggml_backend_cuda_graph_compute: CUDA graph warmup reset
ggml_backend_cuda_graph_compute: CUDA graph warmup complete
573 [mtp-gt1] chain k=4 accepted=0 bonus=573 total_acc=1 pos_mode=const
ggml_backend_cuda_graph_compute: CUDA graph warmup reset
ggml_backend_cuda_graph_compute: CUDA graph warmup complete
6349 [mtp-gt1] chain k=5 accepted=0 bonus=6349 total_acc=1 pos_mode=const
ggml_backend_cuda_graph_compute: CUDA graph warmup complete
236779 179826 107 140 236865 [mtp-gt1] chain k=6 accepted=4 bonus=236865 total_acc=5 pos_mode=const
ggml_backend_cuda_graph_compute: CUDA graph warmup reset
ggml_backend_cuda_graph_compute: CUDA graph warmup complete
568 [mtp-gt1] chain k=7 accepted=0 bonus=568 total_acc=5 pos_mode=const
ggml_backend_cuda_graph_compute: CUDA graph warmup reset
ggml_backend_cuda_graph_compute: CUDA graph warmup complete
715 [mtp-gt1] chain k=8 accepted=0 bonus=715 total_acc=5 pos_mode=const
ggml_backend_cuda_graph_compute: CUDA graph warmup reset
ggml_backend_cuda_graph_compute: CUDA graph warmup complete
496 [mtp-gt1] chain k=9 accepted=0 bonus=496 total_acc=5 pos_mode=const
ggml_backend_cuda_graph_compute: CUDA graph warmup reset
ggml_backend_cuda_graph_compute: CUDA graph warmup complete
61343 [mtp-gt1] chain k=10 accepted=0 bonus=61343 total_acc=5 pos_mode=const
ggml_backend_cuda_graph_compute: CUDA graph warmup reset
ggml_backend_cuda_graph_compute: CUDA graph warmup complete
61343 [mtp-gt1] chain k=11 accepted=0 bonus=61343 total_acc=5 pos_mode=const
ggml_backend_cuda_graph_compute: CUDA graph warmup reset
ggml_backend_cuda_graph_compute: CUDA graph warmup complete
61343 [mtp-gt1] chain k=12 accepted=0 bonus=61343 total_acc=5 pos_mode=const
ggml_backend_cuda_graph_compute: CUDA graph warmup reset
ggml_backend_cuda_graph_compute: CUDA graph warmup complete
61343 [mtp-gt1] chain k=13 accepted=0 bonus=61343 total_acc=5 pos_mode=const
ggml_backend_cuda_graph_compute: CUDA graph warmup reset
ggml_backend_cuda_graph_compute: CUDA graph warmup complete
61343 61343 61343 61343 61343 [mtp-gt1] chain k=14 accepted=4 bonus=61343 total_acc=9 pos_mode=const
ggml_backend_cuda_graph_compute: CUDA graph warmup reset
ggml_backend_cuda_graph_compute: CUDA graph warmup complete
61343 61343 61343 61343 61343 [mtp-gt1] chain k=15 accepted=4 bonus=61343 total_acc=13 pos_mode=const
ggml_backend_cuda_graph_compute: CUDA graph warmup reset
ggml_backend_cuda_graph_compute: CUDA graph warmup complete
61343 [mtp-gt1] chain k=16 accepted=0 bonus=61343 total_acc=13 pos_mode=const
ggml_backend_cuda_graph_compute: CUDA graph warmup reset
ggml_backend_cuda_graph_compute: CUDA graph warmup complete
61343 61343 61343 61343 61343 [mtp-gt1] chain k=17 accepted=4 bonus=61343 total_acc=17 pos_mode=const
ggml_backend_cuda_graph_compute: CUDA graph warmup reset
ggml_backend_cuda_graph_compute: CUDA graph warmup complete
61343 61343 61343 61343 61343 [mtp-gt1] chain k=18 accepted=4 bonus=61343 total_acc=21 pos_mode=const
ggml_backend_cuda_graph_compute: CUDA graph warmup reset
ggml_backend_cuda_graph_compute: CUDA graph warmup complete
61343 61343 61343 61343 61343 [mtp-gt1] chain k=19 accepted=4 bonus=61343 total_acc=25 pos_mode=const
ggml_backend_cuda_graph_compute: CUDA graph warmup reset
ggml_backend_cuda_graph_compute: CUDA graph warmup complete
61343 61343 61343 61343 61343 [mtp-gt1] chain k=20 accepted=4 bonus=61343 total_acc=29 pos_mode=const
ggml_backend_cuda_graph_compute: CUDA graph warmup reset
ggml_backend_cuda_graph_compute: CUDA graph warmup complete
236743 [mtp-gt1] chain k=21 accepted=0 bonus=236743 total_acc=29 pos_mode=const
ggml_backend_cuda_graph_compute: CUDA graph warmup reset
ggml_backend_cuda_graph_compute: CUDA graph warmup complete
107 140 236865 568 715 [mtp-gt1] chain k=22 accepted=4 bonus=715 total_acc=33 pos_mode=const
ggml_backend_cuda_graph_compute: CUDA graph warmup complete
1852 [mtp-gt1] chain k=23 accepted=0 bonus=1852 total_acc=33 pos_mode=const
ggml_backend_cuda_graph_compute: CUDA graph warmup reset
ggml_backend_cuda_graph_compute: CUDA graph warmup complete
1852 [mtp-gt1] chain k=24 accepted=0 bonus=1852 total_acc=33 pos_mode=const
ggml_backend_cuda_graph_compute: CUDA graph warmup reset
ggml_backend_cuda_graph_compute: CUDA graph warmup complete
1852 [mtp-gt1] chain k=25 accepted=0 bonus=1852 total_acc=33 pos_mode=const
ggml_backend_cuda_graph_compute: CUDA graph warmup reset
ggml_backend_cuda_graph_compute: CUDA graph warmup complete
1852 1852 1852 1852 1852 [mtp-gt1] chain k=26 accepted=4 bonus=1852 total_acc=37 pos_mode=const
ggml_backend_cuda_graph_compute: CUDA graph warmup reset
ggml_backend_cuda_graph_compute: CUDA graph warmup complete
1852 [mtp-gt1] chain k=27 accepted=4 bonus=1852 total_acc=41 pos_mode=const

[mtp-gt1] chains=27 total_accepted=41 mean_accept=1.52 accept_rate=0.380 gamma=4 pos_mode=const

[stats] generated=64  decode_ms=3543.7  tok/s=18.06  first_tok_ms=135.00
[stats] prefill=4047 tokens  context_used=4115/8192
[mem]  VRAM used=20.40 GB  total=24.00 GB
