[dflash] WARNING: detected CUDA device 0 (NVIDIA GeForce RTX 3090) with 23 GiB VRAM.
[dflash]          Long-context prefill on <=24 GiB cards is significantly
[dflash]          slower with VMM enabled. Consider rebuilding with:
[dflash]              cmake -DGGML_CUDA_NO_VMM=ON ..
ggml_cuda_init: found 1 CUDA devices (Total VRAM: 24575 MiB):
  Device 0: NVIDIA GeForce RTX 3090, compute capability 8.6, VMM: no, VRAM: 24575 MiB
[cache] created max_ctx=1024 (full_attn=1024, swa=1024), kv_layers=60, saved 0.0%
[cache] kv types: SWA=tq3_0, full=tq3_0
[cfg] model=/home/peppi/Dev/lucebox-hub/models/gemma-4-31B-it-Q4_K_M.gguf draft=(none) method=none gpu=0 ctx=1024 n_predict=64 kv_k=tq3_0 kv_v=tq3_0 temp=0.00 top_k=0 top_p=1.00 budget=22 bench=0 fa_window=0 draft_max=0 adaptive=0 draft_kv_cap_override=0 pflash=1 pflash_alpha=0.120
[gemma4_loader] bos_id=2 eos_id=106 eos_chat_id=107
[gemma4_loader] capture_layer_ids: 1 12 23 35 46 57
[target] loaded 60 layers, n_embd=5376, vocab=262144  (2505.4 ms)
[cache] created max_ctx=1024, kv_layers=60  (30.8 ms)
[tokens] using 40 pre-tokenised IDs from --tokens
[tokens] prepended BOS token 2
[prefill] 41 tokens ...
[prefill] 41 tokens in 181.5 ms (225.9 tok/s) [chunked+pflash, chunk_size=41]  (last sampled token: 100)
[tgt-only-dbg] logits[0..3]: -10.180 -6.443 -6.831 -10.186 max=26.152@45518 next=45518
100 45518 107 101 10011 236743 236832 691 496 18510 206305 5402 573 8459 43118 236761 4923 1902 691 886 529 6850 4463 236764 1447 14608 236764 532 41762 13501 8103 236761 3153 236764 1056 506 14871 15707 668 691 12325 43443 92140 496 24211 529 56896 3730 38161 3418 506 6413 236764 15610 236743 236832 3782 236858 236745 1164 49616 625 3121 236761 
[stats] generated=64  decode_ms=3088.7  tok/s=20.72  first_tok_ms=48.93
[stats] prefill=41 tokens  context_used=105/1024
[mem]  VRAM used=18.93 GB  total=24.00 GB
