[dflash] WARNING: detected CUDA device 0 (NVIDIA GeForce RTX 3090) with 23 GiB VRAM.
[dflash]          Long-context prefill on <=24 GiB cards is significantly
[dflash]          slower with VMM enabled. Consider rebuilding with:
[dflash]              cmake -DGGML_CUDA_NO_VMM=ON ..
ggml_cuda_init: found 1 CUDA devices (Total VRAM: 24575 MiB):
  Device 0: NVIDIA GeForce RTX 3090, compute capability 8.6, VMM: no, VRAM: 24575 MiB
[cache] created max_ctx=8192 (full_attn=8192, swa=2048), kv_layers=60, saved 62.5%
[cache] kv types: SWA=tq3_0, full=tq3_0
[cfg] model=/home/peppi/Dev/lucebox-hub/models/gemma-4-31B-it-Q4_K_M.gguf draft=(none) method=none gpu=0 ctx=8192 n_predict=64 kv_k=tq3_0 kv_v=tq3_0 temp=0.00 top_k=0 top_p=1.00 budget=22 bench=0 fa_window=0 draft_max=0 adaptive=0 draft_kv_cap_override=0 pflash=1 pflash_alpha=0.120
[gemma4_loader] bos_id=2 eos_id=106 eos_chat_id=107
[gemma4_loader] capture_layer_ids: 1 12 23 35 46 57
[target] loaded 60 layers, n_embd=5376, vocab=262144  (2460.0 ms)
[cache] created max_ctx=8192, kv_layers=60  (97.4 ms)
[tokens] using 4046 pre-tokenised IDs from --tokens
[tokens] prepended BOS token 2
[prefill] 4047 tokens ...
[prefill] 4047 tokens in 6331.2 ms (639.2 tok/s) [chunked+pflash, chunk_size=1024]  (last sampled token: 108)
[tgt-only-dbg] logits[0..3]: -14.947 -4.775 -4.827 -14.888 max=20.972@140 next=140
108 140 2060 870 236781 573 1123 528 1123 236779 2861 236762 236789 236751 236762 236789 236751 236762 236789 236751 236762 236789 236751 236762 236789 236751 236762 236789 236751 236762 236789 236751 236762 236789 236751 236762 236789 236751 236762 236789 236751 236762 236789 236751 236762 236789 236751 236762 236789 236751 236762 236789 236751 236762 236789 236751 236762 236789 236751 236762 236789 236751 236762 236789 
[stats] generated=64  decode_ms=4027.2  tok/s=15.89  first_tok_ms=63.61
[stats] prefill=4047 tokens  context_used=4111/8192
[mem]  VRAM used=19.99 GB  total=24.00 GB
