[dflash] WARNING: detected CUDA device 0 (NVIDIA GeForce RTX 3090) with 23 GiB VRAM.
[dflash]          Long-context prefill on <=24 GiB cards is significantly
[dflash]          slower with VMM enabled. Consider rebuilding with:
[dflash]              cmake -DGGML_CUDA_NO_VMM=ON ..
ggml_cuda_init: found 1 CUDA devices (Total VRAM: 24575 MiB):
  Device 0: NVIDIA GeForce RTX 3090, compute capability 8.6, VMM: no, VRAM: 24575 MiB
[gemma4 draft GGUF] loaded: n_layer=5 n_head=64 n_kv=8 n_embd=5376 n_ff=10752 head_dim=128 target_hidden=5376  (1.52 GiB on GPU)
[cache] narrow asymmetric: forced Q8_0 on 2 captured full-attn layer(s) (remaining 8 full-attn keep TQ3)
[cache] created max_ctx=32768 (full_attn=32768, swa=2048), kv_layers=60, saved 78.1%
[cache] kv types: SWA=tq3_0, full=tq3_0
[spec] draft KV sliding re-prefill: kept 2092 tokens (positions 10147..12238), dkv_cap=2096
[cfg] model=/home/peppi/Dev/lucebox-hub/models/gemma-4-31B-it-Q4_K_M.gguf draft=/home/peppi/models/gemma4-31b-dflash/draft-q8_0.gguf method=dflash gpu=0 ctx=32768 n_predict=64 kv_k=tq3_0 kv_v=tq3_0 temp=0.00 top_k=0 top_p=1.00 budget=22 bench=0 fa_window=0 draft_max=4 adaptive=0 draft_kv_cap_override=0 pflash=1 pflash_alpha=0.120
[gemma4_loader] bos_id=2 eos_id=106 eos_chat_id=107
[gemma4_loader] capture_layer_ids: 1 12 23 35 46 57
[target] loaded 60 layers, n_embd=5376, vocab=262144  (2449.8 ms)
[tok_embd] uploaded 756.0 MiB to GPU (q4_K [5376, 262144])
[draft] loaded n_layer=5 n_head=64 n_embd=5376 n_vocab=262144 target_hidden=5376 block_size=16  (266.6 ms)
[cache] created max_ctx=32768, kv_layers=60  (156.0 ms)
[draft] KV cache allocated: 2096 slots
[tokens] using 12238 pre-tokenised IDs from --tokens
[tokens] prepended BOS token 2
[prefill] 12239 tokens ...
[prefill] 12239 tokens in 19751.9 ms (619.6 tok/s) [chunked+pflash, chunk_size=1024]  (last sampled token: 514)
[draft] KV prefill done: 2096 positions materialized (skipped 10143 early tokens, cap=2096, target_feat_cap=4096, dkv_pos=2096)
514 [spec] draft KV sliding re-prefill: kept 2092 tokens (positions 10148..12239), dkv_cap=2096
ggml_backend_cuda_graph_compute: CUDA graph warmup complete
[step 1] accept=1/4 avg=1.0 draft_ms=8.77 verify_ms=113.55 kv_ms=0.73 refill_ms=20.02
1852 [spec] draft KV sliding re-prefill: kept 2092 tokens (positions 10149..12240), dkv_cap=2096
[step 2] accept=1/4 avg=1.0 draft_ms=6.03 verify_ms=109.30 kv_ms=0.65 refill_ms=20.62
236789 236751 [spec] draft KV sliding re-prefill: kept 2092 tokens (positions 10151..12242), dkv_cap=2096
[step 3] accept=2/4 avg=1.3 draft_ms=4.41 verify_ms=109.90 kv_ms=0.67 refill_ms=20.12
1852 [spec] draft KV sliding re-prefill: kept 2092 tokens (positions 10152..12243), dkv_cap=2096
[step 4] accept=1/4 avg=1.2 draft_ms=4.44 verify_ms=109.57 kv_ms=0.60 refill_ms=20.21
3825 ggml_backend_cuda_graph_compute: CUDA graph warmup complete
ggml_backend_cuda_graph_compute: CUDA graph warmup complete
[spec] draft KV sliding re-prefill: kept 2092 tokens (positions 10153..12244), dkv_cap=2096
[step 5] accept=1/4 avg=1.2 draft_ms=4.41 verify_ms=109.73 kv_ms=0.70 refill_ms=19.65
236789 236751 ggml_backend_cuda_graph_compute: CUDA graph warmup reset
[spec] draft KV sliding re-prefill: kept 2092 tokens (positions 10155..12246), dkv_cap=2096
[step 6] accept=2/4 avg=1.3 draft_ms=4.41 verify_ms=110.21 kv_ms=0.67 refill_ms=20.08
1852 [spec] draft KV sliding re-prefill: kept 2092 tokens (positions 10156..12247), dkv_cap=2096
[step 7] accept=1/4 avg=1.3 draft_ms=4.41 verify_ms=109.37 kv_ms=0.63 refill_ms=19.82
3825 ggml_backend_cuda_graph_compute: CUDA graph warmup complete
ggml_backend_cuda_graph_compute: CUDA graph warmup reset
[spec] draft KV sliding re-prefill: kept 2092 tokens (positions 10157..12248), dkv_cap=2096
[step 8] accept=1/4 avg=1.2 draft_ms=4.41 verify_ms=111.07 kv_ms=0.64 refill_ms=21.12
236789 236751 1852 3825 ggml_backend_cuda_graph_compute: CUDA graph warmup reset
ggml_backend_cuda_graph_compute: CUDA graph warmup complete
[spec] draft KV sliding re-prefill: kept 2092 tokens (positions 10161..12252), dkv_cap=2096
[step 9] accept=4/4 avg=1.6 draft_ms=4.41 verify_ms=108.62 kv_ms=0.64 refill_ms=19.82
236789 236751 [spec] draft KV sliding re-prefill: kept 2092 tokens (positions 10163..12254), dkv_cap=2096
[step 10] accept=2/4 avg=1.6 draft_ms=4.44 verify_ms=108.93 kv_ms=0.64 refill_ms=20.06
236743 107 140 236865 [spec] draft KV sliding re-prefill: kept 2092 tokens (positions 10167..12258), dkv_cap=2096
[step 11] accept=4/4 avg=1.8 draft_ms=4.42 verify_ms=111.01 kv_ms=0.67 refill_ms=19.92
514 1852 [spec] draft KV sliding re-prefill: kept 2092 tokens (positions 10169..12260), dkv_cap=2096
[step 12] accept=2/4 avg=1.8 draft_ms=4.43 verify_ms=115.26 kv_ms=0.69 refill_ms=20.50
236789 236751 1852 3825 [spec] draft KV sliding re-prefill: kept 2092 tokens (positions 10173..12264), dkv_cap=2096
[step 13] accept=4/4 avg=2.0 draft_ms=4.41 verify_ms=117.05 kv_ms=0.85 refill_ms=21.62
236789 236751 1852 3825 ggml_backend_cuda_graph_compute: CUDA graph warmup complete
[spec] draft KV sliding re-prefill: kept 2092 tokens (positions 10177..12268), dkv_cap=2096
[step 14] accept=4/4 avg=2.1 draft_ms=5.10 verify_ms=110.21 kv_ms=0.72 refill_ms=20.96
236789 236751 1852 3825 [spec] draft KV sliding re-prefill: kept 2092 tokens (positions 10181..12272), dkv_cap=2096
[step 15] accept=4/4 avg=2.3 draft_ms=4.41 verify_ms=109.81 kv_ms=0.58 refill_ms=20.35
236789 236751 1852 ggml_backend_cuda_graph_compute: CUDA graph warmup reset
[spec] draft KV sliding re-prefill: kept 2092 tokens (positions 10184..12275), dkv_cap=2096
[step 16] accept=3/4 avg=2.3 draft_ms=4.41 verify_ms=109.17 kv_ms=0.72 refill_ms=19.72
3825 [spec] draft KV sliding re-prefill: kept 2092 tokens (positions 10185..12276), dkv_cap=2096
[step 17] accept=1/4 avg=2.2 draft_ms=4.41 verify_ms=108.16 kv_ms=0.62 refill_ms=19.76
236789 236751 [spec] draft KV sliding re-prefill: kept 2092 tokens (positions 10187..12278), dkv_cap=2096
[step 18] accept=2/4 avg=2.2 draft_ms=4.41 verify_ms=108.70 kv_ms=0.60 refill_ms=19.78
1852 3825 ggml_backend_cuda_graph_compute: CUDA graph warmup complete
[spec] draft KV sliding re-prefill: kept 2092 tokens (positions 10189..12280), dkv_cap=2096
[step 19] accept=2/4 avg=2.2 draft_ms=4.61 verify_ms=110.34 kv_ms=0.63 refill_ms=19.91
236789 236751 [spec] draft KV sliding re-prefill: kept 2092 tokens (positions 10191..12282), dkv_cap=2096
[step 20] accept=2/4 avg=2.2 draft_ms=4.40 verify_ms=109.11 kv_ms=0.61 refill_ms=19.78
514 ggml_backend_cuda_graph_compute: CUDA graph warmup reset
[spec] draft KV sliding re-prefill: kept 2092 tokens (positions 10192..12283), dkv_cap=2096
[step 21] accept=1/4 avg=2.1 draft_ms=4.41 verify_ms=110.27 kv_ms=0.63 refill_ms=20.91
1852 236789 236751 [spec] draft KV sliding re-prefill: kept 2092 tokens (positions 10195..12286), dkv_cap=2096
[step 22] accept=3/4 avg=2.2 draft_ms=4.40 verify_ms=109.05 kv_ms=0.66 refill_ms=19.76
1852 3825 236789 236751 [spec] draft KV sliding re-prefill: kept 2092 tokens (positions 10199..12290), dkv_cap=2096
[step 23] accept=4/4 avg=2.3 draft_ms=4.40 verify_ms=111.63 kv_ms=0.65 refill_ms=19.73
1852 3825 236789 236751 ggml_backend_cuda_graph_compute: CUDA graph warmup complete
[spec] draft KV sliding re-prefill: kept 2092 tokens (positions 10203..12294), dkv_cap=2096
[step 24] accept=4/4 avg=2.3 draft_ms=4.41 verify_ms=115.12 kv_ms=0.79 refill_ms=20.49
1852 3825 ggml_backend_cuda_graph_compute: CUDA graph warmup reset
[spec] draft KV sliding re-prefill: kept 2092 tokens (positions 10205..12296), dkv_cap=2096
[step 25] accept=2/4 avg=2.3 draft_ms=4.67 verify_ms=109.94 kv_ms=0.62 refill_ms=20.76
236789 236751 ggml_backend_cuda_graph_compute: CUDA graph warmup complete
[spec] draft KV sliding re-prefill: kept 2092 tokens (positions 10207..12298), dkv_cap=2096
[step 26] accept=2/4 avg=2.3 draft_ms=4.40 verify_ms=110.99 kv_ms=0.64 refill_ms=19.60
255969 ggml_backend_cuda_graph_compute: CUDA graph warmup reset
[spec] draft KV sliding re-prefill: kept 2092 tokens (positions 10208..12299), dkv_cap=2096
[step 27] accept=1/4 avg=2.3 draft_ms=4.42 verify_ms=109.98 kv_ms=0.65 refill_ms=19.85
715 ggml_backend_cuda_graph_compute: CUDA graph warmup complete
ggml_backend_cuda_graph_compute: CUDA graph warmup reset
[spec] draft KV sliding re-prefill: kept 2092 tokens (positions 10209..12300), dkv_cap=2096
[step 28] accept=1/4 avg=2.2 draft_ms=4.40 verify_ms=110.35 kv_ms=0.65 refill_ms=19.86
496 ggml_backend_cuda_graph_compute: CUDA graph warmup reset
ggml_backend_cuda_graph_compute: CUDA graph warmup complete
[spec] draft KV sliding re-prefill: kept 2092 tokens (positions 10210..12301), dkv_cap=2096
[step 29] accept=1/4 avg=2.2 draft_ms=4.41 verify_ms=109.98 kv_ms=0.76 refill_ms=19.98
3161 ggml_backend_cuda_graph_compute: CUDA graph warmup complete
[step 30] accept=1/4 avg=2.1 draft_ms=4.43 verify_ms=109.92 kv_ms=0.64 refill_ms=19.93

[stats] generated=64  decode_ms=4208.1  tok/s=15.21  first_tok_ms=153.83
[stats] prefill=12239 tokens  context_used=12303/32768
[spec] draft_steps=30 total_accepted=64 avg_accept=2.13
[mem]  VRAM used=22.97 GB  total=24.00 GB
