[dflash] WARNING: detected CUDA device 0 (NVIDIA GeForce RTX 3090) with 23 GiB VRAM.
[dflash]          Long-context prefill on <=24 GiB cards is significantly
[dflash]          slower with VMM enabled. Consider rebuilding with:
[dflash]              cmake -DGGML_CUDA_NO_VMM=ON ..
ggml_cuda_init: found 1 CUDA devices (Total VRAM: 24575 MiB):
  Device 0: NVIDIA GeForce RTX 3090, compute capability 8.6, VMM: no, VRAM: 24575 MiB
[gemma4 draft GGUF] loaded: n_layer=5 n_head=64 n_kv=8 n_embd=5376 n_ff=10752 head_dim=128 target_hidden=5376  (1.52 GiB on GPU)
[cache] narrow asymmetric: forced Q8_0 on 2 captured full-attn layer(s) (remaining 8 full-attn keep TQ3)
[cache] created max_ctx=4096 (full_attn=4096, swa=2048), kv_layers=60, saved 41.7%
[cache] kv types: SWA=tq3_0, full=tq3_0
[cfg] model=/home/peppi/Dev/lucebox-hub/models/gemma-4-31B-it-Q4_K_M.gguf draft=/home/peppi/models/gemma4-31b-dflash/draft-q8_0.gguf method=dflash gpu=0 ctx=4096 n_predict=64 kv_k=tq3_0 kv_v=tq3_0 temp=0.00 top_k=0 top_p=1.00 budget=22 bench=0 fa_window=0 draft_max=4 adaptive=0 draft_kv_cap_override=0 pflash=1 pflash_alpha=0.120
[gemma4_loader] bos_id=2 eos_id=106 eos_chat_id=107
[gemma4_loader] capture_layer_ids: 1 12 23 35 46 57
[target] loaded 60 layers, n_embd=5376, vocab=262144  (2418.7 ms)
[tok_embd] uploaded 756.0 MiB to GPU (q4_K [5376, 262144])
[draft] loaded n_layer=5 n_head=64 n_embd=5376 n_vocab=262144 target_hidden=5376 block_size=16  (213.2 ms)
[cache] created max_ctx=4096, kv_layers=60  (90.1 ms)
[draft] KV cache allocated: 2096 slots
[tokens] using 1998 pre-tokenised IDs from --tokens
[tokens] prepended BOS token 2
[prefill] 1999 tokens ...
[prefill] 1999 tokens in 3056.3 ms (654.1 tok/s) [chunked+pflash, chunk_size=1024]  (last sampled token: 22539)
[draft] KV prefill done: 1999 positions materialized (skipped 0 early tokens, cap=2096, target_feat_cap=4096, dkv_pos=1999)
22539 [step 1] accept=1/4 avg=1.0 draft_ms=8.50 verify_ms=96.21 kv_ms=0.92 refill_ms=0.00
27801 20768 [step 2] accept=2/4 avg=1.5 draft_ms=4.70 verify_ms=92.46 kv_ms=0.75 refill_ms=0.00
28180 963 756 2063 [step 3] accept=4/4 avg=2.3 draft_ms=4.73 verify_ms=90.90 kv_ms=0.64 refill_ms=0.00
963 756 2063 [step 4] accept=3/4 avg=2.5 draft_ms=4.72 verify_ms=91.11 kv_ms=0.70 refill_ms=0.00
236759 [step 5] accept=1/4 avg=2.2 draft_ms=4.75 verify_ms=91.91 kv_ms=0.67 refill_ms=0.00
963 756 [step 6] accept=2/4 avg=2.2 draft_ms=4.72 verify_ms=90.63 kv_ms=0.75 refill_ms=0.00
2063 [step 7] accept=1/4 avg=2.0 draft_ms=5.03 verify_ms=90.68 kv_ms=0.65 refill_ms=0.00
860 [step 8] accept=1/4 avg=1.9 draft_ms=5.01 verify_ms=91.69 kv_ms=0.62 refill_ms=0.00
7367 756 [step 9] accept=2/4 avg=1.9 draft_ms=4.73 verify_ms=91.55 kv_ms=0.63 refill_ms=0.00
236746 1606 107 140 [step 10] accept=4/4 avg=2.1 draft_ms=4.72 verify_ms=91.31 kv_ms=0.66 refill_ms=0.00
9336 107 140 [step 11] accept=3/4 avg=2.2 draft_ms=5.20 verify_ms=91.80 kv_ms=0.67 refill_ms=0.00
22539 [step 12] accept=1/4 avg=2.1 draft_ms=4.77 verify_ms=92.03 kv_ms=0.66 refill_ms=0.00
27801 20768 28180 963 [step 13] accept=4/4 avg=2.2 draft_ms=4.73 verify_ms=91.27 kv_ms=0.68 refill_ms=0.00
756 2063 963 756 [step 14] accept=4/4 avg=2.4 draft_ms=4.74 verify_ms=91.65 kv_ms=0.68 refill_ms=0.00
2063 [step 15] accept=1/4 avg=2.3 draft_ms=4.74 verify_ms=91.13 kv_ms=0.81 refill_ms=0.00
236759 [step 16] accept=1/4 avg=2.2 draft_ms=4.75 verify_ms=90.70 kv_ms=0.67 refill_ms=0.00
963 756 2063 860 [step 17] accept=4/4 avg=2.3 draft_ms=4.86 verify_ms=92.02 kv_ms=0.67 refill_ms=0.00
7367 756 236746 1606 [step 18] accept=4/4 avg=2.4 draft_ms=4.74 verify_ms=91.92 kv_ms=0.68 refill_ms=0.00
107 140 [step 19] accept=2/4 avg=2.4 draft_ms=4.75 verify_ms=90.07 kv_ms=0.62 refill_ms=0.00
3805 [step 20] accept=1/4 avg=2.3 draft_ms=9.49 verify_ms=92.60 kv_ms=0.63 refill_ms=0.00
107 140 [step 21] accept=2/4 avg=2.3 draft_ms=4.77 verify_ms=94.29 kv_ms=0.66 refill_ms=0.00
22539 [step 22] accept=1/4 avg=2.2 draft_ms=4.71 verify_ms=93.18 kv_ms=0.64 refill_ms=0.00
5450 [step 23] accept=1/4 avg=2.2 draft_ms=4.76 verify_ms=92.24 kv_ms=0.64 refill_ms=0.00
107 140 [step 24] accept=2/4 avg=2.2 draft_ms=4.76 verify_ms=92.29 kv_ms=0.70 refill_ms=0.00
22539 27801 20768 28180 [step 25] accept=4/4 avg=2.2 draft_ms=4.75 verify_ms=92.09 kv_ms=0.65 refill_ms=0.00
963 756 2063 963 [step 26] accept=4/4 avg=2.3 draft_ms=5.09 verify_ms=91.50 kv_ms=0.66 refill_ms=0.00
756 2063 236759 [step 27] accept=3/4 avg=2.3 draft_ms=4.83 verify_ms=91.75 kv_ms=0.67 refill_ms=0.00
963 [step 28] accept=2/4 avg=2.3 draft_ms=4.76 verify_ms=91.53 kv_ms=0.72 refill_ms=0.00

[stats] generated=64  decode_ms=2880.8  tok/s=22.22  first_tok_ms=118.06
[stats] prefill=1999 tokens  context_used=2063/4096
[spec] draft_steps=28 total_accepted=64 avg_accept=2.29
[mem]  VRAM used=22.32 GB  total=24.00 GB
