[dflash] WARNING: detected CUDA device 0 (NVIDIA GeForce RTX 3090) with 23 GiB VRAM.
[dflash]          Long-context prefill on <=24 GiB cards is significantly
[dflash]          slower with VMM enabled. Consider rebuilding with:
[dflash]              cmake -DGGML_CUDA_NO_VMM=ON ..
ggml_cuda_init: found 1 CUDA devices (Total VRAM: 24575 MiB):
  Device 0: NVIDIA GeForce RTX 3090, compute capability 8.6, VMM: no, VRAM: 24575 MiB
[cache] MTP donor override: forced Q8_0 on 2 layer(s) to avoid TQ3/FWHT cross-attn mismatch
[cache] created max_ctx=65536 (full_attn=65536, swa=2048), kv_layers=60, saved 80.7%
[cache] kv types: SWA=tq3_0, full=tq3_0
ggml_backend_cuda_graph_compute: CUDA graph warmup complete
[cfg] model=/home/peppi/Dev/lucebox-hub/models/gemma-4-31B-it-Q4_K_M.gguf draft=(none) method=mtp gpu=0 ctx=65536 n_predict=64 kv_k=tq3_0 kv_v=tq3_0 temp=0.00 top_k=0 top_p=1.00 budget=22 bench=0 fa_window=0 draft_max=0 adaptive=0 draft_kv_cap_override=0 pflash=1 pflash_alpha=0.120
[gemma4_loader] bos_id=2 eos_id=106 eos_chat_id=107
[gemma4_loader] capture_layer_ids: 1 12 23 35 46 57
[target] loaded 60 layers, n_embd=5376, vocab=262144  (2565.1 ms)
[mtp_loader] loaded: n_embd_backbone=5376 n_mtp_layers=4 attention_k_eq_v=1 n_centroids=2048 use_ordered_embeddings=0 requires_target_arch=gemma4 tensors=49 GPU 322.06 MiB
[mtp_loader]   layer[0]: is_swa=1 donor_target_layer=59
[mtp_loader]   layer[1]: is_swa=1 donor_target_layer=59
[mtp_loader]   layer[2]: is_swa=1 donor_target_layer=59
[mtp_loader]   layer[3]: is_swa=0 donor_target_layer=58
[mtp] loaded n_layers=4 n_embd=1024 n_embd_backbone=5376  (105.5 ms)
[cache] created max_ctx=65536, kv_layers=60  (223.7 ms)
[mtp] mtp_last_full_layer=59
[mtp-fa-types] layer 0: Qfa=f32 Kfa=q8_0 Vfa=q8_0 head_dim_fa=256 kv_is_tq3=0 need_mask=0
[mtp-fa-types] layer 1: Qfa=f32 Kfa=q8_0 Vfa=q8_0 head_dim_fa=256 kv_is_tq3=0 need_mask=0
[mtp-fa-types] layer 2: Qfa=f32 Kfa=q8_0 Vfa=q8_0 head_dim_fa=256 kv_is_tq3=0 need_mask=0
[mtp-fa-types] layer 3: Qfa=f32 Kfa=q8_0 Vfa=q8_0 head_dim_fa=512 kv_is_tq3=0 need_mask=1
[mtp] step graph built ok
[tokens] using 49903 pre-tokenised IDs from --tokens
[tokens] prepended BOS token 2
[prefill] 49904 tokens ...
[prefill] 49904 tokens in 109855.1 ms (454.3 tok/s) [chunked+pflash, chunk_size=1024]  (last sampled token: 7243)
107 [mtp-gt1] chain k=1 accepted=0 bonus=107 total_acc=0 pos_mode=const
ggml_backend_cuda_graph_compute: CUDA graph warmup complete
10354 25252 [mtp-gt1] chain k=2 accepted=1 bonus=25252 total_acc=1 pos_mode=const
ggml_backend_cuda_graph_compute: CUDA graph warmup complete
529 137944 [mtp-gt1] chain k=3 accepted=1 bonus=137944 total_acc=2 pos_mode=const
ggml_backend_cuda_graph_compute: CUDA graph warmup complete
532 81179 108 818 [mtp-gt1] chain k=4 accepted=3 bonus=818 total_acc=5 pos_mode=const
ggml_backend_cuda_graph_compute: CUDA graph warmup complete
3847 1816 [mtp-gt1] chain k=5 accepted=1 bonus=1816 total_acc=6 pos_mode=const
ggml_backend_cuda_graph_compute: CUDA graph warmup complete
563 496 22907 [mtp-gt1] chain k=6 accepted=2 bonus=22907 total_acc=8 pos_mode=const
ggml_backend_cuda_graph_compute: CUDA graph warmup complete
529 18583 [mtp-gt1] chain k=7 accepted=1 bonus=18583 total_acc=9 pos_mode=const
ggml_backend_cuda_graph_compute: CUDA graph warmup complete
699 1156 1607 [mtp-gt1] chain k=8 accepted=2 bonus=1607 total_acc=11 pos_mode=const
ggml_backend_cuda_graph_compute: CUDA graph warmup complete
10772 [mtp-gt1] chain k=9 accepted=0 bonus=10772 total_acc=11 pos_mode=const
ggml_backend_cuda_graph_compute: CUDA graph warmup complete
236787 5213 236780 6886 40707 [mtp-gt1] chain k=10 accepted=4 bonus=40707 total_acc=15 pos_mode=const
ggml_backend_cuda_graph_compute: CUDA graph warmup complete
605 1018 532 [mtp-gt1] chain k=11 accepted=2 bonus=532 total_acc=17 pos_mode=const
ggml_backend_cuda_graph_compute: CUDA graph warmup complete
5213 40421 8488 84750 [mtp-gt1] chain k=12 accepted=3 bonus=84750 total_acc=20 pos_mode=const
ggml_backend_cuda_graph_compute: CUDA graph warmup complete
108 7243 [mtp-gt1] chain k=13 accepted=1 bonus=7243 total_acc=21 pos_mode=const
ggml_backend_cuda_graph_compute: CUDA graph warmup complete
108 10354 4040 [mtp-gt1] chain k=14 accepted=2 bonus=4040 total_acc=23 pos_mode=const
ggml_backend_cuda_graph_compute: CUDA graph warmup complete
236743 236770 236787 808 236780 [mtp-gt1] chain k=15 accepted=4 bonus=236780 total_acc=27 pos_mode=const
ggml_backend_cuda_graph_compute: CUDA graph warmup complete
6886 40707 605 236829 108 [mtp-gt1] chain k=16 accepted=4 bonus=108 total_acc=31 pos_mode=const
ggml_backend_cuda_graph_compute: CUDA graph warmup complete
1018 38322 137944 53121 [mtp-gt1] chain k=17 accepted=3 bonus=53121 total_acc=34 pos_mode=const
ggml_backend_cuda_graph_compute: CUDA graph warmup complete
107 236829 139 1018 4335 [mtp-gt1] chain k=18 accepted=4 bonus=4335 total_acc=38 pos_mode=const
ggml_backend_cuda_graph_compute: CUDA graph warmup complete
71928 [mtp-gt1] chain k=19 accepted=0 bonus=71928 total_acc=38 pos_mode=const
ggml_backend_cuda_graph_compute: CUDA graph warmup complete
532 24520 [mtp-gt1] chain k=20 accepted=1 bonus=24520 total_acc=39 pos_mode=const
ggml_backend_cuda_graph_compute: CUDA graph warmup complete
7338 53121 669 6082 16625 [mtp-gt1] chain k=21 accepted=4 bonus=16625 total_acc=43 pos_mode=const

[mtp-gt1] chains=21 total_accepted=43 mean_accept=2.05 accept_rate=0.512 gamma=4 pos_mode=const

[stats] generated=64  decode_ms=6991.7  tok/s=9.15  first_tok_ms=354.18
[stats] prefill=49904 tokens  context_used=49968/65536
[mem]  VRAM used=21.70 GB  total=24.00 GB
