[dflash] WARNING: detected CUDA device 0 (NVIDIA GeForce RTX 3090) with 23 GiB VRAM.
[dflash]          Long-context prefill on <=24 GiB cards is significantly
[dflash]          slower with VMM enabled. Consider rebuilding with:
[dflash]              cmake -DGGML_CUDA_NO_VMM=ON ..
ggml_cuda_init: found 1 CUDA devices (Total VRAM: 24575 MiB):
  Device 0: NVIDIA GeForce RTX 3090, compute capability 8.6, VMM: no, VRAM: 24575 MiB
[cache] created max_ctx=16384 (full_attn=16384, swa=2048), kv_layers=30, saved 72.9%
[cache] kv types: SWA=tq3_0, full=tq3_0
[cfg] model=/home/peppi/models/gemma4-26b-a4b-it/gemma-4-26B-A4B-it-UD-Q4_K_M.gguf draft=(none) method=none gpu=0 ctx=16384 n_predict=64 kv_k=tq3_0 kv_v=tq3_0 temp=0.00 top_k=0 top_p=1.00 budget=22 bench=0 fa_window=0 draft_max=0 adaptive=0 draft_kv_cap_override=0 pflash=1 pflash_alpha=0.120
[gemma4_loader] bos_id=2 eos_id=106 eos_chat_id=107
[gemma4_loader] capture_layer_ids: 1 6 11 17 22 27
[target] loaded 30 layers, n_embd=2816, vocab=262144  (2217.6 ms)
[cache] created max_ctx=16384, kv_layers=30  (35.5 ms)
[tokens] using 8142 pre-tokenised IDs from --tokens
[tokens] prepended BOS token 2
[prefill] 8143 tokens ...
[prefill] 8143 tokens in 3457.2 ms (2355.4 tok/s) [chunked+pflash, chunk_size=1024]  (last sampled token: 569)
[tgt-only-dbg] logits[0..3]: -12.057 -17.649 -6.309 -11.991 max=-0.767@767 next=767
569 767 236786 1843 236779 16213 236779 16213 236779 569 767 236786 1843 236779 1852 236779 16213 236779 16213 236779 569 767 236786 759 236779 16213 236779 33489 236779 569 236786 569 569 569 569 569 569 569 569 569 569 569 569 569 1852 236779 45518 236779 1041 236779 569 569 569 569 569 569 569 569 569 569 569 107 569 569 
[stats] generated=64  decode_ms=1675.9  tok/s=38.19  first_tok_ms=34.08
[stats] prefill=8143 tokens  context_used=8207/16384
[mem]  VRAM used=17.77 GB  total=24.00 GB
