[dflash] WARNING: detected CUDA device 0 (NVIDIA GeForce RTX 3090) with 23 GiB VRAM.
[dflash]          Long-context prefill on <=24 GiB cards is significantly
[dflash]          slower with VMM enabled. Consider rebuilding with:
[dflash]              cmake -DGGML_CUDA_NO_VMM=ON ..
ggml_cuda_init: found 1 CUDA devices (Total VRAM: 24575 MiB):
  Device 0: NVIDIA GeForce RTX 3090, compute capability 8.6, VMM: no, VRAM: 24575 MiB
[cache] MTP donor override: forced Q8_0 on 2 layer(s) to avoid TQ3/FWHT cross-attn mismatch
[cache] created max_ctx=4096 (full_attn=4096, swa=2048), kv_layers=30, saved 41.7%
[cache] kv types: SWA=tq3_0, full=tq3_0
ggml_backend_cuda_graph_compute: CUDA graph warmup complete
[cfg] model=/home/peppi/models/gemma4-26b-a4b-it/gemma-4-26B-A4B-it-UD-Q4_K_M.gguf draft=(none) method=mtp gpu=0 ctx=4096 n_predict=64 kv_k=tq3_0 kv_v=tq3_0 temp=0.00 top_k=0 top_p=1.00 budget=22 bench=0 fa_window=0 draft_max=0 adaptive=0 draft_kv_cap_override=0 pflash=1 pflash_alpha=0.120
[gemma4_loader] bos_id=2 eos_id=106 eos_chat_id=107
[gemma4_loader] capture_layer_ids: 1 6 11 17 22 27
[target] loaded 30 layers, n_embd=2816, vocab=262144  (2366.9 ms)
[mtp_loader] loaded: n_embd_backbone=2816 n_mtp_layers=4 attention_k_eq_v=1 n_centroids=2048 use_ordered_embeddings=0 requires_target_arch=gemma4 tensors=49 GPU 295.34 MiB
[mtp_loader]   layer[0]: is_swa=1 donor_target_layer=59
[mtp_loader]   layer[1]: is_swa=1 donor_target_layer=59
[mtp_loader]   layer[2]: is_swa=1 donor_target_layer=59
[mtp_loader]   layer[3]: is_swa=0 donor_target_layer=58
[mtp] loaded n_layers=4 n_embd=1024 n_embd_backbone=2816  (100.8 ms)
[cache] created max_ctx=4096, kv_layers=30  (34.3 ms)
[mtp] mtp_last_full_layer=29
[mtp-fa-types] layer 0: Qfa=f32 Kfa=q8_0 Vfa=q8_0 head_dim_fa=256 kv_is_tq3=0 need_mask=0
[mtp-fa-types] layer 1: Qfa=f32 Kfa=q8_0 Vfa=q8_0 head_dim_fa=256 kv_is_tq3=0 need_mask=0
[mtp-fa-types] layer 2: Qfa=f32 Kfa=q8_0 Vfa=q8_0 head_dim_fa=256 kv_is_tq3=0 need_mask=0
[mtp-fa-types] layer 3: Qfa=f32 Kfa=q8_0 Vfa=q8_0 head_dim_fa=512 kv_is_tq3=0 need_mask=1
[mtp] step graph built ok
[tokens] using 2611 pre-tokenised IDs from --tokens
[tokens] prepended BOS token 2
[prefill] 2612 tokens ...
[prefill] 2612 tokens in 1086.0 ms (2405.2 tok/s) [chunked+pflash, chunk_size=1024]  (last sampled token: 7243)
236772 [mtp-gt1] chain k=1 accepted=0 bonus=236772 total_acc=0 pos_mode=const
ggml_backend_cuda_graph_compute: CUDA graph warmup complete
107 [mtp-gt1] chain k=2 accepted=0 bonus=107 total_acc=0 pos_mode=const
ggml_backend_cuda_graph_compute: CUDA graph warmup complete
100 101 [mtp-gt1] chain k=3 accepted=1 bonus=101 total_acc=1 pos_mode=const
ggml_backend_cuda_graph_compute: CUDA graph warmup complete
2094 78923 [mtp-gt1] chain k=4 accepted=1 bonus=78923 total_acc=2 pos_mode=const
ggml_backend_cuda_graph_compute: CUDA graph warmup complete
699 18811 [mtp-gt1] chain k=5 accepted=1 bonus=18811 total_acc=3 pos_mode=const
ggml_backend_cuda_graph_compute: CUDA graph warmup complete
50184 236858 [mtp-gt1] chain k=6 accepted=1 bonus=236858 total_acc=4 pos_mode=const
ggml_backend_cuda_graph_compute: CUDA graph warmup reset
ggml_backend_cuda_graph_compute: CUDA graph warmup complete
236751 808 85305 236789 236751 [mtp-gt1] chain k=7 accepted=4 bonus=236751 total_acc=8 pos_mode=const
ggml_backend_cuda_graph_compute: CUDA graph warmup reset
ggml_backend_cuda_graph_compute: CUDA graph warmup complete
63492 528 114732 236829 38730 [mtp-gt1] chain k=8 accepted=4 bonus=38730 total_acc=12 pos_mode=const
ggml_backend_cuda_graph_compute: CUDA graph warmup reset
ggml_backend_cuda_graph_compute: CUDA graph warmup complete
506 11863 [mtp-gt1] chain k=9 accepted=1 bonus=11863 total_acc=13 pos_mode=const
ggml_backend_cuda_graph_compute: CUDA graph warmup reset
ggml_backend_cuda_graph_compute: CUDA graph warmup complete
531 506 119541 [mtp-gt1] chain k=10 accepted=2 bonus=119541 total_acc=15 pos_mode=const
ggml_backend_cuda_graph_compute: CUDA graph warmup reset
ggml_backend_cuda_graph_compute: CUDA graph warmup complete
236764 13179 236772 2063 [mtp-gt1] chain k=11 accepted=3 bonus=2063 total_acc=18 pos_mode=const
ggml_backend_cuda_graph_compute: CUDA graph warmup reset
ggml_backend_cuda_graph_compute: CUDA graph warmup complete
6723 236764 532 3187 [mtp-gt1] chain k=12 accepted=3 bonus=3187 total_acc=21 pos_mode=const
ggml_backend_cuda_graph_compute: CUDA graph warmup reset
ggml_backend_cuda_graph_compute: CUDA graph warmup complete
43822 [mtp-gt1] chain k=13 accepted=0 bonus=43822 total_acc=21 pos_mode=const
ggml_backend_cuda_graph_compute: CUDA graph warmup reset
ggml_backend_cuda_graph_compute: CUDA graph warmup complete
1902 529 32858 [mtp-gt1] chain k=14 accepted=2 bonus=32858 total_acc=23 pos_mode=const
ggml_backend_cuda_graph_compute: CUDA graph warmup reset
ggml_backend_cuda_graph_compute: CUDA graph warmup complete
236761 14935 [mtp-gt1] chain k=15 accepted=1 bonus=14935 total_acc=24 pos_mode=const
ggml_backend_cuda_graph_compute: CUDA graph warmup reset
ggml_backend_cuda_graph_compute: CUDA graph warmup complete
1116 33975 [mtp-gt1] chain k=16 accepted=1 bonus=33975 total_acc=25 pos_mode=const
ggml_backend_cuda_graph_compute: CUDA graph warmup reset
ggml_backend_cuda_graph_compute: CUDA graph warmup complete
1679 [mtp-gt1] chain k=17 accepted=0 bonus=1679 total_acc=25 pos_mode=const
ggml_backend_cuda_graph_compute: CUDA graph warmup reset
ggml_backend_cuda_graph_compute: CUDA graph warmup complete
506 27973 12401 532 1116 [mtp-gt1] chain k=18 accepted=4 bonus=1116 total_acc=29 pos_mode=const
ggml_backend_cuda_graph_compute: CUDA graph warmup reset
ggml_backend_cuda_graph_compute: CUDA graph warmup complete
13323 34328 [mtp-gt1] chain k=19 accepted=1 bonus=34328 total_acc=30 pos_mode=const
ggml_backend_cuda_graph_compute: CUDA graph warmup reset
ggml_backend_cuda_graph_compute: CUDA graph warmup complete
607 2425 3731 [mtp-gt1] chain k=20 accepted=2 bonus=3731 total_acc=32 pos_mode=const
ggml_backend_cuda_graph_compute: CUDA graph warmup reset
ggml_backend_cuda_graph_compute: CUDA graph warmup complete
236764 3131 [mtp-gt1] chain k=21 accepted=1 bonus=3131 total_acc=33 pos_mode=const
ggml_backend_cuda_graph_compute: CUDA graph warmup reset
ggml_backend_cuda_graph_compute: CUDA graph warmup complete
2307 22888 532 [mtp-gt1] chain k=22 accepted=2 bonus=532 total_acc=35 pos_mode=const
ggml_backend_cuda_graph_compute: CUDA graph warmup reset
ggml_backend_cuda_graph_compute: CUDA graph warmup complete
28885 7359 35070 236787 108 [mtp-gt1] chain k=23 accepted=4 bonus=108 total_acc=39 pos_mode=const
ggml_backend_cuda_graph_compute: CUDA graph warmup reset
ggml_backend_cuda_graph_compute: CUDA graph warmup complete
10354 236743 [mtp-gt1] chain k=24 accepted=4 bonus=669 total_acc=43 pos_mode=const

[mtp-gt1] chains=24 total_accepted=43 mean_accept=1.79 accept_rate=0.448 gamma=4 pos_mode=const

[stats] generated=64  decode_ms=1714.9  tok/s=37.32  first_tok_ms=90.47
[stats] prefill=2612 tokens  context_used=2679/4096
[mem]  VRAM used=18.04 GB  total=24.00 GB
