[dflash] WARNING: detected CUDA device 0 (NVIDIA GeForce RTX 3090) with 23 GiB VRAM.
[dflash]          Long-context prefill on <=24 GiB cards is significantly
[dflash]          slower with VMM enabled. Consider rebuilding with:
[dflash]              cmake -DGGML_CUDA_NO_VMM=ON ..
ggml_cuda_init: found 1 CUDA devices (Total VRAM: 24575 MiB):
  Device 0: NVIDIA GeForce RTX 3090, compute capability 8.6, VMM: no, VRAM: 24575 MiB
[cache] MTP donor override: forced Q8_0 on 2 layer(s) to avoid TQ3/FWHT cross-attn mismatch
[cache] created max_ctx=4096 (full_attn=4096, swa=2048), kv_layers=30, saved 41.7%
[cache] kv types: SWA=tq3_0, full=tq3_0
ggml_backend_cuda_graph_compute: CUDA graph warmup complete
[cfg] model=/home/peppi/models/gemma4-26b-a4b-it/gemma-4-26B-A4B-it-UD-Q4_K_M.gguf draft=(none) method=mtp gpu=0 ctx=4096 n_predict=64 kv_k=tq3_0 kv_v=tq3_0 temp=0.00 top_k=0 top_p=1.00 budget=22 bench=0 fa_window=0 draft_max=0 adaptive=0 draft_kv_cap_override=0 pflash=1 pflash_alpha=0.120
[gemma4_loader] bos_id=2 eos_id=106 eos_chat_id=107
[gemma4_loader] capture_layer_ids: 1 6 11 17 22 27
[target] loaded 30 layers, n_embd=2816, vocab=262144  (2358.6 ms)
[mtp_loader] loaded: n_embd_backbone=2816 n_mtp_layers=4 attention_k_eq_v=1 n_centroids=2048 use_ordered_embeddings=0 requires_target_arch=gemma4 tensors=49 GPU 295.34 MiB
[mtp_loader]   layer[0]: is_swa=1 donor_target_layer=59
[mtp_loader]   layer[1]: is_swa=1 donor_target_layer=59
[mtp_loader]   layer[2]: is_swa=1 donor_target_layer=59
[mtp_loader]   layer[3]: is_swa=0 donor_target_layer=58
[mtp] loaded n_layers=4 n_embd=1024 n_embd_backbone=2816  (102.6 ms)
[cache] created max_ctx=4096, kv_layers=30  (32.1 ms)
[mtp] mtp_last_full_layer=29
[mtp-fa-types] layer 0: Qfa=f32 Kfa=q8_0 Vfa=q8_0 head_dim_fa=256 kv_is_tq3=0 need_mask=0
[mtp-fa-types] layer 1: Qfa=f32 Kfa=q8_0 Vfa=q8_0 head_dim_fa=256 kv_is_tq3=0 need_mask=0
[mtp-fa-types] layer 2: Qfa=f32 Kfa=q8_0 Vfa=q8_0 head_dim_fa=256 kv_is_tq3=0 need_mask=0
[mtp-fa-types] layer 3: Qfa=f32 Kfa=q8_0 Vfa=q8_0 head_dim_fa=512 kv_is_tq3=0 need_mask=1
[mtp] step graph built ok
[tokens] using 1998 pre-tokenised IDs from --tokens
[tokens] prepended BOS token 2
[prefill] 1999 tokens ...
[prefill] 1999 tokens in 835.1 ms (2393.6 tok/s) [chunked+pflash, chunk_size=1024]  (last sampled token: 236770)
100 [mtp-gt1] chain k=1 accepted=0 bonus=100 total_acc=0 pos_mode=const
ggml_backend_cuda_graph_compute: CUDA graph warmup complete
108 [mtp-gt1] chain k=2 accepted=0 bonus=108 total_acc=0 pos_mode=const
ggml_backend_cuda_graph_compute: CUDA graph warmup reset
ggml_backend_cuda_graph_compute: CUDA graph warmup complete
45518 [mtp-gt1] chain k=3 accepted=0 bonus=45518 total_acc=0 pos_mode=const
ggml_backend_cuda_graph_compute: CUDA graph warmup complete
107 101 [mtp-gt1] chain k=4 accepted=1 bonus=101 total_acc=1 pos_mode=const
ggml_backend_cuda_graph_compute: CUDA graph warmup reset
ggml_backend_cuda_graph_compute: CUDA graph warmup complete
2094 9173 5238 496 6112 [mtp-gt1] chain k=5 accepted=4 bonus=6112 total_acc=5 pos_mode=const
ggml_backend_cuda_graph_compute: CUDA graph warmup reset
ggml_backend_cuda_graph_compute: CUDA graph warmup complete
9958 [mtp-gt1] chain k=6 accepted=0 bonus=9958 total_acc=5 pos_mode=const
ggml_backend_cuda_graph_compute: CUDA graph warmup reset
ggml_backend_cuda_graph_compute: CUDA graph warmup complete
532 [mtp-gt1] chain k=7 accepted=0 bonus=532 total_acc=5 pos_mode=const
ggml_backend_cuda_graph_compute: CUDA graph warmup reset
ggml_backend_cuda_graph_compute: CUDA graph warmup complete
31044 [mtp-gt1] chain k=8 accepted=0 bonus=31044 total_acc=5 pos_mode=const
ggml_backend_cuda_graph_compute: CUDA graph warmup reset
ggml_backend_cuda_graph_compute: CUDA graph warmup complete
20446 [mtp-gt1] chain k=9 accepted=0 bonus=20446 total_acc=5 pos_mode=const
ggml_backend_cuda_graph_compute: CUDA graph warmup reset
ggml_backend_cuda_graph_compute: CUDA graph warmup complete
3117 17202 [mtp-gt1] chain k=10 accepted=1 bonus=17202 total_acc=6 pos_mode=const
ggml_backend_cuda_graph_compute: CUDA graph warmup reset
ggml_backend_cuda_graph_compute: CUDA graph warmup complete
684 506 2269 9935 236787 [mtp-gt1] chain k=11 accepted=4 bonus=236787 total_acc=10 pos_mode=const
ggml_backend_cuda_graph_compute: CUDA graph warmup reset
ggml_backend_cuda_graph_compute: CUDA graph warmup complete
108 236829 139 1018 11813 [mtp-gt1] chain k=12 accepted=4 bonus=11813 total_acc=14 pos_mode=const
ggml_backend_cuda_graph_compute: CUDA graph warmup reset
ggml_backend_cuda_graph_compute: CUDA graph warmup complete
80836 [mtp-gt1] chain k=13 accepted=0 bonus=80836 total_acc=14 pos_mode=const
ggml_backend_cuda_graph_compute: CUDA graph warmup reset
ggml_backend_cuda_graph_compute: CUDA graph warmup complete
833 [mtp-gt1] chain k=14 accepted=0 bonus=833 total_acc=14 pos_mode=const
ggml_backend_cuda_graph_compute: CUDA graph warmup reset
ggml_backend_cuda_graph_compute: CUDA graph warmup complete
190153 53121 7685 1292 563 [mtp-gt1] chain k=15 accepted=4 bonus=563 total_acc=18 pos_mode=const
ggml_backend_cuda_graph_compute: CUDA graph warmup reset
ggml_backend_cuda_graph_compute: CUDA graph warmup complete
20976 46271 1699 [mtp-gt1] chain k=16 accepted=2 bonus=1699 total_acc=20 pos_mode=const
ggml_backend_cuda_graph_compute: CUDA graph warmup reset
ggml_backend_cuda_graph_compute: CUDA graph warmup complete
17856 236789 236751 2165 [mtp-gt1] chain k=17 accepted=3 bonus=2165 total_acc=23 pos_mode=const
ggml_backend_cuda_graph_compute: CUDA graph warmup reset
ggml_backend_cuda_graph_compute: CUDA graph warmup complete
160554 236929 9173 568 [mtp-gt1] chain k=18 accepted=3 bonus=568 total_acc=26 pos_mode=const
ggml_backend_cuda_graph_compute: CUDA graph warmup reset
ggml_backend_cuda_graph_compute: CUDA graph warmup complete
236744 236761 236759 1126 2165 [mtp-gt1] chain k=19 accepted=4 bonus=2165 total_acc=30 pos_mode=const
ggml_backend_cuda_graph_compute: CUDA graph warmup reset
ggml_backend_cuda_graph_compute: CUDA graph warmup complete
1613 8347 [mtp-gt1] chain k=20 accepted=1 bonus=8347 total_acc=31 pos_mode=const
ggml_backend_cuda_graph_compute: CUDA graph warmup reset
ggml_backend_cuda_graph_compute: CUDA graph warmup complete
2165 36805 [mtp-gt1] chain k=21 accepted=1 bonus=36805 total_acc=32 pos_mode=const
ggml_backend_cuda_graph_compute: CUDA graph warmup complete
8347 2165 43983 59395 9250 [mtp-gt1] chain k=22 accepted=4 bonus=9250 total_acc=36 pos_mode=const
ggml_backend_cuda_graph_compute: CUDA graph warmup complete
45085 659 1456 573 784 [mtp-gt1] chain k=23 accepted=4 bonus=784 total_acc=40 pos_mode=const
ggml_backend_cuda_graph_compute: CUDA graph warmup reset
ggml_backend_cuda_graph_compute: CUDA graph warmup complete
6137 [mtp-gt1] chain k=24 accepted=0 bonus=6137 total_acc=40 pos_mode=const

[mtp-gt1] chains=24 total_accepted=40 mean_accept=1.67 accept_rate=0.417 gamma=4 pos_mode=const

[stats] generated=64  decode_ms=1050.1  tok/s=60.94  first_tok_ms=60.40
[stats] prefill=1999 tokens  context_used=2063/4096
[mem]  VRAM used=18.02 GB  total=24.00 GB
