[dflash] WARNING: detected CUDA device 0 (NVIDIA GeForce RTX 3090) with 23 GiB VRAM.
[dflash]          Long-context prefill on <=24 GiB cards is significantly
[dflash]          slower with VMM enabled. Consider rebuilding with:
[dflash]              cmake -DGGML_CUDA_NO_VMM=ON ..
ggml_cuda_init: found 1 CUDA devices (Total VRAM: 24575 MiB):
  Device 0: NVIDIA GeForce RTX 3090, compute capability 8.6, VMM: no, VRAM: 24575 MiB
[gemma4 draft GGUF] loaded: n_layer=5 n_head=32 n_kv=8 n_embd=2816 n_ff=5632 head_dim=128 target_hidden=2816  (0.43 GiB on GPU)
[cache] narrow asymmetric: forced Q8_0 on 2 captured full-attn layer(s) (remaining 3 full-attn keep TQ3)
[cache] created max_ctx=1024 (full_attn=1024, swa=1024), kv_layers=30, saved 0.0%
[cache] kv types: SWA=tq3_0, full=tq3_0
[cfg] model=/home/peppi/models/gemma4-26b-a4b-it/gemma-4-26B-A4B-it-UD-Q4_K_M.gguf draft=/home/peppi/models/gemma4-26b-a4b-dflash/draft-q8_0.gguf method=dflash gpu=0 ctx=1024 n_predict=64 kv_k=tq3_0 kv_v=tq3_0 temp=0.00 top_k=0 top_p=1.00 budget=22 bench=0 fa_window=0 draft_max=4 adaptive=0 draft_kv_cap_override=0 pflash=1 pflash_alpha=0.120
[gemma4_loader] bos_id=2 eos_id=106 eos_chat_id=107
[gemma4_loader] capture_layer_ids: 1 6 11 17 22 27
[target] loaded 30 layers, n_embd=2816, vocab=262144  (2324.7 ms)
[tok_embd] uploaded 748.0 MiB to GPU (q8_0 [2816, 262144])
[draft] loaded n_layer=5 n_head=32 n_embd=2816 n_vocab=262144 target_hidden=2816 block_size=16  (532.9 ms)
[cache] created max_ctx=1024, kv_layers=30  (12.2 ms)
[draft] KV cache allocated: 2096 slots
[tokens] using 139 pre-tokenised IDs from --tokens
[tokens] prepended BOS token 2
[prefill] 140 tokens ...
[prefill] 140 tokens in 195.4 ms (716.5 tok/s) [chunked+pflash, chunk_size=140]  (last sampled token: 2063)
[draft] KV prefill done: 140 positions materialized (skipped 0 early tokens, cap=2096, target_feat_cap=1024, dkv_pos=140)
2063 102267 236779 5640 [step 1] accept=4/4 avg=4.0 draft_ms=6.02 verify_ms=32.46 kv_ms=1.19 refill_ms=0.00
236769 5640 236787 6803 [step 2] accept=4/4 avg=4.0 draft_ms=2.72 verify_ms=27.74 kv_ms=0.51 refill_ms=0.00
236768 3921 6803 236787 [step 3] accept=4/4 avg=4.0 draft_ms=2.10 verify_ms=28.14 kv_ms=0.49 refill_ms=0.00
107 140 12234 [step 4] accept=3/4 avg=3.8 draft_ms=2.13 verify_ms=24.97 kv_ms=0.51 refill_ms=0.00
17770 496 4414 18224 [step 5] accept=4/4 avg=3.8 draft_ms=2.15 verify_ms=27.04 kv_ms=0.55 refill_ms=0.00
1523 1548 236764 625 [step 6] accept=4/4 avg=3.8 draft_ms=2.16 verify_ms=27.66 kv_ms=0.76 refill_ms=0.00
740 577 81153 1131 [step 7] accept=4/4 avg=3.9 draft_ms=3.18 verify_ms=28.50 kv_ms=0.47 refill_ms=0.00
107 140 [step 8] accept=2/4 avg=3.6 draft_ms=2.09 verify_ms=25.68 kv_ms=0.65 refill_ms=0.00
508 11995 912 532 [step 9] accept=4/4 avg=3.7 draft_ms=2.10 verify_ms=25.33 kv_ms=0.43 refill_ms=0.00
496 20632 912 236761 [step 10] accept=4/4 avg=3.7 draft_ms=2.08 verify_ms=26.12 kv_ms=0.74 refill_ms=0.00
107 140 12234 107 [step 11] accept=4/4 avg=3.7 draft_ms=2.64 verify_ms=28.96 kv_ms=0.47 refill_ms=0.00
140 236865 [step 12] accept=2/4 avg=3.6 draft_ms=2.08 verify_ms=27.40 kv_ms=0.51 refill_ms=0.00
10352 6596 236761 [step 13] accept=3/4 avg=3.5 draft_ms=2.12 verify_ms=26.03 kv_ms=0.49 refill_ms=0.00
1901 [step 14] accept=1/4 avg=3.4 draft_ms=2.15 verify_ms=25.07 kv_ms=0.73 refill_ms=0.00
236760 [step 15] accept=1/4 avg=3.2 draft_ms=2.79 verify_ms=27.22 kv_ms=0.60 refill_ms=0.00
532 [step 16] accept=1/4 avg=3.1 draft_ms=2.50 verify_ms=26.24 kv_ms=0.62 refill_ms=0.00
6596 236761 [step 17] accept=2/4 avg=3.0 draft_ms=2.08 verify_ms=26.30 kv_ms=0.48 refill_ms=0.00
69854 [step 18] accept=1/4 avg=2.9 draft_ms=2.18 verify_ms=26.37 kv_ms=0.47 refill_ms=0.00
531 6060 [step 19] accept=2/4 avg=2.8 draft_ms=2.08 verify_ms=25.29 kv_ms=0.51 refill_ms=0.00
3435 18224 [step 20] accept=2/4 avg=2.8 draft_ms=2.15 verify_ms=25.66 kv_ms=0.50 refill_ms=0.00
1523 18510 4342 [step 21] accept=3/4 avg=2.8 draft_ms=2.41 verify_ms=25.24 kv_ms=0.50 refill_ms=0.00
107 140 236865 [step 22] accept=3/4 avg=2.8 draft_ms=2.32 verify_ms=25.38 kv_ms=0.53 refill_ms=0.00
532 [step 23] accept=1/4 avg=2.7 draft_ms=2.38 verify_ms=28.59 kv_ms=0.55 refill_ms=0.00
5330 [step 24] accept=2/4 avg=2.7 draft_ms=2.23 verify_ms=26.22 kv_ms=0.57 refill_ms=0.00

[stats] generated=64  decode_ms=821.1  tok/s=77.94  first_tok_ms=57.20
[stats] prefill=140 tokens  context_used=204/1024
[spec] draft_steps=24 total_accepted=64 avg_accept=2.67
[mem]  VRAM used=18.76 GB  total=24.00 GB
