[dflash] WARNING: detected CUDA device 0 (NVIDIA GeForce RTX 3090) with 23 GiB VRAM.
[dflash]          Long-context prefill on <=24 GiB cards is significantly
[dflash]          slower with VMM enabled. Consider rebuilding with:
[dflash]              cmake -DGGML_CUDA_NO_VMM=ON ..
ggml_cuda_init: found 1 CUDA devices (Total VRAM: 24575 MiB):
  Device 0: NVIDIA GeForce RTX 3090, compute capability 8.6, VMM: no, VRAM: 24575 MiB
[cache] created max_ctx=4096 (full_attn=4096, swa=2048), kv_layers=30, saved 41.7%
[cache] kv types: SWA=tq3_0, full=tq3_0
[cfg] model=/home/peppi/models/gemma4-26b-a4b-it/gemma-4-26B-A4B-it-UD-Q4_K_M.gguf draft=(none) method=none gpu=0 ctx=4096 n_predict=64 kv_k=tq3_0 kv_v=tq3_0 temp=0.00 top_k=0 top_p=1.00 budget=22 bench=0 fa_window=0 draft_max=0 adaptive=0 draft_kv_cap_override=0 pflash=1 pflash_alpha=0.120
[gemma4_loader] bos_id=2 eos_id=106 eos_chat_id=107
[gemma4_loader] capture_layer_ids: 1 6 11 17 22 27
[target] loaded 30 layers, n_embd=2816, vocab=262144  (2228.2 ms)
[cache] created max_ctx=4096, kv_layers=30  (28.9 ms)
[tokens] using 1998 pre-tokenised IDs from --tokens
[tokens] prepended BOS token 2
[prefill] 1999 tokens ...
[prefill] 1999 tokens in 852.5 ms (2344.8 tok/s) [chunked+pflash, chunk_size=1024]  (last sampled token: 118)
[tgt-only-dbg] logits[0..3]: -18.791 -16.844 -14.633 -18.270 max=3.135@118 next=118
118 118 1852 1713 236779 931 1713 236779 931 27801 598 236779 19330 1128 236772 139989 598 236779 139989 598 236772 139989 598 236772 139989 598 236772 139989 598 236772 139989 598 236772 1852 1713 236779 931 1713 236779 1852 1713 236779 107 532 506 1346 1927 236772 5140 236743 598 236772 139989 598 236772 139989 598 236772 139989 598 236772 139989 598 236772 
[stats] generated=64  decode_ms=1496.9  tok/s=42.76  first_tok_ms=41.69
[stats] prefill=1999 tokens  context_used=2063/4096
[mem]  VRAM used=17.71 GB  total=24.00 GB
