[dflash] WARNING: detected CUDA device 0 (NVIDIA GeForce RTX 3090) with 23 GiB VRAM.
[dflash]          Long-context prefill on <=24 GiB cards is significantly
[dflash]          slower with VMM enabled. Consider rebuilding with:
[dflash]              cmake -DGGML_CUDA_NO_VMM=ON ..
ggml_cuda_init: found 1 CUDA devices (Total VRAM: 24575 MiB):
  Device 0: NVIDIA GeForce RTX 3090, compute capability 8.6, VMM: no, VRAM: 24575 MiB
[cache] MTP donor override: forced Q8_0 on 2 layer(s) to avoid TQ3/FWHT cross-attn mismatch
[cache] created max_ctx=1024 (full_attn=1024, swa=1024), kv_layers=30, saved 0.0%
[cache] kv types: SWA=tq3_0, full=tq3_0
ggml_backend_cuda_graph_compute: CUDA graph warmup complete
[cfg] model=/home/peppi/models/gemma4-26b-a4b-it/gemma-4-26B-A4B-it-UD-Q4_K_M.gguf draft=(none) method=mtp gpu=0 ctx=1024 n_predict=64 kv_k=tq3_0 kv_v=tq3_0 temp=0.00 top_k=0 top_p=1.00 budget=22 bench=0 fa_window=0 draft_max=0 adaptive=0 draft_kv_cap_override=0 pflash=1 pflash_alpha=0.120
[gemma4_loader] bos_id=2 eos_id=106 eos_chat_id=107
[gemma4_loader] capture_layer_ids: 1 6 11 17 22 27
[target] loaded 30 layers, n_embd=2816, vocab=262144  (2205.3 ms)
[mtp_loader] loaded: n_embd_backbone=2816 n_mtp_layers=4 attention_k_eq_v=1 n_centroids=2048 use_ordered_embeddings=0 requires_target_arch=gemma4 tensors=49 GPU 295.34 MiB
[mtp_loader]   layer[0]: is_swa=1 donor_target_layer=59
[mtp_loader]   layer[1]: is_swa=1 donor_target_layer=59
[mtp_loader]   layer[2]: is_swa=1 donor_target_layer=59
[mtp_loader]   layer[3]: is_swa=0 donor_target_layer=58
[mtp] loaded n_layers=4 n_embd=1024 n_embd_backbone=2816  (95.6 ms)
[cache] created max_ctx=1024, kv_layers=30  (11.1 ms)
[mtp] mtp_last_full_layer=29
[mtp-fa-types] layer 0: Qfa=f32 Kfa=q8_0 Vfa=q8_0 head_dim_fa=256 kv_is_tq3=0 need_mask=0
[mtp-fa-types] layer 1: Qfa=f32 Kfa=q8_0 Vfa=q8_0 head_dim_fa=256 kv_is_tq3=0 need_mask=0
[mtp-fa-types] layer 2: Qfa=f32 Kfa=q8_0 Vfa=q8_0 head_dim_fa=256 kv_is_tq3=0 need_mask=0
[mtp-fa-types] layer 3: Qfa=f32 Kfa=q8_0 Vfa=q8_0 head_dim_fa=512 kv_is_tq3=0 need_mask=1
[mtp] step graph built ok
[tokens] using 40 pre-tokenised IDs from --tokens
[tokens] prepended BOS token 2
[prefill] 41 tokens ...
[prefill] 41 tokens in 130.2 ms (314.9 tok/s) [chunked+pflash, chunk_size=41]  (last sampled token: 7243)
108 1018 [mtp-gt1] chain k=1 accepted=1 bonus=1018 total_acc=1 pos_mode=const
ggml_backend_cuda_graph_compute: CUDA graph warmup complete
818 [mtp-gt1] chain k=2 accepted=0 bonus=818 total_acc=1 pos_mode=const
ggml_backend_cuda_graph_compute: CUDA graph warmup reset
ggml_backend_cuda_graph_compute: CUDA graph warmup complete
32062 [mtp-gt1] chain k=3 accepted=0 bonus=32062 total_acc=1 pos_mode=const
ggml_backend_cuda_graph_compute: CUDA graph warmup complete
2138 134580 [mtp-gt1] chain k=4 accepted=1 bonus=134580 total_acc=2 pos_mode=const
ggml_backend_cuda_graph_compute: CUDA graph warmup reset
ggml_backend_cuda_graph_compute: CUDA graph warmup complete
236772 1659 [mtp-gt1] chain k=5 accepted=1 bonus=1659 total_acc=3 pos_mode=const
ggml_backend_cuda_graph_compute: CUDA graph warmup reset
ggml_backend_cuda_graph_compute: CUDA graph warmup complete
11513 236772 [mtp-gt1] chain k=6 accepted=1 bonus=236772 total_acc=4 pos_mode=const
ggml_backend_cuda_graph_compute: CUDA graph warmup reset
ggml_backend_cuda_graph_compute: CUDA graph warmup complete
10011 [mtp-gt1] chain k=7 accepted=0 bonus=10011 total_acc=4 pos_mode=const
ggml_backend_cuda_graph_compute: CUDA graph warmup reset
ggml_backend_cuda_graph_compute: CUDA graph warmup complete
236772 236832 1018 108 1018 [mtp-gt1] chain k=8 accepted=4 bonus=1018 total_acc=8 pos_mode=const
ggml_backend_cuda_graph_compute: CUDA graph warmup reset
ggml_backend_cuda_graph_compute: CUDA graph warmup complete
90071 53121 107 902 [mtp-gt1] chain k=9 accepted=3 bonus=902 total_acc=11 pos_mode=const
ggml_backend_cuda_graph_compute: CUDA graph warmup reset
ggml_backend_cuda_graph_compute: CUDA graph warmup complete
506 1852 [mtp-gt1] chain k=10 accepted=1 bonus=1852 total_acc=12 pos_mode=const
ggml_backend_cuda_graph_compute: CUDA graph warmup reset
ggml_backend_cuda_graph_compute: CUDA graph warmup complete
236772 [mtp-gt1] chain k=11 accepted=0 bonus=236772 total_acc=12 pos_mode=const
ggml_backend_cuda_graph_compute: CUDA graph warmup reset
ggml_backend_cuda_graph_compute: CUDA graph warmup complete
25089 [mtp-gt1] chain k=12 accepted=0 bonus=25089 total_acc=12 pos_mode=const
ggml_backend_cuda_graph_compute: CUDA graph warmup reset
ggml_backend_cuda_graph_compute: CUDA graph warmup complete
236772 [mtp-gt1] chain k=13 accepted=0 bonus=236772 total_acc=12 pos_mode=const
ggml_backend_cuda_graph_compute: CUDA graph warmup complete
495 [mtp-gt1] chain k=14 accepted=0 bonus=495 total_acc=12 pos_mode=const
ggml_backend_cuda_graph_compute: CUDA graph warmup reset
ggml_backend_cuda_graph_compute: CUDA graph warmup complete
236772 25089 [mtp-gt1] chain k=15 accepted=1 bonus=25089 total_acc=13 pos_mode=const
ggml_backend_cuda_graph_compute: CUDA graph warmup reset
ggml_backend_cuda_graph_compute: CUDA graph warmup complete
236772 495 236772 25089 236772 [mtp-gt1] chain k=16 accepted=4 bonus=236772 total_acc=17 pos_mode=const
ggml_backend_cuda_graph_compute: CUDA graph warmup reset
ggml_backend_cuda_graph_compute: CUDA graph warmup complete
495 236772 25089 236772 495 [mtp-gt1] chain k=17 accepted=4 bonus=495 total_acc=21 pos_mode=const
ggml_backend_cuda_graph_compute: CUDA graph warmup reset
ggml_backend_cuda_graph_compute: CUDA graph warmup complete
236772 715 [mtp-gt1] chain k=18 accepted=1 bonus=715 total_acc=22 pos_mode=const
ggml_backend_cuda_graph_compute: CUDA graph warmup reset
ggml_backend_cuda_graph_compute: CUDA graph warmup complete
236772 25089 236772 495 236772 [mtp-gt1] chain k=19 accepted=4 bonus=236772 total_acc=26 pos_mode=const
ggml_backend_cuda_graph_compute: CUDA graph warmup reset
ggml_backend_cuda_graph_compute: CUDA graph warmup complete
25089 236772 495 236772 25089 [mtp-gt1] chain k=20 accepted=4 bonus=25089 total_acc=30 pos_mode=const
ggml_backend_cuda_graph_compute: CUDA graph warmup reset
ggml_backend_cuda_graph_compute: CUDA graph warmup complete
236772 495 236772 25089 236772 [mtp-gt1] chain k=21 accepted=4 bonus=236772 total_acc=34 pos_mode=const
ggml_backend_cuda_graph_compute: CUDA graph warmup reset
ggml_backend_cuda_graph_compute: CUDA graph warmup complete
495 236772 25089 236772 495 [mtp-gt1] chain k=22 accepted=4 bonus=495 total_acc=38 pos_mode=const
ggml_backend_cuda_graph_compute: CUDA graph warmup reset
ggml_backend_cuda_graph_compute: CUDA graph warmup complete
236772 25089 236772 495 [mtp-gt1] chain k=23 accepted=4 bonus=236772 total_acc=42 pos_mode=const

[mtp-gt1] chains=23 total_accepted=42 mean_accept=1.83 accept_rate=0.457 gamma=4 pos_mode=const

[stats] generated=64  decode_ms=721.3  tok/s=88.73  first_tok_ms=51.17
[stats] prefill=41 tokens  context_used=106/1024
[mem]  VRAM used=17.55 GB  total=24.00 GB
