[dflash] WARNING: detected CUDA device 0 (NVIDIA GeForce RTX 3090) with 23 GiB VRAM.
[dflash]          Long-context prefill on <=24 GiB cards is significantly
[dflash]          slower with VMM enabled. Consider rebuilding with:
[dflash]              cmake -DGGML_CUDA_NO_VMM=ON ..
ggml_cuda_init: found 1 CUDA devices (Total VRAM: 24575 MiB):
  Device 0: NVIDIA GeForce RTX 3090, compute capability 8.6, VMM: no, VRAM: 24575 MiB
[cache] created max_ctx=8192 (full_attn=8192, swa=2048), kv_layers=30, saved 62.5%
[cache] kv types: SWA=tq3_0, full=tq3_0
[cfg] model=/home/peppi/models/gemma4-26b-a4b-it/gemma-4-26B-A4B-it-UD-Q4_K_M.gguf draft=(none) method=none gpu=0 ctx=8192 n_predict=64 kv_k=tq3_0 kv_v=tq3_0 temp=0.00 top_k=0 top_p=1.00 budget=22 bench=0 fa_window=0 draft_max=0 adaptive=0 draft_kv_cap_override=0 pflash=1 pflash_alpha=0.120
[gemma4_loader] bos_id=2 eos_id=106 eos_chat_id=107
[gemma4_loader] capture_layer_ids: 1 6 11 17 22 27
[target] loaded 30 layers, n_embd=2816, vocab=262144  (2204.7 ms)
[cache] created max_ctx=8192, kv_layers=30  (32.3 ms)
[tokens] using 4096 pre-tokenised IDs from --tokens
[tokens] prepended BOS token 2
[prefill] 4097 tokens ...
[prefill] 4097 tokens in 1697.4 ms (2413.7 tok/s) [chunked+pflash, chunk_size=1024]  (last sampled token: 1595)
[tgt-only-dbg] logits[0..3]: -15.207 -13.762 -6.525 -14.770 max=11.155@236772 next=236772
1595 236772 109612 236772 4250 236772 4250 236772 4250 236772 537 49798 1091 1091 1091 1091 1091 1091 236772 1091 1091 236772 108 1595 236772 4250 236772 4250 236772 537 12427 1091 236772 1852 236772 108 1852 236786 1235 236772 965 1852 236786 537 16771 236764 108 537 499 537 1437 537 1437 537 1437 1091 1091 1091 1091 1091 1091 537 15096 236764 
[stats] generated=64  decode_ms=1546.6  tok/s=41.38  first_tok_ms=22.47
[stats] prefill=4097 tokens  context_used=4161/8192
[mem]  VRAM used=17.73 GB  total=24.00 GB
