[dflash] WARNING: detected CUDA device 0 (NVIDIA GeForce RTX 3090) with 23 GiB VRAM.
[dflash]          Long-context prefill on <=24 GiB cards is significantly
[dflash]          slower with VMM enabled. Consider rebuilding with:
[dflash]              cmake -DGGML_CUDA_NO_VMM=ON ..
ggml_cuda_init: found 1 CUDA devices (Total VRAM: 24575 MiB):
  Device 0: NVIDIA GeForce RTX 3090, compute capability 8.6, VMM: no, VRAM: 24575 MiB
[gemma4 draft GGUF] loaded: n_layer=5 n_head=32 n_kv=8 n_embd=2816 n_ff=5632 head_dim=128 target_hidden=2816  (0.43 GiB on GPU)
[cache] narrow asymmetric: forced Q8_0 on 2 captured full-attn layer(s) (remaining 3 full-attn keep TQ3)
[cache] created max_ctx=32768 (full_attn=32768, swa=2048), kv_layers=30, saved 78.1%
[cache] kv types: SWA=tq3_0, full=tq3_0
[spec] draft KV sliding re-prefill: kept 2092 tokens (positions 10197..12288), dkv_cap=2096
[cfg] model=/home/peppi/models/gemma4-26b-a4b-it/gemma-4-26B-A4B-it-UD-Q4_K_M.gguf draft=/home/peppi/models/gemma4-26b-a4b-dflash/draft-q8_0.gguf method=dflash gpu=0 ctx=32768 n_predict=64 kv_k=tq3_0 kv_v=tq3_0 temp=0.00 top_k=0 top_p=1.00 budget=22 bench=0 fa_window=0 draft_max=4 adaptive=0 draft_kv_cap_override=0 pflash=1 pflash_alpha=0.120
[gemma4_loader] bos_id=2 eos_id=106 eos_chat_id=107
[gemma4_loader] capture_layer_ids: 1 6 11 17 22 27
[target] loaded 30 layers, n_embd=2816, vocab=262144  (2315.3 ms)
[tok_embd] uploaded 748.0 MiB to GPU (q8_0 [2816, 262144])
[draft] loaded n_layer=5 n_head=32 n_embd=2816 n_vocab=262144 target_hidden=2816 block_size=16  (65.7 ms)
[cache] created max_ctx=32768, kv_layers=30  (52.1 ms)
[draft] KV cache allocated: 2096 slots
[tokens] using 12288 pre-tokenised IDs from --tokens
[tokens] prepended BOS token 2
[prefill] 12289 tokens ...
[prefill] 12289 tokens in 5047.5 ms (2434.6 tok/s) [chunked+pflash, chunk_size=1024]  (last sampled token: 532)
[draft] KV prefill done: 2096 positions materialized (skipped 10193 early tokens, cap=2096, target_feat_cap=4096, dkv_pos=2096)
532 [spec] draft KV sliding re-prefill: kept 2092 tokens (positions 10198..12289), dkv_cap=2096
ggml_backend_cuda_graph_compute: CUDA graph warmup complete
[step 1] accept=1/4 avg=1.0 draft_ms=6.03 verify_ms=43.69 kv_ms=0.57 refill_ms=9.85
1852 [spec] draft KV sliding re-prefill: kept 2092 tokens (positions 10199..12290), dkv_cap=2096
[step 2] accept=1/4 avg=1.0 draft_ms=3.93 verify_ms=34.83 kv_ms=0.60 refill_ms=10.20
236772 1437 [spec] draft KV sliding re-prefill: kept 2092 tokens (positions 10201..12292), dkv_cap=2096
[step 3] accept=2/4 avg=1.3 draft_ms=2.44 verify_ms=36.32 kv_ms=0.71 refill_ms=9.96
236772 [spec] draft KV sliding re-prefill: kept 2092 tokens (positions 10202..12293), dkv_cap=2096
[step 4] accept=1/4 avg=1.2 draft_ms=2.45 verify_ms=33.72 kv_ms=0.58 refill_ms=9.95
1788 529 506 ggml_backend_cuda_graph_compute: CUDA graph warmup complete
[spec] draft KV sliding re-prefill: kept 2092 tokens (positions 10205..12296), dkv_cap=2096
[step 5] accept=3/4 avg=1.6 draft_ms=2.45 verify_ms=35.25 kv_ms=0.64 refill_ms=9.95
1852 ggml_backend_cuda_graph_compute: CUDA graph warmup reset
[spec] draft KV sliding re-prefill: kept 2092 tokens (positions 10206..12297), dkv_cap=2096
[step 6] accept=1/4 avg=1.5 draft_ms=2.49 verify_ms=34.02 kv_ms=0.53 refill_ms=11.86
1788 529 [spec] draft KV sliding re-prefill: kept 2092 tokens (positions 10208..12299), dkv_cap=2096
[step 7] accept=2/4 avg=1.6 draft_ms=2.44 verify_ms=34.63 kv_ms=0.62 refill_ms=9.98
1852 1788 [spec] draft KV sliding re-prefill: kept 2092 tokens (positions 10210..12301), dkv_cap=2096
[step 8] accept=2/4 avg=1.6 draft_ms=2.45 verify_ms=37.26 kv_ms=0.95 refill_ms=10.24
236888 [spec] draft KV sliding re-prefill: kept 2092 tokens (positions 10211..12302), dkv_cap=2096
[step 9] accept=1/4 avg=1.6 draft_ms=2.45 verify_ms=33.96 kv_ms=0.50 refill_ms=10.13
8349 [spec] draft KV sliding re-prefill: kept 2092 tokens (positions 10212..12303), dkv_cap=2096
[step 10] accept=1/4 avg=1.5 draft_ms=2.45 verify_ms=33.64 kv_ms=0.55 refill_ms=9.85
531 [spec] draft KV sliding re-prefill: kept 2092 tokens (positions 10213..12304), dkv_cap=2096
[step 11] accept=1/4 avg=1.5 draft_ms=2.44 verify_ms=37.56 kv_ms=0.53 refill_ms=10.09
1852 ggml_backend_cuda_graph_compute: CUDA graph warmup complete
[spec] draft KV sliding re-prefill: kept 2092 tokens (positions 10214..12305), dkv_cap=2096
[step 12] accept=1/4 avg=1.4 draft_ms=2.45 verify_ms=35.17 kv_ms=0.56 refill_ms=10.04
1788 ggml_backend_cuda_graph_compute: CUDA graph warmup complete
ggml_backend_cuda_graph_compute: CUDA graph warmup reset
[spec] draft KV sliding re-prefill: kept 2092 tokens (positions 10215..12306), dkv_cap=2096
[step 13] accept=1/4 avg=1.4 draft_ms=2.44 verify_ms=33.31 kv_ms=0.48 refill_ms=9.89
1852 ggml_backend_cuda_graph_compute: CUDA graph warmup reset
ggml_backend_cuda_graph_compute: CUDA graph warmup complete
[spec] draft KV sliding re-prefill: kept 2092 tokens (positions 10216..12307), dkv_cap=2096
[step 14] accept=1/4 avg=1.4 draft_ms=2.44 verify_ms=34.24 kv_ms=0.52 refill_ms=9.70
1788 ggml_backend_cuda_graph_compute: CUDA graph warmup complete
[spec] draft KV sliding re-prefill: kept 2092 tokens (positions 10217..12308), dkv_cap=2096
[step 15] accept=1/4 avg=1.3 draft_ms=2.45 verify_ms=35.02 kv_ms=0.44 refill_ms=9.79
1852 1788 ggml_backend_cuda_graph_compute: CUDA graph warmup reset
[spec] draft KV sliding re-prefill: kept 2092 tokens (positions 10219..12310), dkv_cap=2096
[step 16] accept=2/4 avg=1.4 draft_ms=2.44 verify_ms=34.14 kv_ms=0.57 refill_ms=9.74
1852 [spec] draft KV sliding re-prefill: kept 2092 tokens (positions 10220..12311), dkv_cap=2096
[step 17] accept=1/4 avg=1.4 draft_ms=2.43 verify_ms=34.00 kv_ms=0.61 refill_ms=9.64
1852 ggml_backend_cuda_graph_compute: CUDA graph warmup complete
[spec] draft KV sliding re-prefill: kept 2092 tokens (positions 10221..12312), dkv_cap=2096
[step 18] accept=1/4 avg=1.3 draft_ms=2.44 verify_ms=34.34 kv_ms=0.44 refill_ms=9.71
1788 236888 ggml_backend_cuda_graph_compute: CUDA graph warmup reset
[spec] draft KV sliding re-prefill: kept 2092 tokens (positions 10223..12314), dkv_cap=2096
[step 19] accept=2/4 avg=1.4 draft_ms=2.44 verify_ms=35.99 kv_ms=0.50 refill_ms=9.72
8349 [spec] draft KV sliding re-prefill: kept 2092 tokens (positions 10224..12315), dkv_cap=2096
[step 20] accept=1/4 avg=1.4 draft_ms=2.44 verify_ms=33.90 kv_ms=0.51 refill_ms=9.66
496 ggml_backend_cuda_graph_compute: CUDA graph warmup complete
[spec] draft KV sliding re-prefill: kept 2092 tokens (positions 10225..12316), dkv_cap=2096
[step 21] accept=1/4 avg=1.3 draft_ms=2.44 verify_ms=35.45 kv_ms=0.51 refill_ms=9.64
2268 [spec] draft KV sliding re-prefill: kept 2092 tokens (positions 10226..12317), dkv_cap=2096
[step 22] accept=1/4 avg=1.3 draft_ms=2.45 verify_ms=36.26 kv_ms=0.40 refill_ms=10.26
531 [spec] draft KV sliding re-prefill: kept 2092 tokens (positions 10227..12318), dkv_cap=2096
[step 23] accept=1/4 avg=1.3 draft_ms=2.44 verify_ms=34.95 kv_ms=0.42 refill_ms=9.73
506 [spec] draft KV sliding re-prefill: kept 2092 tokens (positions 10228..12319), dkv_cap=2096
[step 24] accept=1/4 avg=1.3 draft_ms=2.44 verify_ms=35.43 kv_ms=0.48 refill_ms=9.82
1852 [spec] draft KV sliding re-prefill: kept 2092 tokens (positions 10229..12320), dkv_cap=2096
[step 25] accept=1/4 avg=1.3 draft_ms=2.44 verify_ms=35.98 kv_ms=0.36 refill_ms=9.69
1788 [spec] draft KV sliding re-prefill: kept 2092 tokens (positions 10230..12321), dkv_cap=2096
[step 26] accept=1/4 avg=1.3 draft_ms=2.44 verify_ms=35.27 kv_ms=0.42 refill_ms=9.82
529 [spec] draft KV sliding re-prefill: kept 2092 tokens (positions 10231..12322), dkv_cap=2096
[step 27] accept=1/4 avg=1.3 draft_ms=2.45 verify_ms=34.20 kv_ms=0.35 refill_ms=10.02
1041 [spec] draft KV sliding re-prefill: kept 2092 tokens (positions 10232..12323), dkv_cap=2096
[step 28] accept=1/4 avg=1.2 draft_ms=2.46 verify_ms=37.90 kv_ms=0.43 refill_ms=9.58
1331 [spec] draft KV sliding re-prefill: kept 2092 tokens (positions 10233..12324), dkv_cap=2096
[step 29] accept=1/4 avg=1.2 draft_ms=2.45 verify_ms=37.14 kv_ms=0.39 refill_ms=9.75
236764 8349 ggml_backend_cuda_graph_compute: CUDA graph warmup reset
[spec] draft KV sliding re-prefill: kept 2092 tokens (positions 10235..12326), dkv_cap=2096
[step 30] accept=2/4 avg=1.3 draft_ms=2.44 verify_ms=34.34 kv_ms=0.59 refill_ms=9.64
1041 [spec] draft KV sliding re-prefill: kept 2092 tokens (positions 10236..12327), dkv_cap=2096
[step 31] accept=1/4 avg=1.3 draft_ms=2.43 verify_ms=35.10 kv_ms=0.55 refill_ms=9.65
1852 ggml_backend_cuda_graph_compute: CUDA graph warmup complete
[spec] draft KV sliding re-prefill: kept 2092 tokens (positions 10237..12328), dkv_cap=2096
[step 32] accept=1/4 avg=1.2 draft_ms=2.48 verify_ms=35.87 kv_ms=0.44 refill_ms=9.68
1788 [spec] draft KV sliding re-prefill: kept 2092 tokens (positions 10238..12329), dkv_cap=2096
[step 33] accept=1/4 avg=1.2 draft_ms=2.43 verify_ms=35.15 kv_ms=0.36 refill_ms=9.69
1852 [spec] draft KV sliding re-prefill: kept 2092 tokens (positions 10239..12330), dkv_cap=2096
[step 34] accept=1/4 avg=1.2 draft_ms=2.46 verify_ms=35.48 kv_ms=0.45 refill_ms=9.64
236789 1788 ggml_backend_cuda_graph_compute: CUDA graph warmup reset
[spec] draft KV sliding re-prefill: kept 2092 tokens (positions 10241..12332), dkv_cap=2096
[step 35] accept=2/4 avg=1.3 draft_ms=2.46 verify_ms=34.67 kv_ms=0.55 refill_ms=9.69
529 [spec] draft KV sliding re-prefill: kept 2092 tokens (positions 10242..12333), dkv_cap=2096
[step 36] accept=1/4 avg=1.2 draft_ms=2.44 verify_ms=35.05 kv_ms=0.52 refill_ms=9.78
1041 1852 1788 [spec] draft KV sliding re-prefill: kept 2092 tokens (positions 10245..12336), dkv_cap=2096
[step 37] accept=3/4 avg=1.3 draft_ms=2.44 verify_ms=36.14 kv_ms=0.72 refill_ms=9.60
1041 1852 1788 ggml_backend_cuda_graph_compute: CUDA graph warmup complete
[spec] draft KV sliding re-prefill: kept 2092 tokens (positions 10248..12339), dkv_cap=2096
[step 38] accept=3/4 avg=1.3 draft_ms=2.44 verify_ms=38.11 kv_ms=0.57 refill_ms=9.74
1041 1852 1788 [spec] draft KV sliding re-prefill: kept 2092 tokens (positions 10251..12342), dkv_cap=2096
[step 39] accept=3/4 avg=1.4 draft_ms=2.44 verify_ms=35.15 kv_ms=0.38 refill_ms=10.54
1041 1852 1788 236888 ggml_backend_cuda_graph_compute: CUDA graph warmup reset
[spec] draft KV sliding re-prefill: kept 2092 tokens (positions 10255..12346), dkv_cap=2096
[step 40] accept=4/4 avg=1.4 draft_ms=2.48 verify_ms=36.40 kv_ms=0.69 refill_ms=9.90
8349 496 [spec] draft KV sliding re-prefill: kept 2092 tokens (positions 10257..12348), dkv_cap=2096
[step 41] accept=2/4 avg=1.5 draft_ms=2.47 verify_ms=35.26 kv_ms=0.52 refill_ms=9.87
569 [spec] draft KV sliding re-prefill: kept 2092 tokens (positions 10258..12349), dkv_cap=2096
[step 42] accept=1/4 avg=1.5 draft_ms=2.45 verify_ms=34.28 kv_ms=0.50 refill_ms=10.05
537 ggml_backend_cuda_graph_compute: CUDA graph warmup complete
[spec] draft KV sliding re-prefill: kept 2092 tokens (positions 10259..12350), dkv_cap=2096
[step 43] accept=1/4 avg=1.4 draft_ms=2.44 verify_ms=35.90 kv_ms=0.48 refill_ms=9.75
236789 [spec] draft KV sliding re-prefill: kept 2092 tokens (positions 10260..12351), dkv_cap=2096
[step 44] accept=1/4 avg=1.4 draft_ms=2.44 verify_ms=35.07 kv_ms=0.39 refill_ms=9.75
62587 [step 45] accept=1/4 avg=1.4 draft_ms=2.47 verify_ms=34.03 kv_ms=0.37 refill_ms=9.79

[stats] generated=64  decode_ms=2362.1  tok/s=27.09  first_tok_ms=73.46
[stats] prefill=12289 tokens  context_used=12353/32768
[spec] draft_steps=45 total_accepted=64 avg_accept=1.42
[mem]  VRAM used=19.40 GB  total=24.00 GB
