[dflash] WARNING: detected CUDA device 0 (NVIDIA GeForce RTX 3090) with 23 GiB VRAM.
[dflash]          Long-context prefill on <=24 GiB cards is significantly
[dflash]          slower with VMM enabled. Consider rebuilding with:
[dflash]              cmake -DGGML_CUDA_NO_VMM=ON ..
ggml_cuda_init: found 1 CUDA devices (Total VRAM: 24575 MiB):
  Device 0: NVIDIA GeForce RTX 3090, compute capability 8.6, VMM: no, VRAM: 24575 MiB
[gemma4 draft GGUF] loaded: n_layer=5 n_head=32 n_kv=8 n_embd=2816 n_ff=5632 head_dim=128 target_hidden=2816  (0.43 GiB on GPU)
[cache] narrow asymmetric: forced Q8_0 on 2 captured full-attn layer(s) (remaining 3 full-attn keep TQ3)
[cache] created max_ctx=1024 (full_attn=1024, swa=1024), kv_layers=30, saved 0.0%
[cache] kv types: SWA=tq3_0, full=tq3_0
[cfg] model=/home/peppi/models/gemma4-26b-a4b-it/gemma-4-26B-A4B-it-UD-Q4_K_M.gguf draft=/home/peppi/models/gemma4-26b-a4b-dflash/draft-q8_0.gguf method=dflash gpu=0 ctx=1024 n_predict=64 kv_k=tq3_0 kv_v=tq3_0 temp=0.00 top_k=0 top_p=1.00 budget=22 bench=0 fa_window=0 draft_max=4 adaptive=0 draft_kv_cap_override=0 pflash=1 pflash_alpha=0.120
[gemma4_loader] bos_id=2 eos_id=106 eos_chat_id=107
[gemma4_loader] capture_layer_ids: 1 6 11 17 22 27
[target] loaded 30 layers, n_embd=2816, vocab=262144  (2271.3 ms)
[tok_embd] uploaded 748.0 MiB to GPU (q8_0 [2816, 262144])
[draft] loaded n_layer=5 n_head=32 n_embd=2816 n_vocab=262144 target_hidden=2816 block_size=16  (70.0 ms)
[cache] created max_ctx=1024, kv_layers=30  (12.7 ms)
[draft] KV cache allocated: 2096 slots
[tokens] using 40 pre-tokenised IDs from --tokens
[tokens] prepended BOS token 2
[prefill] 41 tokens ...
[prefill] 41 tokens in 128.0 ms (320.2 tok/s) [chunked+pflash, chunk_size=41]  (last sampled token: 100)
[draft] KV prefill done: 41 positions materialized (skipped 0 early tokens, cap=2096, target_feat_cap=1024, dkv_pos=41)
100 45518 107 [step 1] accept=3/4 avg=3.0 draft_ms=3.73 verify_ms=30.80 kv_ms=0.81 refill_ms=0.00
101 10011 236743 [step 2] accept=3/4 avg=3.0 draft_ms=2.17 verify_ms=26.55 kv_ms=0.54 refill_ms=0.00
236832 [step 3] accept=1/4 avg=2.3 draft_ms=2.14 verify_ms=27.53 kv_ms=0.48 refill_ms=0.00
236772 [step 4] accept=1/4 avg=2.0 draft_ms=2.09 verify_ms=25.54 kv_ms=0.55 refill_ms=0.00
236799 691 496 [step 5] accept=3/4 avg=2.2 draft_ms=2.13 verify_ms=25.98 kv_ms=0.59 refill_ms=0.00
9626 189221 [step 6] accept=2/4 avg=2.2 draft_ms=2.41 verify_ms=27.24 kv_ms=0.70 refill_ms=0.00
5402 573 [step 7] accept=2/4 avg=2.1 draft_ms=2.14 verify_ms=26.09 kv_ms=0.61 refill_ms=0.00
13718 [step 8] accept=1/4 avg=2.0 draft_ms=2.40 verify_ms=26.37 kv_ms=0.58 refill_ms=0.00
27627 [step 9] accept=1/4 avg=1.9 draft_ms=2.12 verify_ms=26.89 kv_ms=0.70 refill_ms=0.00
236764 [step 10] accept=1/4 avg=1.8 draft_ms=2.15 verify_ms=26.10 kv_ms=0.54 refill_ms=0.00
711 [step 11] accept=1/4 avg=1.7 draft_ms=2.14 verify_ms=25.92 kv_ms=0.68 refill_ms=0.00
57878 236761 [step 12] accept=2/4 avg=1.8 draft_ms=2.11 verify_ms=26.11 kv_ms=0.57 refill_ms=0.00
9567 [step 13] accept=1/4 avg=1.7 draft_ms=2.10 verify_ms=26.38 kv_ms=0.52 refill_ms=0.00
10664 691 [step 14] accept=2/4 avg=1.7 draft_ms=2.07 verify_ms=25.22 kv_ms=0.49 refill_ms=0.00
5221 684 [step 15] accept=2/4 avg=1.7 draft_ms=2.06 verify_ms=26.59 kv_ms=0.60 refill_ms=0.00
13179 236764 [step 16] accept=2/4 avg=1.8 draft_ms=2.07 verify_ms=25.44 kv_ms=0.55 refill_ms=0.00
8103 236764 532 506 [step 17] accept=4/4 avg=1.9 draft_ms=2.17 verify_ms=25.18 kv_ms=0.49 refill_ms=0.00
7445 [step 18] accept=1/4 avg=1.8 draft_ms=2.14 verify_ms=25.06 kv_ms=0.51 refill_ms=0.00
18271 529 [step 19] accept=2/4 avg=1.8 draft_ms=2.09 verify_ms=26.15 kv_ms=0.50 refill_ms=0.00
506 [step 20] accept=1/4 avg=1.8 draft_ms=2.16 verify_ms=25.10 kv_ms=0.48 refill_ms=0.00
63829 [step 21] accept=1/4 avg=1.8 draft_ms=2.22 verify_ms=26.90 kv_ms=0.66 refill_ms=0.00
34662 [step 22] accept=1/4 avg=1.7 draft_ms=2.14 verify_ms=25.30 kv_ms=0.55 refill_ms=0.00
236858 236751 [step 23] accept=2/4 avg=1.7 draft_ms=2.12 verify_ms=26.37 kv_ms=0.64 refill_ms=0.00
91185 [step 24] accept=1/4 avg=1.7 draft_ms=3.23 verify_ms=25.69 kv_ms=0.82 refill_ms=0.00
96212 236761 108 [step 25] accept=3/4 avg=1.8 draft_ms=2.25 verify_ms=26.21 kv_ms=0.50 refill_ms=0.00
4906 [step 26] accept=1/4 avg=1.7 draft_ms=2.05 verify_ms=26.33 kv_ms=0.51 refill_ms=0.00
12399 236764 1651 [step 27] accept=3/4 avg=1.8 draft_ms=2.13 verify_ms=26.71 kv_ms=0.93 refill_ms=0.00
12325 496 [step 28] accept=2/4 avg=1.8 draft_ms=2.19 verify_ms=27.55 kv_ms=0.83 refill_ms=0.00
35149 [step 29] accept=1/4 avg=1.8 draft_ms=2.07 verify_ms=25.76 kv_ms=0.52 refill_ms=0.00
22777 236764 [step 30] accept=2/4 avg=1.8 draft_ms=2.26 verify_ms=25.72 kv_ms=0.48 refill_ms=0.00
236743 236832 236772 236799 [step 31] accept=4/4 avg=1.8 draft_ms=2.83 verify_ms=27.01 kv_ms=0.75 refill_ms=0.00
1765 496 54068 [step 32] accept=3/4 avg=1.9 draft_ms=2.40 verify_ms=32.66 kv_ms=0.53 refill_ms=0.00
127302 529 [step 33] accept=2/4 avg=1.9 draft_ms=2.09 verify_ms=26.90 kv_ms=0.50 refill_ms=0.00
38161 [step 34] accept=1/4 avg=1.9 draft_ms=2.04 verify_ms=26.68 kv_ms=0.60 refill_ms=0.00
237028 [step 35] accept=2/4 avg=1.8 draft_ms=2.20 verify_ms=25.63 kv_ms=0.63 refill_ms=0.00

[stats] generated=64  decode_ms=1171.6  tok/s=54.63  first_tok_ms=47.11
[stats] prefill=41 tokens  context_used=105/1024
[spec] draft_steps=35 total_accepted=64 avg_accept=1.83
[mem]  VRAM used=18.70 GB  total=24.00 GB
