[dflash] WARNING: detected CUDA device 0 (NVIDIA GeForce RTX 3090) with 23 GiB VRAM.
[dflash]          Long-context prefill on <=24 GiB cards is significantly
[dflash]          slower with VMM enabled. Consider rebuilding with:
[dflash]              cmake -DGGML_CUDA_NO_VMM=ON ..
ggml_cuda_init: found 1 CUDA devices (Total VRAM: 24575 MiB):
  Device 0: NVIDIA GeForce RTX 3090, compute capability 8.6, VMM: no, VRAM: 24575 MiB
[cache] created max_ctx=16384 (full_attn=16384, swa=2048), kv_layers=30, saved 72.9%
[cache] kv types: SWA=tq3_0, full=tq3_0
[cfg] model=/home/peppi/models/gemma4-26b-a4b-it/gemma-4-26B-A4B-it-UD-Q4_K_M.gguf draft=(none) method=none gpu=0 ctx=16384 n_predict=64 kv_k=tq3_0 kv_v=tq3_0 temp=0.00 top_k=0 top_p=1.00 budget=22 bench=0 fa_window=0 draft_max=0 adaptive=0 draft_kv_cap_override=0 pflash=1 pflash_alpha=0.120
[gemma4_loader] bos_id=2 eos_id=106 eos_chat_id=107
[gemma4_loader] capture_layer_ids: 1 6 11 17 22 27
[target] loaded 30 layers, n_embd=2816, vocab=262144  (2224.8 ms)
[cache] created max_ctx=16384, kv_layers=30  (35.0 ms)
[tokens] using 8192 pre-tokenised IDs from --tokens
[tokens] prepended BOS token 2
[prefill] 8193 tokens ...
[prefill] 8193 tokens in 3359.2 ms (2439.0 tok/s) [chunked+pflash, chunk_size=1024]  (last sampled token: 236772)
[tgt-only-dbg] logits[0..3]: -21.550 -18.956 -13.913 -21.480 max=-3.298@1340 next=1340
236772 1340 236772 138444 236786 236751 236786 532 1852 1426 1852 506 1360 236786 965 965 965 965 965 965 1852 506 1360 236786 41523 236772 1340 236772 138444 236786 1852 506 1852 506 1360 965 41523 236772 1340 236772 138444 236786 532 1852 1852 506 506 506 506 1852 506 506 506 506 1852 1852 1852 1852 506 1360 1360 1360 1360 1852 
[stats] generated=64  decode_ms=1703.4  tok/s=37.57  first_tok_ms=25.95
[stats] prefill=8193 tokens  context_used=8257/16384
[mem]  VRAM used=17.77 GB  total=24.00 GB
