[dflash] WARNING: detected CUDA device 0 (NVIDIA GeForce RTX 3090) with 23 GiB VRAM.
[dflash]          Long-context prefill on <=24 GiB cards is significantly
[dflash]          slower with VMM enabled. Consider rebuilding with:
[dflash]              cmake -DGGML_CUDA_NO_VMM=ON ..
ggml_cuda_init: found 1 CUDA devices (Total VRAM: 24575 MiB):
  Device 0: NVIDIA GeForce RTX 3090, compute capability 8.6, VMM: no, VRAM: 24575 MiB
[gemma4 draft GGUF] loaded: n_layer=5 n_head=32 n_kv=8 n_embd=2816 n_ff=5632 head_dim=128 target_hidden=2816  (0.43 GiB on GPU)
[cache] narrow asymmetric: forced Q8_0 on 2 captured full-attn layer(s) (remaining 3 full-attn keep TQ3)
[cache] created max_ctx=1048576 (full_attn=1048576, swa=2048), kv_layers=30, saved 83.2%
[cache] kv types: SWA=tq3_0, full=tq3_0
[spec] draft KV sliding re-prefill: kept 2092 tokens (positions 47812..49903), dkv_cap=2096
[cfg] model=/home/peppi/models/gemma4-26b-a4b-it/gemma-4-26B-A4B-it-UD-Q4_K_M.gguf draft=/home/peppi/models/gemma4-26b-a4b-dflash/draft-q8_0.gguf method=dflash gpu=0 ctx=1048576 n_predict=64 kv_k=tq3_0 kv_v=tq3_0 temp=0.00 top_k=0 top_p=1.00 budget=22 bench=0 fa_window=0 draft_max=4 adaptive=0 draft_kv_cap_override=0 pflash=1 pflash_alpha=0.120
[gemma4_loader] bos_id=2 eos_id=106 eos_chat_id=107
[gemma4_loader] capture_layer_ids: 1 6 11 17 22 27
[target] loaded 30 layers, n_embd=2816, vocab=262144  (2346.8 ms)
[tok_embd] uploaded 748.0 MiB to GPU (q8_0 [2816, 262144])
[draft] loaded n_layer=5 n_head=32 n_embd=2816 n_vocab=262144 target_hidden=2816 block_size=16  (67.3 ms)
[cache] created max_ctx=1048576, kv_layers=30  (1094.4 ms)
[draft] KV cache allocated: 2096 slots
[tokens] using 49903 pre-tokenised IDs from --tokens
[tokens] prepended BOS token 2
[prefill] 49904 tokens ...
[prefill] 49904 tokens in 430113.3 ms (116.0 tok/s) [chunked+pflash, chunk_size=1024]  (last sampled token: 0)
[draft] KV prefill done: 2096 positions materialized (skipped 47808 early tokens, cap=2096, target_feat_cap=4096, dkv_pos=2096)
0 0 0 0 [spec] draft KV sliding re-prefill: kept 2092 tokens (positions 47816..49907), dkv_cap=2096
ggml_backend_cuda_graph_compute: CUDA graph warmup complete
[step 1] accept=4/4 avg=4.0 draft_ms=7.73 verify_ms=839.39 kv_ms=0.80 refill_ms=13.25
0 0 0 0 [spec] draft KV sliding re-prefill: kept 2092 tokens (positions 47820..49911), dkv_cap=2096
[step 2] accept=4/4 avg=4.0 draft_ms=6.05 verify_ms=897.88 kv_ms=0.61 refill_ms=13.65
0 0 0 0 [spec] draft KV sliding re-prefill: kept 2092 tokens (positions 47824..49915), dkv_cap=2096
[step 3] accept=4/4 avg=4.0 draft_ms=4.96 verify_ms=854.75 kv_ms=0.60 refill_ms=13.69
0 0 0 0 [spec] draft KV sliding re-prefill: kept 2092 tokens (positions 47828..49919), dkv_cap=2096
[step 4] accept=4/4 avg=4.0 draft_ms=4.60 verify_ms=842.67 kv_ms=0.73 refill_ms=13.43
0 0 0 0 ggml_backend_cuda_graph_compute: CUDA graph warmup complete
ggml_backend_cuda_graph_compute: CUDA graph warmup complete
[spec] draft KV sliding re-prefill: kept 2092 tokens (positions 47832..49923), dkv_cap=2096
[step 5] accept=4/4 avg=4.0 draft_ms=4.63 verify_ms=843.45 kv_ms=0.58 refill_ms=13.39
0 0 0 0 [spec] draft KV sliding re-prefill: kept 2092 tokens (positions 47836..49927), dkv_cap=2096
[step 6] accept=4/4 avg=4.0 draft_ms=4.63 verify_ms=845.14 kv_ms=0.98 refill_ms=13.33
0 0 0 0 [spec] draft KV sliding re-prefill: kept 2092 tokens (positions 47840..49931), dkv_cap=2096
[step 7] accept=4/4 avg=4.0 draft_ms=4.63 verify_ms=842.08 kv_ms=0.39 refill_ms=13.85
0 0 0 0 [spec] draft KV sliding re-prefill: kept 2092 tokens (positions 47844..49935), dkv_cap=2096
[step 8] accept=4/4 avg=4.0 draft_ms=4.59 verify_ms=843.73 kv_ms=0.53 refill_ms=13.28
0 0 0 0 ggml_backend_cuda_graph_compute: CUDA graph warmup reset
[spec] draft KV sliding re-prefill: kept 2092 tokens (positions 47848..49939), dkv_cap=2096
[step 9] accept=4/4 avg=4.0 draft_ms=4.60 verify_ms=887.88 kv_ms=0.41 refill_ms=13.24
0 0 0 0 ggml_backend_cuda_graph_compute: CUDA graph warmup reset
ggml_backend_cuda_graph_compute: CUDA graph warmup complete
[spec] draft KV sliding re-prefill: kept 2092 tokens (positions 47852..49943), dkv_cap=2096
[step 10] accept=4/4 avg=4.0 draft_ms=4.60 verify_ms=876.75 kv_ms=0.75 refill_ms=13.59
0 0 0 0 ggml_backend_cuda_graph_compute: CUDA graph warmup complete
[spec] draft KV sliding re-prefill: kept 2092 tokens (positions 47856..49947), dkv_cap=2096
[step 11] accept=4/4 avg=4.0 draft_ms=4.55 verify_ms=833.89 kv_ms=0.56 refill_ms=13.27
0 0 0 0 [spec] draft KV sliding re-prefill: kept 2092 tokens (positions 47860..49951), dkv_cap=2096
[step 12] accept=4/4 avg=4.0 draft_ms=4.55 verify_ms=829.91 kv_ms=0.39 refill_ms=13.42
0 0 0 0 [spec] draft KV sliding re-prefill: kept 2092 tokens (positions 47864..49955), dkv_cap=2096
[step 13] accept=4/4 avg=4.0 draft_ms=4.55 verify_ms=832.24 kv_ms=0.44 refill_ms=13.16
0 0 0 0 [spec] draft KV sliding re-prefill: kept 2092 tokens (positions 47868..49959), dkv_cap=2096
[step 14] accept=4/4 avg=4.0 draft_ms=4.58 verify_ms=836.87 kv_ms=0.39 refill_ms=13.18
0 0 0 0 [spec] draft KV sliding re-prefill: kept 2092 tokens (positions 47872..49963), dkv_cap=2096
[step 15] accept=4/4 avg=4.0 draft_ms=4.55 verify_ms=833.15 kv_ms=0.38 refill_ms=13.13
0 0 0 0 [step 16] accept=4/4 avg=4.0 draft_ms=4.54 verify_ms=866.65 kv_ms=0.39 refill_ms=13.17

[stats] generated=64  decode_ms=13985.3  tok/s=4.58  first_tok_ms=872.68
[stats] prefill=49904 tokens  context_used=49968/1048576
[spec] draft_steps=16 total_accepted=64 avg_accept=4.00
[mem]  VRAM used=24.00 GB  total=24.00 GB
