[dflash] WARNING: detected CUDA device 0 (NVIDIA GeForce RTX 3090) with 23 GiB VRAM.
[dflash]          Long-context prefill on <=24 GiB cards is significantly
[dflash]          slower with VMM enabled. Consider rebuilding with:
[dflash]              cmake -DGGML_CUDA_NO_VMM=ON ..
ggml_cuda_init: found 1 CUDA devices (Total VRAM: 24575 MiB):
  Device 0: NVIDIA GeForce RTX 3090, compute capability 8.6, VMM: no, VRAM: 24575 MiB
[cache] MTP donor override: forced Q8_0 on 2 layer(s) to avoid TQ3/FWHT cross-attn mismatch
[cache] created max_ctx=32768 (full_attn=32768, swa=2048), kv_layers=30, saved 78.1%
[cache] kv types: SWA=tq3_0, full=tq3_0
ggml_backend_cuda_graph_compute: CUDA graph warmup complete
[cfg] model=/home/peppi/models/gemma4-26b-a4b-it/gemma-4-26B-A4B-it-UD-Q4_K_M.gguf draft=(none) method=mtp gpu=0 ctx=32768 n_predict=64 kv_k=tq3_0 kv_v=tq3_0 temp=0.00 top_k=0 top_p=1.00 budget=22 bench=0 fa_window=0 draft_max=0 adaptive=0 draft_kv_cap_override=0 pflash=1 pflash_alpha=0.120
[gemma4_loader] bos_id=2 eos_id=106 eos_chat_id=107
[gemma4_loader] capture_layer_ids: 1 6 11 17 22 27
[target] loaded 30 layers, n_embd=2816, vocab=262144  (2208.6 ms)
[mtp_loader] loaded: n_embd_backbone=2816 n_mtp_layers=4 attention_k_eq_v=1 n_centroids=2048 use_ordered_embeddings=0 requires_target_arch=gemma4 tensors=49 GPU 295.34 MiB
[mtp_loader]   layer[0]: is_swa=1 donor_target_layer=59
[mtp_loader]   layer[1]: is_swa=1 donor_target_layer=59
[mtp_loader]   layer[2]: is_swa=1 donor_target_layer=59
[mtp_loader]   layer[3]: is_swa=0 donor_target_layer=58
[mtp] loaded n_layers=4 n_embd=1024 n_embd_backbone=2816  (100.7 ms)
[cache] created max_ctx=32768, kv_layers=30  (49.8 ms)
[mtp] mtp_last_full_layer=29
[mtp-fa-types] layer 0: Qfa=f32 Kfa=q8_0 Vfa=q8_0 head_dim_fa=256 kv_is_tq3=0 need_mask=0
[mtp-fa-types] layer 1: Qfa=f32 Kfa=q8_0 Vfa=q8_0 head_dim_fa=256 kv_is_tq3=0 need_mask=0
[mtp-fa-types] layer 2: Qfa=f32 Kfa=q8_0 Vfa=q8_0 head_dim_fa=256 kv_is_tq3=0 need_mask=0
[mtp-fa-types] layer 3: Qfa=f32 Kfa=q8_0 Vfa=q8_0 head_dim_fa=512 kv_is_tq3=0 need_mask=1
[mtp] step graph built ok
[tokens] using 12288 pre-tokenised IDs from --tokens
[tokens] prepended BOS token 2
[prefill] 12289 tokens ...
[prefill] 12289 tokens in 5152.2 ms (2385.2 tok/s) [chunked+pflash, chunk_size=1024]  (last sampled token: 236772)
45518 [mtp-gt1] chain k=1 accepted=0 bonus=45518 total_acc=0 pos_mode=const
ggml_backend_cuda_graph_compute: CUDA graph warmup complete
1933 [mtp-gt1] chain k=2 accepted=0 bonus=1933 total_acc=0 pos_mode=const
ggml_backend_cuda_graph_compute: CUDA graph warmup complete
68184 [mtp-gt1] chain k=3 accepted=0 bonus=68184 total_acc=0 pos_mode=const
ggml_backend_cuda_graph_compute: CUDA graph warmup complete
237159 [mtp-gt1] chain k=4 accepted=0 bonus=237159 total_acc=0 pos_mode=const
ggml_backend_cuda_graph_compute: CUDA graph warmup complete
101223 [mtp-gt1] chain k=5 accepted=0 bonus=101223 total_acc=0 pos_mode=const
ggml_backend_cuda_graph_compute: CUDA graph warmup complete
236786 [mtp-gt1] chain k=6 accepted=0 bonus=236786 total_acc=0 pos_mode=const
ggml_backend_cuda_graph_compute: CUDA graph warmup complete
68184 [mtp-gt1] chain k=7 accepted=0 bonus=68184 total_acc=0 pos_mode=const
ggml_backend_cuda_graph_compute: CUDA graph warmup complete
237159 101223 [mtp-gt1] chain k=8 accepted=1 bonus=101223 total_acc=1 pos_mode=const
ggml_backend_cuda_graph_compute: CUDA graph warmup complete
236786 [mtp-gt1] chain k=9 accepted=0 bonus=236786 total_acc=1 pos_mode=const
ggml_backend_cuda_graph_compute: CUDA graph warmup complete
68184 100 [mtp-gt1] chain k=10 accepted=1 bonus=100 total_acc=2 pos_mode=const
ggml_backend_cuda_graph_compute: CUDA graph warmup complete
108 [mtp-gt1] chain k=11 accepted=0 bonus=108 total_acc=2 pos_mode=const
ggml_backend_cuda_graph_compute: CUDA graph warmup complete
100 [mtp-gt1] chain k=12 accepted=0 bonus=100 total_acc=2 pos_mode=const
ggml_backend_cuda_graph_compute: CUDA graph warmup complete
45518 1852 [mtp-gt1] chain k=13 accepted=1 bonus=1852 total_acc=3 pos_mode=const
ggml_backend_cuda_graph_compute: CUDA graph warmup complete
107 [mtp-gt1] chain k=14 accepted=0 bonus=107 total_acc=3 pos_mode=const
ggml_backend_cuda_graph_compute: CUDA graph warmup complete
100 45518 107 101 [mtp-gt1] chain k=15 accepted=3 bonus=101 total_acc=6 pos_mode=const
ggml_backend_cuda_graph_compute: CUDA graph warmup complete
22515 [mtp-gt1] chain k=16 accepted=0 bonus=22515 total_acc=6 pos_mode=const
ggml_backend_cuda_graph_compute: CUDA graph warmup complete
580 506 1816 [mtp-gt1] chain k=17 accepted=2 bonus=1816 total_acc=8 pos_mode=const
ggml_backend_cuda_graph_compute: CUDA graph warmup complete
3847 236764 [mtp-gt1] chain k=18 accepted=1 bonus=236764 total_acc=9 pos_mode=const
ggml_backend_cuda_graph_compute: CUDA graph warmup complete
1590 563 496 12323 [mtp-gt1] chain k=19 accepted=3 bonus=12323 total_acc=12 pos_mode=const
ggml_backend_cuda_graph_compute: CUDA graph warmup complete
529 506 3262 [mtp-gt1] chain k=20 accepted=2 bonus=3262 total_acc=14 pos_mode=const
ggml_backend_cuda_graph_compute: CUDA graph warmup complete
22888 532 7579 [mtp-gt1] chain k=21 accepted=2 bonus=7579 total_acc=16 pos_mode=const
ggml_backend_cuda_graph_compute: CUDA graph warmup complete
236761 108 10354 5213 [mtp-gt1] chain k=22 accepted=3 bonus=5213 total_acc=19 pos_mode=const
ggml_backend_cuda_graph_compute: CUDA graph warmup complete
38322 137944 [mtp-gt1] chain k=23 accepted=1 bonus=137944 total_acc=20 pos_mode=const
ggml_backend_cuda_graph_compute: CUDA graph warmup complete
1018 108 [mtp-gt1] chain k=24 accepted=1 bonus=108 total_acc=21 pos_mode=const
ggml_backend_cuda_graph_compute: CUDA graph warmup complete
1018 236770 [mtp-gt1] chain k=25 accepted=1 bonus=236770 total_acc=22 pos_mode=const
ggml_backend_cuda_graph_compute: CUDA graph warmup complete
236761 6679 [mtp-gt1] chain k=26 accepted=1 bonus=6679 total_acc=23 pos_mode=const
ggml_backend_cuda_graph_compute: CUDA graph warmup complete
71928 532 [mtp-gt1] chain k=27 accepted=1 bonus=532 total_acc=24 pos_mode=const
ggml_backend_cuda_graph_compute: CUDA graph warmup complete
8779 156506 [mtp-gt1] chain k=28 accepted=1 bonus=156506 total_acc=25 pos_mode=const
ggml_backend_cuda_graph_compute: CUDA graph warmup complete
1018 107 818 1816 [mtp-gt1] chain k=29 accepted=3 bonus=1816 total_acc=28 pos_mode=const
ggml_backend_cuda_graph_compute: CUDA graph warmup complete
563 14208 [mtp-gt1] chain k=30 accepted=1 bonus=14208 total_acc=29 pos_mode=const
ggml_backend_cuda_graph_compute: CUDA graph warmup complete
684 506 [mtp-gt1] chain k=31 accepted=1 bonus=506 total_acc=30 pos_mode=const
ggml_backend_cuda_graph_compute: CUDA graph warmup complete
16625 1534 506 [mtp-gt1] chain k=32 accepted=3 bonus=623 total_acc=33 pos_mode=const

[mtp-gt1] chains=32 total_accepted=33 mean_accept=1.03 accept_rate=0.258 gamma=4 pos_mode=const

[stats] generated=64  decode_ms=2603.8  tok/s=24.58  first_tok_ms=96.85
[stats] prefill=12289 tokens  context_used=12354/32768
[mem]  VRAM used=18.23 GB  total=24.00 GB
