[dflash] WARNING: detected CUDA device 0 (NVIDIA GeForce RTX 3090) with 23 GiB VRAM.
[dflash]          Long-context prefill on <=24 GiB cards is significantly
[dflash]          slower with VMM enabled. Consider rebuilding with:
[dflash]              cmake -DGGML_CUDA_NO_VMM=ON ..
ggml_cuda_init: found 1 CUDA devices (Total VRAM: 24575 MiB):
  Device 0: NVIDIA GeForce RTX 3090, compute capability 8.6, VMM: no, VRAM: 24575 MiB
[gemma4 draft GGUF] loaded: n_layer=5 n_head=32 n_kv=8 n_embd=2816 n_ff=5632 head_dim=128 target_hidden=2816  (0.43 GiB on GPU)
[cache] narrow asymmetric: forced Q8_0 on 2 captured full-attn layer(s) (remaining 3 full-attn keep TQ3)
[cache] created max_ctx=131072 (full_attn=131072, swa=2048), kv_layers=30, saved 82.0%
[cache] kv types: SWA=tq3_0, full=tq3_0
[spec] draft KV sliding re-prefill: kept 2092 tokens (positions 47812..49903), dkv_cap=2096
[cfg] model=/home/peppi/models/gemma4-26b-a4b-it/gemma-4-26B-A4B-it-UD-Q4_K_M.gguf draft=/home/peppi/models/gemma4-26b-a4b-dflash/draft-q8_0.gguf method=dflash gpu=0 ctx=131072 n_predict=64 kv_k=tq3_0 kv_v=tq3_0 temp=0.00 top_k=0 top_p=1.00 budget=22 bench=0 fa_window=0 draft_max=4 adaptive=0 draft_kv_cap_override=0 pflash=1 pflash_alpha=0.120
[gemma4_loader] bos_id=2 eos_id=106 eos_chat_id=107
[gemma4_loader] capture_layer_ids: 1 6 11 17 22 27
[target] loaded 30 layers, n_embd=2816, vocab=262144  (2385.7 ms)
[tok_embd] uploaded 748.0 MiB to GPU (q8_0 [2816, 262144])
[draft] loaded n_layer=5 n_head=32 n_embd=2816 n_vocab=262144 target_hidden=2816 block_size=16  (79.7 ms)
[cache] created max_ctx=131072, kv_layers=30  (132.9 ms)
[draft] KV cache allocated: 2096 slots
[tokens] using 49903 pre-tokenised IDs from --tokens
[tokens] prepended BOS token 2
[prefill] 49904 tokens ...
[prefill] 49904 tokens in 25125.5 ms (1986.2 tok/s) [chunked+pflash, chunk_size=1024]  (last sampled token: 100)
[draft] KV prefill done: 2096 positions materialized (skipped 47808 early tokens, cap=2096, target_feat_cap=4096, dkv_pos=2096)
100 45518 107 [spec] draft KV sliding re-prefill: kept 2092 tokens (positions 47815..49906), dkv_cap=2096
ggml_backend_cuda_graph_compute: CUDA graph warmup complete
[step 1] accept=3/4 avg=3.0 draft_ms=5.98 verify_ms=51.49 kv_ms=0.60 refill_ms=9.92
101 2094 563 496 [spec] draft KV sliding re-prefill: kept 2092 tokens (positions 47819..49910), dkv_cap=2096
[step 2] accept=4/4 avg=3.5 draft_ms=3.79 verify_ms=46.91 kv_ms=0.47 refill_ms=10.03
27725 532 [spec] draft KV sliding re-prefill: kept 2092 tokens (positions 47821..49912), dkv_cap=2096
[step 3] accept=2/4 avg=3.0 draft_ms=2.46 verify_ms=47.22 kv_ms=0.50 refill_ms=9.76
20997 [spec] draft KV sliding re-prefill: kept 2092 tokens (positions 47822..49913), dkv_cap=2096
[step 4] accept=1/4 avg=2.5 draft_ms=2.43 verify_ms=46.60 kv_ms=0.49 refill_ms=9.77
163856 ggml_backend_cuda_graph_compute: CUDA graph warmup complete
[spec] draft KV sliding re-prefill: kept 2092 tokens (positions 47823..49914), dkv_cap=2096
[step 5] accept=1/4 avg=2.2 draft_ms=2.43 verify_ms=46.02 kv_ms=0.53 refill_ms=11.57
236772 53767 7501 236761 ggml_backend_cuda_graph_compute: CUDA graph warmup reset
[spec] draft KV sliding re-prefill: kept 2092 tokens (positions 47827..49918), dkv_cap=2096
[step 6] accept=4/4 avg=2.5 draft_ms=2.44 verify_ms=46.38 kv_ms=0.56 refill_ms=9.72
1030 ggml_backend_cuda_graph_compute: CUDA graph warmup complete
[spec] draft KV sliding re-prefill: kept 2092 tokens (positions 47828..49919), dkv_cap=2096
[step 7] accept=1/4 avg=2.3 draft_ms=2.43 verify_ms=45.89 kv_ms=0.46 refill_ms=9.81
7412 531 577 496 [spec] draft KV sliding re-prefill: kept 2092 tokens (positions 47832..49923), dkv_cap=2096
[step 8] accept=4/4 avg=2.5 draft_ms=2.44 verify_ms=45.90 kv_ms=0.46 refill_ms=9.73
9578 [spec] draft KV sliding re-prefill: kept 2092 tokens (positions 47833..49924), dkv_cap=2096
[step 9] accept=1/4 avg=2.3 draft_ms=2.43 verify_ms=48.46 kv_ms=0.52 refill_ms=9.66
20997 ggml_backend_cuda_graph_compute: CUDA graph warmup complete
[spec] draft KV sliding re-prefill: kept 2092 tokens (positions 47834..49925), dkv_cap=2096
[step 10] accept=1/4 avg=2.2 draft_ms=2.43 verify_ms=47.41 kv_ms=0.43 refill_ms=9.77
981 [spec] draft KV sliding re-prefill: kept 2092 tokens (positions 47835..49926), dkv_cap=2096
[step 11] accept=1/4 avg=2.1 draft_ms=2.43 verify_ms=47.23 kv_ms=0.37 refill_ms=9.83
653 496 ggml_backend_cuda_graph_compute: CUDA graph warmup reset
[spec] draft KV sliding re-prefill: kept 2092 tokens (positions 47837..49928), dkv_cap=2096
[step 12] accept=2/4 avg=2.1 draft_ms=2.46 verify_ms=46.83 kv_ms=0.50 refill_ms=9.73
28885 78923 ggml_backend_cuda_graph_compute: CUDA graph warmup complete
[spec] draft KV sliding re-prefill: kept 2092 tokens (positions 47839..49930), dkv_cap=2096
[step 13] accept=2/4 avg=2.1 draft_ms=2.43 verify_ms=45.80 kv_ms=0.48 refill_ms=9.64
600 ggml_backend_cuda_graph_compute: CUDA graph warmup reset
[spec] draft KV sliding re-prefill: kept 2092 tokens (positions 47840..49931), dkv_cap=2096
[step 14] accept=1/4 avg=2.0 draft_ms=2.43 verify_ms=47.31 kv_ms=0.68 refill_ms=9.67
5238 506 [spec] draft KV sliding re-prefill: kept 2092 tokens (positions 47842..49933), dkv_cap=2096
[step 15] accept=2/4 avg=2.0 draft_ms=2.45 verify_ms=46.11 kv_ms=0.50 refill_ms=9.63
13690 15812 529 496 [spec] draft KV sliding re-prefill: kept 2092 tokens (positions 47846..49937), dkv_cap=2096
[step 16] accept=4/4 avg=2.1 draft_ms=2.43 verify_ms=48.05 kv_ms=0.58 refill_ms=9.58
44040 14087 236761 108 ggml_backend_cuda_graph_compute: CUDA graph warmup complete
[spec] draft KV sliding re-prefill: kept 2092 tokens (positions 47850..49941), dkv_cap=2096
[step 17] accept=4/4 avg=2.2 draft_ms=2.43 verify_ms=47.58 kv_ms=0.53 refill_ms=9.94
22515 580 506 1816 [spec] draft KV sliding re-prefill: kept 2092 tokens (positions 47854..49945), dkv_cap=2096
[step 18] accept=4/4 avg=2.3 draft_ms=2.51 verify_ms=46.81 kv_ms=0.54 refill_ms=9.86
3847 236764 1590 563 [spec] draft KV sliding re-prefill: kept 2092 tokens (positions 47858..49949), dkv_cap=2096
[step 19] accept=4/4 avg=2.4 draft_ms=2.50 verify_ms=49.21 kv_ms=0.45 refill_ms=10.21
496 12323 ggml_backend_cuda_graph_compute: CUDA graph warmup reset
[spec] draft KV sliding re-prefill: kept 2092 tokens (positions 47860..49951), dkv_cap=2096
[step 20] accept=2/4 avg=2.4 draft_ms=2.46 verify_ms=47.97 kv_ms=0.52 refill_ms=9.81
532 3671 529 506 [spec] draft KV sliding re-prefill: kept 2092 tokens (positions 47864..49955), dkv_cap=2096
[step 21] accept=4/4 avg=2.5 draft_ms=2.43 verify_ms=47.34 kv_ms=0.55 refill_ms=9.80
22323 [spec] draft KV sliding re-prefill: kept 2092 tokens (positions 47865..49956), dkv_cap=2096
[step 22] accept=1/4 avg=2.4 draft_ms=2.45 verify_ms=46.49 kv_ms=0.60 refill_ms=10.00
532 ggml_backend_cuda_graph_compute: CUDA graph warmup complete
[spec] draft KV sliding re-prefill: kept 2092 tokens (positions 47866..49957), dkv_cap=2096
[step 23] accept=1/4 avg=2.3 draft_ms=2.44 verify_ms=46.96 kv_ms=0.53 refill_ms=9.94
1061 22888 236787 ggml_backend_cuda_graph_compute: CUDA graph warmup reset
[spec] draft KV sliding re-prefill: kept 2092 tokens (positions 47869..49960), dkv_cap=2096
[step 24] accept=3/4 avg=2.4 draft_ms=2.44 verify_ms=48.78 kv_ms=0.55 refill_ms=9.79
108 10354 5213 ggml_backend_cuda_graph_compute: CUDA graph warmup complete
[spec] draft KV sliding re-prefill: kept 2092 tokens (positions 47872..49963), dkv_cap=2096
[step 25] accept=3/4 avg=2.4 draft_ms=2.48 verify_ms=49.73 kv_ms=0.59 refill_ms=9.86
24355 ggml_backend_cuda_graph_compute: CUDA graph warmup reset
[spec] draft KV sliding re-prefill: kept 2092 tokens (positions 47873..49964), dkv_cap=2096
[step 26] accept=1/4 avg=2.3 draft_ms=2.43 verify_ms=47.88 kv_ms=0.56 refill_ms=10.25
1018 107 818 [step 27] accept=4/4 avg=2.4 draft_ms=2.45 verify_ms=47.01 kv_ms=0.58 refill_ms=9.88

[stats] generated=64  decode_ms=1754.6  tok/s=36.48  first_tok_ms=79.09
[stats] prefill=49904 tokens  context_used=49968/131072
[spec] draft_steps=27 total_accepted=64 avg_accept=2.37
[mem]  VRAM used=20.12 GB  total=24.00 GB
