[dflash] WARNING: detected CUDA device 0 (NVIDIA GeForce RTX 3090) with 23 GiB VRAM.
[dflash]          Long-context prefill on <=24 GiB cards is significantly
[dflash]          slower with VMM enabled. Consider rebuilding with:
[dflash]              cmake -DGGML_CUDA_NO_VMM=ON ..
ggml_cuda_init: found 1 CUDA devices (Total VRAM: 24575 MiB):
  Device 0: NVIDIA GeForce RTX 3090, compute capability 8.6, VMM: no, VRAM: 24575 MiB
[gemma4 draft GGUF] loaded: n_layer=5 n_head=32 n_kv=8 n_embd=2816 n_ff=5632 head_dim=128 target_hidden=2816  (0.43 GiB on GPU)
[cache] narrow asymmetric: forced Q8_0 on 2 captured full-attn layer(s) (remaining 3 full-attn keep TQ3)
[cache] created max_ctx=32768 (full_attn=32768, swa=2048), kv_layers=30, saved 78.1%
[cache] kv types: SWA=tq3_0, full=tq3_0
[spec] draft KV sliding re-prefill: kept 2092 tokens (positions 10147..12238), dkv_cap=2096
[cfg] model=/home/peppi/models/gemma4-26b-a4b-it/gemma-4-26B-A4B-it-UD-Q4_K_M.gguf draft=/home/peppi/models/gemma4-26b-a4b-dflash/draft-q8_0.gguf method=dflash gpu=0 ctx=32768 n_predict=64 kv_k=tq3_0 kv_v=tq3_0 temp=0.00 top_k=0 top_p=1.00 budget=22 bench=0 fa_window=0 draft_max=4 adaptive=0 draft_kv_cap_override=0 pflash=1 pflash_alpha=0.120
[gemma4_loader] bos_id=2 eos_id=106 eos_chat_id=107
[gemma4_loader] capture_layer_ids: 1 6 11 17 22 27
[target] loaded 30 layers, n_embd=2816, vocab=262144  (2111.2 ms)
[tok_embd] uploaded 748.0 MiB to GPU (q8_0 [2816, 262144])
[draft] loaded n_layer=5 n_head=32 n_embd=2816 n_vocab=262144 target_hidden=2816 block_size=16  (71.5 ms)
[cache] created max_ctx=32768, kv_layers=30  (50.1 ms)
[draft] KV cache allocated: 2096 slots
[tokens] using 12238 pre-tokenised IDs from --tokens
[tokens] prepended BOS token 2
[prefill] 12239 tokens ...
[prefill] 12239 tokens in 4955.6 ms (2469.7 tok/s) [chunked+pflash, chunk_size=1024]  (last sampled token: 808)
[draft] KV prefill done: 2096 positions materialized (skipped 10143 early tokens, cap=2096, target_feat_cap=4096, dkv_pos=2096)
808 [spec] draft KV sliding re-prefill: kept 2092 tokens (positions 10148..12239), dkv_cap=2096
ggml_backend_cuda_graph_compute: CUDA graph warmup complete
[step 1] accept=1/4 avg=1.0 draft_ms=5.93 verify_ms=39.90 kv_ms=0.53 refill_ms=9.81
236743 [spec] draft KV sliding re-prefill: kept 2092 tokens (positions 10149..12240), dkv_cap=2096
[step 2] accept=1/4 avg=1.0 draft_ms=4.64 verify_ms=34.09 kv_ms=0.53 refill_ms=10.25
236800 [spec] draft KV sliding re-prefill: kept 2092 tokens (positions 10150..12241), dkv_cap=2096
[step 3] accept=1/4 avg=1.0 draft_ms=2.45 verify_ms=35.28 kv_ms=0.50 refill_ms=9.92
900 236743 [spec] draft KV sliding re-prefill: kept 2092 tokens (positions 10152..12243), dkv_cap=2096
[step 4] accept=2/4 avg=1.2 draft_ms=2.44 verify_ms=33.41 kv_ms=0.53 refill_ms=9.90
236819 563 ggml_backend_cuda_graph_compute: CUDA graph warmup complete
[spec] draft KV sliding re-prefill: kept 2092 tokens (positions 10154..12245), dkv_cap=2096
[step 5] accept=2/4 avg=1.4 draft_ms=2.45 verify_ms=34.35 kv_ms=0.56 refill_ms=9.72
236743 ggml_backend_cuda_graph_compute: CUDA graph warmup reset
ggml_backend_cuda_graph_compute: CUDA graph warmup complete
[spec] draft KV sliding re-prefill: kept 2092 tokens (positions 10155..12246), dkv_cap=2096
[step 6] accept=1/4 avg=1.3 draft_ms=2.46 verify_ms=35.59 kv_ms=0.64 refill_ms=9.80
236800 ggml_backend_cuda_graph_compute: CUDA graph warmup complete
[spec] draft KV sliding re-prefill: kept 2092 tokens (positions 10156..12247), dkv_cap=2096
[step 7] accept=1/4 avg=1.3 draft_ms=2.45 verify_ms=34.59 kv_ms=0.46 refill_ms=12.13
236779 [spec] draft KV sliding re-prefill: kept 2092 tokens (positions 10157..12248), dkv_cap=2096
[step 8] accept=1/4 avg=1.2 draft_ms=2.44 verify_ms=33.51 kv_ms=0.36 refill_ms=9.71
236747 563 ggml_backend_cuda_graph_compute: CUDA graph warmup reset
[spec] draft KV sliding re-prefill: kept 2092 tokens (positions 10159..12250), dkv_cap=2096
[step 9] accept=2/4 avg=1.3 draft_ms=2.43 verify_ms=36.23 kv_ms=0.62 refill_ms=9.69
723 [spec] draft KV sliding re-prefill: kept 2092 tokens (positions 10160..12251), dkv_cap=2096
[step 10] accept=1/4 avg=1.3 draft_ms=2.43 verify_ms=34.94 kv_ms=0.50 refill_ms=9.76
17873 ggml_backend_cuda_graph_compute: CUDA graph warmup complete
ggml_backend_cuda_graph_compute: CUDA graph warmup reset
[spec] draft KV sliding re-prefill: kept 2092 tokens (positions 10161..12252), dkv_cap=2096
[step 11] accept=1/4 avg=1.3 draft_ms=2.44 verify_ms=35.03 kv_ms=0.44 refill_ms=9.70
1465 ggml_backend_cuda_graph_compute: CUDA graph warmup reset
ggml_backend_cuda_graph_compute: CUDA graph warmup complete
[spec] draft KV sliding re-prefill: kept 2092 tokens (positions 10162..12253), dkv_cap=2096
[step 12] accept=1/4 avg=1.2 draft_ms=2.44 verify_ms=34.14 kv_ms=0.53 refill_ms=9.72
236779 ggml_backend_cuda_graph_compute: CUDA graph warmup complete
[spec] draft KV sliding re-prefill: kept 2092 tokens (positions 10163..12254), dkv_cap=2096
[step 13] accept=1/4 avg=1.2 draft_ms=2.44 verify_ms=33.61 kv_ms=0.44 refill_ms=9.97
808 [spec] draft KV sliding re-prefill: kept 2092 tokens (positions 10164..12255), dkv_cap=2096
[step 14] accept=1/4 avg=1.2 draft_ms=2.43 verify_ms=33.11 kv_ms=0.38 refill_ms=9.65
236743 [spec] draft KV sliding re-prefill: kept 2092 tokens (positions 10165..12256), dkv_cap=2096
[step 15] accept=1/4 avg=1.2 draft_ms=2.44 verify_ms=34.91 kv_ms=0.39 refill_ms=9.70
236800 [spec] draft KV sliding re-prefill: kept 2092 tokens (positions 10166..12257), dkv_cap=2096
[step 16] accept=1/4 avg=1.2 draft_ms=2.44 verify_ms=36.33 kv_ms=0.37 refill_ms=10.24
900 236743 236819 563 ggml_backend_cuda_graph_compute: CUDA graph warmup reset
[spec] draft KV sliding re-prefill: kept 2092 tokens (positions 10170..12261), dkv_cap=2096
[step 17] accept=4/4 avg=1.4 draft_ms=2.43 verify_ms=33.47 kv_ms=0.54 refill_ms=9.69
723 [spec] draft KV sliding re-prefill: kept 2092 tokens (positions 10171..12262), dkv_cap=2096
[step 18] accept=1/4 avg=1.3 draft_ms=2.44 verify_ms=33.70 kv_ms=0.60 refill_ms=9.69
7002 ggml_backend_cuda_graph_compute: CUDA graph warmup complete
[spec] draft KV sliding re-prefill: kept 2092 tokens (positions 10172..12263), dkv_cap=2096
[step 19] accept=1/4 avg=1.3 draft_ms=2.44 verify_ms=34.52 kv_ms=0.51 refill_ms=9.83
1465 [spec] draft KV sliding re-prefill: kept 2092 tokens (positions 10173..12264), dkv_cap=2096
[step 20] accept=1/4 avg=1.3 draft_ms=2.44 verify_ms=33.34 kv_ms=0.38 refill_ms=9.61
236761 107 ggml_backend_cuda_graph_compute: CUDA graph warmup reset
[spec] draft KV sliding re-prefill: kept 2092 tokens (positions 10175..12266), dkv_cap=2096
[step 21] accept=2/4 avg=1.3 draft_ms=2.43 verify_ms=33.16 kv_ms=0.49 refill_ms=9.57
723 [spec] draft KV sliding re-prefill: kept 2092 tokens (positions 10176..12267), dkv_cap=2096
[step 22] accept=1/4 avg=1.3 draft_ms=2.44 verify_ms=34.27 kv_ms=0.65 refill_ms=9.54
1581 ggml_backend_cuda_graph_compute: CUDA graph warmup complete
[spec] draft KV sliding re-prefill: kept 2092 tokens (positions 10177..12268), dkv_cap=2096
[step 23] accept=1/4 avg=1.3 draft_ms=2.45 verify_ms=33.33 kv_ms=0.45 refill_ms=9.90
1548 529 4820 ggml_backend_cuda_graph_compute: CUDA graph warmup reset
[spec] draft KV sliding re-prefill: kept 2092 tokens (positions 10180..12271), dkv_cap=2096
[step 24] accept=3/4 avg=1.4 draft_ms=2.45 verify_ms=33.37 kv_ms=0.53 refill_ms=9.78
528 [spec] draft KV sliding re-prefill: kept 2092 tokens (positions 10181..12272), dkv_cap=2096
[step 25] accept=1/4 avg=1.4 draft_ms=2.44 verify_ms=35.23 kv_ms=0.79 refill_ms=9.65
496 ggml_backend_cuda_graph_compute: CUDA graph warmup complete
[spec] draft KV sliding re-prefill: kept 2092 tokens (positions 10182..12273), dkv_cap=2096
[step 26] accept=1/4 avg=1.3 draft_ms=2.45 verify_ms=35.20 kv_ms=0.61 refill_ms=9.79
795 [spec] draft KV sliding re-prefill: kept 2092 tokens (positions 10183..12274), dkv_cap=2096
[step 27] accept=1/4 avg=1.3 draft_ms=2.44 verify_ms=34.37 kv_ms=0.36 refill_ms=9.80
795 [spec] draft KV sliding re-prefill: kept 2092 tokens (positions 10184..12275), dkv_cap=2096
[step 28] accept=1/4 avg=1.3 draft_ms=2.49 verify_ms=34.67 kv_ms=0.40 refill_ms=9.64
795 [spec] draft KV sliding re-prefill: kept 2092 tokens (positions 10185..12276), dkv_cap=2096
[step 29] accept=1/4 avg=1.3 draft_ms=2.44 verify_ms=34.98 kv_ms=0.44 refill_ms=9.75
795 [spec] draft KV sliding re-prefill: kept 2092 tokens (positions 10186..12277), dkv_cap=2096
[step 30] accept=1/4 avg=1.3 draft_ms=2.75 verify_ms=33.95 kv_ms=0.37 refill_ms=9.83
795 795 795 ggml_backend_cuda_graph_compute: CUDA graph warmup reset
[spec] draft KV sliding re-prefill: kept 2092 tokens (positions 10189..12280), dkv_cap=2096
[step 31] accept=3/4 avg=1.4 draft_ms=2.44 verify_ms=33.83 kv_ms=0.51 refill_ms=9.66
795 [spec] draft KV sliding re-prefill: kept 2092 tokens (positions 10190..12281), dkv_cap=2096
[step 32] accept=1/4 avg=1.3 draft_ms=2.45 verify_ms=34.76 kv_ms=0.49 refill_ms=9.70
795 ggml_backend_cuda_graph_compute: CUDA graph warmup complete
[spec] draft KV sliding re-prefill: kept 2092 tokens (positions 10191..12282), dkv_cap=2096
[step 33] accept=1/4 avg=1.3 draft_ms=2.47 verify_ms=34.07 kv_ms=0.53 refill_ms=9.90
795 [spec] draft KV sliding re-prefill: kept 2092 tokens (positions 10192..12283), dkv_cap=2096
[step 34] accept=1/4 avg=1.3 draft_ms=2.47 verify_ms=32.94 kv_ms=0.37 refill_ms=9.69
795 [spec] draft KV sliding re-prefill: kept 2092 tokens (positions 10193..12284), dkv_cap=2096
[step 35] accept=1/4 avg=1.3 draft_ms=2.45 verify_ms=35.59 kv_ms=0.38 refill_ms=9.76
795 795 795 795 ggml_backend_cuda_graph_compute: CUDA graph warmup reset
[spec] draft KV sliding re-prefill: kept 2092 tokens (positions 10197..12288), dkv_cap=2096
[step 36] accept=4/4 avg=1.4 draft_ms=2.43 verify_ms=35.62 kv_ms=0.52 refill_ms=9.75
795 [spec] draft KV sliding re-prefill: kept 2092 tokens (positions 10198..12289), dkv_cap=2096
[step 37] accept=1/4 avg=1.4 draft_ms=2.44 verify_ms=33.38 kv_ms=0.54 refill_ms=9.72
795 ggml_backend_cuda_graph_compute: CUDA graph warmup complete
[spec] draft KV sliding re-prefill: kept 2092 tokens (positions 10199..12290), dkv_cap=2096
[step 38] accept=1/4 avg=1.4 draft_ms=2.43 verify_ms=33.89 kv_ms=0.44 refill_ms=9.65
795 795 ggml_backend_cuda_graph_compute: CUDA graph warmup reset
[spec] draft KV sliding re-prefill: kept 2092 tokens (positions 10201..12292), dkv_cap=2096
[step 39] accept=2/4 avg=1.4 draft_ms=2.44 verify_ms=34.47 kv_ms=0.59 refill_ms=9.72
1346 [spec] draft KV sliding re-prefill: kept 2092 tokens (positions 10202..12293), dkv_cap=2096
[step 40] accept=1/4 avg=1.4 draft_ms=2.44 verify_ms=35.08 kv_ms=0.65 refill_ms=9.63
4547 ggml_backend_cuda_graph_compute: CUDA graph warmup complete
[spec] draft KV sliding re-prefill: kept 2092 tokens (positions 10203..12294), dkv_cap=2096
[step 41] accept=1/4 avg=1.4 draft_ms=2.44 verify_ms=34.07 kv_ms=0.49 refill_ms=10.05
577 [spec] draft KV sliding re-prefill: kept 2092 tokens (positions 10204..12295), dkv_cap=2096
[step 42] accept=1/4 avg=1.4 draft_ms=2.44 verify_ms=35.62 kv_ms=0.42 refill_ms=9.89
723 [spec] draft KV sliding re-prefill: kept 2092 tokens (positions 10205..12296), dkv_cap=2096
[step 43] accept=1/4 avg=1.3 draft_ms=2.44 verify_ms=34.58 kv_ms=0.42 refill_ms=9.88
1581 1548 ggml_backend_cuda_graph_compute: CUDA graph warmup reset
[spec] draft KV sliding re-prefill: kept 2092 tokens (positions 10207..12298), dkv_cap=2096
[step 44] accept=2/4 avg=1.4 draft_ms=2.50 verify_ms=33.98 kv_ms=0.53 refill_ms=9.99
529 4820 ggml_backend_cuda_graph_compute: CUDA graph warmup complete
[spec] draft KV sliding re-prefill: kept 2092 tokens (positions 10209..12300), dkv_cap=2096
[step 45] accept=2/4 avg=1.4 draft_ms=2.45 verify_ms=34.63 kv_ms=0.50 refill_ms=9.78
528 ggml_backend_cuda_graph_compute: CUDA graph warmup reset
[spec] draft KV sliding re-prefill: kept 2092 tokens (positions 10210..12301), dkv_cap=2096
[step 46] accept=1/4 avg=1.4 draft_ms=2.44 verify_ms=33.96 kv_ms=0.50 refill_ms=9.80
795 ggml_backend_cuda_graph_compute: CUDA graph warmup complete
[step 47] accept=1/4 avg=1.4 draft_ms=2.44 verify_ms=34.12 kv_ms=0.50 refill_ms=10.17

[stats] generated=64  decode_ms=2414.3  tok/s=26.51  first_tok_ms=66.75
[stats] prefill=12239 tokens  context_used=12303/32768
[spec] draft_steps=47 total_accepted=64 avg_accept=1.36
[mem]  VRAM used=19.40 GB  total=24.00 GB
