[dflash] WARNING: detected CUDA device 0 (NVIDIA GeForce RTX 3090) with 23 GiB VRAM.
[dflash]          Long-context prefill on <=24 GiB cards is significantly
[dflash]          slower with VMM enabled. Consider rebuilding with:
[dflash]              cmake -DGGML_CUDA_NO_VMM=ON ..
ggml_cuda_init: found 1 CUDA devices (Total VRAM: 24575 MiB):
  Device 0: NVIDIA GeForce RTX 3090, compute capability 8.6, VMM: no, VRAM: 24575 MiB
[gemma4 draft GGUF] loaded: n_layer=5 n_head=32 n_kv=8 n_embd=2816 n_ff=5632 head_dim=128 target_hidden=2816  (0.43 GiB on GPU)
[cache] narrow asymmetric: forced Q8_0 on 2 captured full-attn layer(s) (remaining 3 full-attn keep TQ3)
[cache] created max_ctx=8192 (full_attn=8192, swa=2048), kv_layers=30, saved 62.5%
[cache] kv types: SWA=tq3_0, full=tq3_0
[spec] draft KV sliding re-prefill: kept 2092 tokens (positions 1955..4046), dkv_cap=2096
[cfg] model=/home/peppi/models/gemma4-26b-a4b-it/gemma-4-26B-A4B-it-UD-Q4_K_M.gguf draft=/home/peppi/models/gemma4-26b-a4b-dflash/draft-q8_0.gguf method=dflash gpu=0 ctx=8192 n_predict=64 kv_k=tq3_0 kv_v=tq3_0 temp=0.00 top_k=0 top_p=1.00 budget=22 bench=0 fa_window=0 draft_max=4 adaptive=0 draft_kv_cap_override=0 pflash=1 pflash_alpha=0.120
[gemma4_loader] bos_id=2 eos_id=106 eos_chat_id=107
[gemma4_loader] capture_layer_ids: 1 6 11 17 22 27
[target] loaded 30 layers, n_embd=2816, vocab=262144  (2222.8 ms)
[tok_embd] uploaded 748.0 MiB to GPU (q8_0 [2816, 262144])
[draft] loaded n_layer=5 n_head=32 n_embd=2816 n_vocab=262144 target_hidden=2816 block_size=16  (65.1 ms)
[cache] created max_ctx=8192, kv_layers=30  (32.9 ms)
[draft] KV cache allocated: 2096 slots
[tokens] using 4046 pre-tokenised IDs from --tokens
[tokens] prepended BOS token 2
[prefill] 4047 tokens ...
[prefill] 4047 tokens in 1597.3 ms (2533.6 tok/s) [chunked+pflash, chunk_size=1024]  (last sampled token: 107)
[draft] KV prefill done: 2096 positions materialized (skipped 1951 early tokens, cap=2096, target_feat_cap=4096, dkv_pos=2096)
107 140 [spec] draft KV sliding re-prefill: kept 2092 tokens (positions 1957..4048), dkv_cap=2096
ggml_backend_cuda_graph_compute: CUDA graph warmup complete
[step 1] accept=2/4 avg=2.0 draft_ms=4.79 verify_ms=35.56 kv_ms=0.50 refill_ms=9.90
619 578 [spec] draft KV sliding re-prefill: kept 2092 tokens (positions 1959..4050), dkv_cap=2096
[step 2] accept=2/4 avg=2.0 draft_ms=3.78 verify_ms=31.55 kv_ms=0.55 refill_ms=9.55
1586 236779 [spec] draft KV sliding re-prefill: kept 2092 tokens (positions 1961..4052), dkv_cap=2096
[step 3] accept=2/4 avg=2.0 draft_ms=2.43 verify_ms=30.93 kv_ms=0.51 refill_ms=9.74
69344 236779 [spec] draft KV sliding re-prefill: kept 2092 tokens (positions 1963..4054), dkv_cap=2096
[step 4] accept=2/4 avg=2.0 draft_ms=2.42 verify_ms=30.67 kv_ms=0.51 refill_ms=9.80
6484 ggml_backend_cuda_graph_compute: CUDA graph warmup complete
[spec] draft KV sliding re-prefill: kept 2092 tokens (positions 1964..4055), dkv_cap=2096
[step 5] accept=1/4 avg=1.8 draft_ms=2.42 verify_ms=30.22 kv_ms=0.55 refill_ms=9.55
236978 ggml_backend_cuda_graph_compute: CUDA graph warmup complete
[spec] draft KV sliding re-prefill: kept 2092 tokens (positions 1965..4056), dkv_cap=2096
[step 6] accept=1/4 avg=1.7 draft_ms=2.41 verify_ms=31.20 kv_ms=0.50 refill_ms=9.69
236779 [spec] draft KV sliding re-prefill: kept 2092 tokens (positions 1966..4057), dkv_cap=2096
[step 7] accept=1/4 avg=1.6 draft_ms=2.41 verify_ms=30.92 kv_ms=0.35 refill_ms=9.52
568 [spec] draft KV sliding re-prefill: kept 2092 tokens (positions 1967..4058), dkv_cap=2096
[step 8] accept=1/4 avg=1.5 draft_ms=2.41 verify_ms=30.37 kv_ms=0.36 refill_ms=9.58
34488 236768 ggml_backend_cuda_graph_compute: CUDA graph warmup reset
[spec] draft KV sliding re-prefill: kept 2092 tokens (positions 1969..4060), dkv_cap=2096
[step 9] accept=2/4 avg=1.6 draft_ms=2.41 verify_ms=30.08 kv_ms=0.53 refill_ms=9.43
107 140 2060 [spec] draft KV sliding re-prefill: kept 2092 tokens (positions 1972..4063), dkv_cap=2096
[step 10] accept=3/4 avg=1.7 draft_ms=2.41 verify_ms=31.05 kv_ms=0.59 refill_ms=9.58
766 [spec] draft KV sliding re-prefill: kept 2092 tokens (positions 1973..4064), dkv_cap=2096
[step 11] accept=1/4 avg=1.6 draft_ms=2.41 verify_ms=30.56 kv_ms=0.48 refill_ms=9.54
107 ggml_backend_cuda_graph_compute: CUDA graph warmup complete
ggml_backend_cuda_graph_compute: CUDA graph warmup reset
[spec] draft KV sliding re-prefill: kept 2092 tokens (positions 1974..4065), dkv_cap=2096
[step 12] accept=1/4 avg=1.6 draft_ms=2.41 verify_ms=30.51 kv_ms=0.41 refill_ms=9.58
45518 ggml_backend_cuda_graph_compute: CUDA graph warmup reset
ggml_backend_cuda_graph_compute: CUDA graph warmup complete
[spec] draft KV sliding re-prefill: kept 2092 tokens (positions 1975..4066), dkv_cap=2096
[step 13] accept=1/4 avg=1.5 draft_ms=2.43 verify_ms=31.02 kv_ms=0.49 refill_ms=9.61
236787 ggml_backend_cuda_graph_compute: CUDA graph warmup complete
[spec] draft KV sliding re-prefill: kept 2092 tokens (positions 1976..4067), dkv_cap=2096
[step 14] accept=1/4 avg=1.5 draft_ms=2.42 verify_ms=31.40 kv_ms=0.44 refill_ms=9.67
108 [spec] draft KV sliding re-prefill: kept 2092 tokens (positions 1977..4068), dkv_cap=2096
[step 15] accept=1/4 avg=1.5 draft_ms=2.43 verify_ms=30.91 kv_ms=0.34 refill_ms=9.52
101 [spec] draft KV sliding re-prefill: kept 2092 tokens (positions 1978..4069), dkv_cap=2096
[step 16] accept=1/4 avg=1.4 draft_ms=2.43 verify_ms=31.41 kv_ms=0.40 refill_ms=9.68
236777 [spec] draft KV sliding re-prefill: kept 2092 tokens (positions 1979..4070), dkv_cap=2096
[step 17] accept=1/4 avg=1.4 draft_ms=2.41 verify_ms=30.68 kv_ms=0.36 refill_ms=9.60
236789 560 14275 496 ggml_backend_cuda_graph_compute: CUDA graph warmup reset
[spec] draft KV sliding re-prefill: kept 2092 tokens (positions 1983..4074), dkv_cap=2096
[step 18] accept=4/4 avg=1.6 draft_ms=2.41 verify_ms=31.80 kv_ms=0.50 refill_ms=9.65
3131 [spec] draft KV sliding re-prefill: kept 2092 tokens (positions 1984..4075), dkv_cap=2096
[step 19] accept=1/4 avg=1.5 draft_ms=2.41 verify_ms=33.00 kv_ms=0.50 refill_ms=9.49
4342 528 [spec] draft KV sliding re-prefill: kept 2092 tokens (positions 1986..4077), dkv_cap=2096
[step 20] accept=2/4 avg=1.6 draft_ms=2.42 verify_ms=30.64 kv_ms=0.48 refill_ms=9.50
506 [spec] draft KV sliding re-prefill: kept 2092 tokens (positions 1987..4078), dkv_cap=2096
[step 21] accept=1/4 avg=1.5 draft_ms=2.43 verify_ms=31.65 kv_ms=0.47 refill_ms=9.51
2269 ggml_backend_cuda_graph_compute: CUDA graph warmup complete
[spec] draft KV sliding re-prefill: kept 2092 tokens (positions 1988..4079), dkv_cap=2096
[step 22] accept=1/4 avg=1.5 draft_ms=2.41 verify_ms=30.94 kv_ms=0.46 refill_ms=9.41
3393 [spec] draft KV sliding re-prefill: kept 2092 tokens (positions 1989..4080), dkv_cap=2096
[step 23] accept=1/4 avg=1.5 draft_ms=2.41 verify_ms=33.20 kv_ms=0.52 refill_ms=9.41
54369 236787 108 ggml_backend_cuda_graph_compute: CUDA graph warmup reset
[spec] draft KV sliding re-prefill: kept 2092 tokens (positions 1992..4083), dkv_cap=2096
[step 24] accept=3/4 avg=1.5 draft_ms=2.42 verify_ms=31.95 kv_ms=0.60 refill_ms=9.88
236770 236761 138 1018 [spec] draft KV sliding re-prefill: kept 2092 tokens (positions 1996..4087), dkv_cap=2096
[step 25] accept=4/4 avg=1.6 draft_ms=2.42 verify_ms=31.53 kv_ms=0.48 refill_ms=9.77
62758 11489 528 [spec] draft KV sliding re-prefill: kept 2092 tokens (positions 1999..4090), dkv_cap=2096
[step 26] accept=3/4 avg=1.7 draft_ms=2.50 verify_ms=32.57 kv_ms=0.60 refill_ms=9.78
2165 [spec] draft KV sliding re-prefill: kept 2092 tokens (positions 2000..4091), dkv_cap=2096
[step 27] accept=1/4 avg=1.7 draft_ms=2.42 verify_ms=34.43 kv_ms=0.61 refill_ms=9.81
4114 236779 69344 236779 [spec] draft KV sliding re-prefill: kept 2092 tokens (positions 2004..4095), dkv_cap=2096
[step 28] accept=4/4 avg=1.8 draft_ms=2.47 verify_ms=30.65 kv_ms=0.54 refill_ms=10.01
31493 236929 66515 669 ggml_backend_cuda_graph_compute: CUDA graph warmup complete
[spec] draft KV sliding re-prefill: kept 2092 tokens (positions 2008..4099), dkv_cap=2096
[step 29] accept=4/4 avg=1.8 draft_ms=2.42 verify_ms=31.65 kv_ms=0.54 refill_ms=9.68
1292 ggml_backend_cuda_graph_compute: CUDA graph warmup reset
[spec] draft KV sliding re-prefill: kept 2092 tokens (positions 2009..4100), dkv_cap=2096
[step 30] accept=1/4 avg=1.8 draft_ms=2.42 verify_ms=32.59 kv_ms=0.48 refill_ms=9.75
2165 4114 236779 69344 [spec] draft KV sliding re-prefill: kept 2092 tokens (positions 2013..4104), dkv_cap=2096
[step 31] accept=4/4 avg=1.9 draft_ms=2.42 verify_ms=31.54 kv_ms=0.64 refill_ms=9.70
236779 31493 236929 [spec] draft KV sliding re-prefill: kept 2092 tokens (positions 2016..4107), dkv_cap=2096
[step 32] accept=3/4 avg=1.9 draft_ms=2.42 verify_ms=32.57 kv_ms=0.57 refill_ms=9.79
6178 [spec] draft KV sliding re-prefill: kept 2092 tokens (positions 2017..4108), dkv_cap=2096
[step 33] accept=1/4 avg=1.9 draft_ms=2.43 verify_ms=31.98 kv_ms=0.58 refill_ms=9.65
2165 15905 [step 34] accept=2/4 avg=1.9 draft_ms=2.42 verify_ms=31.71 kv_ms=0.53 refill_ms=9.96

[stats] generated=64  decode_ms=1642.0  tok/s=38.98  first_tok_ms=62.84
[stats] prefill=4047 tokens  context_used=4111/8192
[spec] draft_steps=34 total_accepted=64 avg_accept=1.88
[mem]  VRAM used=19.28 GB  total=24.00 GB
