[dflash] WARNING: detected CUDA device 0 (NVIDIA GeForce RTX 3090) with 23 GiB VRAM.
[dflash]          Long-context prefill on <=24 GiB cards is significantly
[dflash]          slower with VMM enabled. Consider rebuilding with:
[dflash]              cmake -DGGML_CUDA_NO_VMM=ON ..
ggml_cuda_init: found 1 CUDA devices (Total VRAM: 24575 MiB):
  Device 0: NVIDIA GeForce RTX 3090, compute capability 8.6, VMM: no, VRAM: 24575 MiB
[gemma4 draft GGUF] loaded: n_layer=5 n_head=32 n_kv=8 n_embd=2816 n_ff=5632 head_dim=128 target_hidden=2816  (0.43 GiB on GPU)
[cache] narrow asymmetric: forced Q8_0 on 2 captured full-attn layer(s) (remaining 3 full-attn keep TQ3)
[cache] created max_ctx=8192 (full_attn=8192, swa=2048), kv_layers=30, saved 62.5%
[cache] kv types: SWA=tq3_0, full=tq3_0
[spec] draft KV sliding re-prefill: kept 2092 tokens (positions 2005..4096), dkv_cap=2096
[cfg] model=/home/peppi/models/gemma4-26b-a4b-it/gemma-4-26B-A4B-it-UD-Q4_K_M.gguf draft=/home/peppi/models/gemma4-26b-a4b-dflash/draft-q8_0.gguf method=dflash gpu=0 ctx=8192 n_predict=64 kv_k=tq3_0 kv_v=tq3_0 temp=0.00 top_k=0 top_p=1.00 budget=22 bench=0 fa_window=0 draft_max=4 adaptive=0 draft_kv_cap_override=0 pflash=1 pflash_alpha=0.120
[gemma4_loader] bos_id=2 eos_id=106 eos_chat_id=107
[gemma4_loader] capture_layer_ids: 1 6 11 17 22 27
[target] loaded 30 layers, n_embd=2816, vocab=262144  (2248.2 ms)
[tok_embd] uploaded 748.0 MiB to GPU (q8_0 [2816, 262144])
[draft] loaded n_layer=5 n_head=32 n_embd=2816 n_vocab=262144 target_hidden=2816 block_size=16  (64.9 ms)
[cache] created max_ctx=8192, kv_layers=30  (33.1 ms)
[draft] KV cache allocated: 2096 slots
[tokens] using 4096 pre-tokenised IDs from --tokens
[tokens] prepended BOS token 2
[prefill] 4097 tokens ...
[prefill] 4097 tokens in 1646.7 ms (2488.0 tok/s) [chunked+pflash, chunk_size=1024]  (last sampled token: 532)
[draft] KV prefill done: 2096 positions materialized (skipped 2001 early tokens, cap=2096, target_feat_cap=4096, dkv_pos=2096)
532 [spec] draft KV sliding re-prefill: kept 2092 tokens (positions 2006..4097), dkv_cap=2096
ggml_backend_cuda_graph_compute: CUDA graph warmup complete
[step 1] accept=1/4 avg=1.0 draft_ms=5.75 verify_ms=37.19 kv_ms=0.55 refill_ms=9.61
532 [spec] draft KV sliding re-prefill: kept 2092 tokens (positions 2007..4098), dkv_cap=2096
[step 2] accept=1/4 avg=1.0 draft_ms=4.18 verify_ms=31.72 kv_ms=0.52 refill_ms=9.76
1852 [spec] draft KV sliding re-prefill: kept 2092 tokens (positions 2008..4099), dkv_cap=2096
[step 3] accept=1/4 avg=1.0 draft_ms=2.46 verify_ms=32.75 kv_ms=0.51 refill_ms=9.83
822 1852 [spec] draft KV sliding re-prefill: kept 2092 tokens (positions 2010..4101), dkv_cap=2096
[step 4] accept=2/4 avg=1.2 draft_ms=2.42 verify_ms=31.69 kv_ms=0.61 refill_ms=9.84
236761 ggml_backend_cuda_graph_compute: CUDA graph warmup complete
[spec] draft KV sliding re-prefill: kept 2092 tokens (positions 2011..4102), dkv_cap=2096
[step 5] accept=1/4 avg=1.2 draft_ms=2.44 verify_ms=31.62 kv_ms=0.52 refill_ms=9.81
1852 ggml_backend_cuda_graph_compute: CUDA graph warmup complete
[spec] draft KV sliding re-prefill: kept 2092 tokens (positions 2012..4103), dkv_cap=2096
[step 6] accept=1/4 avg=1.2 draft_ms=2.42 verify_ms=33.88 kv_ms=0.51 refill_ms=9.95
822 1852 236761 ggml_backend_cuda_graph_compute: CUDA graph warmup reset
[spec] draft KV sliding re-prefill: kept 2092 tokens (positions 2015..4106), dkv_cap=2096
[step 7] accept=3/4 avg=1.4 draft_ms=2.42 verify_ms=30.74 kv_ms=0.51 refill_ms=9.74
1852 [spec] draft KV sliding re-prefill: kept 2092 tokens (positions 2016..4107), dkv_cap=2096
[step 8] accept=1/4 avg=1.4 draft_ms=2.41 verify_ms=31.90 kv_ms=0.48 refill_ms=9.55
822 1852 236761 ggml_backend_cuda_graph_compute: CUDA graph warmup reset
[spec] draft KV sliding re-prefill: kept 2092 tokens (positions 2019..4110), dkv_cap=2096
[step 9] accept=3/4 avg=1.6 draft_ms=2.42 verify_ms=30.68 kv_ms=0.49 refill_ms=9.55
1852 822 1852 236761 ggml_backend_cuda_graph_compute: CUDA graph warmup complete
[spec] draft KV sliding re-prefill: kept 2092 tokens (positions 2023..4114), dkv_cap=2096
[step 10] accept=4/4 avg=1.8 draft_ms=2.42 verify_ms=31.09 kv_ms=0.47 refill_ms=9.62
1852 [spec] draft KV sliding re-prefill: kept 2092 tokens (positions 2024..4115), dkv_cap=2096
[step 11] accept=1/4 avg=1.7 draft_ms=2.42 verify_ms=31.66 kv_ms=0.53 refill_ms=9.63
236772 ggml_backend_cuda_graph_compute: CUDA graph warmup complete
[spec] draft KV sliding re-prefill: kept 2092 tokens (positions 2025..4116), dkv_cap=2096
[step 12] accept=1/4 avg=1.7 draft_ms=2.43 verify_ms=31.55 kv_ms=0.48 refill_ms=9.60
1852 822 ggml_backend_cuda_graph_compute: CUDA graph warmup reset
ggml_backend_cuda_graph_compute: CUDA graph warmup reset
[spec] draft KV sliding re-prefill: kept 2092 tokens (positions 2027..4118), dkv_cap=2096
[step 13] accept=2/4 avg=1.7 draft_ms=2.42 verify_ms=31.09 kv_ms=0.51 refill_ms=9.62
1852 236761 [spec] draft KV sliding re-prefill: kept 2092 tokens (positions 2029..4120), dkv_cap=2096
[step 14] accept=2/4 avg=1.7 draft_ms=2.47 verify_ms=30.62 kv_ms=0.50 refill_ms=9.63
1852 [spec] draft KV sliding re-prefill: kept 2092 tokens (positions 2030..4121), dkv_cap=2096
[step 15] accept=1/4 avg=1.7 draft_ms=2.42 verify_ms=32.59 kv_ms=0.49 refill_ms=9.51
822 1852 236761 [spec] draft KV sliding re-prefill: kept 2092 tokens (positions 2033..4124), dkv_cap=2096
[step 16] accept=3/4 avg=1.8 draft_ms=2.42 verify_ms=31.91 kv_ms=0.50 refill_ms=9.74
1852 [spec] draft KV sliding re-prefill: kept 2092 tokens (positions 2034..4125), dkv_cap=2096
[step 17] accept=1/4 avg=1.7 draft_ms=2.46 verify_ms=32.88 kv_ms=0.50 refill_ms=9.82
822 1852 [spec] draft KV sliding re-prefill: kept 2092 tokens (positions 2036..4127), dkv_cap=2096
[step 18] accept=2/4 avg=1.7 draft_ms=2.42 verify_ms=32.01 kv_ms=0.59 refill_ms=9.92
1852 236761 [spec] draft KV sliding re-prefill: kept 2092 tokens (positions 2038..4129), dkv_cap=2096
[step 19] accept=2/4 avg=1.7 draft_ms=2.43 verify_ms=33.92 kv_ms=0.79 refill_ms=10.06
1852 822 1852 [spec] draft KV sliding re-prefill: kept 2092 tokens (positions 2041..4132), dkv_cap=2096
[step 20] accept=3/4 avg=1.8 draft_ms=2.43 verify_ms=35.20 kv_ms=0.52 refill_ms=10.17
236761 [spec] draft KV sliding re-prefill: kept 2092 tokens (positions 2042..4133), dkv_cap=2096
[step 21] accept=1/4 avg=1.8 draft_ms=2.42 verify_ms=31.23 kv_ms=0.52 refill_ms=9.80
1852 1852 [spec] draft KV sliding re-prefill: kept 2092 tokens (positions 2044..4135), dkv_cap=2096
[step 22] accept=2/4 avg=1.8 draft_ms=2.44 verify_ms=33.87 kv_ms=0.54 refill_ms=9.91
236761 1852 822 1852 [spec] draft KV sliding re-prefill: kept 2092 tokens (positions 2048..4139), dkv_cap=2096
[step 23] accept=4/4 avg=1.9 draft_ms=2.43 verify_ms=31.92 kv_ms=0.51 refill_ms=10.10
236761 107 [spec] draft KV sliding re-prefill: kept 2092 tokens (positions 2050..4141), dkv_cap=2096
[step 24] accept=2/4 avg=1.9 draft_ms=2.43 verify_ms=31.10 kv_ms=0.50 refill_ms=9.83
236772 [spec] draft KV sliding re-prefill: kept 2092 tokens (positions 2051..4142), dkv_cap=2096
[step 25] accept=1/4 avg=1.8 draft_ms=2.42 verify_ms=32.06 kv_ms=0.63 refill_ms=9.76
1852 [spec] draft KV sliding re-prefill: kept 2092 tokens (positions 2052..4143), dkv_cap=2096
[step 26] accept=1/4 avg=1.8 draft_ms=2.43 verify_ms=31.96 kv_ms=0.49 refill_ms=9.86
822 1852 236761 [spec] draft KV sliding re-prefill: kept 2092 tokens (positions 2055..4146), dkv_cap=2096
[step 27] accept=3/4 avg=1.9 draft_ms=2.42 verify_ms=33.41 kv_ms=0.49 refill_ms=9.73
1852 822 1852 236761 [spec] draft KV sliding re-prefill: kept 2092 tokens (positions 2059..4150), dkv_cap=2096
[step 28] accept=4/4 avg=1.9 draft_ms=2.44 verify_ms=31.85 kv_ms=0.57 refill_ms=9.71
1852 [spec] draft KV sliding re-prefill: kept 2092 tokens (positions 2060..4151), dkv_cap=2096
[step 29] accept=1/4 avg=1.9 draft_ms=2.45 verify_ms=32.34 kv_ms=0.56 refill_ms=9.81
822 1852 [spec] draft KV sliding re-prefill: kept 2092 tokens (positions 2062..4153), dkv_cap=2096
[step 30] accept=2/4 avg=1.9 draft_ms=2.43 verify_ms=31.20 kv_ms=0.49 refill_ms=9.84
532 [spec] draft KV sliding re-prefill: kept 2092 tokens (positions 2063..4154), dkv_cap=2096
[step 31] accept=1/4 avg=1.9 draft_ms=2.43 verify_ms=31.41 kv_ms=0.49 refill_ms=9.71
1531 [spec] draft KV sliding re-prefill: kept 2092 tokens (positions 2064..4155), dkv_cap=2096
[step 32] accept=1/4 avg=1.8 draft_ms=2.42 verify_ms=31.86 kv_ms=0.83 refill_ms=9.88
786 [spec] draft KV sliding re-prefill: kept 2092 tokens (positions 2065..4156), dkv_cap=2096
[step 33] accept=1/4 avg=1.8 draft_ms=2.44 verify_ms=31.57 kv_ms=0.53 refill_ms=10.55
236789 [spec] draft KV sliding re-prefill: kept 2092 tokens (positions 2066..4157), dkv_cap=2096
[step 34] accept=1/4 avg=1.8 draft_ms=2.43 verify_ms=31.05 kv_ms=0.48 refill_ms=9.89
1852 [spec] draft KV sliding re-prefill: kept 2092 tokens (positions 2067..4158), dkv_cap=2096
[step 35] accept=1/4 avg=1.8 draft_ms=2.43 verify_ms=31.56 kv_ms=0.56 refill_ms=9.79
822 1852 [step 36] accept=3/4 avg=1.8 draft_ms=2.42 verify_ms=33.77 kv_ms=0.59 refill_ms=9.81

[stats] generated=64  decode_ms=1772.4  tok/s=36.11  first_tok_ms=65.37
[stats] prefill=4097 tokens  context_used=4161/8192
[spec] draft_steps=36 total_accepted=64 avg_accept=1.78
[mem]  VRAM used=19.28 GB  total=24.00 GB
