[dflash] WARNING: detected CUDA device 0 (NVIDIA GeForce RTX 3090) with 23 GiB VRAM.
[dflash]          Long-context prefill on <=24 GiB cards is significantly
[dflash]          slower with VMM enabled. Consider rebuilding with:
[dflash]              cmake -DGGML_CUDA_NO_VMM=ON ..
ggml_cuda_init: found 1 CUDA devices (Total VRAM: 24575 MiB):
  Device 0: NVIDIA GeForce RTX 3090, compute capability 8.6, VMM: no, VRAM: 24575 MiB
[cache] created max_ctx=1024 (full_attn=1024, swa=1024), kv_layers=30, saved 0.0%
[cache] kv types: SWA=tq3_0, full=tq3_0
[cfg] model=/home/peppi/models/gemma4-26b-a4b-it/gemma-4-26B-A4B-it-UD-Q4_K_M.gguf draft=(none) method=none gpu=0 ctx=1024 n_predict=64 kv_k=tq3_0 kv_v=tq3_0 temp=0.00 top_k=0 top_p=1.00 budget=22 bench=0 fa_window=0 draft_max=0 adaptive=0 draft_kv_cap_override=0 pflash=1 pflash_alpha=0.120
[gemma4_loader] bos_id=2 eos_id=106 eos_chat_id=107
[gemma4_loader] capture_layer_ids: 1 6 11 17 22 27
[target] loaded 30 layers, n_embd=2816, vocab=262144  (21552.6 ms)
[cache] created max_ctx=1024, kv_layers=30  (15.8 ms)
[tokens] using 139 pre-tokenised IDs from --tokens
[tokens] prepended BOS token 2
[prefill] 140 tokens ...
[prefill] 140 tokens in 248.7 ms (562.9 tok/s) [chunked+pflash, chunk_size=140]  (last sampled token: 1106)
[tgt-only-dbg] logits[0..3]: -21.488 -19.886 -16.081 -21.099 max=21.250@6596 next=6596
1106 6596 108 2063 102267 236779 5640 236769 5640 236787 251777 236787 6803 236768 236743 107 140 12234 17770 496 107 140 624 11995 912 568 65020 11995 7100 1082 2238 1548 236768 532 70208 107 140 236769 989 1749 912 2462 7100 1082 236743 979 236772 2865 236772 21850 236772 6796 236772 6796 236772 6796 236772 6796 236772 6796 236772 6796 236772 6796 
[stats] generated=64  decode_ms=1352.2  tok/s=47.33  first_tok_ms=36.42
[stats] prefill=140 tokens  context_used=204/1024
[mem]  VRAM used=17.28 GB  total=24.00 GB
