[dflash] WARNING: detected CUDA device 0 (NVIDIA GeForce RTX 3090) with 23 GiB VRAM.
[dflash]          Long-context prefill on <=24 GiB cards is significantly
[dflash]          slower with VMM enabled. Consider rebuilding with:
[dflash]              cmake -DGGML_CUDA_NO_VMM=ON ..
ggml_cuda_init: found 1 CUDA devices (Total VRAM: 24575 MiB):
  Device 0: NVIDIA GeForce RTX 3090, compute capability 8.6, VMM: no, VRAM: 24575 MiB
[cache] created max_ctx=1024 (full_attn=1024, swa=1024), kv_layers=30, saved 0.0%
[cache] kv types: SWA=tq3_0, full=tq3_0
[cfg] model=/home/peppi/models/gemma4-26b-a4b-it/gemma-4-26B-A4B-it-UD-Q4_K_M.gguf draft=(none) method=none gpu=0 ctx=1024 n_predict=64 kv_k=tq3_0 kv_v=tq3_0 temp=0.00 top_k=0 top_p=1.00 budget=22 bench=0 fa_window=0 draft_max=0 adaptive=0 draft_kv_cap_override=0 pflash=1 pflash_alpha=0.120
[gemma4_loader] bos_id=2 eos_id=106 eos_chat_id=107
[gemma4_loader] capture_layer_ids: 1 6 11 17 22 27
[target] loaded 30 layers, n_embd=2816, vocab=262144  (20788.3 ms)
[cache] created max_ctx=1024, kv_layers=30  (13.3 ms)
[tokens] using 40 pre-tokenised IDs from --tokens
[tokens] prepended BOS token 2
[prefill] 41 tokens ...
[prefill] 41 tokens in 160.1 ms (256.1 tok/s) [chunked+pflash, chunk_size=41]  (last sampled token: 100)
[tgt-only-dbg] logits[0..3]: -21.434 -12.131 -12.952 -21.052 max=26.332@45518 next=45518
100 45518 107 101 10011 236743 236832 236772 236799 691 5402 573 18510 236764 711 5619 236761 4923 37909 50917 964 5284 531 72468 8103 30962 607 1159 236772 13795 20146 10634 236761 4923 1902 691 886 529 12819 34758 532 23093 45476 236761 108 4906 12399 236764 1651 51182 506 6413 529 496 126873 524 1610 11452 236764 496 57300 125894 529 56896 
[stats] generated=64  decode_ms=1411.1  tok/s=45.35  first_tok_ms=35.10
[stats] prefill=41 tokens  context_used=105/1024
[mem]  VRAM used=17.23 GB  total=24.00 GB
