[dflash] WARNING: detected CUDA device 0 (NVIDIA GeForce RTX 3090) with 23 GiB VRAM.
[dflash]          Long-context prefill on <=24 GiB cards is significantly
[dflash]          slower with VMM enabled. Consider rebuilding with:
[dflash]              cmake -DGGML_CUDA_NO_VMM=ON ..
ggml_cuda_init: found 1 CUDA devices (Total VRAM: 24575 MiB):
  Device 0: NVIDIA GeForce RTX 3090, compute capability 8.6, VMM: no, VRAM: 24575 MiB
[gemma4 draft GGUF] loaded: n_layer=5 n_head=32 n_kv=8 n_embd=2816 n_ff=5632 head_dim=128 target_hidden=2816  (0.43 GiB on GPU)
[cache] narrow asymmetric: forced Q8_0 on 2 captured full-attn layer(s) (remaining 3 full-attn keep TQ3)
[cache] created max_ctx=16384 (full_attn=16384, swa=2048), kv_layers=30, saved 72.9%
[cache] kv types: SWA=tq3_0, full=tq3_0
[spec] draft KV sliding re-prefill: kept 2092 tokens (positions 6101..8192), dkv_cap=2096
[cfg] model=/home/peppi/models/gemma4-26b-a4b-it/gemma-4-26B-A4B-it-UD-Q4_K_M.gguf draft=/home/peppi/models/gemma4-26b-a4b-dflash/draft-q8_0.gguf method=dflash gpu=0 ctx=16384 n_predict=64 kv_k=tq3_0 kv_v=tq3_0 temp=0.00 top_k=0 top_p=1.00 budget=22 bench=0 fa_window=0 draft_max=4 adaptive=0 draft_kv_cap_override=0 pflash=1 pflash_alpha=0.120
[gemma4_loader] bos_id=2 eos_id=106 eos_chat_id=107
[gemma4_loader] capture_layer_ids: 1 6 11 17 22 27
[target] loaded 30 layers, n_embd=2816, vocab=262144  (2394.4 ms)
[tok_embd] uploaded 748.0 MiB to GPU (q8_0 [2816, 262144])
[draft] loaded n_layer=5 n_head=32 n_embd=2816 n_vocab=262144 target_hidden=2816 block_size=16  (70.3 ms)
[cache] created max_ctx=16384, kv_layers=30  (41.4 ms)
[draft] KV cache allocated: 2096 slots
[tokens] using 8192 pre-tokenised IDs from --tokens
[tokens] prepended BOS token 2
[prefill] 8193 tokens ...
[prefill] 8193 tokens in 3282.3 ms (2496.1 tok/s) [chunked+pflash, chunk_size=1024]  (last sampled token: 236772)
[draft] KV prefill done: 2096 positions materialized (skipped 6097 early tokens, cap=2096, target_feat_cap=4096, dkv_pos=2096)
236772 [spec] draft KV sliding re-prefill: kept 2092 tokens (positions 6102..8193), dkv_cap=2096
ggml_backend_cuda_graph_compute: CUDA graph warmup complete
[step 1] accept=1/4 avg=1.0 draft_ms=5.86 verify_ms=37.66 kv_ms=0.59 refill_ms=9.50
586 [spec] draft KV sliding re-prefill: kept 2092 tokens (positions 6103..8194), dkv_cap=2096
[step 2] accept=1/4 avg=1.0 draft_ms=3.91 verify_ms=32.11 kv_ms=0.49 refill_ms=9.67
236786 [spec] draft KV sliding re-prefill: kept 2092 tokens (positions 6104..8195), dkv_cap=2096
[step 3] accept=1/4 avg=1.0 draft_ms=2.41 verify_ms=32.08 kv_ms=0.46 refill_ms=9.60
3785 [spec] draft KV sliding re-prefill: kept 2092 tokens (positions 6105..8196), dkv_cap=2096
[step 4] accept=1/4 avg=1.0 draft_ms=2.40 verify_ms=31.48 kv_ms=0.47 refill_ms=9.60
236786 ggml_backend_cuda_graph_compute: CUDA graph warmup complete
[spec] draft KV sliding re-prefill: kept 2092 tokens (positions 6106..8197), dkv_cap=2096
[step 5] accept=1/4 avg=1.0 draft_ms=2.39 verify_ms=31.47 kv_ms=0.55 refill_ms=9.53
3785 ggml_backend_cuda_graph_compute: CUDA graph warmup reset
ggml_backend_cuda_graph_compute: CUDA graph warmup complete
[spec] draft KV sliding re-prefill: kept 2092 tokens (positions 6107..8198), dkv_cap=2096
[step 6] accept=1/4 avg=1.0 draft_ms=2.40 verify_ms=31.69 kv_ms=0.51 refill_ms=9.58
236786 ggml_backend_cuda_graph_compute: CUDA graph warmup complete
[spec] draft KV sliding re-prefill: kept 2092 tokens (positions 6108..8199), dkv_cap=2096
[step 7] accept=1/4 avg=1.0 draft_ms=2.39 verify_ms=31.40 kv_ms=0.41 refill_ms=9.68
3785 236786 ggml_backend_cuda_graph_compute: CUDA graph warmup reset
[spec] draft KV sliding re-prefill: kept 2092 tokens (positions 6110..8201), dkv_cap=2096
[step 8] accept=2/4 avg=1.1 draft_ms=2.38 verify_ms=31.62 kv_ms=0.51 refill_ms=9.33
3785 236786 ggml_backend_cuda_graph_compute: CUDA graph warmup complete
[spec] draft KV sliding re-prefill: kept 2092 tokens (positions 6112..8203), dkv_cap=2096
[step 9] accept=2/4 avg=1.2 draft_ms=2.39 verify_ms=32.19 kv_ms=0.54 refill_ms=9.34
236888 ggml_backend_cuda_graph_compute: CUDA graph warmup reset
[spec] draft KV sliding re-prefill: kept 2092 tokens (positions 6113..8204), dkv_cap=2096
[step 10] accept=1/4 avg=1.2 draft_ms=2.39 verify_ms=31.04 kv_ms=0.49 refill_ms=9.41
236786 ggml_backend_cuda_graph_compute: CUDA graph warmup complete
[spec] draft KV sliding re-prefill: kept 2092 tokens (positions 6114..8205), dkv_cap=2096
[step 11] accept=1/4 avg=1.2 draft_ms=2.39 verify_ms=31.50 kv_ms=0.48 refill_ms=9.40
236888 [spec] draft KV sliding re-prefill: kept 2092 tokens (positions 6115..8206), dkv_cap=2096
[step 12] accept=1/4 avg=1.2 draft_ms=2.40 verify_ms=31.50 kv_ms=0.39 refill_ms=9.55
236786 236888 236786 ggml_backend_cuda_graph_compute: CUDA graph warmup reset
[spec] draft KV sliding re-prefill: kept 2092 tokens (positions 6118..8209), dkv_cap=2096
[step 13] accept=3/4 avg=1.3 draft_ms=2.40 verify_ms=32.38 kv_ms=0.53 refill_ms=9.48
236888 236786 [spec] draft KV sliding re-prefill: kept 2092 tokens (positions 6120..8211), dkv_cap=2096
[step 14] accept=2/4 avg=1.4 draft_ms=2.41 verify_ms=31.31 kv_ms=0.48 refill_ms=9.54
236888 236786 236888 [spec] draft KV sliding re-prefill: kept 2092 tokens (positions 6123..8214), dkv_cap=2096
[step 15] accept=3/4 avg=1.5 draft_ms=2.40 verify_ms=31.53 kv_ms=0.46 refill_ms=9.35
236786 236888 236786 236888 [spec] draft KV sliding re-prefill: kept 2092 tokens (positions 6127..8218), dkv_cap=2096
[step 16] accept=4/4 avg=1.6 draft_ms=2.39 verify_ms=32.05 kv_ms=0.47 refill_ms=9.49
236786 236888 236786 236888 ggml_backend_cuda_graph_compute: CUDA graph warmup complete
ggml_backend_cuda_graph_compute: CUDA graph warmup reset
[spec] draft KV sliding re-prefill: kept 2092 tokens (positions 6131..8222), dkv_cap=2096
[step 17] accept=4/4 avg=1.8 draft_ms=2.41 verify_ms=32.13 kv_ms=0.47 refill_ms=9.51
236786 236888 236786 236888 ggml_backend_cuda_graph_compute: CUDA graph warmup reset
ggml_backend_cuda_graph_compute: CUDA graph warmup complete
[spec] draft KV sliding re-prefill: kept 2092 tokens (positions 6135..8226), dkv_cap=2096
[step 18] accept=4/4 avg=1.9 draft_ms=2.39 verify_ms=31.43 kv_ms=0.49 refill_ms=9.47
236786 236888 236786 236888 ggml_backend_cuda_graph_compute: CUDA graph warmup complete
ggml_backend_cuda_graph_compute: CUDA graph warmup reset
[spec] draft KV sliding re-prefill: kept 2092 tokens (positions 6139..8230), dkv_cap=2096
[step 19] accept=4/4 avg=2.0 draft_ms=2.39 verify_ms=32.22 kv_ms=0.47 refill_ms=9.61
236772 ggml_backend_cuda_graph_compute: CUDA graph warmup reset
ggml_backend_cuda_graph_compute: CUDA graph warmup complete
[spec] draft KV sliding re-prefill: kept 2092 tokens (positions 6140..8231), dkv_cap=2096
[step 20] accept=1/4 avg=1.9 draft_ms=2.43 verify_ms=31.30 kv_ms=0.49 refill_ms=9.72
236888 ggml_backend_cuda_graph_compute: CUDA graph warmup complete
[spec] draft KV sliding re-prefill: kept 2092 tokens (positions 6141..8232), dkv_cap=2096
[step 21] accept=1/4 avg=1.9 draft_ms=2.69 verify_ms=32.62 kv_ms=0.46 refill_ms=10.68
236786 236888 236786 ggml_backend_cuda_graph_compute: CUDA graph warmup reset
[spec] draft KV sliding re-prefill: kept 2092 tokens (positions 6144..8235), dkv_cap=2096
[step 22] accept=3/4 avg=2.0 draft_ms=2.39 verify_ms=31.82 kv_ms=0.46 refill_ms=9.38
236888 236786 236888 236786 [spec] draft KV sliding re-prefill: kept 2092 tokens (positions 6148..8239), dkv_cap=2096
[step 23] accept=4/4 avg=2.0 draft_ms=2.45 verify_ms=31.62 kv_ms=0.48 refill_ms=9.66
236888 236786 236888 236786 ggml_backend_cuda_graph_compute: CUDA graph warmup complete
ggml_backend_cuda_graph_compute: CUDA graph warmup reset
[spec] draft KV sliding re-prefill: kept 2092 tokens (positions 6152..8243), dkv_cap=2096
[step 24] accept=4/4 avg=2.1 draft_ms=2.40 verify_ms=31.31 kv_ms=0.48 refill_ms=9.45
236888 236786 236888 236786 ggml_backend_cuda_graph_compute: CUDA graph warmup reset
ggml_backend_cuda_graph_compute: CUDA graph warmup complete
[spec] draft KV sliding re-prefill: kept 2092 tokens (positions 6156..8247), dkv_cap=2096
[step 25] accept=4/4 avg=2.2 draft_ms=2.39 verify_ms=31.54 kv_ms=0.48 refill_ms=9.53
236888 236786 236888 236786 ggml_backend_cuda_graph_compute: CUDA graph warmup complete
ggml_backend_cuda_graph_compute: CUDA graph warmup reset
[spec] draft KV sliding re-prefill: kept 2092 tokens (positions 6160..8251), dkv_cap=2096
[step 26] accept=4/4 avg=2.3 draft_ms=2.39 verify_ms=31.77 kv_ms=0.45 refill_ms=9.46
236888 236786 236888 236786 ggml_backend_cuda_graph_compute: CUDA graph warmup reset
ggml_backend_cuda_graph_compute: CUDA graph warmup complete
[spec] draft KV sliding re-prefill: kept 2092 tokens (positions 6164..8255), dkv_cap=2096
[step 27] accept=4/4 avg=2.3 draft_ms=2.39 verify_ms=32.45 kv_ms=0.49 refill_ms=9.64
236888 [step 28] accept=3/4 avg=2.3 draft_ms=2.39 verify_ms=31.39 kv_ms=0.50 refill_ms=9.61

[stats] generated=64  decode_ms=1360.2  tok/s=47.05  first_tok_ms=65.67
[stats] prefill=8193 tokens  context_used=8257/16384
[spec] draft_steps=28 total_accepted=64 avg_accept=2.29
[mem]  VRAM used=19.31 GB  total=24.00 GB
