[dflash] WARNING: detected CUDA device 0 (NVIDIA GeForce RTX 3090) with 23 GiB VRAM.
[dflash]          Long-context prefill on <=24 GiB cards is significantly
[dflash]          slower with VMM enabled. Consider rebuilding with:
[dflash]              cmake -DGGML_CUDA_NO_VMM=ON ..
ggml_cuda_init: found 1 CUDA devices (Total VRAM: 24575 MiB):
  Device 0: NVIDIA GeForce RTX 3090, compute capability 8.6, VMM: no, VRAM: 24575 MiB
[cache] created max_ctx=32768 (full_attn=32768, swa=2048), kv_layers=30, saved 78.1%
[cache] kv types: SWA=tq3_0, full=tq3_0
[cfg] model=/home/peppi/models/gemma4-26b-a4b-it/gemma-4-26B-A4B-it-UD-Q4_K_M.gguf draft=(none) method=none gpu=0 ctx=32768 n_predict=64 kv_k=tq3_0 kv_v=tq3_0 temp=0.00 top_k=0 top_p=1.00 budget=22 bench=0 fa_window=0 draft_max=0 adaptive=0 draft_kv_cap_override=0 pflash=1 pflash_alpha=0.120
[gemma4_loader] bos_id=2 eos_id=106 eos_chat_id=107
[gemma4_loader] capture_layer_ids: 1 6 11 17 22 27
[target] loaded 30 layers, n_embd=2816, vocab=262144  (2199.8 ms)
[cache] created max_ctx=32768, kv_layers=30  (42.6 ms)
[tokens] using 12238 pre-tokenised IDs from --tokens
[tokens] prepended BOS token 2
[prefill] 12239 tokens ...
[prefill] 12239 tokens in 5297.9 ms (2310.1 tok/s) [chunked+pflash, chunk_size=1024]  (last sampled token: 236770)
[tgt-only-dbg] logits[0..3]: -19.804 -17.562 -10.321 -19.668 max=7.211@236862 next=236862
236770 236862 236800 563 532 563 4250 723 45659 105938 105938 105938 105938 107 45518 107 101 2094 9173 563 496 5249 529 12801 14955 5151 17202 684 506 2269 9935 236787 108 1018 4809 21072 532 50698 1018 107 236829 139 1018 103831 45750 53121 2085 563 496 7274 50932 580 17856 236789 236751 10828 14929 6436 236764 10916 2165 3275 825 8347 
[stats] generated=64  decode_ms=1773.6  tok/s=36.08  first_tok_ms=36.50
[stats] prefill=12239 tokens  context_used=12303/32768
[mem]  VRAM used=17.85 GB  total=24.00 GB
