[dflash] WARNING: detected CUDA device 0 (NVIDIA GeForce RTX 3090) with 23 GiB VRAM.
[dflash]          Long-context prefill on <=24 GiB cards is significantly
[dflash]          slower with VMM enabled. Consider rebuilding with:
[dflash]              cmake -DGGML_CUDA_NO_VMM=ON ..
ggml_cuda_init: found 1 CUDA devices (Total VRAM: 24575 MiB):
  Device 0: NVIDIA GeForce RTX 3090, compute capability 8.6, VMM: no, VRAM: 24575 MiB
[cache] MTP donor override: forced Q8_0 on 2 layer(s) to avoid TQ3/FWHT cross-attn mismatch
[cache] created max_ctx=1048576 (full_attn=1048576, swa=2048), kv_layers=30, saved 83.2%
[cache] kv types: SWA=tq3_0, full=tq3_0
ggml_backend_cuda_graph_compute: CUDA graph warmup complete
[cfg] model=/home/peppi/models/gemma4-26b-a4b-it/gemma-4-26B-A4B-it-UD-Q4_K_M.gguf draft=(none) method=mtp gpu=0 ctx=1048576 n_predict=64 kv_k=tq3_0 kv_v=tq3_0 temp=0.00 top_k=0 top_p=1.00 budget=22 bench=0 fa_window=0 draft_max=0 adaptive=0 draft_kv_cap_override=0 pflash=1 pflash_alpha=0.120
[gemma4_loader] bos_id=2 eos_id=106 eos_chat_id=107
[gemma4_loader] capture_layer_ids: 1 6 11 17 22 27
[target] loaded 30 layers, n_embd=2816, vocab=262144  (2160.4 ms)
[mtp_loader] loaded: n_embd_backbone=2816 n_mtp_layers=4 attention_k_eq_v=1 n_centroids=2048 use_ordered_embeddings=0 requires_target_arch=gemma4 tensors=49 GPU 295.34 MiB
[mtp_loader]   layer[0]: is_swa=1 donor_target_layer=59
[mtp_loader]   layer[1]: is_swa=1 donor_target_layer=59
[mtp_loader]   layer[2]: is_swa=1 donor_target_layer=59
[mtp_loader]   layer[3]: is_swa=0 donor_target_layer=58
[mtp] loaded n_layers=4 n_embd=1024 n_embd_backbone=2816  (96.1 ms)
[cache] created max_ctx=1048576, kv_layers=30  (672.7 ms)
[mtp] mtp_last_full_layer=29
[mtp-fa-types] layer 0: Qfa=f32 Kfa=q8_0 Vfa=q8_0 head_dim_fa=256 kv_is_tq3=0 need_mask=0
[mtp-fa-types] layer 1: Qfa=f32 Kfa=q8_0 Vfa=q8_0 head_dim_fa=256 kv_is_tq3=0 need_mask=0
[mtp-fa-types] layer 2: Qfa=f32 Kfa=q8_0 Vfa=q8_0 head_dim_fa=256 kv_is_tq3=0 need_mask=0
[mtp-fa-types] layer 3: Qfa=f32 Kfa=q8_0 Vfa=q8_0 head_dim_fa=512 kv_is_tq3=0 need_mask=1
[mtp] step graph built ok
[tokens] using 49903 pre-tokenised IDs from --tokens
[tokens] prepended BOS token 2
[prefill] 49904 tokens ...
[prefill] 49904 tokens in 27134.6 ms (1839.1 tok/s) [chunked+pflash, chunk_size=1024]  (last sampled token: 7243)
107 [mtp-gt1] chain k=1 accepted=0 bonus=107 total_acc=0 pos_mode=const
ggml_backend_cuda_graph_compute: CUDA graph warmup complete
100 [mtp-gt1] chain k=2 accepted=0 bonus=100 total_acc=0 pos_mode=const
ggml_backend_cuda_graph_compute: CUDA graph warmup complete
45518 107 759 [mtp-gt1] chain k=3 accepted=2 bonus=759 total_acc=2 pos_mode=const
ggml_backend_cuda_graph_compute: CUDA graph warmup complete
107 [mtp-gt1] chain k=4 accepted=0 bonus=107 total_acc=2 pos_mode=const
ggml_backend_cuda_graph_compute: CUDA graph warmup complete
10354 [mtp-gt1] chain k=5 accepted=0 bonus=10354 total_acc=2 pos_mode=const
ggml_backend_cuda_graph_compute: CUDA graph warmup complete
25252 529 137944 [mtp-gt1] chain k=6 accepted=2 bonus=137944 total_acc=4 pos_mode=const
ggml_backend_cuda_graph_compute: CUDA graph warmup complete
532 81179 [mtp-gt1] chain k=7 accepted=1 bonus=81179 total_acc=5 pos_mode=const
ggml_backend_cuda_graph_compute: CUDA graph warmup complete
108 818 [mtp-gt1] chain k=8 accepted=1 bonus=818 total_acc=6 pos_mode=const
ggml_backend_cuda_graph_compute: CUDA graph warmup complete
3847 1816 563 [mtp-gt1] chain k=9 accepted=2 bonus=563 total_acc=8 pos_mode=const
ggml_backend_cuda_graph_compute: CUDA graph warmup complete
496 22907 [mtp-gt1] chain k=10 accepted=1 bonus=22907 total_acc=9 pos_mode=const
ggml_backend_cuda_graph_compute: CUDA graph warmup complete
529 124196 [mtp-gt1] chain k=11 accepted=1 bonus=124196 total_acc=10 pos_mode=const
ggml_backend_cuda_graph_compute: CUDA graph warmup complete
699 1156 [mtp-gt1] chain k=12 accepted=1 bonus=1156 total_acc=11 pos_mode=const
ggml_backend_cuda_graph_compute: CUDA graph warmup complete
9245 [mtp-gt1] chain k=13 accepted=0 bonus=9245 total_acc=11 pos_mode=const
ggml_backend_cuda_graph_compute: CUDA graph warmup complete
36951 508 10772 [mtp-gt1] chain k=14 accepted=2 bonus=10772 total_acc=13 pos_mode=const
ggml_backend_cuda_graph_compute: CUDA graph warmup complete
236787 27435 [mtp-gt1] chain k=15 accepted=1 bonus=27435 total_acc=14 pos_mode=const
ggml_backend_cuda_graph_compute: CUDA graph warmup complete
236780 6886 40707 [mtp-gt1] chain k=16 accepted=2 bonus=40707 total_acc=16 pos_mode=const
ggml_backend_cuda_graph_compute: CUDA graph warmup complete
605 [mtp-gt1] chain k=17 accepted=0 bonus=605 total_acc=16 pos_mode=const
ggml_backend_cuda_graph_compute: CUDA graph warmup complete
13513 532 [mtp-gt1] chain k=18 accepted=1 bonus=532 total_acc=17 pos_mode=const
ggml_backend_cuda_graph_compute: CUDA graph warmup complete
27435 40421 [mtp-gt1] chain k=19 accepted=1 bonus=40421 total_acc=18 pos_mode=const
ggml_backend_cuda_graph_compute: CUDA graph warmup complete
8488 13513 236761 5978 [mtp-gt1] chain k=20 accepted=3 bonus=5978 total_acc=21 pos_mode=const
ggml_backend_cuda_graph_compute: CUDA graph warmup complete
901 [mtp-gt1] chain k=21 accepted=0 bonus=901 total_acc=21 pos_mode=const
ggml_backend_cuda_graph_compute: CUDA graph warmup complete
659 [mtp-gt1] chain k=22 accepted=0 bonus=659 total_acc=21 pos_mode=const
ggml_backend_cuda_graph_compute: CUDA graph warmup complete
7732 4146 [mtp-gt1] chain k=23 accepted=1 bonus=4146 total_acc=22 pos_mode=const
ggml_backend_cuda_graph_compute: CUDA graph warmup complete
236764 506 [mtp-gt1] chain k=24 accepted=1 bonus=506 total_acc=23 pos_mode=const
ggml_backend_cuda_graph_compute: CUDA graph warmup complete
9292 [mtp-gt1] chain k=25 accepted=0 bonus=9292 total_acc=23 pos_mode=const
ggml_backend_cuda_graph_compute: CUDA graph warmup complete
38974 15060 [mtp-gt1] chain k=26 accepted=1 bonus=15060 total_acc=24 pos_mode=const
ggml_backend_cuda_graph_compute: CUDA graph warmup complete
496 27725 [mtp-gt1] chain k=27 accepted=1 bonus=27725 total_acc=25 pos_mode=const
ggml_backend_cuda_graph_compute: CUDA graph warmup complete
2748 529 2066 [mtp-gt1] chain k=28 accepted=2 bonus=2066 total_acc=27 pos_mode=const
ggml_backend_cuda_graph_compute: CUDA graph warmup complete
236764 506 [mtp-gt1] chain k=29 accepted=1 bonus=506 total_acc=28 pos_mode=const
ggml_backend_cuda_graph_compute: CUDA graph warmup complete
43866 [mtp-gt1] chain k=30 accepted=0 bonus=43866 total_acc=28 pos_mode=const
ggml_backend_cuda_graph_compute: CUDA graph warmup complete
529 1237 [mtp-gt1] chain k=31 accepted=1 bonus=1237 total_acc=29 pos_mode=const
ggml_backend_cuda_graph_compute: CUDA graph warmup complete
8737 236764 532 506 [mtp-gt1] chain k=32 accepted=4 bonus=44507 total_acc=33 pos_mode=const

[mtp-gt1] chains=32 total_accepted=33 mean_accept=1.03 accept_rate=0.258 gamma=4 pos_mode=const

[stats] generated=64  decode_ms=3732.3  tok/s=17.15  first_tok_ms=135.72
[stats] prefill=49904 tokens  context_used=49969/1048576
[mem]  VRAM used=23.95 GB  total=24.00 GB
