[dflash] WARNING: detected CUDA device 0 (NVIDIA GeForce RTX 3090) with 23 GiB VRAM.
[dflash]          Long-context prefill on <=24 GiB cards is significantly
[dflash]          slower with VMM enabled. Consider rebuilding with:
[dflash]              cmake -DGGML_CUDA_NO_VMM=ON ..
ggml_cuda_init: found 1 CUDA devices (Total VRAM: 24575 MiB):
  Device 0: NVIDIA GeForce RTX 3090, compute capability 8.6, VMM: no, VRAM: 24575 MiB
[gemma4 draft GGUF] loaded: n_layer=5 n_head=32 n_kv=8 n_embd=2816 n_ff=5632 head_dim=128 target_hidden=2816  (0.43 GiB on GPU)
[cache] narrow asymmetric: forced Q8_0 on 2 captured full-attn layer(s) (remaining 3 full-attn keep TQ3)
[cache] created max_ctx=4096 (full_attn=4096, swa=2048), kv_layers=30, saved 41.7%
[cache] kv types: SWA=tq3_0, full=tq3_0
[cfg] model=/home/peppi/models/gemma4-26b-a4b-it/gemma-4-26B-A4B-it-UD-Q4_K_M.gguf draft=/home/peppi/models/gemma4-26b-a4b-dflash/draft-q8_0.gguf method=dflash gpu=0 ctx=4096 n_predict=64 kv_k=tq3_0 kv_v=tq3_0 temp=0.00 top_k=0 top_p=1.00 budget=22 bench=0 fa_window=0 draft_max=4 adaptive=0 draft_kv_cap_override=0 pflash=1 pflash_alpha=0.120
[gemma4_loader] bos_id=2 eos_id=106 eos_chat_id=107
[gemma4_loader] capture_layer_ids: 1 6 11 17 22 27
[target] loaded 30 layers, n_embd=2816, vocab=262144  (2381.0 ms)
[tok_embd] uploaded 748.0 MiB to GPU (q8_0 [2816, 262144])
[draft] loaded n_layer=5 n_head=32 n_embd=2816 n_vocab=262144 target_hidden=2816 block_size=16  (75.6 ms)
[cache] created max_ctx=4096, kv_layers=30  (35.6 ms)
[draft] KV cache allocated: 2096 slots
[tokens] using 1998 pre-tokenised IDs from --tokens
[tokens] prepended BOS token 2
[prefill] 1999 tokens ...
[prefill] 1999 tokens in 823.6 ms (2427.3 tok/s) [chunked+pflash, chunk_size=1024]  (last sampled token: 22539)
[draft] KV prefill done: 1999 positions materialized (skipped 0 early tokens, cap=2096, target_feat_cap=4096, dkv_pos=1999)
22539 27801 236769 29139 [step 1] accept=4/4 avg=4.0 draft_ms=5.45 verify_ms=40.31 kv_ms=0.71 refill_ms=0.00
24674 [step 2] accept=1/4 avg=2.5 draft_ms=2.75 verify_ms=33.26 kv_ms=1.07 refill_ms=0.00
17641 963 756 [step 3] accept=3/4 avg=2.7 draft_ms=2.89 verify_ms=34.06 kv_ms=0.57 refill_ms=0.00
1852 [step 4] accept=1/4 avg=2.2 draft_ms=2.78 verify_ms=32.52 kv_ms=0.53 refill_ms=0.00
519 [step 5] accept=1/4 avg=2.0 draft_ms=2.81 verify_ms=31.50 kv_ms=0.52 refill_ms=0.00
963 756 [step 6] accept=2/4 avg=2.0 draft_ms=2.73 verify_ms=31.85 kv_ms=0.57 refill_ms=0.00
28975 [step 7] accept=1/4 avg=1.9 draft_ms=2.75 verify_ms=32.50 kv_ms=0.67 refill_ms=0.00
963 756 [step 8] accept=2/4 avg=1.9 draft_ms=2.77 verify_ms=30.83 kv_ms=0.49 refill_ms=0.00
28975 [step 9] accept=1/4 avg=1.8 draft_ms=2.76 verify_ms=30.72 kv_ms=0.90 refill_ms=0.00
963 756 [step 10] accept=2/4 avg=1.8 draft_ms=2.78 verify_ms=30.88 kv_ms=0.48 refill_ms=0.00
28975 [step 11] accept=1/4 avg=1.7 draft_ms=2.70 verify_ms=30.52 kv_ms=0.52 refill_ms=0.00
963 756 [step 12] accept=2/4 avg=1.8 draft_ms=2.80 verify_ms=32.87 kv_ms=0.74 refill_ms=0.00
5594 [step 13] accept=1/4 avg=1.7 draft_ms=2.74 verify_ms=32.76 kv_ms=0.51 refill_ms=0.00
654 [step 14] accept=1/4 avg=1.6 draft_ms=2.77 verify_ms=30.28 kv_ms=0.52 refill_ms=0.00
963 756 5594 [step 15] accept=3/4 avg=1.7 draft_ms=2.74 verify_ms=29.88 kv_ms=0.49 refill_ms=0.00
654 [step 16] accept=1/4 avg=1.7 draft_ms=2.71 verify_ms=33.60 kv_ms=0.57 refill_ms=0.00
963 756 5594 654 [step 17] accept=4/4 avg=1.8 draft_ms=2.87 verify_ms=33.02 kv_ms=0.56 refill_ms=0.00
10190 107 140 [step 18] accept=3/4 avg=1.9 draft_ms=2.73 verify_ms=31.16 kv_ms=0.48 refill_ms=0.00
9336 107 140 [step 19] accept=3/4 avg=1.9 draft_ms=2.74 verify_ms=31.16 kv_ms=0.67 refill_ms=0.00
3805 107 140 [step 20] accept=3/4 avg=2.0 draft_ms=2.76 verify_ms=30.87 kv_ms=0.68 refill_ms=0.00
12234 107 [step 21] accept=2/4 avg=2.0 draft_ms=2.75 verify_ms=33.22 kv_ms=0.59 refill_ms=0.00
621 107 [step 22] accept=2/4 avg=2.0 draft_ms=2.79 verify_ms=34.29 kv_ms=0.62 refill_ms=0.00
621 107 [step 23] accept=2/4 avg=2.0 draft_ms=2.78 verify_ms=29.91 kv_ms=0.54 refill_ms=0.00
621 107 [step 24] accept=2/4 avg=2.0 draft_ms=2.77 verify_ms=32.88 kv_ms=0.52 refill_ms=0.00
621 107 [step 25] accept=2/4 avg=2.0 draft_ms=2.76 verify_ms=33.86 kv_ms=0.62 refill_ms=0.00
621 107 [step 26] accept=2/4 avg=2.0 draft_ms=2.80 verify_ms=30.43 kv_ms=0.48 refill_ms=0.00
621 107 [step 27] accept=2/4 avg=2.0 draft_ms=2.78 verify_ms=31.96 kv_ms=0.47 refill_ms=0.00
621 107 [step 28] accept=2/4 avg=2.0 draft_ms=2.81 verify_ms=31.08 kv_ms=0.51 refill_ms=0.00
621 107 [step 29] accept=2/4 avg=2.0 draft_ms=2.72 verify_ms=33.31 kv_ms=0.70 refill_ms=0.00
621 107 [step 30] accept=2/4 avg=2.0 draft_ms=2.81 verify_ms=31.41 kv_ms=0.75 refill_ms=0.00
621 107 [step 31] accept=2/4 avg=2.0 draft_ms=2.77 verify_ms=31.52 kv_ms=0.76 refill_ms=0.00
621 107 [step 32] accept=2/4 avg=2.0 draft_ms=2.72 verify_ms=30.05 kv_ms=0.63 refill_ms=0.00

[stats] generated=64  decode_ms=1306.2  tok/s=49.00  first_tok_ms=59.34
[stats] prefill=1999 tokens  context_used=2063/4096
[spec] draft_steps=32 total_accepted=64 avg_accept=2.00
[mem]  VRAM used=19.25 GB  total=24.00 GB
