[dflash] WARNING: detected CUDA device 0 (NVIDIA GeForce RTX 3090) with 23 GiB VRAM.
[dflash]          Long-context prefill on <=24 GiB cards is significantly
[dflash]          slower with VMM enabled. Consider rebuilding with:
[dflash]              cmake -DGGML_CUDA_NO_VMM=ON ..
ggml_cuda_init: found 1 CUDA devices (Total VRAM: 24575 MiB):
  Device 0: NVIDIA GeForce RTX 3090, compute capability 8.6, VMM: no, VRAM: 24575 MiB
[cache] MTP donor override: forced Q8_0 on 2 layer(s) to avoid TQ3/FWHT cross-attn mismatch
[cache] created max_ctx=16384 (full_attn=16384, swa=2048), kv_layers=30, saved 72.9%
[cache] kv types: SWA=tq3_0, full=tq3_0
ggml_backend_cuda_graph_compute: CUDA graph warmup complete
[cfg] model=/home/peppi/models/gemma4-26b-a4b-it/gemma-4-26B-A4B-it-UD-Q4_K_M.gguf draft=(none) method=mtp gpu=0 ctx=16384 n_predict=64 kv_k=tq3_0 kv_v=tq3_0 temp=0.00 top_k=0 top_p=1.00 budget=22 bench=0 fa_window=0 draft_max=0 adaptive=0 draft_kv_cap_override=0 pflash=1 pflash_alpha=0.120
[gemma4_loader] bos_id=2 eos_id=106 eos_chat_id=107
[gemma4_loader] capture_layer_ids: 1 6 11 17 22 27
[target] loaded 30 layers, n_embd=2816, vocab=262144  (2318.4 ms)
[mtp_loader] loaded: n_embd_backbone=2816 n_mtp_layers=4 attention_k_eq_v=1 n_centroids=2048 use_ordered_embeddings=0 requires_target_arch=gemma4 tensors=49 GPU 295.34 MiB
[mtp_loader]   layer[0]: is_swa=1 donor_target_layer=59
[mtp_loader]   layer[1]: is_swa=1 donor_target_layer=59
[mtp_loader]   layer[2]: is_swa=1 donor_target_layer=59
[mtp_loader]   layer[3]: is_swa=0 donor_target_layer=58
[mtp] loaded n_layers=4 n_embd=1024 n_embd_backbone=2816  (103.2 ms)
[cache] created max_ctx=16384, kv_layers=30  (38.7 ms)
[mtp] mtp_last_full_layer=29
[mtp-fa-types] layer 0: Qfa=f32 Kfa=q8_0 Vfa=q8_0 head_dim_fa=256 kv_is_tq3=0 need_mask=0
[mtp-fa-types] layer 1: Qfa=f32 Kfa=q8_0 Vfa=q8_0 head_dim_fa=256 kv_is_tq3=0 need_mask=0
[mtp-fa-types] layer 2: Qfa=f32 Kfa=q8_0 Vfa=q8_0 head_dim_fa=256 kv_is_tq3=0 need_mask=0
[mtp-fa-types] layer 3: Qfa=f32 Kfa=q8_0 Vfa=q8_0 head_dim_fa=512 kv_is_tq3=0 need_mask=1
[mtp] step graph built ok
[tokens] using 8142 pre-tokenised IDs from --tokens
[tokens] prepended BOS token 2
[prefill] 8143 tokens ...
[prefill] 8143 tokens in 3306.4 ms (2462.8 tok/s) [chunked+pflash, chunk_size=1024]  (last sampled token: 236770)
236744 [mtp-gt1] chain k=1 accepted=0 bonus=236744 total_acc=0 pos_mode=const
ggml_backend_cuda_graph_compute: CUDA graph warmup complete
236772 236810 [mtp-gt1] chain k=2 accepted=1 bonus=236810 total_acc=1 pos_mode=const
ggml_backend_cuda_graph_compute: CUDA graph warmup reset
ggml_backend_cuda_graph_compute: CUDA graph warmup complete
236764 [mtp-gt1] chain k=3 accepted=0 bonus=236764 total_acc=1 pos_mode=const
ggml_backend_cuda_graph_compute: CUDA graph warmup reset
ggml_backend_cuda_graph_compute: CUDA graph warmup complete
236743 569 [mtp-gt1] chain k=4 accepted=1 bonus=569 total_acc=2 pos_mode=const
ggml_backend_cuda_graph_compute: CUDA graph warmup reset
ggml_backend_cuda_graph_compute: CUDA graph warmup complete
767 [mtp-gt1] chain k=5 accepted=0 bonus=767 total_acc=2 pos_mode=const
ggml_backend_cuda_graph_compute: CUDA graph warmup reset
ggml_backend_cuda_graph_compute: CUDA graph warmup complete
497 [mtp-gt1] chain k=6 accepted=0 bonus=497 total_acc=2 pos_mode=const
ggml_backend_cuda_graph_compute: CUDA graph warmup reset
ggml_backend_cuda_graph_compute: CUDA graph warmup complete
7532 [mtp-gt1] chain k=7 accepted=0 bonus=7532 total_acc=2 pos_mode=const
ggml_backend_cuda_graph_compute: CUDA graph warmup reset
ggml_backend_cuda_graph_compute: CUDA graph warmup complete
236779 [mtp-gt1] chain k=8 accepted=0 bonus=236779 total_acc=2 pos_mode=const
ggml_backend_cuda_graph_compute: CUDA graph warmup reset
ggml_backend_cuda_graph_compute: CUDA graph warmup complete
19098 [mtp-gt1] chain k=9 accepted=0 bonus=19098 total_acc=2 pos_mode=const
ggml_backend_cuda_graph_compute: CUDA graph warmup reset
ggml_backend_cuda_graph_compute: CUDA graph warmup complete
236779 [mtp-gt1] chain k=10 accepted=0 bonus=236779 total_acc=2 pos_mode=const
ggml_backend_cuda_graph_compute: CUDA graph warmup reset
ggml_backend_cuda_graph_compute: CUDA graph warmup complete
19098 [mtp-gt1] chain k=11 accepted=0 bonus=19098 total_acc=2 pos_mode=const
ggml_backend_cuda_graph_compute: CUDA graph warmup reset
ggml_backend_cuda_graph_compute: CUDA graph warmup complete
236779 19098 [mtp-gt1] chain k=12 accepted=1 bonus=19098 total_acc=3 pos_mode=const
ggml_backend_cuda_graph_compute: CUDA graph warmup reset
ggml_backend_cuda_graph_compute: CUDA graph warmup complete
236779 19098 [mtp-gt1] chain k=13 accepted=1 bonus=19098 total_acc=4 pos_mode=const
ggml_backend_cuda_graph_compute: CUDA graph warmup reset
ggml_backend_cuda_graph_compute: CUDA graph warmup complete
236779 19098 [mtp-gt1] chain k=14 accepted=1 bonus=19098 total_acc=5 pos_mode=const
ggml_backend_cuda_graph_compute: CUDA graph warmup reset
ggml_backend_cuda_graph_compute: CUDA graph warmup complete
236779 19098 [mtp-gt1] chain k=15 accepted=1 bonus=19098 total_acc=6 pos_mode=const
ggml_backend_cuda_graph_compute: CUDA graph warmup reset
ggml_backend_cuda_graph_compute: CUDA graph warmup complete
236779 537 [mtp-gt1] chain k=16 accepted=1 bonus=537 total_acc=7 pos_mode=const
ggml_backend_cuda_graph_compute: CUDA graph warmup reset
ggml_backend_cuda_graph_compute: CUDA graph warmup complete
578 [mtp-gt1] chain k=17 accepted=0 bonus=578 total_acc=7 pos_mode=const
ggml_backend_cuda_graph_compute: CUDA graph warmup reset
ggml_backend_cuda_graph_compute: CUDA graph warmup complete
766 [mtp-gt1] chain k=18 accepted=0 bonus=766 total_acc=7 pos_mode=const
ggml_backend_cuda_graph_compute: CUDA graph warmup reset
ggml_backend_cuda_graph_compute: CUDA graph warmup complete
236764 766 [mtp-gt1] chain k=19 accepted=1 bonus=766 total_acc=8 pos_mode=const
ggml_backend_cuda_graph_compute: CUDA graph warmup reset
ggml_backend_cuda_graph_compute: CUDA graph warmup complete
107 537 [mtp-gt1] chain k=20 accepted=1 bonus=537 total_acc=9 pos_mode=const
ggml_backend_cuda_graph_compute: CUDA graph warmup reset
ggml_backend_cuda_graph_compute: CUDA graph warmup complete
578 537 [mtp-gt1] chain k=21 accepted=1 bonus=537 total_acc=10 pos_mode=const
ggml_backend_cuda_graph_compute: CUDA graph warmup reset
ggml_backend_cuda_graph_compute: CUDA graph warmup complete
973 [mtp-gt1] chain k=22 accepted=0 bonus=973 total_acc=10 pos_mode=const
ggml_backend_cuda_graph_compute: CUDA graph warmup reset
ggml_backend_cuda_graph_compute: CUDA graph warmup complete
236743 [mtp-gt1] chain k=23 accepted=0 bonus=236743 total_acc=10 pos_mode=const
ggml_backend_cuda_graph_compute: CUDA graph warmup reset
ggml_backend_cuda_graph_compute: CUDA graph warmup complete
808 [mtp-gt1] chain k=24 accepted=0 bonus=808 total_acc=10 pos_mode=const
ggml_backend_cuda_graph_compute: CUDA graph warmup reset
ggml_backend_cuda_graph_compute: CUDA graph warmup complete
808 [mtp-gt1] chain k=25 accepted=0 bonus=808 total_acc=10 pos_mode=const
ggml_backend_cuda_graph_compute: CUDA graph warmup reset
ggml_backend_cuda_graph_compute: CUDA graph warmup complete
808 [mtp-gt1] chain k=26 accepted=0 bonus=808 total_acc=10 pos_mode=const
ggml_backend_cuda_graph_compute: CUDA graph warmup reset
ggml_backend_cuda_graph_compute: CUDA graph warmup complete
808 808 [mtp-gt1] chain k=27 accepted=1 bonus=808 total_acc=11 pos_mode=const
ggml_backend_cuda_graph_compute: CUDA graph warmup reset
ggml_backend_cuda_graph_compute: CUDA graph warmup complete
808 808 [mtp-gt1] chain k=28 accepted=1 bonus=808 total_acc=12 pos_mode=const
ggml_backend_cuda_graph_compute: CUDA graph warmup reset
ggml_backend_cuda_graph_compute: CUDA graph warmup complete
808 808 [mtp-gt1] chain k=29 accepted=1 bonus=808 total_acc=13 pos_mode=const
ggml_backend_cuda_graph_compute: CUDA graph warmup reset
ggml_backend_cuda_graph_compute: CUDA graph warmup complete
808 808 [mtp-gt1] chain k=30 accepted=1 bonus=808 total_acc=14 pos_mode=const
ggml_backend_cuda_graph_compute: CUDA graph warmup reset
ggml_backend_cuda_graph_compute: CUDA graph warmup complete
808 808 [mtp-gt1] chain k=31 accepted=1 bonus=808 total_acc=15 pos_mode=const
ggml_backend_cuda_graph_compute: CUDA graph warmup reset
ggml_backend_cuda_graph_compute: CUDA graph warmup complete
808 532 [mtp-gt1] chain k=32 accepted=1 bonus=532 total_acc=16 pos_mode=const
ggml_backend_cuda_graph_compute: CUDA graph warmup reset
ggml_backend_cuda_graph_compute: CUDA graph warmup complete
808 [mtp-gt1] chain k=33 accepted=0 bonus=808 total_acc=16 pos_mode=const
ggml_backend_cuda_graph_compute: CUDA graph warmup complete
808 808 [mtp-gt1] chain k=34 accepted=1 bonus=808 total_acc=17 pos_mode=const
ggml_backend_cuda_graph_compute: CUDA graph warmup reset
ggml_backend_cuda_graph_compute: CUDA graph warmup complete
537 [mtp-gt1] chain k=35 accepted=0 bonus=537 total_acc=17 pos_mode=const
ggml_backend_cuda_graph_compute: CUDA graph warmup complete
578 537 [mtp-gt1] chain k=36 accepted=1 bonus=537 total_acc=18 pos_mode=const
ggml_backend_cuda_graph_compute: CUDA graph warmup complete
973 808 [mtp-gt1] chain k=37 accepted=1 bonus=808 total_acc=19 pos_mode=const
ggml_backend_cuda_graph_compute: CUDA graph warmup complete
808 808 236758 [mtp-gt1] chain k=38 accepted=2 bonus=236758 total_acc=21 pos_mode=const
ggml_backend_cuda_graph_compute: CUDA graph warmup complete
236769 236781 [mtp-gt1] chain k=39 accepted=1 bonus=236781 total_acc=22 pos_mode=const
ggml_backend_cuda_graph_compute: CUDA graph warmup complete
236764 [mtp-gt1] chain k=40 accepted=0 bonus=236764 total_acc=22 pos_mode=const
ggml_backend_cuda_graph_compute: CUDA graph warmup complete
1123 [mtp-gt1] chain k=41 accepted=0 bonus=1123 total_acc=22 pos_mode=const
ggml_backend_cuda_graph_compute: CUDA graph warmup complete
236764 [mtp-gt1] chain k=42 accepted=0 bonus=236764 total_acc=22 pos_mode=const

[mtp-gt1] chains=42 total_accepted=22 mean_accept=0.52 accept_rate=0.262 gamma=2 pos_mode=const

[stats] generated=64  decode_ms=1658.9  tok/s=38.58  first_tok_ms=58.69
[stats] prefill=8143 tokens  context_used=8207/16384
[mem]  VRAM used=18.12 GB  total=24.00 GB
