[dflash] WARNING: detected CUDA device 0 (NVIDIA GeForce RTX 3090) with 23 GiB VRAM.
[dflash]          Long-context prefill on <=24 GiB cards is significantly
[dflash]          slower with VMM enabled. Consider rebuilding with:
[dflash]              cmake -DGGML_CUDA_NO_VMM=ON ..
ggml_cuda_init: found 1 CUDA devices (Total VRAM: 24575 MiB):
  Device 0: NVIDIA GeForce RTX 3090, compute capability 8.6, VMM: no, VRAM: 24575 MiB
[cache] created max_ctx=262144 (full_attn=262144, swa=2048), kv_layers=30, saved 82.7%
[cache] kv types: SWA=tq3_0, full=tq3_0
[cfg] model=/home/peppi/models/gemma4-26b-a4b-it/gemma-4-26B-A4B-it-UD-Q4_K_M.gguf draft=(none) method=none gpu=0 ctx=262144 n_predict=64 kv_k=tq3_0 kv_v=tq3_0 temp=0.00 top_k=0 top_p=1.00 budget=22 bench=0 fa_window=0 draft_max=0 adaptive=0 draft_kv_cap_override=0 pflash=1 pflash_alpha=0.120
[gemma4_loader] bos_id=2 eos_id=106 eos_chat_id=107
[gemma4_loader] capture_layer_ids: 1 6 11 17 22 27
[target] loaded 30 layers, n_embd=2816, vocab=262144  (2222.5 ms)
[cache] created max_ctx=262144, kv_layers=30  (158.6 ms)
[tokens] using 49903 pre-tokenised IDs from --tokens
[tokens] prepended BOS token 2
[prefill] 49904 tokens ...
[prefill] 49904 tokens in 29561.1 ms (1688.2 tok/s) [chunked+pflash, chunk_size=1024]  (last sampled token: 100)
[tgt-only-dbg] logits[0..3]: -12.896 -0.124 0.820 -12.305 max=26.513@45518 next=45518
100 45518 107 101 2094 38974 10594 529 124196 699 1156 9245 36951 508 10772 236787 27435 236780 6886 40707 605 13513 532 27435 40421 8488 13513 236761 5978 901 659 7732 4146 236764 506 3847 1816 20756 506 53552 36951 508 63978 847 607 5255 32202 236764 506 16625 1534 2147 9834 532 1237 11133 236764 532 506 37590 4135 529 3246 32192 
[stats] generated=64  decode_ms=3272.0  tok/s=19.56  first_tok_ms=57.67
[stats] prefill=49904 tokens  context_used=49968/262144
[mem]  VRAM used=19.06 GB  total=24.00 GB
