[dflash] WARNING: detected CUDA device 0 (NVIDIA GeForce RTX 3090) with 23 GiB VRAM.
[dflash]          Long-context prefill on <=24 GiB cards is significantly
[dflash]          slower with VMM enabled. Consider rebuilding with:
[dflash]              cmake -DGGML_CUDA_NO_VMM=ON ..
ggml_cuda_init: found 1 CUDA devices (Total VRAM: 24575 MiB):
  Device 0: NVIDIA GeForce RTX 3090, compute capability 8.6, VMM: no, VRAM: 24575 MiB
[gemma4 draft GGUF] loaded: n_layer=5 n_head=32 n_kv=8 n_embd=2816 n_ff=5632 head_dim=128 target_hidden=2816  (0.43 GiB on GPU)
[cache] narrow asymmetric: forced Q8_0 on 2 captured full-attn layer(s) (remaining 3 full-attn keep TQ3)
[cache] created max_ctx=4096 (full_attn=4096, swa=2048), kv_layers=30, saved 41.7%
[cache] kv types: SWA=tq3_0, full=tq3_0
[spec] draft KV sliding re-prefill: kept 2092 tokens (positions 520..2611), dkv_cap=2096
[cfg] model=/home/peppi/models/gemma4-26b-a4b-it/gemma-4-26B-A4B-it-UD-Q4_K_M.gguf draft=/home/peppi/models/gemma4-26b-a4b-dflash/draft-q8_0.gguf method=dflash gpu=0 ctx=4096 n_predict=64 kv_k=tq3_0 kv_v=tq3_0 temp=0.00 top_k=0 top_p=1.00 budget=22 bench=0 fa_window=0 draft_max=4 adaptive=0 draft_kv_cap_override=0 pflash=1 pflash_alpha=0.120
[gemma4_loader] bos_id=2 eos_id=106 eos_chat_id=107
[gemma4_loader] capture_layer_ids: 1 6 11 17 22 27
[target] loaded 30 layers, n_embd=2816, vocab=262144  (2351.7 ms)
[tok_embd] uploaded 748.0 MiB to GPU (q8_0 [2816, 262144])
[draft] loaded n_layer=5 n_head=32 n_embd=2816 n_vocab=262144 target_hidden=2816 block_size=16  (68.9 ms)
[cache] created max_ctx=4096, kv_layers=30  (32.8 ms)
[draft] KV cache allocated: 2096 slots
[tokens] using 2611 pre-tokenised IDs from --tokens
[tokens] prepended BOS token 2
[prefill] 2612 tokens ...
[prefill] 2612 tokens in 1055.8 ms (2474.1 tok/s) [chunked+pflash, chunk_size=1024]  (last sampled token: 100)
[draft] KV prefill done: 2096 positions materialized (skipped 516 early tokens, cap=2096, target_feat_cap=4096, dkv_pos=2096)
100 45518 [spec] draft KV sliding re-prefill: kept 2092 tokens (positions 522..2613), dkv_cap=2096
ggml_backend_cuda_graph_compute: CUDA graph warmup complete
[step 1] accept=2/4 avg=2.0 draft_ms=5.59 verify_ms=37.21 kv_ms=0.65 refill_ms=9.66
107 [spec] draft KV sliding re-prefill: kept 2092 tokens (positions 523..2614), dkv_cap=2096
[step 2] accept=1/4 avg=1.5 draft_ms=3.96 verify_ms=34.81 kv_ms=0.69 refill_ms=9.69
101 2094 563 [spec] draft KV sliding re-prefill: kept 2092 tokens (positions 526..2617), dkv_cap=2096
[step 3] accept=3/4 avg=2.0 draft_ms=2.39 verify_ms=30.52 kv_ms=0.51 refill_ms=9.50
496 27858 [spec] draft KV sliding re-prefill: kept 2092 tokens (positions 528..2619), dkv_cap=2096
[step 4] accept=2/4 avg=2.0 draft_ms=2.41 verify_ms=34.09 kv_ms=0.48 refill_ms=9.41
78923 699 ggml_backend_cuda_graph_compute: CUDA graph warmup complete
ggml_backend_cuda_graph_compute: CUDA graph warmup complete
[spec] draft KV sliding re-prefill: kept 2092 tokens (positions 530..2621), dkv_cap=2096
[step 5] accept=2/4 avg=2.0 draft_ms=2.41 verify_ms=33.26 kv_ms=0.70 refill_ms=9.57
18811 ggml_backend_cuda_graph_compute: CUDA graph warmup reset
[spec] draft KV sliding re-prefill: kept 2092 tokens (positions 531..2622), dkv_cap=2096
[step 6] accept=1/4 avg=1.8 draft_ms=2.40 verify_ms=31.32 kv_ms=0.48 refill_ms=10.07
50184 236789 236751 808 ggml_backend_cuda_graph_compute: CUDA graph warmup reset
[spec] draft KV sliding re-prefill: kept 2092 tokens (positions 535..2626), dkv_cap=2096
[step 7] accept=4/4 avg=2.1 draft_ms=2.39 verify_ms=31.66 kv_ms=0.46 refill_ms=9.56
85305 ggml_backend_cuda_graph_compute: CUDA graph warmup complete
[spec] draft KV sliding re-prefill: kept 2092 tokens (positions 536..2627), dkv_cap=2096
[step 8] accept=1/4 avg=2.0 draft_ms=2.39 verify_ms=30.53 kv_ms=0.47 refill_ms=9.52
236789 236751 63492 528 [spec] draft KV sliding re-prefill: kept 2092 tokens (positions 540..2631), dkv_cap=2096
[step 9] accept=4/4 avg=2.2 draft_ms=2.39 verify_ms=31.88 kv_ms=0.54 refill_ms=9.59
114732 22429 1030 [spec] draft KV sliding re-prefill: kept 2092 tokens (positions 543..2634), dkv_cap=2096
[step 10] accept=3/4 avg=2.3 draft_ms=2.39 verify_ms=30.71 kv_ms=0.46 refill_ms=9.40
41080 506 [spec] draft KV sliding re-prefill: kept 2092 tokens (positions 545..2636), dkv_cap=2096
[step 11] accept=2/4 avg=2.3 draft_ms=2.39 verify_ms=30.47 kv_ms=0.60 refill_ms=9.63
119541 236764 ggml_backend_cuda_graph_compute: CUDA graph warmup complete
[spec] draft KV sliding re-prefill: kept 2092 tokens (positions 547..2638), dkv_cap=2096
[step 12] accept=2/4 avg=2.2 draft_ms=2.39 verify_ms=29.95 kv_ms=0.44 refill_ms=9.53
8427 68610 ggml_backend_cuda_graph_compute: CUDA graph warmup reset
[spec] draft KV sliding re-prefill: kept 2092 tokens (positions 549..2640), dkv_cap=2096
[step 13] accept=2/4 avg=2.2 draft_ms=2.39 verify_ms=30.05 kv_ms=0.35 refill_ms=9.47
15737 ggml_backend_cuda_graph_compute: CUDA graph warmup reset
[spec] draft KV sliding re-prefill: kept 2092 tokens (positions 550..2641), dkv_cap=2096
[step 14] accept=1/4 avg=2.1 draft_ms=2.39 verify_ms=30.01 kv_ms=0.50 refill_ms=9.45
600 ggml_backend_cuda_graph_compute: CUDA graph warmup complete
[spec] draft KV sliding re-prefill: kept 2092 tokens (positions 551..2642), dkv_cap=2096
[step 15] accept=1/4 avg=2.1 draft_ms=2.39 verify_ms=30.93 kv_ms=0.52 refill_ms=9.48
3590 506 [spec] draft KV sliding re-prefill: kept 2092 tokens (positions 553..2644), dkv_cap=2096
[step 16] accept=2/4 avg=2.1 draft_ms=2.40 verify_ms=29.92 kv_ms=0.46 refill_ms=9.78
3925 [spec] draft KV sliding re-prefill: kept 2092 tokens (positions 554..2645), dkv_cap=2096
[step 17] accept=1/4 avg=2.0 draft_ms=2.39 verify_ms=30.86 kv_ms=0.46 refill_ms=9.47
496 ggml_backend_cuda_graph_compute: CUDA graph warmup complete
[spec] draft KV sliding re-prefill: kept 2092 tokens (positions 555..2646), dkv_cap=2096
[step 18] accept=1/4 avg=1.9 draft_ms=2.39 verify_ms=30.47 kv_ms=0.60 refill_ms=9.61
65972 529 ggml_backend_cuda_graph_compute: CUDA graph warmup reset
[spec] draft KV sliding re-prefill: kept 2092 tokens (positions 557..2648), dkv_cap=2096
[step 19] accept=2/4 avg=1.9 draft_ms=2.41 verify_ms=31.24 kv_ms=0.51 refill_ms=9.57
28885 [spec] draft KV sliding re-prefill: kept 2092 tokens (positions 558..2649), dkv_cap=2096
[step 20] accept=1/4 avg=1.9 draft_ms=2.40 verify_ms=31.62 kv_ms=0.55 refill_ms=9.60
60081 236761 108 [spec] draft KV sliding re-prefill: kept 2092 tokens (positions 561..2652), dkv_cap=2096
[step 21] accept=3/4 avg=2.0 draft_ms=2.40 verify_ms=30.58 kv_ms=0.52 refill_ms=9.59
10081 611 3847 ggml_backend_cuda_graph_compute: CUDA graph warmup complete
[spec] draft KV sliding re-prefill: kept 2092 tokens (positions 564..2655), dkv_cap=2096
[step 22] accept=3/4 avg=2.0 draft_ms=2.42 verify_ms=31.30 kv_ms=0.51 refill_ms=9.59
506 1816 ggml_backend_cuda_graph_compute: CUDA graph warmup reset
[spec] draft KV sliding re-prefill: kept 2092 tokens (positions 566..2657), dkv_cap=2096
[step 23] accept=2/4 avg=2.0 draft_ms=2.40 verify_ms=30.84 kv_ms=0.55 refill_ms=9.69
2180 496 3530 2934 [spec] draft KV sliding re-prefill: kept 2092 tokens (positions 570..2661), dkv_cap=2096
[step 24] accept=4/4 avg=2.1 draft_ms=2.39 verify_ms=29.76 kv_ms=0.47 refill_ms=9.58
236764 564 [spec] draft KV sliding re-prefill: kept 2092 tokens (positions 572..2663), dkv_cap=2096
[step 25] accept=2/4 avg=2.1 draft_ms=2.40 verify_ms=31.13 kv_ms=0.95 refill_ms=9.58
795 [spec] draft KV sliding re-prefill: kept 2092 tokens (positions 573..2664), dkv_cap=2096
[step 26] accept=1/4 avg=2.0 draft_ms=2.41 verify_ms=30.92 kv_ms=0.51 refill_ms=9.67
2729 496 [spec] draft KV sliding re-prefill: kept 2092 tokens (positions 575..2666), dkv_cap=2096
[step 27] accept=2/4 avg=2.0 draft_ms=2.41 verify_ms=30.24 kv_ms=0.48 refill_ms=9.66
8652 28885 ggml_backend_cuda_graph_compute: CUDA graph warmup complete
[spec] draft KV sliding re-prefill: kept 2092 tokens (positions 577..2668), dkv_cap=2096
[step 28] accept=2/4 avg=2.0 draft_ms=2.74 verify_ms=29.75 kv_ms=0.49 refill_ms=9.69
3671 ggml_backend_cuda_graph_compute: CUDA graph warmup reset
[spec] draft KV sliding re-prefill: kept 2092 tokens (positions 578..2669), dkv_cap=2096
[step 29] accept=1/4 avg=2.0 draft_ms=2.40 verify_ms=33.00 kv_ms=0.55 refill_ms=9.56
532 1070 [spec] draft KV sliding re-prefill: kept 2092 tokens (positions 580..2671), dkv_cap=2096
[step 30] accept=2/4 avg=2.0 draft_ms=2.40 verify_ms=30.03 kv_ms=0.54 refill_ms=9.62
12505 [spec] draft KV sliding re-prefill: kept 2092 tokens (positions 581..2672), dkv_cap=2096
[step 31] accept=1/4 avg=2.0 draft_ms=2.39 verify_ms=33.19 kv_ms=0.55 refill_ms=10.20
580 506 16622 [step 32] accept=3/4 avg=2.0 draft_ms=2.44 verify_ms=29.63 kv_ms=0.48 refill_ms=9.85

[stats] generated=64  decode_ms=1538.7  tok/s=41.59  first_tok_ms=65.58
[stats] prefill=2612 tokens  context_used=2676/4096
[spec] draft_steps=32 total_accepted=64 avg_accept=2.00
[mem]  VRAM used=19.25 GB  total=24.00 GB
