[dflash] WARNING: detected CUDA device 0 (NVIDIA GeForce RTX 3090) with 23 GiB VRAM.
[dflash]          Long-context prefill on <=24 GiB cards is significantly
[dflash]          slower with VMM enabled. Consider rebuilding with:
[dflash]              cmake -DGGML_CUDA_NO_VMM=ON ..
ggml_cuda_init: found 1 CUDA devices (Total VRAM: 24575 MiB):
  Device 0: NVIDIA GeForce RTX 3090, compute capability 8.6, VMM: no, VRAM: 24575 MiB
[gemma4 draft GGUF] loaded: n_layer=5 n_head=32 n_kv=8 n_embd=2816 n_ff=5632 head_dim=128 target_hidden=2816  (0.43 GiB on GPU)
[cache] narrow asymmetric: forced Q8_0 on 2 captured full-attn layer(s) (remaining 3 full-attn keep TQ3)
[cache] created max_ctx=262144 (full_attn=262144, swa=2048), kv_layers=30, saved 82.7%
[cache] kv types: SWA=tq3_0, full=tq3_0
[spec] draft KV sliding re-prefill: kept 2092 tokens (positions 47812..49903), dkv_cap=2096
[cfg] model=/home/peppi/models/gemma4-26b-a4b-it/gemma-4-26B-A4B-it-UD-Q4_K_M.gguf draft=/home/peppi/models/gemma4-26b-a4b-dflash/draft-q8_0.gguf method=dflash gpu=0 ctx=262144 n_predict=64 kv_k=tq3_0 kv_v=tq3_0 temp=0.00 top_k=0 top_p=1.00 budget=22 bench=0 fa_window=0 draft_max=4 adaptive=0 draft_kv_cap_override=0 pflash=1 pflash_alpha=0.120
[gemma4_loader] bos_id=2 eos_id=106 eos_chat_id=107
[gemma4_loader] capture_layer_ids: 1 6 11 17 22 27
[target] loaded 30 layers, n_embd=2816, vocab=262144  (2258.6 ms)
[tok_embd] uploaded 748.0 MiB to GPU (q8_0 [2816, 262144])
[draft] loaded n_layer=5 n_head=32 n_embd=2816 n_vocab=262144 target_hidden=2816 block_size=16  (70.8 ms)
[cache] created max_ctx=262144, kv_layers=30  (228.7 ms)
[draft] KV cache allocated: 2096 slots
[tokens] using 49903 pre-tokenised IDs from --tokens
[tokens] prepended BOS token 2
[prefill] 49904 tokens ...
[prefill] 49904 tokens in 25106.9 ms (1987.7 tok/s) [chunked+pflash, chunk_size=1024]  (last sampled token: 100)
[draft] KV prefill done: 2096 positions materialized (skipped 47808 early tokens, cap=2096, target_feat_cap=4096, dkv_pos=2096)
100 45518 107 [spec] draft KV sliding re-prefill: kept 2092 tokens (positions 47815..49906), dkv_cap=2096
ggml_backend_cuda_graph_compute: CUDA graph warmup complete
[step 1] accept=3/4 avg=3.0 draft_ms=5.82 verify_ms=51.57 kv_ms=0.56 refill_ms=9.60
101 2094 563 496 [spec] draft KV sliding re-prefill: kept 2092 tokens (positions 47819..49910), dkv_cap=2096
[step 2] accept=4/4 avg=3.5 draft_ms=3.86 verify_ms=47.14 kv_ms=0.89 refill_ms=9.54
27725 532 [spec] draft KV sliding re-prefill: kept 2092 tokens (positions 47821..49912), dkv_cap=2096
[step 3] accept=2/4 avg=3.0 draft_ms=2.38 verify_ms=47.02 kv_ms=0.57 refill_ms=9.54
20997 [spec] draft KV sliding re-prefill: kept 2092 tokens (positions 47822..49913), dkv_cap=2096
[step 4] accept=1/4 avg=2.5 draft_ms=2.36 verify_ms=48.93 kv_ms=0.53 refill_ms=9.55
163856 ggml_backend_cuda_graph_compute: CUDA graph warmup complete
ggml_backend_cuda_graph_compute: CUDA graph warmup complete
[spec] draft KV sliding re-prefill: kept 2092 tokens (positions 47823..49914), dkv_cap=2096
[step 5] accept=1/4 avg=2.2 draft_ms=2.36 verify_ms=46.82 kv_ms=0.57 refill_ms=9.45
236772 53767 7501 236761 ggml_backend_cuda_graph_compute: CUDA graph warmup reset
[spec] draft KV sliding re-prefill: kept 2092 tokens (positions 47827..49918), dkv_cap=2096
[step 6] accept=4/4 avg=2.5 draft_ms=2.35 verify_ms=45.77 kv_ms=0.49 refill_ms=9.70
1030 [spec] draft KV sliding re-prefill: kept 2092 tokens (positions 47828..49919), dkv_cap=2096
[step 7] accept=1/4 avg=2.3 draft_ms=2.36 verify_ms=45.78 kv_ms=0.54 refill_ms=9.42
7412 531 577 496 [spec] draft KV sliding re-prefill: kept 2092 tokens (positions 47832..49923), dkv_cap=2096
[step 8] accept=4/4 avg=2.5 draft_ms=2.39 verify_ms=49.32 kv_ms=0.52 refill_ms=9.39
9578 ggml_backend_cuda_graph_compute: CUDA graph warmup reset
[spec] draft KV sliding re-prefill: kept 2092 tokens (positions 47833..49924), dkv_cap=2096
[step 9] accept=1/4 avg=2.3 draft_ms=2.36 verify_ms=44.62 kv_ms=0.53 refill_ms=9.71
20997 [spec] draft KV sliding re-prefill: kept 2092 tokens (positions 47834..49925), dkv_cap=2096
[step 10] accept=1/4 avg=2.2 draft_ms=2.36 verify_ms=46.24 kv_ms=0.53 refill_ms=9.41
981 ggml_backend_cuda_graph_compute: CUDA graph warmup complete
[spec] draft KV sliding re-prefill: kept 2092 tokens (positions 47835..49926), dkv_cap=2096
[step 11] accept=1/4 avg=2.1 draft_ms=2.36 verify_ms=46.65 kv_ms=0.45 refill_ms=9.56
653 496 [spec] draft KV sliding re-prefill: kept 2092 tokens (positions 47837..49928), dkv_cap=2096
[step 12] accept=2/4 avg=2.1 draft_ms=2.36 verify_ms=44.69 kv_ms=0.50 refill_ms=9.50
28885 78923 ggml_backend_cuda_graph_compute: CUDA graph warmup complete
[spec] draft KV sliding re-prefill: kept 2092 tokens (positions 47839..49930), dkv_cap=2096
[step 13] accept=2/4 avg=2.1 draft_ms=2.36 verify_ms=47.09 kv_ms=0.54 refill_ms=9.47
600 ggml_backend_cuda_graph_compute: CUDA graph warmup reset
[spec] draft KV sliding re-prefill: kept 2092 tokens (positions 47840..49931), dkv_cap=2096
[step 14] accept=1/4 avg=2.0 draft_ms=2.36 verify_ms=44.88 kv_ms=0.49 refill_ms=9.54
5238 506 [spec] draft KV sliding re-prefill: kept 2092 tokens (positions 47842..49933), dkv_cap=2096
[step 15] accept=2/4 avg=2.0 draft_ms=2.36 verify_ms=47.31 kv_ms=0.50 refill_ms=9.30
13690 15812 529 496 [spec] draft KV sliding re-prefill: kept 2092 tokens (positions 47846..49937), dkv_cap=2096
[step 16] accept=4/4 avg=2.1 draft_ms=2.37 verify_ms=45.30 kv_ms=0.48 refill_ms=9.55
44040 14087 236761 108 ggml_backend_cuda_graph_compute: CUDA graph warmup complete
[spec] draft KV sliding re-prefill: kept 2092 tokens (positions 47850..49941), dkv_cap=2096
[step 17] accept=4/4 avg=2.2 draft_ms=2.37 verify_ms=46.51 kv_ms=0.47 refill_ms=9.48
22515 580 506 1816 [spec] draft KV sliding re-prefill: kept 2092 tokens (positions 47854..49945), dkv_cap=2096
[step 18] accept=4/4 avg=2.3 draft_ms=2.35 verify_ms=46.58 kv_ms=0.39 refill_ms=9.31
3847 236764 1590 563 [spec] draft KV sliding re-prefill: kept 2092 tokens (positions 47858..49949), dkv_cap=2096
[step 19] accept=4/4 avg=2.4 draft_ms=2.36 verify_ms=46.99 kv_ms=0.38 refill_ms=9.43
496 12323 ggml_backend_cuda_graph_compute: CUDA graph warmup reset
[spec] draft KV sliding re-prefill: kept 2092 tokens (positions 47860..49951), dkv_cap=2096
[step 20] accept=2/4 avg=2.4 draft_ms=2.36 verify_ms=47.36 kv_ms=0.59 refill_ms=9.29
532 3671 529 506 [spec] draft KV sliding re-prefill: kept 2092 tokens (positions 47864..49955), dkv_cap=2096
[step 21] accept=4/4 avg=2.5 draft_ms=2.36 verify_ms=45.93 kv_ms=0.47 refill_ms=9.59
22323 [spec] draft KV sliding re-prefill: kept 2092 tokens (positions 47865..49956), dkv_cap=2096
[step 22] accept=1/4 avg=2.4 draft_ms=2.36 verify_ms=44.92 kv_ms=0.48 refill_ms=9.43
532 ggml_backend_cuda_graph_compute: CUDA graph warmup complete
[spec] draft KV sliding re-prefill: kept 2092 tokens (positions 47866..49957), dkv_cap=2096
[step 23] accept=1/4 avg=2.3 draft_ms=2.35 verify_ms=46.86 kv_ms=0.49 refill_ms=9.34
1061 22888 236787 ggml_backend_cuda_graph_compute: CUDA graph warmup reset
[spec] draft KV sliding re-prefill: kept 2092 tokens (positions 47869..49960), dkv_cap=2096
[step 24] accept=3/4 avg=2.4 draft_ms=2.37 verify_ms=47.14 kv_ms=0.48 refill_ms=9.54
108 10354 5213 ggml_backend_cuda_graph_compute: CUDA graph warmup complete
[spec] draft KV sliding re-prefill: kept 2092 tokens (positions 47872..49963), dkv_cap=2096
[step 25] accept=3/4 avg=2.4 draft_ms=2.70 verify_ms=47.74 kv_ms=0.47 refill_ms=9.42
24355 ggml_backend_cuda_graph_compute: CUDA graph warmup reset
[spec] draft KV sliding re-prefill: kept 2092 tokens (positions 47873..49964), dkv_cap=2096
[step 26] accept=1/4 avg=2.3 draft_ms=2.35 verify_ms=45.82 kv_ms=0.54 refill_ms=9.40
1018 107 818 [step 27] accept=4/4 avg=2.4 draft_ms=2.37 verify_ms=45.02 kv_ms=0.52 refill_ms=9.42

[stats] generated=64  decode_ms=1719.1  tok/s=37.23  first_tok_ms=79.10
[stats] prefill=49904 tokens  context_used=49968/262144
[spec] draft_steps=27 total_accepted=64 avg_accept=2.37
[mem]  VRAM used=20.98 GB  total=24.00 GB
