[dflash] WARNING: detected CUDA device 0 (NVIDIA GeForce RTX 3090) with 23 GiB VRAM.
[dflash]          Long-context prefill on <=24 GiB cards is significantly
[dflash]          slower with VMM enabled. Consider rebuilding with:
[dflash]              cmake -DGGML_CUDA_NO_VMM=ON ..
ggml_cuda_init: found 1 CUDA devices (Total VRAM: 24575 MiB):
  Device 0: NVIDIA GeForce RTX 3090, compute capability 8.6, VMM: no, VRAM: 24575 MiB
[gemma4 draft GGUF] loaded: n_layer=5 n_head=32 n_kv=8 n_embd=2816 n_ff=5632 head_dim=128 target_hidden=2816  (0.43 GiB on GPU)
[cache] narrow asymmetric: forced Q8_0 on 2 captured full-attn layer(s) (remaining 3 full-attn keep TQ3)
[cache] created max_ctx=16384 (full_attn=16384, swa=2048), kv_layers=30, saved 72.9%
[cache] kv types: SWA=tq3_0, full=tq3_0
[spec] draft KV sliding re-prefill: kept 2092 tokens (positions 6051..8142), dkv_cap=2096
[cfg] model=/home/peppi/models/gemma4-26b-a4b-it/gemma-4-26B-A4B-it-UD-Q4_K_M.gguf draft=/home/peppi/models/gemma4-26b-a4b-dflash/draft-q8_0.gguf method=dflash gpu=0 ctx=16384 n_predict=64 kv_k=tq3_0 kv_v=tq3_0 temp=0.00 top_k=0 top_p=1.00 budget=22 bench=0 fa_window=0 draft_max=4 adaptive=0 draft_kv_cap_override=0 pflash=1 pflash_alpha=0.120
[gemma4_loader] bos_id=2 eos_id=106 eos_chat_id=107
[gemma4_loader] capture_layer_ids: 1 6 11 17 22 27
[target] loaded 30 layers, n_embd=2816, vocab=262144  (2406.9 ms)
[tok_embd] uploaded 748.0 MiB to GPU (q8_0 [2816, 262144])
[draft] loaded n_layer=5 n_head=32 n_embd=2816 n_vocab=262144 target_hidden=2816 block_size=16  (77.5 ms)
[cache] created max_ctx=16384, kv_layers=30  (50.2 ms)
[draft] KV cache allocated: 2096 slots
[tokens] using 8142 pre-tokenised IDs from --tokens
[tokens] prepended BOS token 2
[prefill] 8143 tokens ...
[prefill] 8143 tokens in 3245.8 ms (2508.8 tok/s) [chunked+pflash, chunk_size=1024]  (last sampled token: 6858)
[draft] KV prefill done: 2096 positions materialized (skipped 6047 early tokens, cap=2096, target_feat_cap=4096, dkv_pos=2096)
6858 [spec] draft KV sliding re-prefill: kept 2092 tokens (positions 6052..8143), dkv_cap=2096
ggml_backend_cuda_graph_compute: CUDA graph warmup complete
[step 1] accept=1/4 avg=1.0 draft_ms=5.03 verify_ms=40.03 kv_ms=0.54 refill_ms=9.81
538 [spec] draft KV sliding re-prefill: kept 2092 tokens (positions 6053..8144), dkv_cap=2096
[step 2] accept=1/4 avg=1.0 draft_ms=3.89 verify_ms=35.49 kv_ms=0.63 refill_ms=9.74
1890 236743 236771 236787 [spec] draft KV sliding re-prefill: kept 2092 tokens (positions 6057..8148), dkv_cap=2096
[step 3] accept=4/4 avg=2.0 draft_ms=2.43 verify_ms=34.38 kv_ms=0.64 refill_ms=9.62
107 [spec] draft KV sliding re-prefill: kept 2092 tokens (positions 6058..8149), dkv_cap=2096
[step 4] accept=1/4 avg=1.8 draft_ms=2.49 verify_ms=36.33 kv_ms=0.49 refill_ms=9.72
140 ggml_backend_cuda_graph_compute: CUDA graph warmup complete
ggml_backend_cuda_graph_compute: CUDA graph warmup complete
[spec] draft KV sliding re-prefill: kept 2092 tokens (positions 6059..8150), dkv_cap=2096
[step 5] accept=1/4 avg=1.6 draft_ms=2.43 verify_ms=34.22 kv_ms=0.57 refill_ms=11.91
236865 [spec] draft KV sliding re-prefill: kept 2092 tokens (positions 6060..8151), dkv_cap=2096
[step 6] accept=1/4 avg=1.5 draft_ms=2.43 verify_ms=33.80 kv_ms=0.37 refill_ms=9.81
1174 ggml_backend_cuda_graph_compute: CUDA graph warmup reset
[spec] draft KV sliding re-prefill: kept 2092 tokens (positions 6061..8152), dkv_cap=2096
[step 7] accept=1/4 avg=1.4 draft_ms=2.44 verify_ms=35.12 kv_ms=0.37 refill_ms=9.63
563 496 ggml_backend_cuda_graph_compute: CUDA graph warmup reset
ggml_backend_cuda_graph_compute: CUDA graph warmup complete
[spec] draft KV sliding re-prefill: kept 2092 tokens (positions 6063..8154), dkv_cap=2096
[step 8] accept=2/4 avg=1.5 draft_ms=2.44 verify_ms=32.82 kv_ms=0.66 refill_ms=9.68
2268 [spec] draft KV sliding re-prefill: kept 2092 tokens (positions 6064..8155), dkv_cap=2096
[step 9] accept=1/4 avg=1.4 draft_ms=2.43 verify_ms=33.93 kv_ms=0.53 refill_ms=9.61
236772 ggml_backend_cuda_graph_compute: CUDA graph warmup complete
ggml_backend_cuda_graph_compute: CUDA graph warmup reset
[spec] draft KV sliding re-prefill: kept 2092 tokens (positions 6065..8156), dkv_cap=2096
[step 10] accept=1/4 avg=1.4 draft_ms=2.43 verify_ms=36.18 kv_ms=0.50 refill_ms=9.54
36604 ggml_backend_cuda_graph_compute: CUDA graph warmup reset
[spec] draft KV sliding re-prefill: kept 2092 tokens (positions 6066..8157), dkv_cap=2096
[step 11] accept=1/4 avg=1.4 draft_ms=2.43 verify_ms=32.85 kv_ms=0.54 refill_ms=9.82
236772 [spec] draft KV sliding re-prefill: kept 2092 tokens (positions 6067..8158), dkv_cap=2096
[step 12] accept=1/4 avg=1.3 draft_ms=2.45 verify_ms=33.45 kv_ms=0.53 refill_ms=10.06
36604 236772 [spec] draft KV sliding re-prefill: kept 2092 tokens (positions 6069..8160), dkv_cap=2096
[step 13] accept=2/4 avg=1.4 draft_ms=2.44 verify_ms=33.51 kv_ms=0.53 refill_ms=9.78
36604 236772 36604 236772 [spec] draft KV sliding re-prefill: kept 2092 tokens (positions 6073..8164), dkv_cap=2096
[step 14] accept=4/4 avg=1.6 draft_ms=2.46 verify_ms=35.24 kv_ms=0.71 refill_ms=9.83
36604 236772 36604 236772 [spec] draft KV sliding re-prefill: kept 2092 tokens (positions 6077..8168), dkv_cap=2096
[step 15] accept=4/4 avg=1.7 draft_ms=2.43 verify_ms=33.33 kv_ms=0.57 refill_ms=9.94
3805 107 [spec] draft KV sliding re-prefill: kept 2092 tokens (positions 6079..8170), dkv_cap=2096
[step 16] accept=2/4 avg=1.8 draft_ms=2.43 verify_ms=34.12 kv_ms=0.72 refill_ms=9.71
2268 236772 36604 236772 [spec] draft KV sliding re-prefill: kept 2092 tokens (positions 6083..8174), dkv_cap=2096
[step 17] accept=4/4 avg=1.9 draft_ms=2.81 verify_ms=32.28 kv_ms=0.53 refill_ms=10.02
2268 236772 [spec] draft KV sliding re-prefill: kept 2092 tokens (positions 6085..8176), dkv_cap=2096
[step 18] accept=2/4 avg=1.9 draft_ms=2.47 verify_ms=36.66 kv_ms=0.49 refill_ms=9.71
2268 236772 2268 236772 [spec] draft KV sliding re-prefill: kept 2092 tokens (positions 6089..8180), dkv_cap=2096
[step 19] accept=4/4 avg=2.0 draft_ms=2.43 verify_ms=33.68 kv_ms=0.55 refill_ms=9.60
2268 236772 [spec] draft KV sliding re-prefill: kept 2092 tokens (positions 6091..8182), dkv_cap=2096
[step 20] accept=2/4 avg=2.0 draft_ms=2.43 verify_ms=34.68 kv_ms=0.72 refill_ms=9.76
36604 236772 [spec] draft KV sliding re-prefill: kept 2092 tokens (positions 6093..8184), dkv_cap=2096
[step 21] accept=2/4 avg=2.0 draft_ms=2.48 verify_ms=34.62 kv_ms=0.55 refill_ms=9.73
2268 236772 [spec] draft KV sliding re-prefill: kept 2092 tokens (positions 6095..8186), dkv_cap=2096
[step 22] accept=2/4 avg=2.0 draft_ms=2.43 verify_ms=33.37 kv_ms=0.67 refill_ms=9.75
36604 236772 [spec] draft KV sliding re-prefill: kept 2092 tokens (positions 6097..8188), dkv_cap=2096
[step 23] accept=2/4 avg=2.0 draft_ms=2.45 verify_ms=32.58 kv_ms=0.54 refill_ms=9.58
2268 236772 [spec] draft KV sliding re-prefill: kept 2092 tokens (positions 6099..8190), dkv_cap=2096
[step 24] accept=2/4 avg=2.0 draft_ms=2.43 verify_ms=34.16 kv_ms=0.55 refill_ms=9.72
1901 236772 [spec] draft KV sliding re-prefill: kept 2092 tokens (positions 6101..8192), dkv_cap=2096
[step 25] accept=2/4 avg=2.0 draft_ms=2.43 verify_ms=34.43 kv_ms=0.51 refill_ms=9.72
2268 236772 [spec] draft KV sliding re-prefill: kept 2092 tokens (positions 6103..8194), dkv_cap=2096
[step 26] accept=2/4 avg=2.0 draft_ms=2.45 verify_ms=32.75 kv_ms=0.52 refill_ms=9.64
36604 236772 [spec] draft KV sliding re-prefill: kept 2092 tokens (positions 6105..8196), dkv_cap=2096
[step 27] accept=2/4 avg=2.0 draft_ms=2.47 verify_ms=38.62 kv_ms=0.57 refill_ms=9.73
36604 236772 [spec] draft KV sliding re-prefill: kept 2092 tokens (positions 6107..8198), dkv_cap=2096
[step 28] accept=2/4 avg=2.0 draft_ms=2.43 verify_ms=33.25 kv_ms=0.63 refill_ms=9.65
36604 236772 [spec] draft KV sliding re-prefill: kept 2092 tokens (positions 6109..8200), dkv_cap=2096
[step 29] accept=2/4 avg=2.0 draft_ms=2.43 verify_ms=33.96 kv_ms=0.71 refill_ms=9.53
36604 236772 [spec] draft KV sliding re-prefill: kept 2092 tokens (positions 6111..8202), dkv_cap=2096
[step 30] accept=2/4 avg=2.0 draft_ms=2.43 verify_ms=36.22 kv_ms=0.66 refill_ms=9.65
36604 236772 [spec] draft KV sliding re-prefill: kept 2092 tokens (positions 6113..8204), dkv_cap=2096
[step 31] accept=2/4 avg=2.0 draft_ms=2.46 verify_ms=33.89 kv_ms=0.57 refill_ms=9.79
36604 236772 [step 32] accept=2/4 avg=2.0 draft_ms=2.43 verify_ms=32.86 kv_ms=0.55 refill_ms=9.70

[stats] generated=64  decode_ms=1650.5  tok/s=38.78  first_tok_ms=67.98
[stats] prefill=8143 tokens  context_used=8207/16384
[spec] draft_steps=32 total_accepted=64 avg_accept=2.00
[mem]  VRAM used=19.31 GB  total=24.00 GB
