[dflash] WARNING: detected CUDA device 0 (NVIDIA GeForce RTX 3090) with 23 GiB VRAM.
[dflash]          Long-context prefill on <=24 GiB cards is significantly
[dflash]          slower with VMM enabled. Consider rebuilding with:
[dflash]              cmake -DGGML_CUDA_NO_VMM=ON ..
ggml_cuda_init: found 1 CUDA devices (Total VRAM: 24575 MiB):
  Device 0: NVIDIA GeForce RTX 3090, compute capability 8.6, VMM: no, VRAM: 24575 MiB
[cache] created max_ctx=32768 (full_attn=32768, swa=2048), kv_layers=30, saved 78.1%
[cache] kv types: SWA=tq3_0, full=tq3_0
[cfg] model=/home/peppi/models/gemma4-26b-a4b-it/gemma-4-26B-A4B-it-UD-Q4_K_M.gguf draft=(none) method=none gpu=0 ctx=32768 n_predict=64 kv_k=tq3_0 kv_v=tq3_0 temp=0.00 top_k=0 top_p=1.00 budget=22 bench=0 fa_window=0 draft_max=0 adaptive=0 draft_kv_cap_override=0 pflash=1 pflash_alpha=0.120
[gemma4_loader] bos_id=2 eos_id=106 eos_chat_id=107
[gemma4_loader] capture_layer_ids: 1 6 11 17 22 27
[target] loaded 30 layers, n_embd=2816, vocab=262144  (2239.6 ms)
[cache] created max_ctx=32768, kv_layers=30  (42.8 ms)
[tokens] using 12288 pre-tokenised IDs from --tokens
[tokens] prepended BOS token 2
[prefill] 12289 tokens ...
[prefill] 12289 tokens in 5393.0 ms (2278.7 tok/s) [chunked+pflash, chunk_size=1024]  (last sampled token: 506)
[tgt-only-dbg] logits[0..3]: -15.683 -7.074 -2.097 -15.575 max=5.760@569 next=569
506 569 3604 1808 569 1808 569 1808 569 236789 2787 14083 569 569 569 569 569 569 569 569 569 569 569 569 759 569 759 569 1852 1426 1852 580 580 580 537 1852 580 1852 580 1852 1852 2268 580 506 1852 1852 1082 1082 1082 580 1852 1595 1595 569 569 569 1852 7243 569 3262 569 569 569 569 
[stats] generated=64  decode_ms=1878.5  tok/s=34.07  first_tok_ms=25.62
[stats] prefill=12289 tokens  context_used=12353/32768
[mem]  VRAM used=17.85 GB  total=24.00 GB
