[dflash] WARNING: detected CUDA device 0 (NVIDIA GeForce RTX 3090) with 23 GiB VRAM.
[dflash]          Long-context prefill on <=24 GiB cards is significantly
[dflash]          slower with VMM enabled. Consider rebuilding with:
[dflash]              cmake -DGGML_CUDA_NO_VMM=ON ..
ggml_cuda_init: found 1 CUDA devices (Total VRAM: 24575 MiB):
  Device 0: NVIDIA GeForce RTX 3090, compute capability 8.6, VMM: no, VRAM: 24575 MiB
[cache] MTP donor override: forced Q8_0 on 2 layer(s) to avoid TQ3/FWHT cross-attn mismatch
[cache] created max_ctx=8192 (full_attn=8192, swa=2048), kv_layers=30, saved 62.5%
[cache] kv types: SWA=tq3_0, full=tq3_0
ggml_backend_cuda_graph_compute: CUDA graph warmup complete
[cfg] model=/home/peppi/models/gemma4-26b-a4b-it/gemma-4-26B-A4B-it-UD-Q4_K_M.gguf draft=(none) method=mtp gpu=0 ctx=8192 n_predict=64 kv_k=tq3_0 kv_v=tq3_0 temp=0.00 top_k=0 top_p=1.00 budget=22 bench=0 fa_window=0 draft_max=0 adaptive=0 draft_kv_cap_override=0 pflash=1 pflash_alpha=0.120
[gemma4_loader] bos_id=2 eos_id=106 eos_chat_id=107
[gemma4_loader] capture_layer_ids: 1 6 11 17 22 27
[target] loaded 30 layers, n_embd=2816, vocab=262144  (2209.2 ms)
[mtp_loader] loaded: n_embd_backbone=2816 n_mtp_layers=4 attention_k_eq_v=1 n_centroids=2048 use_ordered_embeddings=0 requires_target_arch=gemma4 tensors=49 GPU 295.34 MiB
[mtp_loader]   layer[0]: is_swa=1 donor_target_layer=59
[mtp_loader]   layer[1]: is_swa=1 donor_target_layer=59
[mtp_loader]   layer[2]: is_swa=1 donor_target_layer=59
[mtp_loader]   layer[3]: is_swa=0 donor_target_layer=58
[mtp] loaded n_layers=4 n_embd=1024 n_embd_backbone=2816  (97.6 ms)
[cache] created max_ctx=8192, kv_layers=30  (32.6 ms)
[mtp] mtp_last_full_layer=29
[mtp-fa-types] layer 0: Qfa=f32 Kfa=q8_0 Vfa=q8_0 head_dim_fa=256 kv_is_tq3=0 need_mask=0
[mtp-fa-types] layer 1: Qfa=f32 Kfa=q8_0 Vfa=q8_0 head_dim_fa=256 kv_is_tq3=0 need_mask=0
[mtp-fa-types] layer 2: Qfa=f32 Kfa=q8_0 Vfa=q8_0 head_dim_fa=256 kv_is_tq3=0 need_mask=0
[mtp-fa-types] layer 3: Qfa=f32 Kfa=q8_0 Vfa=q8_0 head_dim_fa=512 kv_is_tq3=0 need_mask=1
[mtp] step graph built ok
[tokens] using 4096 pre-tokenised IDs from --tokens
[tokens] prepended BOS token 2
[prefill] 4097 tokens ...
[prefill] 4097 tokens in 1632.9 ms (2509.1 tok/s) [chunked+pflash, chunk_size=1024]  (last sampled token: 7435)
236772 107 [mtp-gt1] chain k=1 accepted=1 bonus=107 total_acc=1 pos_mode=const
ggml_backend_cuda_graph_compute: CUDA graph warmup complete
108 [mtp-gt1] chain k=2 accepted=0 bonus=108 total_acc=1 pos_mode=const
ggml_backend_cuda_graph_compute: CUDA graph warmup complete
106 [mtp-gt1] chain k=3 accepted=0 bonus=106 total_acc=1 pos_mode=const
ggml_backend_cuda_graph_compute: CUDA graph warmup complete
108 [mtp-gt1] chain k=4 accepted=0 bonus=108 total_acc=1 pos_mode=const
ggml_backend_cuda_graph_compute: CUDA graph warmup complete
101 [mtp-gt1] chain k=5 accepted=0 bonus=101 total_acc=1 pos_mode=const
ggml_backend_cuda_graph_compute: CUDA graph warmup complete
2094 38974 236764 [mtp-gt1] chain k=6 accepted=2 bonus=236764 total_acc=3 pos_mode=const
ggml_backend_cuda_graph_compute: CUDA graph warmup reset
ggml_backend_cuda_graph_compute: CUDA graph warmup complete
614 [mtp-gt1] chain k=7 accepted=0 bonus=614 total_acc=3 pos_mode=const
ggml_backend_cuda_graph_compute: CUDA graph warmup reset
ggml_backend_cuda_graph_compute: CUDA graph warmup complete
78923 699 36951 236858 236751 [mtp-gt1] chain k=8 accepted=4 bonus=236751 total_acc=7 pos_mode=const
ggml_backend_cuda_graph_compute: CUDA graph warmup reset
ggml_backend_cuda_graph_compute: CUDA graph warmup complete
808 236780 [mtp-gt1] chain k=9 accepted=1 bonus=236780 total_acc=8 pos_mode=const
ggml_backend_cuda_graph_compute: CUDA graph warmup reset
ggml_backend_cuda_graph_compute: CUDA graph warmup complete
6886 40707 [mtp-gt1] chain k=10 accepted=1 bonus=40707 total_acc=9 pos_mode=const
ggml_backend_cuda_graph_compute: CUDA graph warmup reset
ggml_backend_cuda_graph_compute: CUDA graph warmup complete
605 [mtp-gt1] chain k=11 accepted=0 bonus=605 total_acc=9 pos_mode=const
ggml_backend_cuda_graph_compute: CUDA graph warmup reset
ggml_backend_cuda_graph_compute: CUDA graph warmup complete
30237 56385 [mtp-gt1] chain k=12 accepted=1 bonus=56385 total_acc=10 pos_mode=const
ggml_backend_cuda_graph_compute: CUDA graph warmup reset
ggml_backend_cuda_graph_compute: CUDA graph warmup complete
496 7299 [mtp-gt1] chain k=13 accepted=1 bonus=7299 total_acc=11 pos_mode=const
ggml_backend_cuda_graph_compute: CUDA graph warmup reset
ggml_backend_cuda_graph_compute: CUDA graph warmup complete
95247 [mtp-gt1] chain k=14 accepted=0 bonus=95247 total_acc=11 pos_mode=const
ggml_backend_cuda_graph_compute: CUDA graph warmup reset
ggml_backend_cuda_graph_compute: CUDA graph warmup complete
684 1012 51606 [mtp-gt1] chain k=15 accepted=2 bonus=51606 total_acc=13 pos_mode=const
ggml_backend_cuda_graph_compute: CUDA graph warmup reset
ggml_backend_cuda_graph_compute: CUDA graph warmup complete
236764 5255 [mtp-gt1] chain k=16 accepted=1 bonus=5255 total_acc=14 pos_mode=const
ggml_backend_cuda_graph_compute: CUDA graph warmup reset
ggml_backend_cuda_graph_compute: CUDA graph warmup complete
32202 236764 532 506 16625 [mtp-gt1] chain k=17 accepted=4 bonus=16625 total_acc=18 pos_mode=const
ggml_backend_cuda_graph_compute: CUDA graph warmup reset
ggml_backend_cuda_graph_compute: CUDA graph warmup complete
1534 3141 38405 [mtp-gt1] chain k=18 accepted=2 bonus=38405 total_acc=20 pos_mode=const
ggml_backend_cuda_graph_compute: CUDA graph warmup reset
ggml_backend_cuda_graph_compute: CUDA graph warmup complete
532 50549 [mtp-gt1] chain k=19 accepted=1 bonus=50549 total_acc=21 pos_mode=const
ggml_backend_cuda_graph_compute: CUDA graph warmup reset
ggml_backend_cuda_graph_compute: CUDA graph warmup complete
11133 236761 108 10354 5213 [mtp-gt1] chain k=20 accepted=4 bonus=5213 total_acc=25 pos_mode=const
ggml_backend_cuda_graph_compute: CUDA graph warmup reset
ggml_backend_cuda_graph_compute: CUDA graph warmup complete
38322 137944 1018 108 1018 [mtp-gt1] chain k=21 accepted=4 bonus=1018 total_acc=29 pos_mode=const
ggml_backend_cuda_graph_compute: CUDA graph warmup reset
ggml_backend_cuda_graph_compute: CUDA graph warmup complete
236770 236761 6679 71928 532 [mtp-gt1] chain k=22 accepted=4 bonus=532 total_acc=33 pos_mode=const
ggml_backend_cuda_graph_compute: CUDA graph warmup reset
ggml_backend_cuda_graph_compute: CUDA graph warmup complete
8779 [mtp-gt1] chain k=23 accepted=0 bonus=8779 total_acc=33 pos_mode=const
ggml_backend_cuda_graph_compute: CUDA graph warmup reset
ggml_backend_cuda_graph_compute: CUDA graph warmup complete
156506 1018 107 818 6082 [mtp-gt1] chain k=24 accepted=4 bonus=6082 total_acc=37 pos_mode=const
ggml_backend_cuda_graph_compute: CUDA graph warmup reset
ggml_backend_cuda_graph_compute: CUDA graph warmup complete
16625 12828 [mtp-gt1] chain k=25 accepted=1 bonus=12828 total_acc=38 pos_mode=const
ggml_backend_cuda_graph_compute: CUDA graph warmup reset
ggml_backend_cuda_graph_compute: CUDA graph warmup complete
528 [mtp-gt1] chain k=26 accepted=0 bonus=528 total_acc=38 pos_mode=const

[mtp-gt1] chains=26 total_accepted=38 mean_accept=1.46 accept_rate=0.365 gamma=4 pos_mode=const

[stats] generated=64  decode_ms=1823.2  tok/s=35.10  first_tok_ms=87.57
[stats] prefill=4097 tokens  context_used=4161/8192
[mem]  VRAM used=18.07 GB  total=24.00 GB
