[dflash] WARNING: detected CUDA device 0 (NVIDIA GeForce RTX 3090) with 23 GiB VRAM.
[dflash]          Long-context prefill on <=24 GiB cards is significantly
[dflash]          slower with VMM enabled. Consider rebuilding with:
[dflash]              cmake -DGGML_CUDA_NO_VMM=ON ..
ggml_cuda_init: found 1 CUDA devices (Total VRAM: 24575 MiB):
  Device 0: NVIDIA GeForce RTX 3090, compute capability 8.6, VMM: no, VRAM: 24575 MiB
[gemma4 draft GGUF] loaded: n_layer=5 n_head=64 n_kv=8 n_embd=5376 n_ff=10752 head_dim=128 target_hidden=5376  (1.52 GiB on GPU)
[cache] narrow asymmetric: forced Q8_0 on 2 captured full-attn layer(s) (remaining 8 full-attn keep TQ3)
[cache] created max_ctx=32768 (full_attn=32768, swa=2048), kv_layers=60, saved 78.1%
[cache] kv types: SWA=tq3_0, full=tq3_0
[spec] draft KV sliding re-prefill: kept 2080 tokens (positions 10159..12238), dkv_cap=2096
[cfg] model=/home/peppi/Dev/lucebox-hub/models/gemma-4-31B-it-Q4_K_M.gguf draft=/home/peppi/models/gemma4-31b-dflash/draft-q8_0.gguf method=dflash gpu=0 ctx=32768 n_predict=64 kv_k=tq3_0 kv_v=tq3_0 temp=0.00 top_k=0 top_p=1.00 budget=22 bench=0 fa_window=0 draft_max=16 adaptive=0 draft_kv_cap_override=0 pflash=1 pflash_alpha=0.120
[gemma4_loader] bos_id=2 eos_id=106 eos_chat_id=107
[gemma4_loader] capture_layer_ids: 1 12 23 35 46 57
[target] loaded 60 layers, n_embd=5376, vocab=262144  (2898.2 ms)
[tok_embd] uploaded 756.0 MiB to GPU (q4_K [5376, 262144])
[draft] loaded n_layer=5 n_head=64 n_embd=5376 n_vocab=262144 target_hidden=5376 block_size=16  (284.3 ms)
[cache] created max_ctx=32768, kv_layers=60  (153.2 ms)
[draft] KV cache allocated: 2096 slots
[tokens] using 12238 pre-tokenised IDs from --tokens
[tokens] prepended BOS token 2
[prefill] 12239 tokens ...
[prefill] 12239 tokens in 19326.6 ms (633.3 tok/s) [chunked+pflash, chunk_size=1024]  (last sampled token: 514)
[draft] KV prefill done: 2096 positions materialized (skipped 10143 early tokens, cap=2096, target_feat_cap=4096, dkv_pos=2096)
514 [spec] draft KV sliding re-prefill: kept 2080 tokens (positions 10160..12239), dkv_cap=2096
ggml_backend_cuda_graph_compute: CUDA graph warmup complete
[step 1] accept=1/16 avg=1.0 draft_ms=8.50 verify_ms=147.50 kv_ms=0.84 refill_ms=19.13
1852 [spec] draft KV sliding re-prefill: kept 2080 tokens (positions 10161..12240), dkv_cap=2096
[step 2] accept=1/16 avg=1.0 draft_ms=5.60 verify_ms=140.13 kv_ms=0.65 refill_ms=19.75
506 1638 [spec] draft KV sliding re-prefill: kept 2080 tokens (positions 10163..12242), dkv_cap=2096
[step 3] accept=2/16 avg=1.3 draft_ms=4.52 verify_ms=139.47 kv_ms=0.72 refill_ms=18.89
3825 [spec] draft KV sliding re-prefill: kept 2080 tokens (positions 10164..12243), dkv_cap=2096
[step 4] accept=1/16 avg=1.2 draft_ms=4.51 verify_ms=139.34 kv_ms=0.67 refill_ms=18.96
529 506 ggml_backend_cuda_graph_compute: CUDA graph warmup complete
[spec] draft KV sliding re-prefill: kept 2080 tokens (positions 10166..12245), dkv_cap=2096
[step 5] accept=2/16 avg=1.4 draft_ms=4.55 verify_ms=139.77 kv_ms=0.71 refill_ms=22.93
1638 [spec] draft KV sliding re-prefill: kept 2080 tokens (positions 10167..12246), dkv_cap=2096
[step 6] accept=1/16 avg=1.3 draft_ms=4.51 verify_ms=142.66 kv_ms=0.82 refill_ms=23.61
3825 ggml_backend_cuda_graph_compute: CUDA graph warmup complete
[spec] draft KV sliding re-prefill: kept 2080 tokens (positions 10168..12247), dkv_cap=2096
[step 7] accept=1/16 avg=1.3 draft_ms=4.63 verify_ms=141.32 kv_ms=1.13 refill_ms=19.61
529 506 1638 ggml_backend_cuda_graph_compute: CUDA graph warmup reset
[spec] draft KV sliding re-prefill: kept 2080 tokens (positions 10171..12250), dkv_cap=2096
[step 8] accept=3/16 avg=1.5 draft_ms=4.52 verify_ms=141.19 kv_ms=0.72 refill_ms=19.35
514 [spec] draft KV sliding re-prefill: kept 2080 tokens (positions 10172..12251), dkv_cap=2096
[step 9] accept=1/16 avg=1.4 draft_ms=4.50 verify_ms=141.39 kv_ms=0.65 refill_ms=18.85
1852 ggml_backend_cuda_graph_compute: CUDA graph warmup complete
[spec] draft KV sliding re-prefill: kept 2080 tokens (positions 10173..12252), dkv_cap=2096
[step 10] accept=1/16 avg=1.4 draft_ms=4.52 verify_ms=140.80 kv_ms=0.72 refill_ms=19.24
506 1638 3825 529 ggml_backend_cuda_graph_compute: CUDA graph warmup reset
[spec] draft KV sliding re-prefill: kept 2080 tokens (positions 10177..12256), dkv_cap=2096
[step 11] accept=4/16 avg=1.6 draft_ms=4.51 verify_ms=140.56 kv_ms=1.32 refill_ms=18.73
506 [spec] draft KV sliding re-prefill: kept 2080 tokens (positions 10178..12257), dkv_cap=2096
[step 12] accept=1/16 avg=1.6 draft_ms=4.55 verify_ms=141.66 kv_ms=0.84 refill_ms=19.71
759 ggml_backend_cuda_graph_compute: CUDA graph warmup complete
[spec] draft KV sliding re-prefill: kept 2080 tokens (positions 10179..12258), dkv_cap=2096
[step 13] accept=1/16 avg=1.5 draft_ms=4.52 verify_ms=139.86 kv_ms=0.65 refill_ms=19.08
1852 [spec] draft KV sliding re-prefill: kept 2080 tokens (positions 10180..12259), dkv_cap=2096
[step 14] accept=1/16 avg=1.5 draft_ms=4.52 verify_ms=141.16 kv_ms=0.52 refill_ms=19.51
506 1638 ggml_backend_cuda_graph_compute: CUDA graph warmup reset
[spec] draft KV sliding re-prefill: kept 2080 tokens (positions 10182..12261), dkv_cap=2096
[step 15] accept=2/16 avg=1.5 draft_ms=4.50 verify_ms=139.92 kv_ms=0.63 refill_ms=21.16
514 [spec] draft KV sliding re-prefill: kept 2080 tokens (positions 10183..12262), dkv_cap=2096
[step 16] accept=1/16 avg=1.5 draft_ms=4.50 verify_ms=141.14 kv_ms=0.71 refill_ms=18.74
1852 ggml_backend_cuda_graph_compute: CUDA graph warmup complete
[spec] draft KV sliding re-prefill: kept 2080 tokens (positions 10184..12263), dkv_cap=2096
[step 17] accept=1/16 avg=1.5 draft_ms=4.54 verify_ms=142.13 kv_ms=0.60 refill_ms=18.67
506 [spec] draft KV sliding re-prefill: kept 2080 tokens (positions 10185..12264), dkv_cap=2096
[step 18] accept=1/16 avg=1.4 draft_ms=4.50 verify_ms=141.06 kv_ms=0.52 refill_ms=18.97
524 3825 ggml_backend_cuda_graph_compute: CUDA graph warmup reset
[spec] draft KV sliding re-prefill: kept 2080 tokens (positions 10187..12266), dkv_cap=2096
[step 19] accept=2/16 avg=1.5 draft_ms=4.56 verify_ms=140.64 kv_ms=0.66 refill_ms=18.81
529 506 ggml_backend_cuda_graph_compute: CUDA graph warmup complete
[spec] draft KV sliding re-prefill: kept 2080 tokens (positions 10189..12268), dkv_cap=2096
[step 20] accept=2/16 avg=1.5 draft_ms=4.50 verify_ms=140.69 kv_ms=0.67 refill_ms=18.81
759 ggml_backend_cuda_graph_compute: CUDA graph warmup reset
[spec] draft KV sliding re-prefill: kept 2080 tokens (positions 10190..12269), dkv_cap=2096
[step 21] accept=1/16 avg=1.5 draft_ms=4.50 verify_ms=141.21 kv_ms=0.63 refill_ms=18.74
1852 ggml_backend_cuda_graph_compute: CUDA graph warmup complete
[spec] draft KV sliding re-prefill: kept 2080 tokens (positions 10191..12270), dkv_cap=2096
[step 22] accept=1/16 avg=1.5 draft_ms=4.55 verify_ms=141.36 kv_ms=0.64 refill_ms=18.92
506 1638 ggml_backend_cuda_graph_compute: CUDA graph warmup reset
[spec] draft KV sliding re-prefill: kept 2080 tokens (positions 10193..12272), dkv_cap=2096
[step 23] accept=2/16 avg=1.5 draft_ms=4.54 verify_ms=139.88 kv_ms=0.63 refill_ms=18.88
514 1852 ggml_backend_cuda_graph_compute: CUDA graph warmup complete
[spec] draft KV sliding re-prefill: kept 2080 tokens (positions 10195..12274), dkv_cap=2096
[step 24] accept=2/16 avg=1.5 draft_ms=4.51 verify_ms=143.85 kv_ms=0.66 refill_ms=18.88
506 ggml_backend_cuda_graph_compute: CUDA graph warmup reset
[spec] draft KV sliding re-prefill: kept 2080 tokens (positions 10196..12275), dkv_cap=2096
[step 25] accept=1/16 avg=1.5 draft_ms=4.55 verify_ms=142.57 kv_ms=0.77 refill_ms=18.90
759 ggml_backend_cuda_graph_compute: CUDA graph warmup complete
ggml_backend_cuda_graph_compute: CUDA graph warmup reset
[spec] draft KV sliding re-prefill: kept 2080 tokens (positions 10197..12276), dkv_cap=2096
[step 26] accept=1/16 avg=1.5 draft_ms=4.54 verify_ms=142.84 kv_ms=0.67 refill_ms=18.78
1852 ggml_backend_cuda_graph_compute: CUDA graph warmup reset
ggml_backend_cuda_graph_compute: CUDA graph warmup complete
[spec] draft KV sliding re-prefill: kept 2080 tokens (positions 10198..12277), dkv_cap=2096
[step 27] accept=1/16 avg=1.4 draft_ms=4.54 verify_ms=143.39 kv_ms=0.85 refill_ms=18.93
506 1638 [spec] draft KV sliding re-prefill: kept 2080 tokens (positions 10200..12279), dkv_cap=2096
[step 28] accept=2/16 avg=1.5 draft_ms=4.54 verify_ms=141.02 kv_ms=0.65 refill_ms=18.92
514 1852 ggml_backend_cuda_graph_compute: CUDA graph warmup complete
ggml_backend_cuda_graph_compute: CUDA graph warmup reset
[spec] draft KV sliding re-prefill: kept 2080 tokens (positions 10202..12281), dkv_cap=2096
[step 29] accept=2/16 avg=1.5 draft_ms=4.52 verify_ms=141.66 kv_ms=0.77 refill_ms=18.94
506 1638 ggml_backend_cuda_graph_compute: CUDA graph warmup reset
ggml_backend_cuda_graph_compute: CUDA graph warmup complete
[spec] draft KV sliding re-prefill: kept 2080 tokens (positions 10204..12283), dkv_cap=2096
[step 30] accept=2/16 avg=1.5 draft_ms=4.52 verify_ms=141.19 kv_ms=0.92 refill_ms=18.81
514 1852 ggml_backend_cuda_graph_compute: CUDA graph warmup complete
ggml_backend_cuda_graph_compute: CUDA graph warmup reset
[spec] draft KV sliding re-prefill: kept 2080 tokens (positions 10206..12285), dkv_cap=2096
[step 31] accept=2/16 avg=1.5 draft_ms=4.52 verify_ms=142.10 kv_ms=0.83 refill_ms=19.04
506 ggml_backend_cuda_graph_compute: CUDA graph warmup reset
ggml_backend_cuda_graph_compute: CUDA graph warmup complete
[spec] draft KV sliding re-prefill: kept 2080 tokens (positions 10207..12286), dkv_cap=2096
[step 32] accept=1/16 avg=1.5 draft_ms=4.55 verify_ms=144.15 kv_ms=1.66 refill_ms=19.28
759 ggml_backend_cuda_graph_compute: CUDA graph warmup complete
ggml_backend_cuda_graph_compute: CUDA graph warmup reset
[spec] draft KV sliding re-prefill: kept 2080 tokens (positions 10208..12287), dkv_cap=2096
[step 33] accept=1/16 avg=1.5 draft_ms=4.55 verify_ms=143.34 kv_ms=1.05 refill_ms=19.64
1852 ggml_backend_cuda_graph_compute: CUDA graph warmup reset
ggml_backend_cuda_graph_compute: CUDA graph warmup complete
[spec] draft KV sliding re-prefill: kept 2080 tokens (positions 10209..12288), dkv_cap=2096
[step 34] accept=1/16 avg=1.5 draft_ms=4.52 verify_ms=141.94 kv_ms=0.64 refill_ms=18.77
506 1638 514 [spec] draft KV sliding re-prefill: kept 2080 tokens (positions 10212..12291), dkv_cap=2096
[step 35] accept=3/16 avg=1.5 draft_ms=4.50 verify_ms=141.91 kv_ms=0.73 refill_ms=19.08
1852 [spec] draft KV sliding re-prefill: kept 2080 tokens (positions 10213..12292), dkv_cap=2096
[step 36] accept=1/16 avg=1.5 draft_ms=4.52 verify_ms=141.87 kv_ms=0.65 refill_ms=19.15
506 ggml_backend_cuda_graph_compute: CUDA graph warmup complete
ggml_backend_cuda_graph_compute: CUDA graph warmup reset
[spec] draft KV sliding re-prefill: kept 2080 tokens (positions 10214..12293), dkv_cap=2096
[step 37] accept=1/16 avg=1.5 draft_ms=4.52 verify_ms=142.10 kv_ms=0.63 refill_ms=18.89
759 1852 ggml_backend_cuda_graph_compute: CUDA graph warmup reset
ggml_backend_cuda_graph_compute: CUDA graph warmup complete
[spec] draft KV sliding re-prefill: kept 2080 tokens (positions 10216..12295), dkv_cap=2096
[step 38] accept=2/16 avg=1.5 draft_ms=4.52 verify_ms=141.19 kv_ms=0.73 refill_ms=18.95
506 1638 514 [spec] draft KV sliding re-prefill: kept 2080 tokens (positions 10219..12298), dkv_cap=2096
[step 39] accept=3/16 avg=1.5 draft_ms=4.53 verify_ms=141.54 kv_ms=0.80 refill_ms=19.14
1852 506 759 ggml_backend_cuda_graph_compute: CUDA graph warmup complete
[spec] draft KV sliding re-prefill: kept 2080 tokens (positions 10222..12301), dkv_cap=2096
[step 40] accept=3/16 avg=1.6 draft_ms=4.74 verify_ms=148.44 kv_ms=0.77 refill_ms=19.76
1852 ggml_backend_cuda_graph_compute: CUDA graph warmup reset
[step 41] accept=1/16 avg=1.6 draft_ms=4.74 verify_ms=149.87 kv_ms=0.71 refill_ms=19.79

[stats] generated=64  decode_ms=7327.1  tok/s=8.73  first_tok_ms=194.15
[stats] prefill=12239 tokens  context_used=12303/32768
[spec] draft_steps=41 total_accepted=64 avg_accept=1.56
[mem]  VRAM used=23.01 GB  total=24.00 GB
