[dflash] WARNING: detected CUDA device 0 (NVIDIA GeForce RTX 3090) with 23 GiB VRAM.
[dflash]          Long-context prefill on <=24 GiB cards is significantly
[dflash]          slower with VMM enabled. Consider rebuilding with:
[dflash]              cmake -DGGML_CUDA_NO_VMM=ON ..
ggml_cuda_init: found 1 CUDA devices (Total VRAM: 24575 MiB):
  Device 0: NVIDIA GeForce RTX 3090, compute capability 8.6, VMM: no, VRAM: 24575 MiB
[cache] created max_ctx=32768 (full_attn=32768, swa=2048), kv_layers=60, saved 78.1%
[cache] kv types: SWA=q8_0, full=q8_0
[cfg] model=/home/peppi/Dev/lucebox-hub/models/gemma-4-31B-it-Q4_K_M.gguf draft=(none) method=none gpu=0 ctx=32768 n_predict=64 kv_k=q8_0 kv_v=q8_0 temp=0.00 top_k=0 top_p=1.00 budget=22 bench=0 fa_window=0 draft_max=0 adaptive=0 draft_kv_cap_override=0 pflash=1 pflash_alpha=0.120
[gemma4_loader] bos_id=2 eos_id=106 eos_chat_id=107
[gemma4_loader] capture_layer_ids: 1 12 23 35 46 57
[target] loaded 60 layers, n_embd=5376, vocab=262144  (22762.0 ms)
[cache] created max_ctx=32768, kv_layers=60  (297.6 ms)
[tokens] using 12238 pre-tokenised IDs from --tokens
[tokens] prepended BOS token 2
[prefill] 12239 tokens ...
[prefill] 12239 tokens in 8968.5 ms (1364.7 tok/s) [chunked+pflash, chunk_size=1024]  (last sampled token: 236770)
[tgt-only-dbg] logits[0..3]: 2.373 6.078 2.445 2.377 max=24.302@236784 next=236784
236770 236784 236812 236764 236743 236812 22159 236819 236764 236743 236810 22159 236819 236764 236743 236810 22159 236819 236764 236743 236810 22159 236819 236764 236743 236810 236784 236810 236764 236743 236810 22159 236819 236764 236743 236810 236784 236810 236764 236743 236810 22159 236819 236764 236743 236810 22159 236819 236764 236743 236810 236784 236819 236764 236743 236810 22159 236819 236764 236743 236810 236784 236819 236764 
[stats] generated=64  decode_ms=3509.0  tok/s=18.24  first_tok_ms=108.75
[stats] prefill=12239 tokens  context_used=12303/32768
[mem]  VRAM used=21.34 GB  total=24.00 GB
