[dflash] WARNING: detected CUDA device 0 (NVIDIA GeForce RTX 3090) with 23 GiB VRAM.
[dflash]          Long-context prefill on <=24 GiB cards is significantly
[dflash]          slower with VMM enabled. Consider rebuilding with:
[dflash]              cmake -DGGML_CUDA_NO_VMM=ON ..
ggml_cuda_init: found 1 CUDA devices (Total VRAM: 24575 MiB):
  Device 0: NVIDIA GeForce RTX 3090, compute capability 8.6, VMM: no, VRAM: 24575 MiB
[gemma4 draft GGUF] loaded: n_layer=5 n_head=64 n_kv=8 n_embd=5376 n_ff=10752 head_dim=128 target_hidden=5376  (1.52 GiB on GPU)
[cache] created max_ctx=32768 (full_attn=32768, swa=2048), kv_layers=60, saved 78.1%
[cache] kv types: SWA=q8_0, full=q8_0
[spec] draft KV sliding re-prefill: kept 2080 tokens (positions 10159..12238), dkv_cap=2096
[cfg] model=/home/peppi/Dev/lucebox-hub/models/gemma-4-31B-it-Q4_K_M.gguf draft=/home/peppi/models/gemma4-31b-dflash/draft-q8_0.gguf method=dflash gpu=0 ctx=32768 n_predict=64 kv_k=q8_0 kv_v=q8_0 temp=0.00 top_k=0 top_p=1.00 budget=22 bench=0 fa_window=0 draft_max=16 adaptive=0 draft_kv_cap_override=0 pflash=1 pflash_alpha=0.120
[gemma4_loader] bos_id=2 eos_id=106 eos_chat_id=107
[gemma4_loader] capture_layer_ids: 1 12 23 35 46 57
[target] loaded 60 layers, n_embd=5376, vocab=262144  (2545.9 ms)
[tok_embd] uploaded 756.0 MiB to GPU (q4_K [5376, 262144])
[draft] loaded n_layer=5 n_head=64 n_embd=5376 n_vocab=262144 target_hidden=5376 block_size=16  (2074.3 ms)
[cache] created max_ctx=32768, kv_layers=60  (314.6 ms)
[draft] KV cache allocated: 2096 slots
[tokens] using 12238 pre-tokenised IDs from --tokens
[tokens] prepended BOS token 2
[prefill] 12239 tokens ...
[prefill] 12239 tokens in 9017.7 ms (1357.2 tok/s) [chunked+pflash, chunk_size=1024]  (last sampled token: 236770)
[draft] KV prefill done: 2096 positions materialized (skipped 10143 early tokens, cap=2096, target_feat_cap=4096, dkv_pos=2096)
236770 [spec] draft KV sliding re-prefill: kept 2080 tokens (positions 10160..12239), dkv_cap=2096
ggml_backend_cuda_graph_compute: CUDA graph warmup complete
[step 1] accept=1/16 avg=1.0 draft_ms=10.80 verify_ms=58.03 kv_ms=1.16 refill_ms=20.07
236762 [spec] draft KV sliding re-prefill: kept 2080 tokens (positions 10161..12240), dkv_cap=2096
[step 2] accept=1/16 avg=1.0 draft_ms=6.41 verify_ms=52.19 kv_ms=1.08 refill_ms=20.06
236770 [spec] draft KV sliding re-prefill: kept 2080 tokens (positions 10162..12241), dkv_cap=2096
[step 3] accept=1/16 avg=1.0 draft_ms=4.75 verify_ms=51.64 kv_ms=1.05 refill_ms=19.67
514 [spec] draft KV sliding re-prefill: kept 2080 tokens (positions 10163..12242), dkv_cap=2096
[step 4] accept=1/16 avg=1.0 draft_ms=4.77 verify_ms=51.33 kv_ms=1.19 refill_ms=19.95
524 [spec] draft KV sliding re-prefill: kept 2080 tokens (positions 10164..12243), dkv_cap=2096
[step 5] accept=1/16 avg=1.0 draft_ms=4.75 verify_ms=52.01 kv_ms=1.12 refill_ms=19.64
524 [spec] draft KV sliding re-prefill: kept 2080 tokens (positions 10165..12244), dkv_cap=2096
[step 6] accept=1/16 avg=1.0 draft_ms=4.76 verify_ms=50.84 kv_ms=1.06 refill_ms=19.91
236762 [spec] draft KV sliding re-prefill: kept 2080 tokens (positions 10166..12245), dkv_cap=2096
[step 7] accept=1/16 avg=1.0 draft_ms=4.75 verify_ms=51.09 kv_ms=1.06 refill_ms=19.57
236762 [spec] draft KV sliding re-prefill: kept 2080 tokens (positions 10167..12246), dkv_cap=2096
[step 8] accept=1/16 avg=1.0 draft_ms=4.75 verify_ms=50.83 kv_ms=1.09 refill_ms=19.70
569 [spec] draft KV sliding re-prefill: kept 2080 tokens (positions 10168..12247), dkv_cap=2096
[step 9] accept=1/16 avg=1.0 draft_ms=4.76 verify_ms=51.12 kv_ms=1.07 refill_ms=19.86
524 [spec] draft KV sliding re-prefill: kept 2080 tokens (positions 10169..12248), dkv_cap=2096
[step 10] accept=1/16 avg=1.0 draft_ms=4.77 verify_ms=55.71 kv_ms=1.14 refill_ms=19.62
236770 [spec] draft KV sliding re-prefill: kept 2080 tokens (positions 10170..12249), dkv_cap=2096
[step 11] accept=1/16 avg=1.0 draft_ms=4.76 verify_ms=50.93 kv_ms=1.00 refill_ms=19.76
236762 [spec] draft KV sliding re-prefill: kept 2080 tokens (positions 10171..12250), dkv_cap=2096
[step 12] accept=1/16 avg=1.0 draft_ms=4.77 verify_ms=50.85 kv_ms=1.17 refill_ms=19.77
236770 [spec] draft KV sliding re-prefill: kept 2080 tokens (positions 10172..12251), dkv_cap=2096
[step 13] accept=1/16 avg=1.0 draft_ms=4.79 verify_ms=56.82 kv_ms=1.15 refill_ms=20.56
236762 [spec] draft KV sliding re-prefill: kept 2080 tokens (positions 10173..12252), dkv_cap=2096
[step 14] accept=1/16 avg=1.0 draft_ms=4.77 verify_ms=51.35 kv_ms=1.11 refill_ms=20.15
236770 [spec] draft KV sliding re-prefill: kept 2080 tokens (positions 10174..12253), dkv_cap=2096
[step 15] accept=1/16 avg=1.0 draft_ms=4.75 verify_ms=51.08 kv_ms=1.20 refill_ms=19.78
236762 [spec] draft KV sliding re-prefill: kept 2080 tokens (positions 10175..12254), dkv_cap=2096
[step 16] accept=1/16 avg=1.0 draft_ms=4.81 verify_ms=50.71 kv_ms=1.12 refill_ms=19.85
236770 [spec] draft KV sliding re-prefill: kept 2080 tokens (positions 10176..12255), dkv_cap=2096
[step 17] accept=1/16 avg=1.0 draft_ms=4.77 verify_ms=58.09 kv_ms=1.04 refill_ms=19.65
236762 [spec] draft KV sliding re-prefill: kept 2080 tokens (positions 10177..12256), dkv_cap=2096
[step 18] accept=1/16 avg=1.0 draft_ms=4.79 verify_ms=51.02 kv_ms=1.17 refill_ms=19.72
1154 [spec] draft KV sliding re-prefill: kept 2080 tokens (positions 10178..12257), dkv_cap=2096
[step 19] accept=1/16 avg=1.0 draft_ms=4.75 verify_ms=50.94 kv_ms=1.04 refill_ms=19.67
524 [spec] draft KV sliding re-prefill: kept 2080 tokens (positions 10179..12258), dkv_cap=2096
[step 20] accept=1/16 avg=1.0 draft_ms=4.75 verify_ms=50.94 kv_ms=1.25 refill_ms=19.62
524 [spec] draft KV sliding re-prefill: kept 2080 tokens (positions 10180..12259), dkv_cap=2096
[step 21] accept=1/16 avg=1.0 draft_ms=4.77 verify_ms=55.00 kv_ms=1.06 refill_ms=19.94
236762 [spec] draft KV sliding re-prefill: kept 2080 tokens (positions 10181..12260), dkv_cap=2096
[step 22] accept=1/16 avg=1.0 draft_ms=4.76 verify_ms=50.47 kv_ms=1.16 refill_ms=19.87
236762 [spec] draft KV sliding re-prefill: kept 2080 tokens (positions 10182..12261), dkv_cap=2096
[step 23] accept=1/16 avg=1.0 draft_ms=4.58 verify_ms=49.92 kv_ms=0.99 refill_ms=19.37
236770 [spec] draft KV sliding re-prefill: kept 2080 tokens (positions 10183..12262), dkv_cap=2096
[step 24] accept=1/16 avg=1.0 draft_ms=4.60 verify_ms=49.46 kv_ms=1.08 refill_ms=19.01
236762 236770 236762 [spec] draft KV sliding re-prefill: kept 2080 tokens (positions 10186..12265), dkv_cap=2096
[step 25] accept=3/16 avg=1.1 draft_ms=4.61 verify_ms=48.92 kv_ms=1.14 refill_ms=19.26
514 [spec] draft KV sliding re-prefill: kept 2080 tokens (positions 10187..12266), dkv_cap=2096
[step 26] accept=1/16 avg=1.1 draft_ms=4.61 verify_ms=49.46 kv_ms=1.11 refill_ms=19.04
236774 [spec] draft KV sliding re-prefill: kept 2080 tokens (positions 10188..12267), dkv_cap=2096
[step 27] accept=1/16 avg=1.1 draft_ms=4.81 verify_ms=49.58 kv_ms=0.98 refill_ms=18.98
1154 [spec] draft KV sliding re-prefill: kept 2080 tokens (positions 10189..12268), dkv_cap=2096
[step 28] accept=1/16 avg=1.1 draft_ms=4.59 verify_ms=49.51 kv_ms=1.18 refill_ms=19.07
497 [spec] draft KV sliding re-prefill: kept 2080 tokens (positions 10190..12269), dkv_cap=2096
[step 29] accept=1/16 avg=1.1 draft_ms=4.59 verify_ms=49.87 kv_ms=1.07 refill_ms=19.40
524 [spec] draft KV sliding re-prefill: kept 2080 tokens (positions 10191..12270), dkv_cap=2096
[step 30] accept=1/16 avg=1.1 draft_ms=4.63 verify_ms=50.43 kv_ms=1.27 refill_ms=19.27
524 [spec] draft KV sliding re-prefill: kept 2080 tokens (positions 10192..12271), dkv_cap=2096
[step 31] accept=1/16 avg=1.1 draft_ms=4.60 verify_ms=50.13 kv_ms=1.55 refill_ms=19.42
514 [spec] draft KV sliding re-prefill: kept 2080 tokens (positions 10193..12272), dkv_cap=2096
[step 32] accept=1/16 avg=1.1 draft_ms=4.59 verify_ms=50.52 kv_ms=1.47 refill_ms=19.39
569 [spec] draft KV sliding re-prefill: kept 2080 tokens (positions 10194..12273), dkv_cap=2096
[step 33] accept=1/16 avg=1.1 draft_ms=4.60 verify_ms=51.12 kv_ms=1.11 refill_ms=19.39
524 [spec] draft KV sliding re-prefill: kept 2080 tokens (positions 10195..12274), dkv_cap=2096
[step 34] accept=1/16 avg=1.1 draft_ms=4.86 verify_ms=50.22 kv_ms=1.11 refill_ms=19.23
524 [spec] draft KV sliding re-prefill: kept 2080 tokens (positions 10196..12275), dkv_cap=2096
[step 35] accept=1/16 avg=1.1 draft_ms=4.60 verify_ms=51.88 kv_ms=1.24 refill_ms=19.42
524 [spec] draft KV sliding re-prefill: kept 2080 tokens (positions 10197..12276), dkv_cap=2096
[step 36] accept=1/16 avg=1.1 draft_ms=4.58 verify_ms=49.93 kv_ms=1.23 refill_ms=19.86
236762 [spec] draft KV sliding re-prefill: kept 2080 tokens (positions 10198..12277), dkv_cap=2096
[step 37] accept=1/16 avg=1.1 draft_ms=4.61 verify_ms=50.05 kv_ms=1.05 refill_ms=19.33
569 [spec] draft KV sliding re-prefill: kept 2080 tokens (positions 10199..12278), dkv_cap=2096
[step 38] accept=1/16 avg=1.1 draft_ms=4.59 verify_ms=52.08 kv_ms=1.16 refill_ms=19.26
524 524 236762 [spec] draft KV sliding re-prefill: kept 2080 tokens (positions 10202..12281), dkv_cap=2096
[step 39] accept=3/16 avg=1.1 draft_ms=4.59 verify_ms=50.38 kv_ms=1.16 refill_ms=19.28
236770 [spec] draft KV sliding re-prefill: kept 2080 tokens (positions 10203..12282), dkv_cap=2096
[step 40] accept=1/16 avg=1.1 draft_ms=4.59 verify_ms=49.73 kv_ms=1.20 refill_ms=19.28
236762 [spec] draft KV sliding re-prefill: kept 2080 tokens (positions 10204..12283), dkv_cap=2096
[step 41] accept=1/16 avg=1.1 draft_ms=4.63 verify_ms=50.03 kv_ms=1.06 refill_ms=19.42
236770 [spec] draft KV sliding re-prefill: kept 2080 tokens (positions 10205..12284), dkv_cap=2096
[step 42] accept=1/16 avg=1.1 draft_ms=4.59 verify_ms=49.91 kv_ms=1.09 refill_ms=18.97
524 [spec] draft KV sliding re-prefill: kept 2080 tokens (positions 10206..12285), dkv_cap=2096
[step 43] accept=1/16 avg=1.1 draft_ms=4.57 verify_ms=49.54 kv_ms=1.08 refill_ms=19.12
524 [spec] draft KV sliding re-prefill: kept 2080 tokens (positions 10207..12286), dkv_cap=2096
[step 44] accept=1/16 avg=1.1 draft_ms=4.59 verify_ms=50.61 kv_ms=1.04 refill_ms=18.84
524 [spec] draft KV sliding re-prefill: kept 2080 tokens (positions 10208..12287), dkv_cap=2096
[step 45] accept=1/16 avg=1.1 draft_ms=4.60 verify_ms=50.29 kv_ms=0.97 refill_ms=19.29
524 [spec] draft KV sliding re-prefill: kept 2080 tokens (positions 10209..12288), dkv_cap=2096
[step 46] accept=1/16 avg=1.1 draft_ms=4.62 verify_ms=49.44 kv_ms=1.04 refill_ms=19.06
524 236762 [spec] draft KV sliding re-prefill: kept 2080 tokens (positions 10211..12290), dkv_cap=2096
[step 47] accept=2/16 avg=1.1 draft_ms=4.58 verify_ms=48.90 kv_ms=1.09 refill_ms=19.23
569 [spec] draft KV sliding re-prefill: kept 2080 tokens (positions 10212..12291), dkv_cap=2096
[step 48] accept=1/16 avg=1.1 draft_ms=4.61 verify_ms=49.58 kv_ms=1.11 refill_ms=19.09
524 [spec] draft KV sliding re-prefill: kept 2080 tokens (positions 10213..12292), dkv_cap=2096
[step 49] accept=1/16 avg=1.1 draft_ms=4.59 verify_ms=49.03 kv_ms=1.39 refill_ms=19.31
524 [spec] draft KV sliding re-prefill: kept 2080 tokens (positions 10214..12293), dkv_cap=2096
[step 50] accept=1/16 avg=1.1 draft_ms=4.59 verify_ms=50.31 kv_ms=1.07 refill_ms=19.00
524 236762 [spec] draft KV sliding re-prefill: kept 2080 tokens (positions 10216..12295), dkv_cap=2096
[step 51] accept=2/16 avg=1.1 draft_ms=4.59 verify_ms=49.09 kv_ms=0.97 refill_ms=19.14
1154 [spec] draft KV sliding re-prefill: kept 2080 tokens (positions 10217..12296), dkv_cap=2096
[step 52] accept=1/16 avg=1.1 draft_ms=4.59 verify_ms=50.25 kv_ms=1.10 refill_ms=18.83
524 [spec] draft KV sliding re-prefill: kept 2080 tokens (positions 10218..12297), dkv_cap=2096
[step 53] accept=1/16 avg=1.1 draft_ms=4.59 verify_ms=49.41 kv_ms=1.13 refill_ms=19.28
524 [spec] draft KV sliding re-prefill: kept 2080 tokens (positions 10219..12298), dkv_cap=2096
[step 54] accept=1/16 avg=1.1 draft_ms=4.58 verify_ms=49.53 kv_ms=1.11 refill_ms=19.33
524 [spec] draft KV sliding re-prefill: kept 2080 tokens (positions 10220..12299), dkv_cap=2096
[step 55] accept=1/16 avg=1.1 draft_ms=4.66 verify_ms=49.54 kv_ms=1.06 refill_ms=19.15
524 [spec] draft KV sliding re-prefill: kept 2080 tokens (positions 10221..12300), dkv_cap=2096
[step 56] accept=1/16 avg=1.1 draft_ms=4.58 verify_ms=49.07 kv_ms=1.02 refill_ms=19.37
236770 [spec] draft KV sliding re-prefill: kept 2080 tokens (positions 10222..12301), dkv_cap=2096
[step 57] accept=1/16 avg=1.1 draft_ms=4.58 verify_ms=49.05 kv_ms=1.06 refill_ms=19.22
524 [step 58] accept=2/16 avg=1.1 draft_ms=4.60 verify_ms=49.81 kv_ms=1.01 refill_ms=19.03

[stats] generated=64  decode_ms=5107.9  tok/s=12.53  first_tok_ms=109.46
[stats] prefill=12239 tokens  context_used=12303/32768
[spec] draft_steps=58 total_accepted=64 avg_accept=1.10
[mem]  VRAM used=23.67 GB  total=24.00 GB
