[dflash] WARNING: detected CUDA device 0 (NVIDIA GeForce RTX 3090) with 23 GiB VRAM.
[dflash]          Long-context prefill on <=24 GiB cards is significantly
[dflash]          slower with VMM enabled. Consider rebuilding with:
[dflash]              cmake -DGGML_CUDA_NO_VMM=ON ..
ggml_cuda_init: found 1 CUDA devices (Total VRAM: 24575 MiB):
  Device 0: NVIDIA GeForce RTX 3090, compute capability 8.6, VMM: no, VRAM: 24575 MiB
[gemma4 draft GGUF] loaded: n_layer=5 n_head=64 n_kv=8 n_embd=5376 n_ff=10752 head_dim=128 target_hidden=5376  (1.52 GiB on GPU)
[cache] narrow asymmetric: forced Q8_0 on 2 captured full-attn layer(s) (remaining 8 full-attn keep TQ3)
[cache] created max_ctx=65536 (full_attn=65536, swa=2048), kv_layers=60, saved 80.7%
[cache] kv types: SWA=tq3_0, full=tq3_0
[spec] draft KV sliding re-prefill: kept 2080 tokens (positions 47923..50002), dkv_cap=2096
[cfg] model=/home/peppi/Dev/lucebox-hub/models/gemma-4-31B-it-Q4_K_M.gguf draft=/home/peppi/models/gemma4-31b-dflash/draft-q8_0.gguf method=dflash gpu=0 ctx=65536 n_predict=64 kv_k=tq3_0 kv_v=tq3_0 temp=0.00 top_k=0 top_p=1.00 budget=22 bench=0 fa_window=0 draft_max=16 adaptive=0 draft_kv_cap_override=0 pflash=1 pflash_alpha=0.120
[gemma4_loader] bos_id=2 eos_id=106 eos_chat_id=107
[gemma4_loader] capture_layer_ids: 1 12 23 35 46 57
[target] loaded 60 layers, n_embd=5376, vocab=262144  (2702.0 ms)
[tok_embd] uploaded 756.0 MiB to GPU (q4_K [5376, 262144])
[draft] loaded n_layer=5 n_head=64 n_embd=5376 n_vocab=262144 target_hidden=5376 block_size=16  (266.9 ms)
[cache] created max_ctx=65536, kv_layers=60  (254.1 ms)
[draft] KV cache allocated: 2096 slots
[tokens] using 50002 pre-tokenised IDs from --tokens
[tokens] prepended BOS token 2
[prefill] 50003 tokens ...
[prefill] 50003 tokens in 103485.2 ms (483.2 tok/s) [chunked+pflash, chunk_size=1024]  (last sampled token: 100)
[draft] KV prefill done: 2096 positions materialized (skipped 47907 early tokens, cap=2096, target_feat_cap=4096, dkv_pos=2096)
100 45518 107 [spec] draft KV sliding re-prefill: kept 2080 tokens (positions 47926..50005), dkv_cap=2096
ggml_backend_cuda_graph_compute: CUDA graph warmup complete
[step 1] accept=3/16 avg=3.0 draft_ms=8.55 verify_ms=271.94 kv_ms=0.74 refill_ms=22.47
101 [spec] draft KV sliding re-prefill: kept 2080 tokens (positions 47927..50006), dkv_cap=2096
[step 2] accept=1/16 avg=2.0 draft_ms=5.42 verify_ms=269.30 kv_ms=0.82 refill_ms=20.41
2094 [spec] draft KV sliding re-prefill: kept 2080 tokens (positions 47928..50007), dkv_cap=2096
[step 3] accept=1/16 avg=1.7 draft_ms=4.63 verify_ms=267.80 kv_ms=0.62 refill_ms=19.74
9173 [spec] draft KV sliding re-prefill: kept 2080 tokens (positions 47929..50008), dkv_cap=2096
[step 4] accept=1/16 avg=1.5 draft_ms=4.62 verify_ms=267.94 kv_ms=0.73 refill_ms=19.71
10594 529 496 5249 529 ggml_backend_cuda_graph_compute: CUDA graph warmup complete
[spec] draft KV sliding re-prefill: kept 2080 tokens (positions 47934..50013), dkv_cap=2096
[step 5] accept=5/16 avg=2.2 draft_ms=5.12 verify_ms=268.32 kv_ms=1.24 refill_ms=27.55
14955 5151 [spec] draft KV sliding re-prefill: kept 2080 tokens (positions 47936..50015), dkv_cap=2096
[step 6] accept=2/16 avg=2.2 draft_ms=4.65 verify_ms=269.03 kv_ms=0.74 refill_ms=20.65
600 [spec] draft KV sliding re-prefill: kept 2080 tokens (positions 47937..50016), dkv_cap=2096
[step 7] accept=1/16 avg=2.0 draft_ms=4.63 verify_ms=272.37 kv_ms=0.71 refill_ms=19.91
4144 3572 [spec] draft KV sliding re-prefill: kept 2080 tokens (positions 47939..50018), dkv_cap=2096
[step 8] accept=2/16 avg=2.0 draft_ms=4.64 verify_ms=273.85 kv_ms=0.64 refill_ms=19.50
118213 [spec] draft KV sliding re-prefill: kept 2080 tokens (positions 47940..50019), dkv_cap=2096
[step 9] accept=1/16 avg=1.9 draft_ms=4.65 verify_ms=275.31 kv_ms=0.67 refill_ms=19.86
9395 236764 [spec] draft KV sliding re-prefill: kept 2080 tokens (positions 47942..50021), dkv_cap=2096
[step 10] accept=2/16 avg=1.9 draft_ms=4.88 verify_ms=285.59 kv_ms=0.64 refill_ms=20.15
13336 [spec] draft KV sliding re-prefill: kept 2080 tokens (positions 47943..50022), dkv_cap=2096
[step 11] accept=1/16 avg=1.8 draft_ms=4.62 verify_ms=268.69 kv_ms=0.69 refill_ms=21.66
19541 580 [spec] draft KV sliding re-prefill: kept 2080 tokens (positions 47945..50024), dkv_cap=2096
[step 12] accept=2/16 avg=1.8 draft_ms=4.63 verify_ms=267.05 kv_ms=0.68 refill_ms=20.01
2483 37226 236764 [spec] draft KV sliding re-prefill: kept 2080 tokens (positions 47948..50027), dkv_cap=2096
[step 13] accept=3/16 avg=1.9 draft_ms=4.63 verify_ms=271.85 kv_ms=0.82 refill_ms=19.37
23093 [spec] draft KV sliding re-prefill: kept 2080 tokens (positions 47949..50028), dkv_cap=2096
[step 14] accept=1/16 avg=1.9 draft_ms=4.63 verify_ms=286.41 kv_ms=0.68 refill_ms=20.72
15621 236764 532 [spec] draft KV sliding re-prefill: kept 2080 tokens (positions 47952..50031), dkv_cap=2096
[step 15] accept=3/16 avg=1.9 draft_ms=4.62 verify_ms=280.05 kv_ms=0.77 refill_ms=26.94
1694 8487 236761 ggml_backend_cuda_graph_compute: CUDA graph warmup complete
[spec] draft KV sliding re-prefill: kept 2080 tokens (positions 47955..50034), dkv_cap=2096
[step 16] accept=3/16 avg=2.0 draft_ms=4.75 verify_ms=270.32 kv_ms=1.20 refill_ms=25.96
108 ggml_backend_cuda_graph_compute: CUDA graph warmup reset
[spec] draft KV sliding re-prefill: kept 2080 tokens (positions 47956..50035), dkv_cap=2096
[step 17] accept=1/16 avg=1.9 draft_ms=4.59 verify_ms=262.57 kv_ms=0.68 refill_ms=19.61
10354 ggml_backend_cuda_graph_compute: CUDA graph warmup complete
[spec] draft KV sliding re-prefill: kept 2080 tokens (positions 47957..50036), dkv_cap=2096
[step 18] accept=1/16 avg=1.9 draft_ms=4.57 verify_ms=263.74 kv_ms=0.77 refill_ms=19.38
13752 [spec] draft KV sliding re-prefill: kept 2080 tokens (positions 47958..50037), dkv_cap=2096
[step 19] accept=1/16 avg=1.8 draft_ms=4.55 verify_ms=271.73 kv_ms=0.60 refill_ms=19.60
8739 [spec] draft KV sliding re-prefill: kept 2080 tokens (positions 47959..50038), dkv_cap=2096
[step 20] accept=1/16 avg=1.8 draft_ms=4.57 verify_ms=262.07 kv_ms=0.64 refill_ms=19.53
21072 532 72627 236787 107 ggml_backend_cuda_graph_compute: CUDA graph warmup reset
[spec] draft KV sliding re-prefill: kept 2080 tokens (positions 47964..50043), dkv_cap=2096
[step 21] accept=5/16 avg=2.0 draft_ms=4.54 verify_ms=271.75 kv_ms=0.83 refill_ms=19.88
236829 139 1018 103831 [spec] draft KV sliding re-prefill: kept 2080 tokens (positions 47968..50047), dkv_cap=2096
[step 22] accept=4/16 avg=2.0 draft_ms=4.56 verify_ms=266.46 kv_ms=0.85 refill_ms=20.54
45750 53121 669 3393 ggml_backend_cuda_graph_compute: CUDA graph warmup complete
[spec] draft KV sliding re-prefill: kept 2080 tokens (positions 47972..50051), dkv_cap=2096
[step 23] accept=4/16 avg=2.1 draft_ms=4.55 verify_ms=263.23 kv_ms=0.77 refill_ms=19.68
18677 60432 ggml_backend_cuda_graph_compute: CUDA graph warmup reset
[spec] draft KV sliding re-prefill: kept 2080 tokens (positions 47974..50053), dkv_cap=2096
[step 24] accept=2/16 avg=2.1 draft_ms=4.52 verify_ms=264.76 kv_ms=0.83 refill_ms=19.45
17856 236789 236751 [spec] draft KV sliding re-prefill: kept 2080 tokens (positions 47977..50056), dkv_cap=2096
[step 25] accept=3/16 avg=2.2 draft_ms=4.52 verify_ms=262.72 kv_ms=0.74 refill_ms=19.47
10828 14929 [spec] draft KV sliding re-prefill: kept 2080 tokens (positions 47979..50058), dkv_cap=2096
[step 26] accept=2/16 avg=2.2 draft_ms=4.55 verify_ms=288.37 kv_ms=0.89 refill_ms=20.04
4065 236764 1288 618 2165 [spec] draft KV sliding re-prefill: kept 2080 tokens (positions 47984..50063), dkv_cap=2096
[step 27] accept=5/16 avg=2.3 draft_ms=4.52 verify_ms=333.03 kv_ms=0.73 refill_ms=41.65
3275 8347 2165 [step 28] accept=6/16 avg=2.3 draft_ms=4.53 verify_ms=269.07 kv_ms=0.74 refill_ms=19.55

[stats] generated=64  decode_ms=8773.1  tok/s=7.29  first_tok_ms=324.14
[stats] prefill=50003 tokens  context_used=50067/65536
[spec] draft_steps=28 total_accepted=64 avg_accept=2.29
[mem]  VRAM used=23.80 GB  total=24.00 GB
