[dflash] WARNING: detected CUDA device 0 (NVIDIA GeForce RTX 3090) with 23 GiB VRAM.
[dflash]          Long-context prefill on <=24 GiB cards is significantly
[dflash]          slower with VMM enabled. Consider rebuilding with:
[dflash]              cmake -DGGML_CUDA_NO_VMM=ON ..
ggml_cuda_init: found 1 CUDA devices (Total VRAM: 24575 MiB):
  Device 0: NVIDIA GeForce RTX 3090, compute capability 8.6, VMM: no, VRAM: 24575 MiB
[gemma4 draft GGUF] loaded: n_layer=5 n_head=64 n_kv=8 n_embd=5376 n_ff=10752 head_dim=128 target_hidden=5376  (1.52 GiB on GPU)
[cache] created max_ctx=65536 (full_attn=65536, swa=2048), kv_layers=60, saved 80.7%
[cache] kv types: SWA=q8_0, full=q8_0
[spec] draft KV sliding re-prefill: kept 2080 tokens (positions 47923..50002), dkv_cap=2096
[cfg] model=/home/peppi/Dev/lucebox-hub/models/gemma-4-31B-it-Q4_K_M.gguf draft=/home/peppi/models/gemma4-31b-dflash/draft-q8_0.gguf method=dflash gpu=0 ctx=65536 n_predict=64 kv_k=q8_0 kv_v=q8_0 temp=0.00 top_k=0 top_p=1.00 budget=22 bench=0 fa_window=0 draft_max=16 adaptive=0 draft_kv_cap_override=0 pflash=1 pflash_alpha=0.120
[gemma4_loader] bos_id=2 eos_id=106 eos_chat_id=107
[gemma4_loader] capture_layer_ids: 1 12 23 35 46 57
[target] loaded 60 layers, n_embd=5376, vocab=262144  (2538.9 ms)
[tok_embd] uploaded 756.0 MiB to GPU (q4_K [5376, 262144])
[draft] loaded n_layer=5 n_head=64 n_embd=5376 n_vocab=262144 target_hidden=5376 block_size=16  (267.7 ms)
[cache] created max_ctx=65536, kv_layers=60  (547.5 ms)
[draft] KV cache allocated: 2096 slots
[tokens] using 50002 pre-tokenised IDs from --tokens
[tokens] prepended BOS token 2
[prefill] 50003 tokens ...
[prefill] 50003 tokens in 382777.2 ms (130.6 tok/s) [chunked+pflash, chunk_size=1024]  (last sampled token: 7243)
[draft] KV prefill done: 2096 positions materialized (skipped 47907 early tokens, cap=2096, target_feat_cap=4096, dkv_pos=2096)
7243 [spec] draft KV sliding re-prefill: kept 2080 tokens (positions 47924..50003), dkv_cap=2096
ggml_backend_cuda_graph_compute: CUDA graph warmup complete
[step 1] accept=1/16 avg=1.0 draft_ms=11.06 verify_ms=194.22 kv_ms=1.51 refill_ms=158.61
236798 [spec] draft KV sliding re-prefill: kept 2080 tokens (positions 47925..50004), dkv_cap=2096
[step 2] accept=1/16 avg=1.0 draft_ms=6.98 verify_ms=188.04 kv_ms=1.37 refill_ms=160.56
569 [spec] draft KV sliding re-prefill: kept 2080 tokens (positions 47926..50005), dkv_cap=2096
[step 3] accept=1/16 avg=1.0 draft_ms=6.29 verify_ms=187.87 kv_ms=1.08 refill_ms=169.86
759 [spec] draft KV sliding re-prefill: kept 2080 tokens (positions 47927..50006), dkv_cap=2096
[step 4] accept=1/16 avg=1.0 draft_ms=6.07 verify_ms=188.55 kv_ms=1.08 refill_ms=157.90
514 [spec] draft KV sliding re-prefill: kept 2080 tokens (positions 47928..50007), dkv_cap=2096
[step 5] accept=1/16 avg=1.0 draft_ms=6.04 verify_ms=196.37 kv_ms=1.11 refill_ms=158.55
524 [spec] draft KV sliding re-prefill: kept 2080 tokens (positions 47929..50008), dkv_cap=2096
[step 6] accept=1/16 avg=1.0 draft_ms=5.82 verify_ms=181.07 kv_ms=1.13 refill_ms=152.69
524 [spec] draft KV sliding re-prefill: kept 2080 tokens (positions 47930..50009), dkv_cap=2096
[step 7] accept=1/16 avg=1.0 draft_ms=5.83 verify_ms=180.93 kv_ms=1.23 refill_ms=153.32
524 [spec] draft KV sliding re-prefill: kept 2080 tokens (positions 47931..50010), dkv_cap=2096
[step 8] accept=1/16 avg=1.0 draft_ms=5.82 verify_ms=181.68 kv_ms=1.07 refill_ms=161.72
236762 [spec] draft KV sliding re-prefill: kept 2080 tokens (positions 47932..50011), dkv_cap=2096
[step 9] accept=1/16 avg=1.0 draft_ms=5.83 verify_ms=180.86 kv_ms=1.07 refill_ms=152.09
236762 [spec] draft KV sliding re-prefill: kept 2080 tokens (positions 47933..50012), dkv_cap=2096
[step 10] accept=1/16 avg=1.0 draft_ms=5.80 verify_ms=188.77 kv_ms=1.04 refill_ms=152.01
569 [spec] draft KV sliding re-prefill: kept 2080 tokens (positions 47934..50013), dkv_cap=2096
[step 11] accept=1/16 avg=1.0 draft_ms=5.82 verify_ms=180.40 kv_ms=1.10 refill_ms=151.91
524 524 524 [spec] draft KV sliding re-prefill: kept 2080 tokens (positions 47937..50016), dkv_cap=2096
[step 12] accept=3/16 avg=1.2 draft_ms=5.85 verify_ms=181.30 kv_ms=1.13 refill_ms=152.09
236762 [spec] draft KV sliding re-prefill: kept 2080 tokens (positions 47938..50017), dkv_cap=2096
[step 13] accept=1/16 avg=1.2 draft_ms=5.82 verify_ms=185.53 kv_ms=1.25 refill_ms=162.46
569 [spec] draft KV sliding re-prefill: kept 2080 tokens (positions 47939..50018), dkv_cap=2096
[step 14] accept=1/16 avg=1.1 draft_ms=5.83 verify_ms=185.41 kv_ms=1.32 refill_ms=154.06
524 [spec] draft KV sliding re-prefill: kept 2080 tokens (positions 47940..50019), dkv_cap=2096
[step 15] accept=1/16 avg=1.1 draft_ms=5.84 verify_ms=194.98 kv_ms=1.24 refill_ms=155.37
236770 [spec] draft KV sliding re-prefill: kept 2080 tokens (positions 47941..50020), dkv_cap=2096
[step 16] accept=1/16 avg=1.1 draft_ms=5.82 verify_ms=182.93 kv_ms=1.03 refill_ms=154.25
236762 [spec] draft KV sliding re-prefill: kept 2080 tokens (positions 47942..50021), dkv_cap=2096
[step 17] accept=1/16 avg=1.1 draft_ms=5.82 verify_ms=181.37 kv_ms=2.50 refill_ms=151.38
514 [spec] draft KV sliding re-prefill: kept 2080 tokens (positions 47943..50022), dkv_cap=2096
[step 18] accept=1/16 avg=1.1 draft_ms=5.82 verify_ms=181.03 kv_ms=1.09 refill_ms=160.22
524 [spec] draft KV sliding re-prefill: kept 2080 tokens (positions 47944..50023), dkv_cap=2096
[step 19] accept=1/16 avg=1.1 draft_ms=5.85 verify_ms=181.14 kv_ms=1.08 refill_ms=151.13
524 524 [spec] draft KV sliding re-prefill: kept 2080 tokens (positions 47946..50025), dkv_cap=2096
[step 20] accept=2/16 avg=1.1 draft_ms=5.84 verify_ms=188.40 kv_ms=1.29 refill_ms=151.16
236762 [spec] draft KV sliding re-prefill: kept 2080 tokens (positions 47947..50026), dkv_cap=2096
[step 21] accept=1/16 avg=1.1 draft_ms=5.89 verify_ms=181.21 kv_ms=1.13 refill_ms=152.47
524 524 524 524 [spec] draft KV sliding re-prefill: kept 2080 tokens (positions 47951..50030), dkv_cap=2096
[step 22] accept=4/16 avg=1.3 draft_ms=5.82 verify_ms=180.50 kv_ms=1.10 refill_ms=151.50
524 524 [spec] draft KV sliding re-prefill: kept 2080 tokens (positions 47953..50032), dkv_cap=2096
[step 23] accept=2/16 avg=1.3 draft_ms=5.85 verify_ms=180.92 kv_ms=1.04 refill_ms=156.81
524 524 [spec] draft KV sliding re-prefill: kept 2080 tokens (positions 47955..50034), dkv_cap=2096
[step 24] accept=2/16 avg=1.3 draft_ms=5.82 verify_ms=180.93 kv_ms=1.08 refill_ms=151.32
524 524 524 524 524 524 [spec] draft KV sliding re-prefill: kept 2080 tokens (positions 47961..50040), dkv_cap=2096
[step 25] accept=6/16 avg=1.5 draft_ms=5.82 verify_ms=184.17 kv_ms=2.92 refill_ms=151.45
524 524 524 524 524 [spec] draft KV sliding re-prefill: kept 2080 tokens (positions 47966..50045), dkv_cap=2096
[step 26] accept=5/16 avg=1.7 draft_ms=5.85 verify_ms=189.19 kv_ms=1.26 refill_ms=152.47
524 524 524 524 524 524 [spec] draft KV sliding re-prefill: kept 2080 tokens (positions 47972..50051), dkv_cap=2096
[step 27] accept=6/16 avg=1.8 draft_ms=6.13 verify_ms=189.89 kv_ms=2.88 refill_ms=159.25
524 524 524 524 524 524 [spec] draft KV sliding re-prefill: kept 2080 tokens (positions 47978..50057), dkv_cap=2096
[step 28] accept=6/16 avg=2.0 draft_ms=6.11 verify_ms=185.29 kv_ms=2.86 refill_ms=165.23
524 524 524 524 524 524 524 [spec] draft KV sliding re-prefill: kept 2080 tokens (positions 47985..50064), dkv_cap=2096
[step 29] accept=7/16 avg=2.1 draft_ms=5.90 verify_ms=183.08 kv_ms=1.64 refill_ms=153.28
524 524 [step 30] accept=8/16 avg=2.1 draft_ms=5.89 verify_ms=187.78 kv_ms=1.15 refill_ms=153.48

[stats] generated=64  decode_ms=10810.2  tok/s=5.92  first_tok_ms=385.03
[stats] prefill=50003 tokens  context_used=50067/65536
[spec] draft_steps=30 total_accepted=64 avg_accept=2.13
[mem]  VRAM used=24.00 GB  total=24.00 GB
