[dflash] WARNING: detected CUDA device 0 (NVIDIA GeForce RTX 3090) with 23 GiB VRAM.
[dflash]          Long-context prefill on <=24 GiB cards is significantly
[dflash]          slower with VMM enabled. Consider rebuilding with:
[dflash]              cmake -DGGML_CUDA_NO_VMM=ON ..
ggml_cuda_init: found 1 CUDA devices (Total VRAM: 24575 MiB):
  Device 0: NVIDIA GeForce RTX 3090, compute capability 8.6, VMM: no, VRAM: 24575 MiB
[gemma4 draft GGUF] loaded: n_layer=5 n_head=32 n_kv=8 n_embd=2816 n_ff=5632 head_dim=128 target_hidden=2816  (0.43 GiB on GPU)
[cache] created max_ctx=262144 (full_attn=262144, swa=2048), kv_layers=30, saved 82.7%
[cache] kv types: SWA=q8_0, full=q8_0
[spec] draft KV sliding re-prefill: kept 2092 tokens (positions 47911..50002), dkv_cap=2096
[cfg] model=/home/peppi/models/gemma4-26b-a4b-it/gemma-4-26B-A4B-it-UD-Q4_K_M.gguf draft=/home/peppi/models/gemma4-26b-a4b-dflash/draft-q8_0.gguf method=dflash gpu=0 ctx=262144 n_predict=64 kv_k=q8_0 kv_v=q8_0 temp=0.00 top_k=0 top_p=1.00 budget=22 bench=0 fa_window=0 draft_max=4 adaptive=0 draft_kv_cap_override=0 pflash=1 pflash_alpha=0.120
[gemma4_loader] bos_id=2 eos_id=106 eos_chat_id=107
[gemma4_loader] capture_layer_ids: 1 6 11 17 22 27
[target] loaded 30 layers, n_embd=2816, vocab=262144  (2401.8 ms)
[tok_embd] uploaded 748.0 MiB to GPU (q8_0 [2816, 262144])
[draft] loaded n_layer=5 n_head=32 n_embd=2816 n_vocab=262144 target_hidden=2816 block_size=16  (74.8 ms)
[cache] created max_ctx=262144, kv_layers=30  (351.1 ms)
[draft] KV cache allocated: 2096 slots
[tokens] using 50002 pre-tokenised IDs from --tokens
[tokens] prepended BOS token 2
[prefill] 50003 tokens ...
[prefill] 50003 tokens in 9641.6 ms (5186.2 tok/s) [chunked+pflash, chunk_size=1024]  (last sampled token: 7243)
[draft] KV prefill done: 2096 positions materialized (skipped 47907 early tokens, cap=2096, target_feat_cap=4096, dkv_pos=2096)
7243 [spec] draft KV sliding re-prefill: kept 2092 tokens (positions 47912..50003), dkv_cap=2096
ggml_backend_cuda_graph_compute: CUDA graph warmup complete
[step 1] accept=1/4 avg=1.0 draft_ms=5.81 verify_ms=25.25 kv_ms=0.78 refill_ms=10.42
236772 107 [spec] draft KV sliding re-prefill: kept 2092 tokens (positions 47914..50005), dkv_cap=2096
[step 2] accept=2/4 avg=1.5 draft_ms=4.83 verify_ms=17.84 kv_ms=0.55 refill_ms=10.36
2717 6719 107 [spec] draft KV sliding re-prefill: kept 2092 tokens (positions 47917..50008), dkv_cap=2096
[step 3] accept=3/4 avg=2.0 draft_ms=2.73 verify_ms=16.50 kv_ms=0.55 refill_ms=9.75
2063 [spec] draft KV sliding re-prefill: kept 2092 tokens (positions 47918..50009), dkv_cap=2096
[step 4] accept=1/4 avg=1.8 draft_ms=2.41 verify_ms=16.82 kv_ms=0.74 refill_ms=9.66
2324 236779 [spec] draft KV sliding re-prefill: kept 2092 tokens (positions 47920..50011), dkv_cap=2096
[step 5] accept=2/4 avg=1.8 draft_ms=2.41 verify_ms=17.79 kv_ms=0.51 refill_ms=10.16
67161 [spec] draft KV sliding re-prefill: kept 2092 tokens (positions 47921..50012), dkv_cap=2096
[step 6] accept=1/4 avg=1.7 draft_ms=2.41 verify_ms=16.88 kv_ms=0.70 refill_ms=9.75
236779 1340 236779 ggml_backend_cuda_graph_compute: CUDA graph warmup complete
[spec] draft KV sliding re-prefill: kept 2092 tokens (positions 47924..50015), dkv_cap=2096
[step 7] accept=3/4 avg=1.9 draft_ms=2.41 verify_ms=18.42 kv_ms=0.60 refill_ms=9.66
28018 [spec] draft KV sliding re-prefill: kept 2092 tokens (positions 47925..50016), dkv_cap=2096
[step 8] accept=1/4 avg=1.8 draft_ms=2.73 verify_ms=21.12 kv_ms=0.57 refill_ms=9.87
236779 ggml_backend_cuda_graph_compute: CUDA graph warmup complete
[spec] draft KV sliding re-prefill: kept 2092 tokens (positions 47926..50017), dkv_cap=2096
[step 9] accept=1/4 avg=1.7 draft_ms=2.42 verify_ms=18.60 kv_ms=0.54 refill_ms=9.94
236766 [spec] draft KV sliding re-prefill: kept 2092 tokens (positions 47927..50018), dkv_cap=2096
[step 10] accept=1/4 avg=1.6 draft_ms=2.41 verify_ms=17.92 kv_ms=0.38 refill_ms=9.76
236778 236769 ggml_backend_cuda_graph_compute: CUDA graph warmup reset
[spec] draft KV sliding re-prefill: kept 2092 tokens (positions 47929..50020), dkv_cap=2096
[step 11] accept=2/4 avg=1.6 draft_ms=2.41 verify_ms=21.16 kv_ms=0.53 refill_ms=9.69
236749 [spec] draft KV sliding re-prefill: kept 2092 tokens (positions 47930..50021), dkv_cap=2096
[step 12] accept=1/4 avg=1.6 draft_ms=2.41 verify_ms=17.55 kv_ms=0.49 refill_ms=9.69
236787 801 [spec] draft KV sliding re-prefill: kept 2092 tokens (positions 47932..50023), dkv_cap=2096
[step 13] accept=2/4 avg=1.6 draft_ms=2.41 verify_ms=17.14 kv_ms=0.52 refill_ms=9.80
236768 3921 ggml_backend_cuda_graph_compute: CUDA graph warmup complete
[spec] draft KV sliding re-prefill: kept 2092 tokens (positions 47934..50025), dkv_cap=2096
[step 14] accept=2/4 avg=1.6 draft_ms=2.35 verify_ms=19.58 kv_ms=0.75 refill_ms=9.43
1540 236787 107 140 ggml_backend_cuda_graph_compute: CUDA graph warmup reset
[spec] draft KV sliding re-prefill: kept 2092 tokens (positions 47938..50029), dkv_cap=2096
[step 15] accept=4/4 avg=1.8 draft_ms=2.65 verify_ms=21.91 kv_ms=0.51 refill_ms=9.55
12234 107 140 [spec] draft KV sliding re-prefill: kept 2092 tokens (positions 47941..50032), dkv_cap=2096
[step 16] accept=3/4 avg=1.9 draft_ms=2.35 verify_ms=21.33 kv_ms=0.51 refill_ms=9.30
22304 1090 506 2324 [spec] draft KV sliding re-prefill: kept 2092 tokens (positions 47945..50036), dkv_cap=2096
[step 17] accept=4/4 avg=2.0 draft_ms=2.35 verify_ms=21.66 kv_ms=0.83 refill_ms=9.38
529 [spec] draft KV sliding re-prefill: kept 2092 tokens (positions 47946..50037), dkv_cap=2096
[step 18] accept=1/4 avg=1.9 draft_ms=2.37 verify_ms=17.59 kv_ms=0.50 refill_ms=9.56
236772 67161 [spec] draft KV sliding re-prefill: kept 2092 tokens (positions 47948..50039), dkv_cap=2096
[step 19] accept=2/4 avg=1.9 draft_ms=2.36 verify_ms=17.72 kv_ms=0.61 refill_ms=9.47
529 [spec] draft KV sliding re-prefill: kept 2092 tokens (positions 47949..50040), dkv_cap=2096
[step 20] accept=1/4 avg=1.9 draft_ms=2.35 verify_ms=18.12 kv_ms=0.55 refill_ms=9.55
614 11995 236761 107 [spec] draft KV sliding re-prefill: kept 2092 tokens (positions 47953..50044), dkv_cap=2096
[step 21] accept=4/4 avg=2.0 draft_ms=2.35 verify_ms=16.91 kv_ms=0.56 refill_ms=9.64
236761 107 140 [spec] draft KV sliding re-prefill: kept 2092 tokens (positions 47956..50047), dkv_cap=2096
[step 22] accept=3/4 avg=2.0 draft_ms=2.35 verify_ms=17.41 kv_ms=0.55 refill_ms=9.37
13432 236787 107 144 [spec] draft KV sliding re-prefill: kept 2092 tokens (positions 47960..50051), dkv_cap=2096
[step 23] accept=4/4 avg=2.1 draft_ms=2.69 verify_ms=18.48 kv_ms=0.54 refill_ms=9.49
236749 [spec] draft KV sliding re-prefill: kept 2092 tokens (positions 47961..50052), dkv_cap=2096
[step 24] accept=1/4 avg=2.1 draft_ms=2.35 verify_ms=18.43 kv_ms=0.53 refill_ms=9.72
568 720 1473 669 [spec] draft KV sliding re-prefill: kept 2092 tokens (positions 47965..50056), dkv_cap=2096
[step 25] accept=4/4 avg=2.2 draft_ms=2.67 verify_ms=17.76 kv_ms=0.47 refill_ms=9.68
11995 531 [spec] draft KV sliding re-prefill: kept 2092 tokens (positions 47967..50058), dkv_cap=2096
[step 26] accept=2/4 avg=2.2 draft_ms=2.35 verify_ms=17.75 kv_ms=0.51 refill_ms=11.89
2324 236761 107 140 [spec] draft KV sliding re-prefill: kept 2092 tokens (positions 47971..50062), dkv_cap=2096
[step 27] accept=4/4 avg=2.2 draft_ms=2.39 verify_ms=17.60 kv_ms=0.73 refill_ms=9.53
107 140 42652 236787 ggml_backend_cuda_graph_compute: CUDA graph warmup complete
[step 28] accept=4/4 avg=2.3 draft_ms=2.35 verify_ms=18.56 kv_ms=0.46 refill_ms=9.63

[stats] generated=64  decode_ms=1002.9  tok/s=63.82  first_tok_ms=55.26
[stats] prefill=50003 tokens  context_used=50067/262144
[spec] draft_steps=28 total_accepted=64 avg_accept=2.29
[mem]  VRAM used=21.75 GB  total=24.00 GB
