[dflash] WARNING: detected CUDA device 0 (NVIDIA GeForce RTX 3090) with 23 GiB VRAM.
[dflash]          Long-context prefill on <=24 GiB cards is significantly
[dflash]          slower with VMM enabled. Consider rebuilding with:
[dflash]              cmake -DGGML_CUDA_NO_VMM=ON ..
ggml_cuda_init: found 1 CUDA devices (Total VRAM: 24575 MiB):
  Device 0: NVIDIA GeForce RTX 3090, compute capability 8.6, VMM: no, VRAM: 24575 MiB
[cache] created max_ctx=65536 (full_attn=65536, swa=2048), kv_layers=60, saved 80.7%
[cache] kv types: SWA=q8_0, full=q8_0
[cfg] model=/home/peppi/Dev/lucebox-hub/models/gemma-4-31B-it-Q4_K_M.gguf draft=(none) method=none gpu=0 ctx=65536 n_predict=64 kv_k=q8_0 kv_v=q8_0 temp=0.00 top_k=0 top_p=1.00 budget=22 bench=0 fa_window=0 draft_max=0 adaptive=0 draft_kv_cap_override=0 pflash=1 pflash_alpha=0.120
[gemma4_loader] bos_id=2 eos_id=106 eos_chat_id=107
[gemma4_loader] capture_layer_ids: 1 12 23 35 46 57
[target] loaded 60 layers, n_embd=5376, vocab=262144  (10205.1 ms)
[cache] created max_ctx=65536, kv_layers=60  (477.1 ms)
[tokens] using 50002 pre-tokenised IDs from --tokens
[tokens] prepended BOS token 2
[prefill] 50003 tokens ...
[prefill] 50003 tokens in 35939.8 ms (1391.3 tok/s) [chunked+pflash, chunk_size=1024]  (last sampled token: 7243)
[tgt-only-dbg] logits[0..3]: 1.281 8.697 4.281 1.480 max=21.933@107 next=107
7243 107 715 236814 236770 715 107 715 236814 236770 715 107 715 236814 236770 715 107 715 236814 236770 715 107 715 236814 236770 715 107 715 236814 236770 715 107 715 236814 236770 715 107 715 236814 236770 715 107 715 236814 236770 715 107 715 236814 236770 715 107 715 236814 236770 715 107 715 236814 236770 715 107 715 236814 
[stats] generated=64  decode_ms=8223.5  tok/s=7.78  first_tok_ms=156.36
[stats] prefill=50003 tokens  context_used=50067/65536
[mem]  VRAM used=22.64 GB  total=24.00 GB
