[dflash] WARNING: detected CUDA device 0 (NVIDIA GeForce RTX 3090) with 23 GiB VRAM.
[dflash]          Long-context prefill on <=24 GiB cards is significantly
[dflash]          slower with VMM enabled. Consider rebuilding with:
[dflash]              cmake -DGGML_CUDA_NO_VMM=ON ..
ggml_cuda_init: found 1 CUDA devices (Total VRAM: 24575 MiB):
  Device 0: NVIDIA GeForce RTX 3090, compute capability 8.6, VMM: no, VRAM: 24575 MiB
[cache] created max_ctx=262144 (full_attn=262144, swa=2048), kv_layers=30, saved 82.7%
[cache] kv types: SWA=q8_0, full=q8_0
[cfg] model=/home/peppi/models/gemma4-26b-a4b-it/gemma-4-26B-A4B-it-UD-Q4_K_M.gguf draft=(none) method=none gpu=0 ctx=262144 n_predict=64 kv_k=q8_0 kv_v=q8_0 temp=0.00 top_k=0 top_p=1.00 budget=22 bench=0 fa_window=0 draft_max=0 adaptive=0 draft_kv_cap_override=0 pflash=1 pflash_alpha=0.120
[gemma4_loader] bos_id=2 eos_id=106 eos_chat_id=107
[gemma4_loader] capture_layer_ids: 1 6 11 17 22 27
[target] loaded 30 layers, n_embd=2816, vocab=262144  (2125.1 ms)
[cache] created max_ctx=262144, kv_layers=30  (344.5 ms)
[tokens] using 50002 pre-tokenised IDs from --tokens
[tokens] prepended BOS token 2
[prefill] 50003 tokens ...
[prefill] 50003 tokens in 9533.1 ms (5245.2 tok/s) [chunked+pflash, chunk_size=1024]  (last sampled token: 7243)
[tgt-only-dbg] logits[0..3]: -14.081 -2.562 -3.201 -13.688 max=14.776@107 next=107
7243 107 100 45518 107 236779 818 3847 3393 563 496 5249 529 14955 5151 236764 4547 699 496 20446 8319 653 8774 1076 236761 669 3364 3393 3117 563 17202 684 506 2269 9935 141987 108 10354 236743 236770 236761 5213 11813 236772 16716 72627 1018 107 236829 139 1018 18162 2383 236772 154902 8236 53121 41621 1418 1292 563 42096 684 496 
[stats] generated=64  decode_ms=2558.5  tok/s=25.01  first_tok_ms=54.08
[stats] prefill=50003 tokens  context_used=50067/262144
[mem]  VRAM used=20.55 GB  total=24.00 GB
