[dflash] WARNING: detected CUDA device 0 (NVIDIA GeForce RTX 3090) with 23 GiB VRAM.
[dflash]          Long-context prefill on <=24 GiB cards is significantly
[dflash]          slower with VMM enabled. Consider rebuilding with:
[dflash]              cmake -DGGML_CUDA_NO_VMM=ON ..
ggml_cuda_init: found 1 CUDA devices (Total VRAM: 24575 MiB):
  Device 0: NVIDIA GeForce RTX 3090, compute capability 8.6, VMM: no, VRAM: 24575 MiB
[cache] MTP donor override: forced Q8_0 on 2 layer(s) to avoid TQ3/FWHT cross-attn mismatch
[cache] created max_ctx=4096 (full_attn=4096, swa=2048), kv_layers=60, saved 41.7%
[cache] kv types: SWA=tq3_0, full=tq3_0
ggml_backend_cuda_graph_compute: CUDA graph warmup complete
[cfg] model=/home/peppi/Dev/lucebox-hub/models/gemma-4-31B-it-Q4_K_M.gguf draft=(none) method=mtp gpu=0 ctx=4096 n_predict=256 kv_k=tq3_0 kv_v=tq3_0 temp=0.00 top_k=0 top_p=1.00 budget=22 bench=0 fa_window=0 draft_max=0 adaptive=0 draft_kv_cap_override=0 pflash=0 pflash_alpha=0.120
[gemma4_loader] bos_id=2 eos_id=106 eos_chat_id=107
[gemma4_loader] capture_layer_ids: 1 12 23 35 46 57
[target] loaded 60 layers, n_embd=5376, vocab=262144  (2426.4 ms)
[mtp_loader] loaded: n_embd_backbone=5376 n_mtp_layers=4 attention_k_eq_v=1 n_centroids=2048 use_ordered_embeddings=0 requires_target_arch=gemma4 tensors=49 GPU 322.06 MiB
[mtp_loader]   layer[0]: is_swa=1 donor_target_layer=59
[mtp_loader]   layer[1]: is_swa=1 donor_target_layer=59
[mtp_loader]   layer[2]: is_swa=1 donor_target_layer=59
[mtp_loader]   layer[3]: is_swa=0 donor_target_layer=58
[mtp] loaded n_layers=4 n_embd=1024 n_embd_backbone=5376  (109.3 ms)
[cache] created max_ctx=4096, kv_layers=60  (82.6 ms)
[mtp] mtp_last_full_layer=59
[mtp-fa-types] layer 0: Qfa=f32 Kfa=q8_0 Vfa=q8_0 head_dim_fa=256 kv_is_tq3=0 need_mask=0
[mtp-fa-types] layer 1: Qfa=f32 Kfa=q8_0 Vfa=q8_0 head_dim_fa=256 kv_is_tq3=0 need_mask=0
[mtp-fa-types] layer 2: Qfa=f32 Kfa=q8_0 Vfa=q8_0 head_dim_fa=256 kv_is_tq3=0 need_mask=0
[mtp-fa-types] layer 3: Qfa=f32 Kfa=q8_0 Vfa=q8_0 head_dim_fa=512 kv_is_tq3=0 need_mask=1
[mtp] step graph built ok
[tokens] byte-fallback tokenisation: 144 tokens (pass --tokens <ids> for real tokenisation)
[tokens] prepended BOS token 2
[prefill] 145 tokens ...
[prefill] 145 tokens in 370.2 ms (391.6 tok/s) [chunked, chunk_size=145]  (last sampled token: 49)
106 [mtp-gt1] chain k=1 accepted=0 bonus=106 total_acc=0 pos_mode=const
ggml_backend_cuda_graph_compute: CUDA graph warmup complete
1 45518 [mtp-gt1] chain k=2 accepted=1 bonus=45518 total_acc=1 pos_mode=const
ggml_backend_cuda_graph_compute: CUDA graph warmup reset
ggml_backend_cuda_graph_compute: CUDA graph warmup complete
107 101 818 [mtp-gt1] chain k=3 accepted=2 bonus=818 total_acc=3 pos_mode=const
ggml_backend_cuda_graph_compute: CUDA graph warmup complete
2430 3847 [mtp-gt1] chain k=4 accepted=1 bonus=3847 total_acc=4 pos_mode=const
ggml_backend_cuda_graph_compute: CUDA graph warmup reset
ggml_backend_cuda_graph_compute: CUDA graph warmup complete
496 11172 [mtp-gt1] chain k=5 accepted=1 bonus=11172 total_acc=5 pos_mode=const
ggml_backend_cuda_graph_compute: CUDA graph warmup reset
ggml_backend_cuda_graph_compute: CUDA graph warmup complete
17520 [mtp-gt1] chain k=6 accepted=0 bonus=17520 total_acc=5 pos_mode=const
ggml_backend_cuda_graph_compute: CUDA graph warmup reset
ggml_backend_cuda_graph_compute: CUDA graph warmup complete
529 496 2455 [mtp-gt1] chain k=7 accepted=2 bonus=2455 total_acc=7 pos_mode=const
ggml_backend_cuda_graph_compute: CUDA graph warmup reset
ggml_backend_cuda_graph_compute: CUDA graph warmup complete
2886 529 118364 532 496 [mtp-gt1] chain k=8 accepted=4 bonus=496 total_acc=11 pos_mode=const
ggml_backend_cuda_graph_compute: CUDA graph warmup reset
ggml_backend_cuda_graph_compute: CUDA graph warmup complete
2321 29892 [mtp-gt1] chain k=9 accepted=1 bonus=29892 total_acc=12 pos_mode=const
ggml_backend_cuda_graph_compute: CUDA graph warmup reset
ggml_backend_cuda_graph_compute: CUDA graph warmup complete
7579 236786 [mtp-gt1] chain k=10 accepted=1 bonus=236786 total_acc=13 pos_mode=const
ggml_backend_cuda_graph_compute: CUDA graph warmup reset
ggml_backend_cuda_graph_compute: CUDA graph warmup complete
79766 [mtp-gt1] chain k=11 accepted=0 bonus=79766 total_acc=13 pos_mode=const
ggml_backend_cuda_graph_compute: CUDA graph warmup reset
ggml_backend_cuda_graph_compute: CUDA graph warmup complete
568 5282 623 216153 [mtp-gt1] chain k=12 accepted=3 bonus=216153 total_acc=16 pos_mode=const
ggml_backend_cuda_graph_compute: CUDA graph warmup reset
ggml_backend_cuda_graph_compute: CUDA graph warmup complete
827 623 216153 [mtp-gt1] chain k=13 accepted=2 bonus=216153 total_acc=18 pos_mode=const
ggml_backend_cuda_graph_compute: CUDA graph warmup reset
ggml_backend_cuda_graph_compute: CUDA graph warmup complete
827 623 216153 [mtp-gt1] chain k=14 accepted=2 bonus=216153 total_acc=20 pos_mode=const
ggml_backend_cuda_graph_compute: CUDA graph warmup reset
ggml_backend_cuda_graph_compute: CUDA graph warmup complete
827 623 216153 [mtp-gt1] chain k=15 accepted=2 bonus=216153 total_acc=22 pos_mode=const
ggml_backend_cuda_graph_compute: CUDA graph warmup reset
ggml_backend_cuda_graph_compute: CUDA graph warmup complete
827 623 216153 [mtp-gt1] chain k=16 accepted=2 bonus=216153 total_acc=24 pos_mode=const
ggml_backend_cuda_graph_compute: CUDA graph warmup reset
ggml_backend_cuda_graph_compute: CUDA graph warmup complete
827 623 216153 [mtp-gt1] chain k=17 accepted=2 bonus=216153 total_acc=26 pos_mode=const
ggml_backend_cuda_graph_compute: CUDA graph warmup reset
ggml_backend_cuda_graph_compute: CUDA graph warmup complete
827 623 216153 [mtp-gt1] chain k=18 accepted=2 bonus=216153 total_acc=28 pos_mode=const
ggml_backend_cuda_graph_compute: CUDA graph warmup reset
ggml_backend_cuda_graph_compute: CUDA graph warmup complete
827 623 216153 [mtp-gt1] chain k=19 accepted=2 bonus=216153 total_acc=30 pos_mode=const
ggml_backend_cuda_graph_compute: CUDA graph warmup reset
ggml_backend_cuda_graph_compute: CUDA graph warmup complete
827 623 216153 [mtp-gt1] chain k=20 accepted=2 bonus=216153 total_acc=32 pos_mode=const
ggml_backend_cuda_graph_compute: CUDA graph warmup reset
ggml_backend_cuda_graph_compute: CUDA graph warmup complete
827 623 216153 [mtp-gt1] chain k=21 accepted=2 bonus=216153 total_acc=34 pos_mode=const
ggml_backend_cuda_graph_compute: CUDA graph warmup reset
ggml_backend_cuda_graph_compute: CUDA graph warmup complete
827 623 216153 [mtp-gt1] chain k=22 accepted=2 bonus=216153 total_acc=36 pos_mode=const
ggml_backend_cuda_graph_compute: CUDA graph warmup reset
ggml_backend_cuda_graph_compute: CUDA graph warmup complete
827 623 216153 [mtp-gt1] chain k=23 accepted=2 bonus=216153 total_acc=38 pos_mode=const
ggml_backend_cuda_graph_compute: CUDA graph warmup reset
ggml_backend_cuda_graph_compute: CUDA graph warmup complete
827 623 216153 [mtp-gt1] chain k=24 accepted=2 bonus=216153 total_acc=40 pos_mode=const
ggml_backend_cuda_graph_compute: CUDA graph warmup reset
ggml_backend_cuda_graph_compute: CUDA graph warmup complete
827 623 216153 [mtp-gt1] chain k=25 accepted=2 bonus=216153 total_acc=42 pos_mode=const
ggml_backend_cuda_graph_compute: CUDA graph warmup reset
ggml_backend_cuda_graph_compute: CUDA graph warmup complete
827 623 216153 [mtp-gt1] chain k=26 accepted=2 bonus=216153 total_acc=44 pos_mode=const
ggml_backend_cuda_graph_compute: CUDA graph warmup reset
ggml_backend_cuda_graph_compute: CUDA graph warmup complete
827 623 216153 [mtp-gt1] chain k=27 accepted=2 bonus=216153 total_acc=46 pos_mode=const
ggml_backend_cuda_graph_compute: CUDA graph warmup reset
ggml_backend_cuda_graph_compute: CUDA graph warmup complete
827 623 216153 [mtp-gt1] chain k=28 accepted=2 bonus=216153 total_acc=48 pos_mode=const
ggml_backend_cuda_graph_compute: CUDA graph warmup reset
ggml_backend_cuda_graph_compute: CUDA graph warmup complete
827 623 216153 [mtp-gt1] chain k=29 accepted=2 bonus=216153 total_acc=50 pos_mode=const
ggml_backend_cuda_graph_compute: CUDA graph warmup reset
ggml_backend_cuda_graph_compute: CUDA graph warmup complete
827 623 216153 [mtp-gt1] chain k=30 accepted=2 bonus=216153 total_acc=52 pos_mode=const
ggml_backend_cuda_graph_compute: CUDA graph warmup reset
ggml_backend_cuda_graph_compute: CUDA graph warmup complete
827 623 216153 [mtp-gt1] chain k=31 accepted=2 bonus=216153 total_acc=54 pos_mode=const
ggml_backend_cuda_graph_compute: CUDA graph warmup reset
ggml_backend_cuda_graph_compute: CUDA graph warmup complete
827 623 216153 [mtp-gt1] chain k=32 accepted=2 bonus=216153 total_acc=56 pos_mode=const
ggml_backend_cuda_graph_compute: CUDA graph warmup reset
ggml_backend_cuda_graph_compute: CUDA graph warmup complete
827 623 216153 [mtp-gt1] chain k=33 accepted=2 bonus=216153 total_acc=58 pos_mode=const
ggml_backend_cuda_graph_compute: CUDA graph warmup reset
ggml_backend_cuda_graph_compute: CUDA graph warmup complete
827 623 216153 [mtp-gt1] chain k=34 accepted=2 bonus=216153 total_acc=60 pos_mode=const
ggml_backend_cuda_graph_compute: CUDA graph warmup reset
ggml_backend_cuda_graph_compute: CUDA graph warmup complete
827 623 216153 [mtp-gt1] chain k=35 accepted=2 bonus=216153 total_acc=62 pos_mode=const
ggml_backend_cuda_graph_compute: CUDA graph warmup reset
ggml_backend_cuda_graph_compute: CUDA graph warmup complete
827 623 216153 [mtp-gt1] chain k=36 accepted=2 bonus=216153 total_acc=64 pos_mode=const
ggml_backend_cuda_graph_compute: CUDA graph warmup reset
ggml_backend_cuda_graph_compute: CUDA graph warmup complete
827 623 216153 [mtp-gt1] chain k=37 accepted=2 bonus=216153 total_acc=66 pos_mode=const
ggml_backend_cuda_graph_compute: CUDA graph warmup reset
ggml_backend_cuda_graph_compute: CUDA graph warmup complete
827 623 216153 [mtp-gt1] chain k=38 accepted=2 bonus=216153 total_acc=68 pos_mode=const
ggml_backend_cuda_graph_compute: CUDA graph warmup reset
ggml_backend_cuda_graph_compute: CUDA graph warmup complete
827 623 216153 [mtp-gt1] chain k=39 accepted=2 bonus=216153 total_acc=70 pos_mode=const
ggml_backend_cuda_graph_compute: CUDA graph warmup reset
ggml_backend_cuda_graph_compute: CUDA graph warmup complete
827 623 216153 [mtp-gt1] chain k=40 accepted=2 bonus=216153 total_acc=72 pos_mode=const
ggml_backend_cuda_graph_compute: CUDA graph warmup reset
ggml_backend_cuda_graph_compute: CUDA graph warmup complete
827 623 216153 [mtp-gt1] chain k=41 accepted=2 bonus=216153 total_acc=74 pos_mode=const
ggml_backend_cuda_graph_compute: CUDA graph warmup reset
ggml_backend_cuda_graph_compute: CUDA graph warmup complete
827 623 216153 [mtp-gt1] chain k=42 accepted=2 bonus=216153 total_acc=76 pos_mode=const
ggml_backend_cuda_graph_compute: CUDA graph warmup reset
ggml_backend_cuda_graph_compute: CUDA graph warmup complete
827 623 216153 [mtp-gt1] chain k=43 accepted=2 bonus=216153 total_acc=78 pos_mode=const
ggml_backend_cuda_graph_compute: CUDA graph warmup reset
ggml_backend_cuda_graph_compute: CUDA graph warmup complete
827 623 216153 [mtp-gt1] chain k=44 accepted=2 bonus=216153 total_acc=80 pos_mode=const
ggml_backend_cuda_graph_compute: CUDA graph warmup reset
ggml_backend_cuda_graph_compute: CUDA graph warmup complete
827 623 216153 [mtp-gt1] chain k=45 accepted=2 bonus=216153 total_acc=82 pos_mode=const
ggml_backend_cuda_graph_compute: CUDA graph warmup reset
ggml_backend_cuda_graph_compute: CUDA graph warmup complete
827 623 216153 [mtp-gt1] chain k=46 accepted=2 bonus=216153 total_acc=84 pos_mode=const
ggml_backend_cuda_graph_compute: CUDA graph warmup reset
ggml_backend_cuda_graph_compute: CUDA graph warmup complete
827 623 216153 [mtp-gt1] chain k=47 accepted=2 bonus=216153 total_acc=86 pos_mode=const
ggml_backend_cuda_graph_compute: CUDA graph warmup reset
ggml_backend_cuda_graph_compute: CUDA graph warmup complete
827 623 216153 [mtp-gt1] chain k=48 accepted=2 bonus=216153 total_acc=88 pos_mode=const
ggml_backend_cuda_graph_compute: CUDA graph warmup reset
ggml_backend_cuda_graph_compute: CUDA graph warmup complete
827 623 216153 [mtp-gt1] chain k=49 accepted=2 bonus=216153 total_acc=90 pos_mode=const
ggml_backend_cuda_graph_compute: CUDA graph warmup reset
ggml_backend_cuda_graph_compute: CUDA graph warmup complete
827 623 216153 [mtp-gt1] chain k=50 accepted=2 bonus=216153 total_acc=92 pos_mode=const
ggml_backend_cuda_graph_compute: CUDA graph warmup reset
ggml_backend_cuda_graph_compute: CUDA graph warmup complete
827 623 216153 [mtp-gt1] chain k=51 accepted=2 bonus=216153 total_acc=94 pos_mode=const
ggml_backend_cuda_graph_compute: CUDA graph warmup reset
ggml_backend_cuda_graph_compute: CUDA graph warmup complete
827 623 216153 [mtp-gt1] chain k=52 accepted=2 bonus=216153 total_acc=96 pos_mode=const
ggml_backend_cuda_graph_compute: CUDA graph warmup reset
ggml_backend_cuda_graph_compute: CUDA graph warmup complete
827 623 216153 [mtp-gt1] chain k=53 accepted=2 bonus=216153 total_acc=98 pos_mode=const
ggml_backend_cuda_graph_compute: CUDA graph warmup reset
ggml_backend_cuda_graph_compute: CUDA graph warmup complete
827 623 216153 [mtp-gt1] chain k=54 accepted=2 bonus=216153 total_acc=100 pos_mode=const
ggml_backend_cuda_graph_compute: CUDA graph warmup reset
ggml_backend_cuda_graph_compute: CUDA graph warmup complete
827 623 216153 [mtp-gt1] chain k=55 accepted=2 bonus=216153 total_acc=102 pos_mode=const
ggml_backend_cuda_graph_compute: CUDA graph warmup reset
ggml_backend_cuda_graph_compute: CUDA graph warmup complete
827 623 216153 [mtp-gt1] chain k=56 accepted=2 bonus=216153 total_acc=104 pos_mode=const
ggml_backend_cuda_graph_compute: CUDA graph warmup reset
ggml_backend_cuda_graph_compute: CUDA graph warmup complete
827 623 216153 [mtp-gt1] chain k=57 accepted=2 bonus=216153 total_acc=106 pos_mode=const
ggml_backend_cuda_graph_compute: CUDA graph warmup reset
ggml_backend_cuda_graph_compute: CUDA graph warmup complete
827 623 216153 [mtp-gt1] chain k=58 accepted=2 bonus=216153 total_acc=108 pos_mode=const
ggml_backend_cuda_graph_compute: CUDA graph warmup reset
ggml_backend_cuda_graph_compute: CUDA graph warmup complete
827 623 216153 [mtp-gt1] chain k=59 accepted=2 bonus=216153 total_acc=110 pos_mode=const
ggml_backend_cuda_graph_compute: CUDA graph warmup reset
ggml_backend_cuda_graph_compute: CUDA graph warmup complete
827 623 216153 [mtp-gt1] chain k=60 accepted=2 bonus=216153 total_acc=112 pos_mode=const
ggml_backend_cuda_graph_compute: CUDA graph warmup reset
ggml_backend_cuda_graph_compute: CUDA graph warmup complete
827 623 216153 [mtp-gt1] chain k=61 accepted=2 bonus=216153 total_acc=114 pos_mode=const
ggml_backend_cuda_graph_compute: CUDA graph warmup reset
ggml_backend_cuda_graph_compute: CUDA graph warmup complete
827 623 216153 [mtp-gt1] chain k=62 accepted=2 bonus=216153 total_acc=116 pos_mode=const
ggml_backend_cuda_graph_compute: CUDA graph warmup reset
ggml_backend_cuda_graph_compute: CUDA graph warmup complete
827 623 216153 [mtp-gt1] chain k=63 accepted=2 bonus=216153 total_acc=118 pos_mode=const
ggml_backend_cuda_graph_compute: CUDA graph warmup reset
ggml_backend_cuda_graph_compute: CUDA graph warmup complete
827 623 216153 [mtp-gt1] chain k=64 accepted=2 bonus=216153 total_acc=120 pos_mode=const
ggml_backend_cuda_graph_compute: CUDA graph warmup reset
ggml_backend_cuda_graph_compute: CUDA graph warmup complete
827 623 216153 [mtp-gt1] chain k=65 accepted=2 bonus=216153 total_acc=122 pos_mode=const
ggml_backend_cuda_graph_compute: CUDA graph warmup reset
ggml_backend_cuda_graph_compute: CUDA graph warmup complete
827 623 216153 [mtp-gt1] chain k=66 accepted=2 bonus=216153 total_acc=124 pos_mode=const
ggml_backend_cuda_graph_compute: CUDA graph warmup reset
ggml_backend_cuda_graph_compute: CUDA graph warmup complete
827 623 216153 [mtp-gt1] chain k=67 accepted=2 bonus=216153 total_acc=126 pos_mode=const
ggml_backend_cuda_graph_compute: CUDA graph warmup reset
ggml_backend_cuda_graph_compute: CUDA graph warmup complete
827 623 216153 [mtp-gt1] chain k=68 accepted=2 bonus=216153 total_acc=128 pos_mode=const
ggml_backend_cuda_graph_compute: CUDA graph warmup reset
ggml_backend_cuda_graph_compute: CUDA graph warmup complete
827 623 216153 [mtp-gt1] chain k=69 accepted=2 bonus=216153 total_acc=130 pos_mode=const
ggml_backend_cuda_graph_compute: CUDA graph warmup reset
ggml_backend_cuda_graph_compute: CUDA graph warmup complete
827 623 216153 [mtp-gt1] chain k=70 accepted=2 bonus=216153 total_acc=132 pos_mode=const
ggml_backend_cuda_graph_compute: CUDA graph warmup reset
ggml_backend_cuda_graph_compute: CUDA graph warmup complete
827 623 216153 [mtp-gt1] chain k=71 accepted=2 bonus=216153 total_acc=134 pos_mode=const
ggml_backend_cuda_graph_compute: CUDA graph warmup reset
ggml_backend_cuda_graph_compute: CUDA graph warmup complete
827 623 216153 [mtp-gt1] chain k=72 accepted=2 bonus=216153 total_acc=136 pos_mode=const
ggml_backend_cuda_graph_compute: CUDA graph warmup reset
ggml_backend_cuda_graph_compute: CUDA graph warmup complete
827 623 216153 [mtp-gt1] chain k=73 accepted=2 bonus=216153 total_acc=138 pos_mode=const
ggml_backend_cuda_graph_compute: CUDA graph warmup reset
ggml_backend_cuda_graph_compute: CUDA graph warmup complete
827 623 216153 [mtp-gt1] chain k=74 accepted=2 bonus=216153 total_acc=140 pos_mode=const
ggml_backend_cuda_graph_compute: CUDA graph warmup reset
ggml_backend_cuda_graph_compute: CUDA graph warmup complete
827 623 216153 [mtp-gt1] chain k=75 accepted=2 bonus=216153 total_acc=142 pos_mode=const
ggml_backend_cuda_graph_compute: CUDA graph warmup reset
ggml_backend_cuda_graph_compute: CUDA graph warmup complete
827 623 216153 [mtp-gt1] chain k=76 accepted=2 bonus=216153 total_acc=144 pos_mode=const
ggml_backend_cuda_graph_compute: CUDA graph warmup reset
ggml_backend_cuda_graph_compute: CUDA graph warmup complete
827 623 216153 [mtp-gt1] chain k=77 accepted=2 bonus=216153 total_acc=146 pos_mode=const
ggml_backend_cuda_graph_compute: CUDA graph warmup reset
ggml_backend_cuda_graph_compute: CUDA graph warmup complete
827 623 216153 [mtp-gt1] chain k=78 accepted=2 bonus=216153 total_acc=148 pos_mode=const
ggml_backend_cuda_graph_compute: CUDA graph warmup reset
ggml_backend_cuda_graph_compute: CUDA graph warmup complete
827 623 216153 [mtp-gt1] chain k=79 accepted=2 bonus=216153 total_acc=150 pos_mode=const
ggml_backend_cuda_graph_compute: CUDA graph warmup reset
ggml_backend_cuda_graph_compute: CUDA graph warmup complete
827 623 216153 [mtp-gt1] chain k=80 accepted=2 bonus=216153 total_acc=152 pos_mode=const
ggml_backend_cuda_graph_compute: CUDA graph warmup reset
ggml_backend_cuda_graph_compute: CUDA graph warmup complete
827 623 216153 [mtp-gt1] chain k=81 accepted=2 bonus=216153 total_acc=154 pos_mode=const
ggml_backend_cuda_graph_compute: CUDA graph warmup reset
ggml_backend_cuda_graph_compute: CUDA graph warmup complete
827 623 216153 [mtp-gt1] chain k=82 accepted=2 bonus=216153 total_acc=156 pos_mode=const
ggml_backend_cuda_graph_compute: CUDA graph warmup reset
ggml_backend_cuda_graph_compute: CUDA graph warmup complete
827 623 216153 [mtp-gt1] chain k=83 accepted=2 bonus=216153 total_acc=158 pos_mode=const
ggml_backend_cuda_graph_compute: CUDA graph warmup reset
ggml_backend_cuda_graph_compute: CUDA graph warmup complete
827 623 216153 [mtp-gt1] chain k=84 accepted=2 bonus=216153 total_acc=160 pos_mode=const
ggml_backend_cuda_graph_compute: CUDA graph warmup reset
ggml_backend_cuda_graph_compute: CUDA graph warmup complete
827 623 216153 [mtp-gt1] chain k=85 accepted=2 bonus=216153 total_acc=162 pos_mode=const
ggml_backend_cuda_graph_compute: CUDA graph warmup reset
ggml_backend_cuda_graph_compute: CUDA graph warmup complete
827 623 216153 [mtp-gt1] chain k=86 accepted=2 bonus=216153 total_acc=164 pos_mode=const
ggml_backend_cuda_graph_compute: CUDA graph warmup reset
ggml_backend_cuda_graph_compute: CUDA graph warmup complete
827 623 216153 [mtp-gt1] chain k=87 accepted=2 bonus=216153 total_acc=166 pos_mode=const
ggml_backend_cuda_graph_compute: CUDA graph warmup reset
ggml_backend_cuda_graph_compute: CUDA graph warmup complete
827 623 216153 [mtp-gt1] chain k=88 accepted=2 bonus=216153 total_acc=168 pos_mode=const

[mtp-gt1] chains=88 total_accepted=168 mean_accept=1.91 accept_rate=0.477 gamma=4 pos_mode=const

[stats] generated=256  decode_ms=9212.3  tok/s=27.79  first_tok_ms=119.83
[stats] prefill=145 tokens  context_used=401/4096
[mem]  VRAM used=19.88 GB  total=24.00 GB
