[dflash] WARNING: detected CUDA device 0 (NVIDIA GeForce RTX 3090) with 23 GiB VRAM.
[dflash]          Long-context prefill on <=24 GiB cards is significantly
[dflash]          slower with VMM enabled. Consider rebuilding with:
[dflash]              cmake -DGGML_CUDA_NO_VMM=ON ..
ggml_cuda_init: found 1 CUDA devices (Total VRAM: 24575 MiB):
  Device 0: NVIDIA GeForce RTX 3090, compute capability 8.6, VMM: no, VRAM: 24575 MiB
[cache] MTP donor override: forced Q8_0 on 2 layer(s) to avoid TQ3/FWHT cross-attn mismatch
[cache] created max_ctx=262144 (full_attn=262144, swa=2048), kv_layers=30, saved 82.7%
[cache] kv types: SWA=tq3_0, full=tq3_0
ggml_backend_cuda_graph_compute: CUDA graph warmup complete
[cfg] model=/home/peppi/models/gemma4-26b-a4b-it/gemma-4-26B-A4B-it-UD-Q4_K_M.gguf draft=(none) method=mtp gpu=0 ctx=262144 n_predict=64 kv_k=tq3_0 kv_v=tq3_0 temp=0.00 top_k=0 top_p=1.00 budget=22 bench=0 fa_window=0 draft_max=0 adaptive=0 draft_kv_cap_override=0 pflash=1 pflash_alpha=0.120
[gemma4_loader] bos_id=2 eos_id=106 eos_chat_id=107
[gemma4_loader] capture_layer_ids: 1 6 11 17 22 27
[target] loaded 30 layers, n_embd=2816, vocab=262144  (2325.2 ms)
[mtp_loader] loaded: n_embd_backbone=2816 n_mtp_layers=4 attention_k_eq_v=1 n_centroids=2048 use_ordered_embeddings=0 requires_target_arch=gemma4 tensors=49 GPU 295.34 MiB
[mtp_loader]   layer[0]: is_swa=1 donor_target_layer=59
[mtp_loader]   layer[1]: is_swa=1 donor_target_layer=59
[mtp_loader]   layer[2]: is_swa=1 donor_target_layer=59
[mtp_loader]   layer[3]: is_swa=0 donor_target_layer=58
[mtp] loaded n_layers=4 n_embd=1024 n_embd_backbone=2816  (108.9 ms)
[cache] created max_ctx=262144, kv_layers=30  (199.3 ms)
[mtp] mtp_last_full_layer=29
[mtp-fa-types] layer 0: Qfa=f32 Kfa=q8_0 Vfa=q8_0 head_dim_fa=256 kv_is_tq3=0 need_mask=0
[mtp-fa-types] layer 1: Qfa=f32 Kfa=q8_0 Vfa=q8_0 head_dim_fa=256 kv_is_tq3=0 need_mask=0
[mtp-fa-types] layer 2: Qfa=f32 Kfa=q8_0 Vfa=q8_0 head_dim_fa=256 kv_is_tq3=0 need_mask=0
[mtp-fa-types] layer 3: Qfa=f32 Kfa=q8_0 Vfa=q8_0 head_dim_fa=512 kv_is_tq3=0 need_mask=1
[mtp] step graph built ok
[tokens] using 50002 pre-tokenised IDs from --tokens
[tokens] prepended BOS token 2
[prefill] 50003 tokens ...
[prefill] 50003 tokens in 27633.5 ms (1809.5 tok/s) [chunked+pflash, chunk_size=1024]  (last sampled token: 7243)
107 100 45518 [mtp-gt1] chain k=1 accepted=2 bonus=45518 total_acc=2 pos_mode=const
ggml_backend_cuda_graph_compute: CUDA graph warmup complete
107 255970 [mtp-gt1] chain k=2 accepted=1 bonus=255970 total_acc=3 pos_mode=const
ggml_backend_cuda_graph_compute: CUDA graph warmup complete
100 [mtp-gt1] chain k=3 accepted=0 bonus=100 total_acc=3 pos_mode=const
ggml_backend_cuda_graph_compute: CUDA graph warmup complete
45518 107 101 [mtp-gt1] chain k=4 accepted=2 bonus=101 total_acc=5 pos_mode=const
ggml_backend_cuda_graph_compute: CUDA graph warmup complete
2094 9173 563 [mtp-gt1] chain k=5 accepted=2 bonus=563 total_acc=7 pos_mode=const
ggml_backend_cuda_graph_compute: CUDA graph warmup complete
496 5249 529 [mtp-gt1] chain k=6 accepted=2 bonus=529 total_acc=9 pos_mode=const
ggml_backend_cuda_graph_compute: CUDA graph warmup complete
1944 236764 [mtp-gt1] chain k=7 accepted=1 bonus=236764 total_acc=10 pos_mode=const
ggml_backend_cuda_graph_compute: CUDA graph warmup complete
6829 [mtp-gt1] chain k=8 accepted=0 bonus=6829 total_acc=10 pos_mode=const
ggml_backend_cuda_graph_compute: CUDA graph warmup complete
14955 5151 236764 [mtp-gt1] chain k=9 accepted=2 bonus=236764 total_acc=12 pos_mode=const
ggml_backend_cuda_graph_compute: CUDA graph warmup complete
4547 [mtp-gt1] chain k=10 accepted=0 bonus=4547 total_acc=12 pos_mode=const
ggml_backend_cuda_graph_compute: CUDA graph warmup complete
1456 [mtp-gt1] chain k=11 accepted=0 bonus=1456 total_acc=12 pos_mode=const
ggml_backend_cuda_graph_compute: CUDA graph warmup complete
573 13128 [mtp-gt1] chain k=12 accepted=1 bonus=13128 total_acc=13 pos_mode=const
ggml_backend_cuda_graph_compute: CUDA graph warmup complete
14929 653 118213 [mtp-gt1] chain k=13 accepted=2 bonus=118213 total_acc=15 pos_mode=const
ggml_backend_cuda_graph_compute: CUDA graph warmup complete
5428 [mtp-gt1] chain k=14 accepted=0 bonus=5428 total_acc=15 pos_mode=const
ggml_backend_cuda_graph_compute: CUDA graph warmup complete
236761 669 3393 [mtp-gt1] chain k=15 accepted=2 bonus=3393 total_acc=17 pos_mode=const
ggml_backend_cuda_graph_compute: CUDA graph warmup complete
5238 [mtp-gt1] chain k=16 accepted=0 bonus=5238 total_acc=17 pos_mode=const
ggml_backend_cuda_graph_compute: CUDA graph warmup complete
1239 [mtp-gt1] chain k=17 accepted=0 bonus=1239 total_acc=17 pos_mode=const
ggml_backend_cuda_graph_compute: CUDA graph warmup complete
9935 236787 [mtp-gt1] chain k=18 accepted=1 bonus=236787 total_acc=18 pos_mode=const
ggml_backend_cuda_graph_compute: CUDA graph warmup complete
108 10354 236743 [mtp-gt1] chain k=19 accepted=2 bonus=236743 total_acc=20 pos_mode=const
ggml_backend_cuda_graph_compute: CUDA graph warmup complete
236770 236761 8739 [mtp-gt1] chain k=20 accepted=2 bonus=8739 total_acc=22 pos_mode=const
ggml_backend_cuda_graph_compute: CUDA graph warmup complete
21072 532 50698 [mtp-gt1] chain k=21 accepted=2 bonus=50698 total_acc=24 pos_mode=const
ggml_backend_cuda_graph_compute: CUDA graph warmup complete
107 [mtp-gt1] chain k=22 accepted=0 bonus=107 total_acc=24 pos_mode=const
ggml_backend_cuda_graph_compute: CUDA graph warmup complete
236829 139 [mtp-gt1] chain k=23 accepted=1 bonus=139 total_acc=25 pos_mode=const
ggml_backend_cuda_graph_compute: CUDA graph warmup complete
1018 103831 45750 [mtp-gt1] chain k=24 accepted=2 bonus=45750 total_acc=27 pos_mode=const
ggml_backend_cuda_graph_compute: CUDA graph warmup complete
53121 2085 [mtp-gt1] chain k=25 accepted=1 bonus=2085 total_acc=28 pos_mode=const
ggml_backend_cuda_graph_compute: CUDA graph warmup complete
563 496 [mtp-gt1] chain k=26 accepted=1 bonus=496 total_acc=29 pos_mode=const
ggml_backend_cuda_graph_compute: CUDA graph warmup complete
7274 50932 [mtp-gt1] chain k=27 accepted=1 bonus=50932 total_acc=30 pos_mode=const
ggml_backend_cuda_graph_compute: CUDA graph warmup complete
580 10828 [mtp-gt1] chain k=28 accepted=1 bonus=10828 total_acc=31 pos_mode=const
ggml_backend_cuda_graph_compute: CUDA graph warmup complete
14929 61733 [mtp-gt1] chain k=29 accepted=1 bonus=61733 total_acc=32 pos_mode=const
ggml_backend_cuda_graph_compute: CUDA graph warmup complete
236764 10916 [mtp-gt1] chain k=30 accepted=1 bonus=10916 total_acc=33 pos_mode=const
ggml_backend_cuda_graph_compute: CUDA graph warmup complete
2165 [mtp-gt1] chain k=31 accepted=2 bonus=825 total_acc=35 pos_mode=const

[mtp-gt1] chains=31 total_accepted=35 mean_accept=1.13 accept_rate=0.565 gamma=2 pos_mode=const

[stats] generated=64  decode_ms=2700.9  tok/s=23.70  first_tok_ms=108.55
[stats] prefill=50003 tokens  context_used=50069/262144
[mem]  VRAM used=19.75 GB  total=24.00 GB
