[dflash] WARNING: detected CUDA device 0 (NVIDIA GeForce RTX 3090) with 23 GiB VRAM.
[dflash]          Long-context prefill on <=24 GiB cards is significantly
[dflash]          slower with VMM enabled. Consider rebuilding with:
[dflash]              cmake -DGGML_CUDA_NO_VMM=ON ..
ggml_cuda_init: found 1 CUDA devices (Total VRAM: 24575 MiB):
  Device 0: NVIDIA GeForce RTX 3090, compute capability 8.6, VMM: no, VRAM: 24575 MiB
[cache] created max_ctx=131072 (full_attn=131072, swa=2048), kv_layers=30, saved 82.0%
[cache] kv types: SWA=tq3_0, full=tq3_0
[cfg] model=/home/peppi/models/gemma4-26b-a4b-it/gemma-4-26B-A4B-it-UD-Q4_K_M.gguf draft=(none) method=none gpu=0 ctx=131072 n_predict=64 kv_k=tq3_0 kv_v=tq3_0 temp=0.00 top_k=0 top_p=1.00 budget=22 bench=0 fa_window=0 draft_max=0 adaptive=0 draft_kv_cap_override=0 pflash=1 pflash_alpha=0.120
[gemma4_loader] bos_id=2 eos_id=106 eos_chat_id=107
[gemma4_loader] capture_layer_ids: 1 6 11 17 22 27
[target] loaded 30 layers, n_embd=2816, vocab=262144  (2218.1 ms)
[cache] created max_ctx=131072, kv_layers=30  (91.4 ms)
[tokens] using 50002 pre-tokenised IDs from --tokens
[tokens] prepended BOS token 2
[prefill] 50003 tokens ...
[prefill] 50003 tokens in 30301.0 ms (1650.2 tok/s) [chunked+pflash, chunk_size=1024]  (last sampled token: 100)
[tgt-only-dbg] logits[0..3]: -11.131 2.433 2.661 -10.766 max=26.335@45518 next=45518
100 45518 107 101 2094 9173 563 496 5249 529 12801 14955 5151 236764 4547 1456 573 13128 14929 653 118213 5428 236761 669 3393 5238 1239 9935 236787 108 10354 236743 236770 236761 12939 28472 833 190153 107 236829 139 1018 2328 71997 522 53121 7660 5151 25584 506 2165 160554 236929 9173 20442 1613 8347 2165 36805 8347 2165 10880 8347 2165 
[stats] generated=64  decode_ms=3304.7  tok/s=19.37  first_tok_ms=58.15
[stats] prefill=50003 tokens  context_used=50067/131072
[mem]  VRAM used=18.33 GB  total=24.00 GB
