[dflash] WARNING: detected CUDA device 0 (NVIDIA GeForce RTX 3090) with 23 GiB VRAM.
[dflash]          Long-context prefill on <=24 GiB cards is significantly
[dflash]          slower with VMM enabled. Consider rebuilding with:
[dflash]              cmake -DGGML_CUDA_NO_VMM=ON ..
ggml_cuda_init: found 1 CUDA devices (Total VRAM: 24575 MiB):
  Device 0: NVIDIA GeForce RTX 3090, compute capability 8.6, VMM: no, VRAM: 24575 MiB
[gemma4 draft GGUF] loaded: n_layer=5 n_head=32 n_kv=8 n_embd=2816 n_ff=5632 head_dim=128 target_hidden=2816  (0.43 GiB on GPU)
[cache] narrow asymmetric: forced Q8_0 on 2 captured full-attn layer(s) (remaining 3 full-attn keep TQ3)
[cache] created max_ctx=65536 (full_attn=65536, swa=2048), kv_layers=30, saved 80.7%
[cache] kv types: SWA=tq3_0, full=tq3_0
[spec] draft KV sliding re-prefill: kept 2092 tokens (positions 47911..50002), dkv_cap=2096
[cfg] model=/home/peppi/models/gemma4-26b-a4b-it/gemma-4-26B-A4B-it-UD-Q4_K_M.gguf draft=/home/peppi/models/gemma4-26b-a4b-dflash/draft-q8_0.gguf method=dflash gpu=0 ctx=65536 n_predict=64 kv_k=tq3_0 kv_v=tq3_0 temp=0.00 top_k=0 top_p=1.00 budget=22 bench=0 fa_window=0 draft_max=4 adaptive=0 draft_kv_cap_override=0 pflash=1 pflash_alpha=0.120
[gemma4_loader] bos_id=2 eos_id=106 eos_chat_id=107
[gemma4_loader] capture_layer_ids: 1 6 11 17 22 27
[target] loaded 30 layers, n_embd=2816, vocab=262144  (2225.4 ms)
[tok_embd] uploaded 748.0 MiB to GPU (q8_0 [2816, 262144])
[draft] loaded n_layer=5 n_head=32 n_embd=2816 n_vocab=262144 target_hidden=2816 block_size=16  (543.9 ms)
[cache] created max_ctx=65536, kv_layers=30  (81.6 ms)
[draft] KV cache allocated: 2096 slots
[tokens] using 50002 pre-tokenised IDs from --tokens
[tokens] prepended BOS token 2
[prefill] 50003 tokens ...
[prefill] 50003 tokens in 26339.5 ms (1898.4 tok/s) [chunked+pflash, chunk_size=1024]  (last sampled token: 100)
[draft] KV prefill done: 2096 positions materialized (skipped 47907 early tokens, cap=2096, target_feat_cap=4096, dkv_pos=2096)
100 45518 107 [spec] draft KV sliding re-prefill: kept 2092 tokens (positions 47914..50005), dkv_cap=2096
ggml_backend_cuda_graph_compute: CUDA graph warmup complete
[step 1] accept=3/4 avg=3.0 draft_ms=8.50 verify_ms=57.85 kv_ms=0.79 refill_ms=11.43
101 [spec] draft KV sliding re-prefill: kept 2092 tokens (positions 47915..50006), dkv_cap=2096
[step 2] accept=1/4 avg=2.0 draft_ms=4.23 verify_ms=52.06 kv_ms=0.51 refill_ms=9.93
1509 7412 [spec] draft KV sliding re-prefill: kept 2092 tokens (positions 47917..50008), dkv_cap=2096
[step 3] accept=2/4 avg=2.0 draft_ms=2.50 verify_ms=51.06 kv_ms=0.56 refill_ms=10.66
611 735 3847 496 [spec] draft KV sliding re-prefill: kept 2092 tokens (positions 47921..50012), dkv_cap=2096
[step 4] accept=4/4 avg=2.5 draft_ms=3.42 verify_ms=48.89 kv_ms=0.58 refill_ms=9.87
5249 529 17856 [spec] draft KV sliding re-prefill: kept 2092 tokens (positions 47924..50015), dkv_cap=2096
[step 5] accept=3/4 avg=2.6 draft_ms=2.45 verify_ms=51.91 kv_ms=0.55 refill_ms=9.97
1292 [spec] draft KV sliding re-prefill: kept 2092 tokens (positions 47925..50016), dkv_cap=2096
[step 6] accept=1/4 avg=2.3 draft_ms=2.44 verify_ms=50.04 kv_ms=0.77 refill_ms=10.11
579 24611 ggml_backend_cuda_graph_compute: CUDA graph warmup complete
[spec] draft KV sliding re-prefill: kept 2092 tokens (positions 47927..50018), dkv_cap=2096
[step 7] accept=2/4 avg=2.3 draft_ms=2.78 verify_ms=50.60 kv_ms=0.53 refill_ms=10.12
532 13179 ggml_backend_cuda_graph_compute: CUDA graph warmup complete
[spec] draft KV sliding re-prefill: kept 2092 tokens (positions 47929..50020), dkv_cap=2096
[step 8] accept=2/4 avg=2.2 draft_ms=2.46 verify_ms=49.05 kv_ms=0.53 refill_ms=10.57
124230 236761 [spec] draft KV sliding re-prefill: kept 2092 tokens (positions 47931..50022), dkv_cap=2096
[step 9] accept=2/4 avg=2.2 draft_ms=2.44 verify_ms=48.03 kv_ms=0.43 refill_ms=9.98
5612 ggml_backend_cuda_graph_compute: CUDA graph warmup reset
ggml_backend_cuda_graph_compute: CUDA graph warmup reset
[spec] draft KV sliding re-prefill: kept 2092 tokens (positions 47932..50023), dkv_cap=2096
[step 10] accept=1/4 avg=2.1 draft_ms=2.44 verify_ms=48.36 kv_ms=0.53 refill_ms=10.01
993 [spec] draft KV sliding re-prefill: kept 2092 tokens (positions 47933..50024), dkv_cap=2096
[step 11] accept=1/4 avg=2.0 draft_ms=2.46 verify_ms=49.55 kv_ms=0.82 refill_ms=9.99
691 951 3530 2934 [spec] draft KV sliding re-prefill: kept 2092 tokens (positions 47937..50028), dkv_cap=2096
[step 12] accept=4/4 avg=2.2 draft_ms=2.45 verify_ms=49.42 kv_ms=0.50 refill_ms=9.90
653 14787 [spec] draft KV sliding re-prefill: kept 2092 tokens (positions 47939..50030), dkv_cap=2096
[step 13] accept=2/4 avg=2.2 draft_ms=2.49 verify_ms=51.27 kv_ms=0.85 refill_ms=10.11
11744 531 822 ggml_backend_cuda_graph_compute: CUDA graph warmup complete
[spec] draft KV sliding re-prefill: kept 2092 tokens (positions 47942..50033), dkv_cap=2096
[step 14] accept=3/4 avg=2.2 draft_ms=2.46 verify_ms=49.61 kv_ms=0.53 refill_ms=10.78
3618 236764 564 795 [spec] draft KV sliding re-prefill: kept 2092 tokens (positions 47946..50037), dkv_cap=2096
[step 15] accept=4/4 avg=2.3 draft_ms=2.46 verify_ms=49.97 kv_ms=0.52 refill_ms=11.27
2847 496 [spec] draft KV sliding re-prefill: kept 2092 tokens (positions 47948..50039), dkv_cap=2096
[step 16] accept=2/4 avg=2.3 draft_ms=2.55 verify_ms=54.75 kv_ms=0.68 refill_ms=10.11
8652 [spec] draft KV sliding re-prefill: kept 2092 tokens (positions 47949..50040), dkv_cap=2096
[step 17] accept=1/4 avg=2.2 draft_ms=2.53 verify_ms=50.24 kv_ms=0.57 refill_ms=10.48
3540 529 506 [spec] draft KV sliding re-prefill: kept 2092 tokens (positions 47952..50043), dkv_cap=2096
[step 18] accept=3/4 avg=2.3 draft_ms=2.44 verify_ms=49.91 kv_ms=0.54 refill_ms=10.61
3393 3847 [spec] draft KV sliding re-prefill: kept 2092 tokens (positions 47954..50045), dkv_cap=2096
[step 19] accept=2/4 avg=2.3 draft_ms=2.47 verify_ms=50.77 kv_ms=0.58 refill_ms=10.19
532 2729 ggml_backend_cuda_graph_compute: CUDA graph warmup complete
[spec] draft KV sliding re-prefill: kept 2092 tokens (positions 47956..50047), dkv_cap=2096
[step 20] accept=2/4 avg=2.2 draft_ms=2.45 verify_ms=49.66 kv_ms=0.47 refill_ms=10.21
1070 ggml_backend_cuda_graph_compute: CUDA graph warmup reset
[spec] draft KV sliding re-prefill: kept 2092 tokens (positions 47957..50048), dkv_cap=2096
[step 21] accept=1/4 avg=2.2 draft_ms=2.44 verify_ms=48.66 kv_ms=0.83 refill_ms=10.13
12505 ggml_backend_cuda_graph_compute: CUDA graph warmup complete
[spec] draft KV sliding re-prefill: kept 2092 tokens (positions 47958..50049), dkv_cap=2096
[step 22] accept=1/4 avg=2.1 draft_ms=2.44 verify_ms=48.74 kv_ms=0.50 refill_ms=9.77
236786 [spec] draft KV sliding re-prefill: kept 2092 tokens (positions 47959..50050), dkv_cap=2096
[step 23] accept=1/4 avg=2.1 draft_ms=3.53 verify_ms=49.17 kv_ms=0.41 refill_ms=9.78
198094 236761 ggml_backend_cuda_graph_compute: CUDA graph warmup reset
[spec] draft KV sliding re-prefill: kept 2092 tokens (positions 47961..50052), dkv_cap=2096
[step 24] accept=2/4 avg=2.1 draft_ms=2.46 verify_ms=48.73 kv_ms=0.76 refill_ms=10.39
108 10354 ggml_backend_cuda_graph_compute: CUDA graph warmup complete
[spec] draft KV sliding re-prefill: kept 2092 tokens (positions 47963..50054), dkv_cap=2096
[step 25] accept=2/4 avg=2.1 draft_ms=2.44 verify_ms=47.69 kv_ms=0.51 refill_ms=10.50
8739 9352 [spec] draft KV sliding re-prefill: kept 2092 tokens (positions 47965..50056), dkv_cap=2096
[step 26] accept=2/4 avg=2.1 draft_ms=2.44 verify_ms=49.62 kv_ms=0.48 refill_ms=9.84
833 73022 108 236770 ggml_backend_cuda_graph_compute: CUDA graph warmup reset
[spec] draft KV sliding re-prefill: kept 2092 tokens (positions 47969..50060), dkv_cap=2096
[step 27] accept=4/4 avg=2.1 draft_ms=2.45 verify_ms=50.07 kv_ms=0.51 refill_ms=9.72
236761 138 1018 [spec] draft KV sliding re-prefill: kept 2092 tokens (positions 47972..50063), dkv_cap=2096
[step 28] accept=3/4 avg=2.2 draft_ms=2.44 verify_ms=49.06 kv_ms=0.50 refill_ms=10.10
236929 [spec] draft KV sliding re-prefill: kept 2092 tokens (positions 47973..50064), dkv_cap=2096
[step 29] accept=1/4 avg=2.1 draft_ms=2.47 verify_ms=48.85 kv_ms=0.51 refill_ms=11.17
511 236779 [step 30] accept=2/4 avg=2.1 draft_ms=2.48 verify_ms=47.60 kv_ms=0.95 refill_ms=9.88

[stats] generated=64  decode_ms=2058.7  tok/s=31.09  first_tok_ms=90.73
[stats] prefill=50003 tokens  context_used=50067/65536
[spec] draft_steps=30 total_accepted=64 avg_accept=2.13
[mem]  VRAM used=19.83 GB  total=24.00 GB
