[dflash] WARNING: detected CUDA device 0 (NVIDIA GeForce RTX 3090) with 23 GiB VRAM.
[dflash]          Long-context prefill on <=24 GiB cards is significantly
[dflash]          slower with VMM enabled. Consider rebuilding with:
[dflash]              cmake -DGGML_CUDA_NO_VMM=ON ..
ggml_cuda_init: found 1 CUDA devices (Total VRAM: 24575 MiB):
  Device 0: NVIDIA GeForce RTX 3090, compute capability 8.6, VMM: no, VRAM: 24575 MiB
[gemma4 draft GGUF] loaded: n_layer=5 n_head=32 n_kv=8 n_embd=2816 n_ff=5632 head_dim=128 target_hidden=2816  (0.43 GiB on GPU)
[cache] narrow asymmetric: forced Q8_0 on 2 captured full-attn layer(s) (remaining 3 full-attn keep TQ3)
[cache] created max_ctx=65536 (full_attn=65536, swa=2048), kv_layers=30, saved 80.7%
[cache] kv types: SWA=tq3_0, full=tq3_0
[spec] draft KV sliding re-prefill: kept 2088 tokens (positions 47915..50002), dkv_cap=2096
[cfg] model=/home/peppi/models/gemma4-26b-a4b-it/gemma-4-26B-A4B-it-UD-Q4_K_M.gguf draft=/home/peppi/models/gemma4-26b-a4b-dflash/draft-q8_0.gguf method=dflash gpu=0 ctx=65536 n_predict=64 kv_k=tq3_0 kv_v=tq3_0 temp=0.00 top_k=0 top_p=1.00 budget=22 bench=0 fa_window=0 draft_max=8 adaptive=0 draft_kv_cap_override=0 pflash=1 pflash_alpha=0.120
[gemma4_loader] bos_id=2 eos_id=106 eos_chat_id=107
[gemma4_loader] capture_layer_ids: 1 6 11 17 22 27
[target] loaded 30 layers, n_embd=2816, vocab=262144  (2306.3 ms)
[tok_embd] uploaded 748.0 MiB to GPU (q8_0 [2816, 262144])
[draft] loaded n_layer=5 n_head=32 n_embd=2816 n_vocab=262144 target_hidden=2816 block_size=16  (76.9 ms)
[cache] created max_ctx=65536, kv_layers=30  (81.7 ms)
[draft] KV cache allocated: 2096 slots
[tokens] using 50002 pre-tokenised IDs from --tokens
[tokens] prepended BOS token 2
[prefill] 50003 tokens ...
[prefill] 50003 tokens in 26265.4 ms (1903.8 tok/s) [chunked+pflash, chunk_size=1024]  (last sampled token: 100)
[draft] KV prefill done: 2096 positions materialized (skipped 47907 early tokens, cap=2096, target_feat_cap=4096, dkv_pos=2096)
100 45518 107 [spec] draft KV sliding re-prefill: kept 2088 tokens (positions 47918..50005), dkv_cap=2096
ggml_backend_cuda_graph_compute: CUDA graph warmup complete
[step 1] accept=3/8 avg=3.0 draft_ms=7.86 verify_ms=63.40 kv_ms=0.60 refill_ms=9.65
101 [spec] draft KV sliding re-prefill: kept 2088 tokens (positions 47919..50006), dkv_cap=2096
[step 2] accept=1/8 avg=2.0 draft_ms=5.36 verify_ms=59.54 kv_ms=0.73 refill_ms=10.65
1509 7412 [spec] draft KV sliding re-prefill: kept 2088 tokens (positions 47921..50008), dkv_cap=2096
[step 3] accept=2/8 avg=2.0 draft_ms=3.36 verify_ms=58.31 kv_ms=0.65 refill_ms=10.27
611 735 3847 496 [spec] draft KV sliding re-prefill: kept 2088 tokens (positions 47925..50012), dkv_cap=2096
[step 4] accept=4/8 avg=2.5 draft_ms=3.35 verify_ms=56.88 kv_ms=0.63 refill_ms=10.13
5249 529 17856 ggml_backend_cuda_graph_compute: CUDA graph warmup complete
[spec] draft KV sliding re-prefill: kept 2088 tokens (positions 47928..50015), dkv_cap=2096
[step 5] accept=3/8 avg=2.6 draft_ms=3.35 verify_ms=57.86 kv_ms=0.49 refill_ms=10.24
1292 [spec] draft KV sliding re-prefill: kept 2088 tokens (positions 47929..50016), dkv_cap=2096
[step 6] accept=1/8 avg=2.3 draft_ms=3.34 verify_ms=58.02 kv_ms=0.53 refill_ms=10.22
22414 ggml_backend_cuda_graph_compute: CUDA graph warmup complete
ggml_backend_cuda_graph_compute: CUDA graph warmup reset
[spec] draft KV sliding re-prefill: kept 2088 tokens (positions 47930..50017), dkv_cap=2096
[step 7] accept=1/8 avg=2.1 draft_ms=3.34 verify_ms=57.49 kv_ms=0.57 refill_ms=10.09
236764 840 ggml_backend_cuda_graph_compute: CUDA graph warmup reset
[spec] draft KV sliding re-prefill: kept 2088 tokens (positions 47932..50019), dkv_cap=2096
[step 8] accept=2/8 avg=2.1 draft_ms=3.35 verify_ms=56.85 kv_ms=0.58 refill_ms=10.00
611 10366 236789 236745 [spec] draft KV sliding re-prefill: kept 2088 tokens (positions 47936..50023), dkv_cap=2096
[step 9] accept=4/8 avg=2.3 draft_ms=3.33 verify_ms=56.79 kv_ms=0.59 refill_ms=9.97
9155 496 [spec] draft KV sliding re-prefill: kept 2088 tokens (positions 47938..50025), dkv_cap=2096
[step 10] accept=2/8 avg=2.3 draft_ms=3.35 verify_ms=61.04 kv_ms=0.56 refill_ms=10.09
2931 4209 653 2934 [spec] draft KV sliding re-prefill: kept 2088 tokens (positions 47942..50029), dkv_cap=2096
[step 11] accept=4/8 avg=2.5 draft_ms=3.35 verify_ms=57.47 kv_ms=0.64 refill_ms=15.53
573 786 531 2121 ggml_backend_cuda_graph_compute: CUDA graph warmup complete
[spec] draft KV sliding re-prefill: kept 2088 tokens (positions 47946..50033), dkv_cap=2096
[step 12] accept=4/8 avg=2.6 draft_ms=3.36 verify_ms=59.27 kv_ms=1.24 refill_ms=12.04
580 [spec] draft KV sliding re-prefill: kept 2088 tokens (positions 47947..50034), dkv_cap=2096
[step 13] accept=1/8 avg=2.5 draft_ms=3.37 verify_ms=57.61 kv_ms=0.62 refill_ms=9.91
1091 236761 108 ggml_backend_cuda_graph_compute: CUDA graph warmup reset
[spec] draft KV sliding re-prefill: kept 2088 tokens (positions 47950..50037), dkv_cap=2096
[step 14] accept=3/8 avg=2.5 draft_ms=3.67 verify_ms=56.57 kv_ms=0.66 refill_ms=9.64
9366 [spec] draft KV sliding re-prefill: kept 2088 tokens (positions 47951..50038), dkv_cap=2096
[step 15] accept=1/8 avg=2.4 draft_ms=3.36 verify_ms=56.83 kv_ms=0.59 refill_ms=12.60
1531 786 1281 1217 611 1093 1133 786 [spec] draft KV sliding re-prefill: kept 2088 tokens (positions 47959..50046), dkv_cap=2096
[step 16] accept=8/8 avg=2.8 draft_ms=3.36 verify_ms=56.50 kv_ms=0.54 refill_ms=9.79
531 1601 [spec] draft KV sliding re-prefill: kept 2088 tokens (positions 47961..50048), dkv_cap=2096
[step 17] accept=2/8 avg=2.7 draft_ms=3.36 verify_ms=57.14 kv_ms=0.51 refill_ms=9.90
236761 1701 2591 236764 564 740 236787 [spec] draft KV sliding re-prefill: kept 2088 tokens (positions 47968..50055), dkv_cap=2096
[step 18] accept=7/8 avg=2.9 draft_ms=3.34 verify_ms=58.43 kv_ms=0.58 refill_ms=9.81
108 236770 236761 138 1018 ggml_backend_cuda_graph_compute: CUDA graph warmup complete
[spec] draft KV sliding re-prefill: kept 2088 tokens (positions 47973..50060), dkv_cap=2096
[step 19] accept=5/8 avg=3.1 draft_ms=3.34 verify_ms=57.49 kv_ms=0.60 refill_ms=10.20
30852 [spec] draft KV sliding re-prefill: kept 2088 tokens (positions 47974..50061), dkv_cap=2096
[step 20] accept=1/8 avg=3.0 draft_ms=3.35 verify_ms=58.13 kv_ms=0.70 refill_ms=10.37
506 3393 [spec] draft KV sliding re-prefill: kept 2088 tokens (positions 47976..50063), dkv_cap=2096
[step 21] accept=2/8 avg=2.9 draft_ms=3.35 verify_ms=58.35 kv_ms=0.52 refill_ms=9.77
1018 573 ggml_backend_cuda_graph_compute: CUDA graph warmup complete
ggml_backend_cuda_graph_compute: CUDA graph warmup reset
[spec] draft KV sliding re-prefill: kept 2088 tokens (positions 47978..50065), dkv_cap=2096
[step 22] accept=2/8 avg=2.9 draft_ms=3.34 verify_ms=56.57 kv_ms=0.54 refill_ms=9.79
34725 ggml_backend_cuda_graph_compute: CUDA graph warmup reset
[step 23] accept=5/8 avg=2.8 draft_ms=3.34 verify_ms=56.74 kv_ms=0.79 refill_ms=10.31

[stats] generated=64  decode_ms=1846.7  tok/s=34.66  first_tok_ms=96.01
[stats] prefill=50003 tokens  context_used=50067/65536
[spec] draft_steps=23 total_accepted=64 avg_accept=2.78
[mem]  VRAM used=19.84 GB  total=24.00 GB
