[dflash] WARNING: detected CUDA device 0 (NVIDIA GeForce RTX 3090) with 23 GiB VRAM.
[dflash]          Long-context prefill on <=24 GiB cards is significantly
[dflash]          slower with VMM enabled. Consider rebuilding with:
[dflash]              cmake -DGGML_CUDA_NO_VMM=ON ..
ggml_cuda_init: found 1 CUDA devices (Total VRAM: 24575 MiB):
  Device 0: NVIDIA GeForce RTX 3090, compute capability 8.6, VMM: no, VRAM: 24575 MiB
[gemma4 draft GGUF] loaded: n_layer=5 n_head=32 n_kv=8 n_embd=2816 n_ff=5632 head_dim=128 target_hidden=2816  (0.43 GiB on GPU)
[cache] narrow asymmetric: forced Q8_0 on 2 captured full-attn layer(s) (remaining 3 full-attn keep TQ3)
[cache] created max_ctx=65536 (full_attn=65536, swa=2048), kv_layers=30, saved 80.7%
[cache] kv types: SWA=tq3_0, full=tq3_0
[spec] draft KV sliding re-prefill: kept 2080 tokens (positions 47923..50002), dkv_cap=2096
[cfg] model=/home/peppi/models/gemma4-26b-a4b-it/gemma-4-26B-A4B-it-UD-Q4_K_M.gguf draft=/home/peppi/models/gemma4-26b-a4b-dflash/draft-q8_0.gguf method=dflash gpu=0 ctx=65536 n_predict=64 kv_k=tq3_0 kv_v=tq3_0 temp=0.00 top_k=0 top_p=1.00 budget=22 bench=0 fa_window=0 draft_max=16 adaptive=0 draft_kv_cap_override=0 pflash=1 pflash_alpha=0.120
[gemma4_loader] bos_id=2 eos_id=106 eos_chat_id=107
[gemma4_loader] capture_layer_ids: 1 6 11 17 22 27
[target] loaded 30 layers, n_embd=2816, vocab=262144  (2257.8 ms)
[tok_embd] uploaded 748.0 MiB to GPU (q8_0 [2816, 262144])
[draft] loaded n_layer=5 n_head=32 n_embd=2816 n_vocab=262144 target_hidden=2816 block_size=16  (71.7 ms)
[cache] created max_ctx=65536, kv_layers=30  (75.5 ms)
[draft] KV cache allocated: 2096 slots
[tokens] using 50002 pre-tokenised IDs from --tokens
[tokens] prepended BOS token 2
[prefill] 50003 tokens ...
[prefill] 50003 tokens in 26274.3 ms (1903.1 tok/s) [chunked+pflash, chunk_size=1024]  (last sampled token: 100)
[draft] KV prefill done: 2096 positions materialized (skipped 47907 early tokens, cap=2096, target_feat_cap=4096, dkv_pos=2096)
100 45518 107 [spec] draft KV sliding re-prefill: kept 2080 tokens (positions 47926..50005), dkv_cap=2096
ggml_backend_cuda_graph_compute: CUDA graph warmup complete
[step 1] accept=3/16 avg=3.0 draft_ms=6.72 verify_ms=80.92 kv_ms=0.62 refill_ms=10.19
101 [spec] draft KV sliding re-prefill: kept 2080 tokens (positions 47927..50006), dkv_cap=2096
[step 2] accept=1/16 avg=2.0 draft_ms=4.92 verify_ms=72.48 kv_ms=0.53 refill_ms=17.09
1509 7412 [spec] draft KV sliding re-prefill: kept 2080 tokens (positions 47929..50008), dkv_cap=2096
[step 3] accept=2/16 avg=2.0 draft_ms=2.98 verify_ms=75.35 kv_ms=0.63 refill_ms=11.09
611 735 3847 496 [spec] draft KV sliding re-prefill: kept 2080 tokens (positions 47933..50012), dkv_cap=2096
[step 4] accept=4/16 avg=2.5 draft_ms=2.94 verify_ms=73.96 kv_ms=0.63 refill_ms=14.84
5249 529 17856 5151 236764 ggml_backend_cuda_graph_compute: CUDA graph warmup complete
[spec] draft KV sliding re-prefill: kept 2080 tokens (positions 47938..50017), dkv_cap=2096
[step 5] accept=5/16 avg=3.0 draft_ms=2.95 verify_ms=85.14 kv_ms=0.73 refill_ms=10.85
840 [spec] draft KV sliding re-prefill: kept 2080 tokens (positions 47939..50018), dkv_cap=2096
[step 6] accept=1/16 avg=2.7 draft_ms=2.96 verify_ms=73.39 kv_ms=0.59 refill_ms=9.93
611 10366 236789 236745 9155 496 [spec] draft KV sliding re-prefill: kept 2080 tokens (positions 47945..50024), dkv_cap=2096
[step 7] accept=6/16 avg=3.1 draft_ms=2.94 verify_ms=74.08 kv_ms=0.73 refill_ms=11.96
2931 2934 653 [spec] draft KV sliding re-prefill: kept 2080 tokens (positions 47948..50027), dkv_cap=2096
[step 8] accept=3/16 avg=3.1 draft_ms=3.30 verify_ms=73.55 kv_ms=0.68 refill_ms=9.63
4209 573 786 531 [spec] draft KV sliding re-prefill: kept 2080 tokens (positions 47952..50031), dkv_cap=2096
[step 9] accept=4/16 avg=3.2 draft_ms=3.03 verify_ms=73.30 kv_ms=0.63 refill_ms=16.38
2121 580 1091 236761 ggml_backend_cuda_graph_compute: CUDA graph warmup complete
[spec] draft KV sliding re-prefill: kept 2080 tokens (positions 47956..50035), dkv_cap=2096
[step 10] accept=4/16 avg=3.3 draft_ms=2.96 verify_ms=72.99 kv_ms=0.92 refill_ms=9.88
108 ggml_backend_cuda_graph_compute: CUDA graph warmup reset
[spec] draft KV sliding re-prefill: kept 2080 tokens (positions 47957..50036), dkv_cap=2096
[step 11] accept=1/16 avg=3.1 draft_ms=2.94 verify_ms=73.96 kv_ms=0.52 refill_ms=10.59
9366 ggml_backend_cuda_graph_compute: CUDA graph warmup complete
[spec] draft KV sliding re-prefill: kept 2080 tokens (positions 47958..50037), dkv_cap=2096
[step 12] accept=1/16 avg=2.9 draft_ms=2.99 verify_ms=73.17 kv_ms=0.62 refill_ms=10.06
1531 786 1281 1217 611 1093 1133 786 531 ggml_backend_cuda_graph_compute: CUDA graph warmup reset
[spec] draft KV sliding re-prefill: kept 2080 tokens (positions 47967..50046), dkv_cap=2096
[step 13] accept=9/16 avg=3.4 draft_ms=2.93 verify_ms=72.00 kv_ms=0.71 refill_ms=9.76
1601 [spec] draft KV sliding re-prefill: kept 2080 tokens (positions 47968..50047), dkv_cap=2096
[step 14] accept=1/16 avg=3.2 draft_ms=4.08 verify_ms=72.63 kv_ms=0.55 refill_ms=11.78
607 ggml_backend_cuda_graph_compute: CUDA graph warmup complete
[spec] draft KV sliding re-prefill: kept 2080 tokens (positions 47969..50048), dkv_cap=2096
[step 15] accept=1/16 avg=3.1 draft_ms=2.95 verify_ms=77.12 kv_ms=0.59 refill_ms=10.22
672 3393 ggml_backend_cuda_graph_compute: CUDA graph warmup reset
[spec] draft KV sliding re-prefill: kept 2080 tokens (positions 47971..50050), dkv_cap=2096
[step 16] accept=2/16 avg=3.0 draft_ms=3.32 verify_ms=72.36 kv_ms=0.75 refill_ms=9.92
236761 1701 2591 236764 564 740 236787 [spec] draft KV sliding re-prefill: kept 2080 tokens (positions 47978..50057), dkv_cap=2096
[step 17] accept=7/16 avg=3.2 draft_ms=2.93 verify_ms=73.06 kv_ms=0.86 refill_ms=9.84
108 236770 236761 138 1018 [spec] draft KV sliding re-prefill: kept 2080 tokens (positions 47983..50062), dkv_cap=2096
[step 18] accept=5/16 avg=3.3 draft_ms=2.95 verify_ms=72.73 kv_ms=0.74 refill_ms=9.80
30852 532 [spec] draft KV sliding re-prefill: kept 2080 tokens (positions 47985..50064), dkv_cap=2096
[step 19] accept=2/16 avg=3.3 draft_ms=2.96 verify_ms=74.07 kv_ms=0.66 refill_ms=15.31
136381 53121 ggml_backend_cuda_graph_compute: CUDA graph warmup complete
[step 20] accept=2/16 avg=3.2 draft_ms=2.96 verify_ms=72.43 kv_ms=0.52 refill_ms=9.61

[stats] generated=64  decode_ms=2057.8  tok/s=31.10  first_tok_ms=118.49
[stats] prefill=50003 tokens  context_used=50067/65536
[spec] draft_steps=20 total_accepted=64 avg_accept=3.20
[mem]  VRAM used=19.84 GB  total=24.00 GB
