[dflash] WARNING: detected CUDA device 0 (NVIDIA GeForce RTX 3090) with 23 GiB VRAM.
[dflash]          Long-context prefill on <=24 GiB cards is significantly
[dflash]          slower with VMM enabled. Consider rebuilding with:
[dflash]              cmake -DGGML_CUDA_NO_VMM=ON ..
ggml_cuda_init: found 1 CUDA devices (Total VRAM: 24575 MiB):
  Device 0: NVIDIA GeForce RTX 3090, compute capability 8.6, VMM: no, VRAM: 24575 MiB
[cache] created max_ctx=1048576 (full_attn=1048576, swa=2048), kv_layers=30, saved 83.2%
[cache] kv types: SWA=q8_0, full=q8_0
[cfg] model=/home/peppi/models/gemma4-26b-a4b-it/gemma-4-26B-A4B-it-UD-Q4_K_M.gguf draft=(none) method=none gpu=0 ctx=1048576 n_predict=64 kv_k=q8_0 kv_v=q8_0 temp=0.00 top_k=0 top_p=1.00 budget=22 bench=0 fa_window=0 draft_max=0 adaptive=0 draft_kv_cap_override=0 pflash=0 pflash_alpha=0.120
[gemma4_loader] bos_id=2 eos_id=106 eos_chat_id=107
[gemma4_loader] capture_layer_ids: 1 6 11 17 22 27
[target] loaded 30 layers, n_embd=2816, vocab=262144  (2653.0 ms)
[cache] created max_ctx=1048576, kv_layers=30  (3497.0 ms)
[tokens] using 50002 pre-tokenised IDs from --tokens
[tokens] prepended BOS token 2
[prefill] 50003 tokens ...
[prefill] 50003 tokens in 376799.8 ms (132.7 tok/s) [chunked, chunk_size=1024]  (last sampled token: 100)
[tgt-only-dbg] logits[0..3]: -10.350 6.073 3.973 -10.144 max=26.980@45518 next=45518
100 45518 107 101 2094 9173 563 496 5249 529 1944 236764 6829 14955 5151 600 1500 496 6112 9958 532 10828 14929 236772 29963 3117 236761 30791 563 496 12323 529 506 5773 9935 236787 108 10354 5213 236770 236761 8739 21072 532 50698 72627 1018 107 236829 139 1018 103831 178293 53121 2085 563 496 7274 50932 580 17856 236858 236751 10828 
[stats] generated=64  decode_ms=67776.5  tok/s=0.94  first_tok_ms=1055.63
[stats] prefill=50003 tokens  context_used=50067/1048576
[mem]  VRAM used=24.00 GB  total=24.00 GB
