[dflash] WARNING: detected CUDA device 0 (NVIDIA GeForce RTX 3090) with 23 GiB VRAM.
[dflash]          Long-context prefill on <=24 GiB cards is significantly
[dflash]          slower with VMM enabled. Consider rebuilding with:
[dflash]              cmake -DGGML_CUDA_NO_VMM=ON ..
ggml_cuda_init: found 1 CUDA devices (Total VRAM: 24575 MiB):
  Device 0: NVIDIA GeForce RTX 3090, compute capability 8.6, VMM: no, VRAM: 24575 MiB
[gemma4 draft GGUF] loaded: n_layer=5 n_head=64 n_kv=8 n_embd=5376 n_ff=10752 head_dim=128 target_hidden=5376  (1.52 GiB on GPU)
[cache] narrow asymmetric: forced Q8_0 on 2 captured full-attn layer(s) (remaining 8 full-attn keep TQ3)
[cache] created max_ctx=1024 (full_attn=1024, swa=1024), kv_layers=60, saved 0.0%
[cache] kv types: SWA=tq3_0, full=tq3_0
[cfg] model=/home/peppi/Dev/lucebox-hub/models/gemma-4-31B-it-Q4_K_M.gguf draft=/home/peppi/models/gemma4-31b-dflash/draft-q8_0.gguf method=dflash gpu=0 ctx=1024 n_predict=64 kv_k=tq3_0 kv_v=tq3_0 temp=0.00 top_k=0 top_p=1.00 budget=22 bench=0 fa_window=0 draft_max=16 adaptive=0 draft_kv_cap_override=0 pflash=1 pflash_alpha=0.120
[gemma4_loader] bos_id=2 eos_id=106 eos_chat_id=107
[gemma4_loader] capture_layer_ids: 1 12 23 35 46 57
[target] loaded 60 layers, n_embd=5376, vocab=262144  (28289.6 ms)
[tok_embd] uploaded 756.0 MiB to GPU (q4_K [5376, 262144])
[draft] loaded n_layer=5 n_head=64 n_embd=5376 n_vocab=262144 target_hidden=5376 block_size=16  (2183.5 ms)
[cache] created max_ctx=1024, kv_layers=60  (34.5 ms)
[draft] KV cache allocated: 2096 slots
[tokens] using 139 pre-tokenised IDs from --tokens
[tokens] prepended BOS token 2
[prefill] 140 tokens ...
[prefill] 140 tokens in 345.6 ms (405.1 tok/s) [chunked+pflash, chunk_size=140]  (last sampled token: 2063)
[draft] KV prefill done: 140 positions materialized (skipped 0 early tokens, cap=2096, target_feat_cap=1024, dkv_pos=140)
2063 102267 236779 5640 236769 5640 236787 6803 236768 3921 6803 236787 107 140 12234 [step 1] accept=15/16 avg=15.0 draft_ms=10.47 verify_ms=91.79 kv_ms=1.68 refill_ms=0.00
17770 496 4414 18224 1523 1548 236764 [step 2] accept=7/16 avg=11.0 draft_ms=4.31 verify_ms=87.58 kv_ms=1.35 refill_ms=0.00
625 740 577 81153 [step 3] accept=4/16 avg=8.7 draft_ms=4.55 verify_ms=88.88 kv_ms=0.74 refill_ms=0.00
1131 107 140 624 11995 912 568 [step 4] accept=7/16 avg=8.2 draft_ms=4.44 verify_ms=88.21 kv_ms=1.22 refill_ms=0.00
65020 11995 7100 1082 [step 5] accept=4/16 avg=7.4 draft_ms=4.30 verify_ms=87.82 kv_ms=0.70 refill_ms=0.00
2238 1548 236768 532 70208 [step 6] accept=5/16 avg=7.0 draft_ms=4.33 verify_ms=88.17 kv_ms=0.71 refill_ms=0.00
107 140 236769 989 [step 7] accept=4/16 avg=6.6 draft_ms=4.28 verify_ms=87.54 kv_ms=0.69 refill_ms=0.00
88851 912 [step 8] accept=2/16 avg=6.0 draft_ms=4.30 verify_ms=88.56 kv_ms=0.75 refill_ms=0.00
2462 7100 1082 236743 236770 769 108 140 [step 9] accept=8/16 avg=6.2 draft_ms=4.31 verify_ms=87.93 kv_ms=1.38 refill_ms=0.00
13293 506 20632 912 529 506 1548 236761 [step 10] accept=13/16 avg=6.4 draft_ms=4.38 verify_ms=87.41 kv_ms=1.38 refill_ms=0.00

[stats] generated=64  decode_ms=1070.3  tok/s=59.80  first_tok_ms=127.22
[stats] prefill=140 tokens  context_used=204/1024
[spec] draft_steps=10 total_accepted=64 avg_accept=6.40
[mem]  VRAM used=21.46 GB  total=24.00 GB
