[dflash] WARNING: detected CUDA device 0 (NVIDIA GeForce RTX 3090) with 23 GiB VRAM.
[dflash]          Long-context prefill on <=24 GiB cards is significantly
[dflash]          slower with VMM enabled. Consider rebuilding with:
[dflash]              cmake -DGGML_CUDA_NO_VMM=ON ..
ggml_cuda_init: found 1 CUDA devices (Total VRAM: 24575 MiB):
  Device 0: NVIDIA GeForce RTX 3090, compute capability 8.6, VMM: no, VRAM: 24575 MiB
[gemma4 draft GGUF] loaded: n_layer=5 n_head=64 n_kv=8 n_embd=5376 n_ff=10752 head_dim=128 target_hidden=5376  (1.52 GiB on GPU)
[cache] narrow asymmetric: forced Q8_0 on 2 captured full-attn layer(s) (remaining 8 full-attn keep TQ3)
[cache] created max_ctx=8192 (full_attn=8192, swa=2048), kv_layers=60, saved 62.5%
[cache] kv types: SWA=tq3_0, full=tq3_0
[spec] draft KV sliding re-prefill: kept 2080 tokens (positions 1967..4046), dkv_cap=2096
[cfg] model=/home/peppi/Dev/lucebox-hub/models/gemma-4-31B-it-Q4_K_M.gguf draft=/home/peppi/models/gemma4-31b-dflash/draft-q8_0.gguf method=dflash gpu=0 ctx=8192 n_predict=64 kv_k=tq3_0 kv_v=tq3_0 temp=0.00 top_k=0 top_p=1.00 budget=22 bench=0 fa_window=0 draft_max=16 adaptive=0 draft_kv_cap_override=0 pflash=1 pflash_alpha=0.120
[gemma4_loader] bos_id=2 eos_id=106 eos_chat_id=107
[gemma4_loader] capture_layer_ids: 1 12 23 35 46 57
[target] loaded 60 layers, n_embd=5376, vocab=262144  (2454.8 ms)
[tok_embd] uploaded 756.0 MiB to GPU (q4_K [5376, 262144])
[draft] loaded n_layer=5 n_head=64 n_embd=5376 n_vocab=262144 target_hidden=5376 block_size=16  (236.6 ms)
[cache] created max_ctx=8192, kv_layers=60  (96.9 ms)
[draft] KV cache allocated: 2096 slots
[tokens] using 4046 pre-tokenised IDs from --tokens
[tokens] prepended BOS token 2
[prefill] 4047 tokens ...
[prefill] 4047 tokens in 6015.9 ms (672.7 tok/s) [chunked+pflash, chunk_size=1024]  (last sampled token: 108)
[draft] KV prefill done: 2096 positions materialized (skipped 1951 early tokens, cap=2096, target_feat_cap=4096, dkv_pos=2096)
108 140 [spec] draft KV sliding re-prefill: kept 2080 tokens (positions 1969..4048), dkv_cap=2096
ggml_backend_cuda_graph_compute: CUDA graph warmup complete
[step 1] accept=2/16 avg=2.0 draft_ms=8.19 verify_ms=120.55 kv_ms=0.80 refill_ms=19.47
2060 [spec] draft KV sliding re-prefill: kept 2080 tokens (positions 1970..4049), dkv_cap=2096
[step 2] accept=1/16 avg=1.5 draft_ms=6.82 verify_ms=120.83 kv_ms=0.77 refill_ms=20.26
870 236781 573 1123 528 4945 768 [spec] draft KV sliding re-prefill: kept 2080 tokens (positions 1977..4056), dkv_cap=2096
[step 3] accept=7/16 avg=3.3 draft_ms=4.66 verify_ms=118.77 kv_ms=1.62 refill_ms=19.36
4945 236761 2861 236769 236781 236768 1251 236743 236770 236842 [spec] draft KV sliding re-prefill: kept 2080 tokens (positions 1987..4066), dkv_cap=2096
[step 4] accept=10/16 avg=5.0 draft_ms=5.15 verify_ms=120.89 kv_ms=0.84 refill_ms=20.63
107 140 107 ggml_backend_cuda_graph_compute: CUDA graph warmup complete
[spec] draft KV sliding re-prefill: kept 2080 tokens (positions 1990..4069), dkv_cap=2096
[step 5] accept=3/16 avg=4.6 draft_ms=4.65 verify_ms=118.34 kv_ms=0.94 refill_ms=19.25
715 [spec] draft KV sliding re-prefill: kept 2080 tokens (positions 1991..4070), dkv_cap=2096
[step 6] accept=1/16 avg=4.0 draft_ms=4.73 verify_ms=120.57 kv_ms=0.64 refill_ms=20.54
1852 ggml_backend_cuda_graph_compute: CUDA graph warmup complete
[spec] draft KV sliding re-prefill: kept 2080 tokens (positions 1992..4071), dkv_cap=2096
[step 7] accept=1/16 avg=3.6 draft_ms=4.65 verify_ms=118.29 kv_ms=1.24 refill_ms=19.46
1852 [spec] draft KV sliding re-prefill: kept 2080 tokens (positions 1993..4072), dkv_cap=2096
[step 8] accept=1/16 avg=3.2 draft_ms=4.65 verify_ms=118.37 kv_ms=0.59 refill_ms=19.48
236762 [spec] draft KV sliding re-prefill: kept 2080 tokens (positions 1994..4073), dkv_cap=2096
[step 9] accept=1/16 avg=3.0 draft_ms=4.66 verify_ms=119.31 kv_ms=0.64 refill_ms=20.23
1852 [spec] draft KV sliding re-prefill: kept 2080 tokens (positions 1995..4074), dkv_cap=2096
[step 10] accept=1/16 avg=2.8 draft_ms=4.70 verify_ms=118.57 kv_ms=0.63 refill_ms=19.41
1852 [spec] draft KV sliding re-prefill: kept 2080 tokens (positions 1996..4075), dkv_cap=2096
[step 11] accept=1/16 avg=2.6 draft_ms=4.68 verify_ms=118.67 kv_ms=0.58 refill_ms=19.27
1852 [spec] draft KV sliding re-prefill: kept 2080 tokens (positions 1997..4076), dkv_cap=2096
[step 12] accept=1/16 avg=2.5 draft_ms=4.66 verify_ms=119.33 kv_ms=0.56 refill_ms=19.40
1852 1852 1852 1852 ggml_backend_cuda_graph_compute: CUDA graph warmup reset
[spec] draft KV sliding re-prefill: kept 2080 tokens (positions 2001..4080), dkv_cap=2096
[step 13] accept=4/16 avg=2.6 draft_ms=4.65 verify_ms=117.74 kv_ms=0.74 refill_ms=19.22
1852 1852 1852 [spec] draft KV sliding re-prefill: kept 2080 tokens (positions 2004..4083), dkv_cap=2096
[step 14] accept=3/16 avg=2.6 draft_ms=4.67 verify_ms=121.29 kv_ms=0.78 refill_ms=19.28
1852 1852 1852 ggml_backend_cuda_graph_compute: CUDA graph warmup complete
[spec] draft KV sliding re-prefill: kept 2080 tokens (positions 2007..4086), dkv_cap=2096
