[dflash] WARNING: detected CUDA device 0 (NVIDIA GeForce RTX 3090) with 23 GiB VRAM.
[dflash]          Long-context prefill on <=24 GiB cards is significantly
[dflash]          slower with VMM enabled. Consider rebuilding with:
[dflash]              cmake -DGGML_CUDA_NO_VMM=ON ..
ggml_cuda_init: found 1 CUDA devices (Total VRAM: 24575 MiB):
  Device 0: NVIDIA GeForce RTX 3090, compute capability 8.6, VMM: no, VRAM: 24575 MiB
[gemma4 draft GGUF] loaded: n_layer=5 n_head=64 n_kv=8 n_embd=5376 n_ff=10752 head_dim=128 target_hidden=5376  (1.52 GiB on GPU)
[cache] narrow asymmetric: forced Q8_0 on 2 captured full-attn layer(s) (remaining 8 full-attn keep TQ3)
[cache] created max_ctx=4096 (full_attn=4096, swa=2048), kv_layers=60, saved 41.7%
[cache] kv types: SWA=tq3_0, full=tq3_0
[spec] draft KV sliding re-prefill: kept 2080 tokens (positions 532..2611), dkv_cap=2096
[cfg] model=/home/peppi/Dev/lucebox-hub/models/gemma-4-31B-it-Q4_K_M.gguf draft=/home/peppi/models/gemma4-31b-dflash/draft-q8_0.gguf method=dflash gpu=0 ctx=4096 n_predict=64 kv_k=tq3_0 kv_v=tq3_0 temp=0.00 top_k=0 top_p=1.00 budget=22 bench=0 fa_window=0 draft_max=16 adaptive=0 draft_kv_cap_override=0 pflash=1 pflash_alpha=0.120
[gemma4_loader] bos_id=2 eos_id=106 eos_chat_id=107
[gemma4_loader] capture_layer_ids: 1 12 23 35 46 57
[target] loaded 60 layers, n_embd=5376, vocab=262144  (2395.9 ms)
[tok_embd] uploaded 756.0 MiB to GPU (q4_K [5376, 262144])
[draft] loaded n_layer=5 n_head=64 n_embd=5376 n_vocab=262144 target_hidden=5376 block_size=16  (224.6 ms)
[cache] created max_ctx=4096, kv_layers=60  (82.4 ms)
[draft] KV cache allocated: 2096 slots
[tokens] using 2611 pre-tokenised IDs from --tokens
[tokens] prepended BOS token 2
[prefill] 2612 tokens ...
[prefill] 2612 tokens in 3934.0 ms (664.0 tok/s) [chunked+pflash, chunk_size=1024]  (last sampled token: 100)
[draft] KV prefill done: 2096 positions materialized (skipped 516 early tokens, cap=2096, target_feat_cap=4096, dkv_pos=2096)
100 45518 107 [spec] draft KV sliding re-prefill: kept 2080 tokens (positions 535..2614), dkv_cap=2096
ggml_backend_cuda_graph_compute: CUDA graph warmup complete
[step 1] accept=3/16 avg=3.0 draft_ms=8.44 verify_ms=117.92 kv_ms=1.03 refill_ms=19.94
101 [spec] draft KV sliding re-prefill: kept 2080 tokens (positions 536..2615), dkv_cap=2096
[step 2] accept=1/16 avg=2.0 draft_ms=6.90 verify_ms=115.13 kv_ms=0.70 refill_ms=21.36
22515 580 506 1816 3847 236764 [spec] draft KV sliding re-prefill: kept 2080 tokens (positions 542..2621), dkv_cap=2096
[step 3] accept=6/16 avg=3.3 draft_ms=4.70 verify_ms=114.42 kv_ms=0.93 refill_ms=19.54
1590 563 496 12323 529 506 4749 236787 [spec] draft KV sliding re-prefill: kept 2080 tokens (positions 550..2629), dkv_cap=2096
[step 4] accept=8/16 avg=4.5 draft_ms=4.69 verify_ms=114.69 kv_ms=1.28 refill_ms=19.90
108 85305 ggml_backend_cuda_graph_compute: CUDA graph warmup complete
[spec] draft KV sliding re-prefill: kept 2080 tokens (positions 552..2631), dkv_cap=2096
[step 5] accept=2/16 avg=4.0 draft_ms=4.68 verify_ms=116.12 kv_ms=0.72 refill_ms=19.88
236764 [spec] draft KV sliding re-prefill: kept 2080 tokens (positions 553..2632), dkv_cap=2096
[step 6] accept=1/16 avg=3.5 draft_ms=4.70 verify_ms=114.26 kv_ms=0.68 refill_ms=19.88
496 ggml_backend_cuda_graph_compute: CUDA graph warmup complete
[spec] draft KV sliding re-prefill: kept 2080 tokens (positions 554..2633), dkv_cap=2096
[step 7] accept=1/16 avg=3.1 draft_ms=4.69 verify_ms=114.16 kv_ms=1.08 refill_ms=19.47
3184 3953 236764 5238 496 ggml_backend_cuda_graph_compute: CUDA graph warmup reset
ggml_backend_cuda_graph_compute: CUDA graph warmup reset
[spec] draft KV sliding re-prefill: kept 2080 tokens (positions 559..2638), dkv_cap=2096
[step 8] accept=5/16 avg=3.4 draft_ms=4.69 verify_ms=114.48 kv_ms=0.85 refill_ms=19.57
7286 62524 1679 496 ggml_backend_cuda_graph_compute: CUDA graph warmup complete
[spec] draft KV sliding re-prefill: kept 2080 tokens (positions 563..2642), dkv_cap=2096
[step 9] accept=4/16 avg=3.4 draft_ms=4.67 verify_ms=114.86 kv_ms=0.87 refill_ms=19.52
5268 27973 [spec] draft KV sliding re-prefill: kept 2080 tokens (positions 565..2644), dkv_cap=2096
[step 10] accept=2/16 avg=3.3 draft_ms=4.67 verify_ms=114.88 kv_ms=0.78 refill_ms=19.65
236772 26026 236761 [spec] draft KV sliding re-prefill: kept 2080 tokens (positions 568..2647), dkv_cap=2096
[step 11] accept=3/16 avg=3.3 draft_ms=4.69 verify_ms=117.28 kv_ms=0.68 refill_ms=20.36
4210 [spec] draft KV sliding re-prefill: kept 2080 tokens (positions 569..2648), dkv_cap=2096
[step 12] accept=1/16 avg=3.1 draft_ms=4.68 verify_ms=114.77 kv_ms=0.65 refill_ms=20.11
14773 ggml_backend_cuda_graph_compute: CUDA graph warmup complete
[spec] draft KV sliding re-prefill: kept 2080 tokens (positions 570..2649), dkv_cap=2096
[step 13] accept=1/16 avg=2.9 draft_ms=4.67 verify_ms=119.18 kv_ms=0.63 refill_ms=19.14
496 [spec] draft KV sliding re-prefill: kept 2080 tokens (positions 571..2650), dkv_cap=2096
[step 14] accept=1/16 avg=2.8 draft_ms=4.69 verify_ms=115.11 kv_ms=0.59 refill_ms=19.33
1822 5149 236764 ggml_backend_cuda_graph_compute: CUDA graph warmup reset
[spec] draft KV sliding re-prefill: kept 2080 tokens (positions 574..2653), dkv_cap=2096
[step 15] accept=3/16 avg=2.8 draft_ms=4.74 verify_ms=114.62 kv_ms=0.65 refill_ms=19.70
1304 15249 13442 ggml_backend_cuda_graph_compute: CUDA graph warmup complete
ggml_backend_cuda_graph_compute: CUDA graph warmup reset
[spec] draft KV sliding re-prefill: kept 2080 tokens (positions 577..2656), dkv_cap=2096
[step 16] accept=3/16 avg=2.8 draft_ms=5.25 verify_ms=117.54 kv_ms=0.80 refill_ms=19.42
528 496 ggml_backend_cuda_graph_compute: CUDA graph warmup reset
ggml_backend_cuda_graph_compute: CUDA graph warmup complete
[spec] draft KV sliding re-prefill: kept 2080 tokens (positions 579..2658), dkv_cap=2096
[step 17] accept=2/16 avg=2.8 draft_ms=4.67 verify_ms=115.33 kv_ms=0.64 refill_ms=19.39
17163 [spec] draft KV sliding re-prefill: kept 2080 tokens (positions 580..2659), dkv_cap=2096
[step 18] accept=1/16 avg=2.7 draft_ms=4.68 verify_ms=114.86 kv_ms=0.68 refill_ms=19.53
11967 607 [spec] draft KV sliding re-prefill: kept 2080 tokens (positions 582..2661), dkv_cap=2096
[step 19] accept=2/16 avg=2.6 draft_ms=4.67 verify_ms=114.12 kv_ms=0.89 refill_ms=19.30
23555 13887 236761 2625 [spec] draft KV sliding re-prefill: kept 2080 tokens (positions 586..2665), dkv_cap=2096
[step 20] accept=4/16 avg=2.7 draft_ms=4.70 verify_ms=114.08 kv_ms=0.77 refill_ms=19.71
77828 496 [spec] draft KV sliding re-prefill: kept 2080 tokens (positions 588..2667), dkv_cap=2096
[step 21] accept=2/16 avg=2.7 draft_ms=4.68 verify_ms=114.75 kv_ms=0.68 refill_ms=19.64
16383 13935 2307 [spec] draft KV sliding re-prefill: kept 2080 tokens (positions 591..2670), dkv_cap=2096
[step 22] accept=3/16 avg=2.7 draft_ms=4.68 verify_ms=114.21 kv_ms=0.66 refill_ms=19.56
532 [spec] draft KV sliding re-prefill: kept 2080 tokens (positions 592..2671), dkv_cap=2096
[step 23] accept=1/16 avg=2.6 draft_ms=4.53 verify_ms=111.74 kv_ms=0.64 refill_ms=18.73
496 1944 [spec] draft KV sliding re-prefill: kept 2080 tokens (positions 594..2673), dkv_cap=2096
[step 24] accept=2/16 avg=2.6 draft_ms=5.17 verify_ms=113.49 kv_ms=0.64 refill_ms=19.16
5232 [spec] draft KV sliding re-prefill: kept 2080 tokens (positions 595..2674), dkv_cap=2096
[step 25] accept=1/16 avg=2.5 draft_ms=4.53 verify_ms=111.80 kv_ms=0.64 refill_ms=18.80
5830 ggml_backend_cuda_graph_compute: CUDA graph warmup complete
[step 26] accept=2/16 avg=2.5 draft_ms=4.52 verify_ms=113.50 kv_ms=0.67 refill_ms=18.60

[stats] generated=64  decode_ms=3958.0  tok/s=16.17  first_tok_ms=167.79
[stats] prefill=2612 tokens  context_used=2676/4096
[spec] draft_steps=26 total_accepted=64 avg_accept=2.46
[mem]  VRAM used=22.42 GB  total=24.00 GB
