[dflash] WARNING: detected CUDA device 0 (NVIDIA GeForce RTX 3090) with 23 GiB VRAM.
[dflash]          Long-context prefill on <=24 GiB cards is significantly
[dflash]          slower with VMM enabled. Consider rebuilding with:
[dflash]              cmake -DGGML_CUDA_NO_VMM=ON ..
ggml_cuda_init: found 1 CUDA devices (Total VRAM: 24575 MiB):
  Device 0: NVIDIA GeForce RTX 3090, compute capability 8.6, VMM: no, VRAM: 24575 MiB
[gemma4 draft GGUF] loaded: n_layer=5 n_head=64 n_kv=8 n_embd=5376 n_ff=10752 head_dim=128 target_hidden=5376  (1.52 GiB on GPU)
[cache] narrow asymmetric: forced Q8_0 on 2 captured full-attn layer(s) (remaining 8 full-attn keep TQ3)
[cache] created max_ctx=1024 (full_attn=1024, swa=1024), kv_layers=60, saved 0.0%
[cache] kv types: SWA=tq3_0, full=tq3_0
[cfg] model=/home/peppi/Dev/lucebox-hub/models/gemma-4-31B-it-Q4_K_M.gguf draft=/home/peppi/models/gemma4-31b-dflash/draft-q8_0.gguf method=dflash gpu=0 ctx=1024 n_predict=64 kv_k=tq3_0 kv_v=tq3_0 temp=0.00 top_k=0 top_p=1.00 budget=22 bench=0 fa_window=0 draft_max=16 adaptive=0 draft_kv_cap_override=0 pflash=1 pflash_alpha=0.120
[gemma4_loader] bos_id=2 eos_id=106 eos_chat_id=107
[gemma4_loader] capture_layer_ids: 1 12 23 35 46 57
[target] loaded 60 layers, n_embd=5376, vocab=262144  (12216.3 ms)
[tok_embd] uploaded 756.0 MiB to GPU (q4_K [5376, 262144])
[draft] loaded n_layer=5 n_head=64 n_embd=5376 n_vocab=262144 target_hidden=5376 block_size=16  (244.5 ms)
[cache] created max_ctx=1024, kv_layers=60  (30.9 ms)
[draft] KV cache allocated: 2096 slots
[tokens] using 40 pre-tokenised IDs from --tokens
[tokens] prepended BOS token 2
[prefill] 41 tokens ...
[prefill] 41 tokens in 211.3 ms (194.0 tok/s) [chunked+pflash, chunk_size=41]  (last sampled token: 100)
[draft] KV prefill done: 41 positions materialized (skipped 0 early tokens, cap=2096, target_feat_cap=1024, dkv_pos=41)
100 [step 1] accept=1/16 avg=1.0 draft_ms=6.43 verify_ms=91.54 kv_ms=0.74 refill_ms=0.00
45518 107 [step 2] accept=2/16 avg=1.5 draft_ms=4.18 verify_ms=88.86 kv_ms=1.13 refill_ms=0.00
101 10011 236743 [step 3] accept=3/16 avg=2.0 draft_ms=4.19 verify_ms=88.80 kv_ms=1.04 refill_ms=0.00
236832 [step 4] accept=1/16 avg=1.8 draft_ms=4.35 verify_ms=88.73 kv_ms=0.77 refill_ms=0.00
236778 [step 5] accept=1/16 avg=1.6 draft_ms=4.40 verify_ms=88.91 kv_ms=0.82 refill_ms=0.00
236812 [step 6] accept=1/16 avg=1.5 draft_ms=6.07 verify_ms=88.70 kv_ms=0.71 refill_ms=0.00
691 [step 7] accept=1/16 avg=1.4 draft_ms=4.37 verify_ms=90.08 kv_ms=0.90 refill_ms=0.00
496 [step 8] accept=1/16 avg=1.4 draft_ms=4.26 verify_ms=88.89 kv_ms=0.97 refill_ms=0.00
18510 [step 9] accept=1/16 avg=1.3 draft_ms=4.30 verify_ms=90.61 kv_ms=0.75 refill_ms=0.00
5464 [step 10] accept=1/16 avg=1.3 draft_ms=4.87 verify_ms=90.19 kv_ms=0.82 refill_ms=0.00
236764 5402 573 [step 11] accept=3/16 avg=1.5 draft_ms=4.30 verify_ms=88.80 kv_ms=0.79 refill_ms=0.00
8459 [step 12] accept=1/16 avg=1.4 draft_ms=4.15 verify_ms=87.88 kv_ms=0.70 refill_ms=0.00
43118 [step 13] accept=1/16 avg=1.4 draft_ms=4.31 verify_ms=88.05 kv_ms=0.68 refill_ms=0.00
236761 9567 [step 14] accept=2/16 avg=1.4 draft_ms=4.28 verify_ms=89.03 kv_ms=0.69 refill_ms=0.00
12162 [step 15] accept=1/16 avg=1.4 draft_ms=4.34 verify_ms=86.83 kv_ms=0.91 refill_ms=0.00
7808 [step 16] accept=1/16 avg=1.4 draft_ms=4.27 verify_ms=88.35 kv_ms=0.75 refill_ms=0.00
528 4011 236764 [step 17] accept=3/16 avg=1.5 draft_ms=4.17 verify_ms=88.50 kv_ms=0.93 refill_ms=0.00
23093 71286 236764 840 [step 18] accept=4/16 avg=1.6 draft_ms=4.35 verify_ms=89.11 kv_ms=0.71 refill_ms=0.00
1061 [step 19] accept=1/16 avg=1.6 draft_ms=4.17 verify_ms=87.62 kv_ms=0.70 refill_ms=0.00
44505 [step 20] accept=1/16 avg=1.6 draft_ms=4.57 verify_ms=87.12 kv_ms=0.77 refill_ms=0.00
12783 1872 [step 21] accept=2/16 avg=1.6 draft_ms=4.26 verify_ms=87.20 kv_ms=0.70 refill_ms=0.00
496 1607 [step 22] accept=2/16 avg=1.6 draft_ms=4.24 verify_ms=86.92 kv_ms=0.65 refill_ms=0.00
2712 529 [step 23] accept=2/16 avg=1.6 draft_ms=4.21 verify_ms=87.27 kv_ms=0.62 refill_ms=0.00
18271 236761 [step 24] accept=2/16 avg=1.6 draft_ms=4.15 verify_ms=87.44 kv_ms=0.69 refill_ms=0.00
799 506 [step 25] accept=2/16 avg=1.6 draft_ms=4.30 verify_ms=88.02 kv_ms=0.63 refill_ms=0.00
36028 529 506 [step 26] accept=3/16 avg=1.7 draft_ms=4.22 verify_ms=87.46 kv_ms=0.68 refill_ms=0.00
11452 [step 27] accept=1/16 avg=1.7 draft_ms=4.31 verify_ms=88.43 kv_ms=0.73 refill_ms=0.00
1298 625 [step 28] accept=2/16 avg=1.7 draft_ms=4.38 verify_ms=88.68 kv_ms=0.77 refill_ms=0.00
5934 236764 [step 29] accept=2/16 avg=1.7 draft_ms=4.32 verify_ms=97.64 kv_ms=0.67 refill_ms=0.00
236743 236832 236778 236812 11788 [step 30] accept=5/16 avg=1.8 draft_ms=4.21 verify_ms=87.85 kv_ms=0.89 refill_ms=0.00
496 54068 [step 31] accept=2/16 avg=1.8 draft_ms=4.45 verify_ms=87.89 kv_ms=0.68 refill_ms=0.00
1076 529 35740 [step 32] accept=3/16 avg=1.8 draft_ms=4.28 verify_ms=87.71 kv_ms=0.71 refill_ms=0.00
236751 532 496 [step 33] accept=3/16 avg=1.9 draft_ms=4.38 verify_ms=88.45 kv_ms=0.68 refill_ms=0.00
11580 12002 [step 34] accept=4/16 avg=1.9 draft_ms=4.59 verify_ms=87.73 kv_ms=0.65 refill_ms=0.00

[stats] generated=64  decode_ms=3615.1  tok/s=17.70  first_tok_ms=131.20
[stats] prefill=41 tokens  context_used=105/1024
[spec] draft_steps=34 total_accepted=64 avg_accept=1.88
[mem]  VRAM used=21.36 GB  total=24.00 GB
