[dflash] WARNING: detected CUDA device 0 (NVIDIA GeForce RTX 3090) with 23 GiB VRAM.
[dflash]          Long-context prefill on <=24 GiB cards is significantly
[dflash]          slower with VMM enabled. Consider rebuilding with:
[dflash]              cmake -DGGML_CUDA_NO_VMM=ON ..
ggml_cuda_init: found 1 CUDA devices (Total VRAM: 24575 MiB):
  Device 0: NVIDIA GeForce RTX 3090, compute capability 8.6, VMM: no, VRAM: 24575 MiB
[gemma4 draft GGUF] loaded: n_layer=5 n_head=64 n_kv=8 n_embd=5376 n_ff=10752 head_dim=128 target_hidden=5376  (1.52 GiB on GPU)
[cache] narrow asymmetric: forced Q8_0 on 2 captured full-attn layer(s) (remaining 8 full-attn keep TQ3)
[cache] created max_ctx=4096 (full_attn=4096, swa=2048), kv_layers=60, saved 41.7%
[cache] kv types: SWA=tq3_0, full=tq3_0
[cfg] model=/home/peppi/Dev/lucebox-hub/models/gemma-4-31B-it-Q4_K_M.gguf draft=/home/peppi/models/gemma4-31b-dflash/draft-q8_0.gguf method=dflash gpu=0 ctx=4096 n_predict=64 kv_k=tq3_0 kv_v=tq3_0 temp=0.00 top_k=0 top_p=1.00 budget=22 bench=0 fa_window=0 draft_max=16 adaptive=0 draft_kv_cap_override=0 pflash=1 pflash_alpha=0.120
[gemma4_loader] bos_id=2 eos_id=106 eos_chat_id=107
[gemma4_loader] capture_layer_ids: 1 12 23 35 46 57
[target] loaded 60 layers, n_embd=5376, vocab=262144  (2450.0 ms)
[tok_embd] uploaded 756.0 MiB to GPU (q4_K [5376, 262144])
[draft] loaded n_layer=5 n_head=64 n_embd=5376 n_vocab=262144 target_hidden=5376 block_size=16  (243.5 ms)
[cache] created max_ctx=4096, kv_layers=60  (88.9 ms)
[draft] KV cache allocated: 2096 slots
[tokens] using 1998 pre-tokenised IDs from --tokens
[tokens] prepended BOS token 2
[prefill] 1999 tokens ...
[prefill] 1999 tokens in 3012.7 ms (663.5 tok/s) [chunked+pflash, chunk_size=1024]  (last sampled token: 22539)
[draft] KV prefill done: 1999 positions materialized (skipped 0 early tokens, cap=2096, target_feat_cap=4096, dkv_pos=1999)
22539 [step 1] accept=1/16 avg=1.0 draft_ms=8.70 verify_ms=115.39 kv_ms=0.84 refill_ms=0.00
27801 20768 28180 963 [step 2] accept=4/16 avg=2.5 draft_ms=5.16 verify_ms=112.18 kv_ms=0.87 refill_ms=0.00
756 [step 3] accept=1/16 avg=2.0 draft_ms=4.93 verify_ms=111.68 kv_ms=0.65 refill_ms=0.00
28180 963 756 [step 4] accept=3/16 avg=2.2 draft_ms=4.95 verify_ms=111.20 kv_ms=0.69 refill_ms=0.00
28180 [step 5] accept=1/16 avg=2.0 draft_ms=4.99 verify_ms=113.01 kv_ms=0.70 refill_ms=0.00
7367 756 [step 6] accept=2/16 avg=2.0 draft_ms=5.04 verify_ms=113.74 kv_ms=1.13 refill_ms=0.00
236746 1606 107 140 [step 7] accept=4/16 avg=2.3 draft_ms=5.47 verify_ms=112.75 kv_ms=0.75 refill_ms=0.00
9336 107 140 [step 8] accept=3/16 avg=2.4 draft_ms=4.97 verify_ms=111.82 kv_ms=0.66 refill_ms=0.00
514 [step 9] accept=1/16 avg=2.2 draft_ms=4.94 verify_ms=112.90 kv_ms=0.63 refill_ms=0.00
1909 [step 10] accept=1/16 avg=2.1 draft_ms=5.06 verify_ms=112.44 kv_ms=0.70 refill_ms=0.00
236787 107 140 [step 11] accept=3/16 avg=2.2 draft_ms=4.98 verify_ms=114.09 kv_ms=0.63 refill_ms=0.00
236865 [step 12] accept=1/16 avg=2.1 draft_ms=4.96 verify_ms=111.83 kv_ms=0.71 refill_ms=0.00
236743 [step 13] accept=1/16 avg=2.0 draft_ms=5.11 verify_ms=112.59 kv_ms=0.76 refill_ms=0.00
236770 236761 9100 506 [step 14] accept=4/16 avg=2.1 draft_ms=5.05 verify_ms=112.47 kv_ms=0.69 refill_ms=0.00
27801 2483 528 506 [step 15] accept=4/16 avg=2.3 draft_ms=5.00 verify_ms=113.03 kv_ms=0.82 refill_ms=0.00
886 [step 16] accept=1/16 avg=2.2 draft_ms=4.95 verify_ms=117.13 kv_ms=0.90 refill_ms=0.00
3408 [step 17] accept=1/16 avg=2.1 draft_ms=4.97 verify_ms=116.33 kv_ms=0.66 refill_ms=0.00
1694 [step 18] accept=1/16 avg=2.1 draft_ms=4.96 verify_ms=113.77 kv_ms=0.67 refill_ms=0.00
236761 107 140 236865 236743 236778 236761 [step 19] accept=7/16 avg=2.3 draft_ms=5.06 verify_ms=113.73 kv_ms=0.87 refill_ms=0.00
9100 506 27801 2483 528 [step 20] accept=5/16 avg=2.5 draft_ms=5.01 verify_ms=114.92 kv_ms=0.85 refill_ms=0.00
506 [step 21] accept=1/16 avg=2.4 draft_ms=4.99 verify_ms=113.94 kv_ms=0.65 refill_ms=0.00
886 [step 22] accept=1/16 avg=2.3 draft_ms=4.97 verify_ms=115.10 kv_ms=1.33 refill_ms=0.00
3408 1694 236761 107 140 236865 236743 [step 23] accept=7/16 avg=2.5 draft_ms=4.99 verify_ms=119.60 kv_ms=1.17 refill_ms=0.00
4694 [step 24] accept=1/16 avg=2.5 draft_ms=5.06 verify_ms=119.45 kv_ms=0.97 refill_ms=0.00
1852 [step 25] accept=1/16 avg=2.4 draft_ms=5.40 verify_ms=115.40 kv_ms=0.68 refill_ms=0.00
236789 236751 [step 26] accept=2/16 avg=2.4 draft_ms=5.00 verify_ms=114.05 kv_ms=0.77 refill_ms=0.00
1852 [step 27] accept=1/16 avg=2.3 draft_ms=5.04 verify_ms=115.04 kv_ms=0.88 refill_ms=0.00
1638 [step 28] accept=1/16 avg=2.3 draft_ms=5.28 verify_ms=115.01 kv_ms=0.70 refill_ms=0.00

[stats] generated=64  decode_ms=3729.0  tok/s=17.16  first_tok_ms=143.70
[stats] prefill=1999 tokens  context_used=2063/4096
[spec] draft_steps=28 total_accepted=64 avg_accept=2.29
[mem]  VRAM used=22.41 GB  total=24.00 GB
