[dflash] WARNING: detected CUDA device 0 (NVIDIA GeForce RTX 3090) with 23 GiB VRAM.
[dflash]          Long-context prefill on <=24 GiB cards is significantly
[dflash]          slower with VMM enabled. Consider rebuilding with:
[dflash]              cmake -DGGML_CUDA_NO_VMM=ON ..
ggml_cuda_init: found 1 CUDA devices (Total VRAM: 24575 MiB):
  Device 0: NVIDIA GeForce RTX 3090, compute capability 8.6, VMM: no, VRAM: 24575 MiB
[gemma4 draft GGUF] loaded: n_layer=5 n_head=64 n_kv=8 n_embd=5376 n_ff=10752 head_dim=128 target_hidden=5376  (1.52 GiB on GPU)
[cache] narrow asymmetric: forced Q8_0 on 2 captured full-attn layer(s) (remaining 8 full-attn keep TQ3)
[cache] created max_ctx=8192 (full_attn=8192, swa=2048), kv_layers=60, saved 62.5%
[cache] kv types: SWA=tq3_0, full=tq3_0
[spec] draft KV sliding re-prefill: kept 2080 tokens (positions 2017..4096), dkv_cap=2096
[cfg] model=/home/peppi/Dev/lucebox-hub/models/gemma-4-31B-it-Q4_K_M.gguf draft=/home/peppi/models/gemma4-31b-dflash/draft-q8_0.gguf method=dflash gpu=0 ctx=8192 n_predict=64 kv_k=tq3_0 kv_v=tq3_0 temp=0.00 top_k=0 top_p=1.00 budget=22 bench=0 fa_window=0 draft_max=16 adaptive=0 draft_kv_cap_override=0 pflash=1 pflash_alpha=0.120
[gemma4_loader] bos_id=2 eos_id=106 eos_chat_id=107
[gemma4_loader] capture_layer_ids: 1 12 23 35 46 57
[target] loaded 60 layers, n_embd=5376, vocab=262144  (2666.6 ms)
[tok_embd] uploaded 756.0 MiB to GPU (q4_K [5376, 262144])
[draft] loaded n_layer=5 n_head=64 n_embd=5376 n_vocab=262144 target_hidden=5376 block_size=16  (235.1 ms)
[cache] created max_ctx=8192, kv_layers=60  (91.9 ms)
[draft] KV cache allocated: 2096 slots
[tokens] using 4096 pre-tokenised IDs from --tokens
[tokens] prepended BOS token 2
[prefill] 4097 tokens ...
[prefill] 4097 tokens in 6206.6 ms (660.1 tok/s) [chunked+pflash, chunk_size=1024]  (last sampled token: 236787)
[draft] KV prefill done: 2096 positions materialized (skipped 2001 early tokens, cap=2096, target_feat_cap=4096, dkv_pos=2096)
236787 107 [spec] draft KV sliding re-prefill: kept 2080 tokens (positions 2019..4098), dkv_cap=2096
ggml_backend_cuda_graph_compute: CUDA graph warmup complete
[step 1] accept=2/16 avg=2.0 draft_ms=8.66 verify_ms=124.09 kv_ms=0.71 refill_ms=20.18
107 [spec] draft KV sliding re-prefill: kept 2080 tokens (positions 2020..4099), dkv_cap=2096
[step 2] accept=1/16 avg=1.5 draft_ms=5.50 verify_ms=121.33 kv_ms=0.81 refill_ms=20.28
514 [spec] draft KV sliding re-prefill: kept 2080 tokens (positions 2021..4100), dkv_cap=2096
[step 3] accept=1/16 avg=1.3 draft_ms=4.74 verify_ms=120.42 kv_ms=0.68 refill_ms=19.67
197973 [spec] draft KV sliding re-prefill: kept 2080 tokens (positions 2022..4101), dkv_cap=2096
[step 4] accept=1/16 avg=1.2 draft_ms=4.70 verify_ms=122.57 kv_ms=0.66 refill_ms=19.46
48010 ggml_backend_cuda_graph_compute: CUDA graph warmup complete
ggml_backend_cuda_graph_compute: CUDA graph warmup complete
[spec] draft KV sliding re-prefill: kept 2080 tokens (positions 2023..4102), dkv_cap=2096
[step 5] accept=1/16 avg=1.2 draft_ms=4.75 verify_ms=121.70 kv_ms=0.78 refill_ms=19.83
48010 [spec] draft KV sliding re-prefill: kept 2080 tokens (positions 2024..4103), dkv_cap=2096
[step 6] accept=1/16 avg=1.2 draft_ms=4.69 verify_ms=121.21 kv_ms=0.65 refill_ms=20.06
48010 [spec] draft KV sliding re-prefill: kept 2080 tokens (positions 2025..4104), dkv_cap=2096
[step 7] accept=1/16 avg=1.1 draft_ms=4.70 verify_ms=121.18 kv_ms=0.63 refill_ms=19.74
48010 ggml_backend_cuda_graph_compute: CUDA graph warmup reset
[spec] draft KV sliding re-prefill: kept 2080 tokens (positions 2026..4105), dkv_cap=2096
[step 8] accept=1/16 avg=1.1 draft_ms=5.08 verify_ms=121.25 kv_ms=0.62 refill_ms=20.18
48010 ggml_backend_cuda_graph_compute: CUDA graph warmup reset
[spec] draft KV sliding re-prefill: kept 2080 tokens (positions 2027..4106), dkv_cap=2096
[step 9] accept=1/16 avg=1.1 draft_ms=4.69 verify_ms=121.33 kv_ms=0.65 refill_ms=19.54
48010 ggml_backend_cuda_graph_compute: CUDA graph warmup complete
[spec] draft KV sliding re-prefill: kept 2080 tokens (positions 2028..4107), dkv_cap=2096
[step 10] accept=1/16 avg=1.1 draft_ms=4.70 verify_ms=120.56 kv_ms=0.61 refill_ms=19.68
48010 ggml_backend_cuda_graph_compute: CUDA graph warmup complete
[spec] draft KV sliding re-prefill: kept 2080 tokens (positions 2029..4108), dkv_cap=2096
[step 11] accept=1/16 avg=1.1 draft_ms=4.65 verify_ms=120.91 kv_ms=0.67 refill_ms=19.30
48010 48010 ggml_backend_cuda_graph_compute: CUDA graph warmup reset
[spec] draft KV sliding re-prefill: kept 2080 tokens (positions 2031..4110), dkv_cap=2096
[step 12] accept=2/16 avg=1.2 draft_ms=4.64 verify_ms=120.04 kv_ms=0.68 refill_ms=19.19
48010 [spec] draft KV sliding re-prefill: kept 2080 tokens (positions 2032..4111), dkv_cap=2096
