[dflash] WARNING: detected CUDA device 0 (NVIDIA GeForce RTX 3090) with 23 GiB VRAM.
[dflash]          Long-context prefill on <=24 GiB cards is significantly
[dflash]          slower with VMM enabled. Consider rebuilding with:
[dflash]              cmake -DGGML_CUDA_NO_VMM=ON ..
ggml_cuda_init: found 1 CUDA devices (Total VRAM: 24575 MiB):
  Device 0: NVIDIA GeForce RTX 3090, compute capability 8.6, VMM: no, VRAM: 24575 MiB
[gemma4 draft GGUF] loaded: n_layer=5 n_head=32 n_kv=8 n_embd=2816 n_ff=5632 head_dim=128 target_hidden=2816  (0.43 GiB on GPU)
[cache] narrow asymmetric: forced Q8_0 on 2 captured full-attn layer(s) (remaining 3 full-attn keep TQ3)
[cache] created max_ctx=1048576 (full_attn=1048576, swa=2048), kv_layers=30, saved 83.2%
[cache] kv types: SWA=tq3_0, full=tq3_0
[spec] draft KV sliding re-prefill: kept 2092 tokens (positions 47911..50002), dkv_cap=2096
[cfg] model=/home/peppi/models/gemma4-26b-a4b-it/gemma-4-26B-A4B-it-UD-Q4_K_M.gguf draft=/home/peppi/models/gemma4-26b-a4b-dflash/draft-q8_0.gguf method=dflash gpu=0 ctx=1048576 n_predict=64 kv_k=tq3_0 kv_v=tq3_0 temp=0.00 top_k=0 top_p=1.00 budget=22 bench=0 fa_window=0 draft_max=4 adaptive=0 draft_kv_cap_override=0 pflash=1 pflash_alpha=0.120
[gemma4_loader] bos_id=2 eos_id=106 eos_chat_id=107
[gemma4_loader] capture_layer_ids: 1 6 11 17 22 27
[target] loaded 30 layers, n_embd=2816, vocab=262144  (2747.8 ms)
[tok_embd] uploaded 748.0 MiB to GPU (q8_0 [2816, 262144])
[draft] loaded n_layer=5 n_head=32 n_embd=2816 n_vocab=262144 target_hidden=2816 block_size=16  (81.8 ms)
[cache] created max_ctx=1048576, kv_layers=30  (1067.3 ms)
[draft] KV cache allocated: 2096 slots
[tokens] using 50002 pre-tokenised IDs from --tokens
[tokens] prepended BOS token 2
[prefill] 50003 tokens ...
[prefill] 50003 tokens in 354511.1 ms (141.0 tok/s) [chunked+pflash, chunk_size=1024]  (last sampled token: 0)
[draft] KV prefill done: 2096 positions materialized (skipped 47907 early tokens, cap=2096, target_feat_cap=4096, dkv_pos=2096)
0 0 0 0 [spec] draft KV sliding re-prefill: kept 2092 tokens (positions 47915..50006), dkv_cap=2096
ggml_backend_cuda_graph_compute: CUDA graph warmup complete
[step 1] accept=4/4 avg=4.0 draft_ms=8.25 verify_ms=361.32 kv_ms=0.49 refill_ms=13.23
0 0 0 0 [spec] draft KV sliding re-prefill: kept 2092 tokens (positions 47919..50010), dkv_cap=2096
[step 2] accept=4/4 avg=4.0 draft_ms=6.38 verify_ms=93.52 kv_ms=0.52 refill_ms=36.23
0 0 0 0 [spec] draft KV sliding re-prefill: kept 2092 tokens (positions 47923..50014), dkv_cap=2096
[step 3] accept=4/4 avg=4.0 draft_ms=4.55 verify_ms=92.10 kv_ms=0.51 refill_ms=13.25
0 0 0 0 [spec] draft KV sliding re-prefill: kept 2092 tokens (positions 47927..50018), dkv_cap=2096
[step 4] accept=4/4 avg=4.0 draft_ms=4.52 verify_ms=94.24 kv_ms=0.50 refill_ms=13.23
0 0 0 0 [spec] draft KV sliding re-prefill: kept 2092 tokens (positions 47931..50022), dkv_cap=2096
[step 5] accept=4/4 avg=4.0 draft_ms=4.51 verify_ms=93.01 kv_ms=0.53 refill_ms=13.12
0 0 0 0 ggml_backend_cuda_graph_compute: CUDA graph warmup complete
[spec] draft KV sliding re-prefill: kept 2092 tokens (positions 47935..50026), dkv_cap=2096
[step 6] accept=4/4 avg=4.0 draft_ms=4.49 verify_ms=96.56 kv_ms=0.82 refill_ms=13.05
0 0 0 0 ggml_backend_cuda_graph_compute: CUDA graph warmup complete
ggml_backend_cuda_graph_compute: CUDA graph warmup reset
[spec] draft KV sliding re-prefill: kept 2092 tokens (positions 47939..50030), dkv_cap=2096
[step 7] accept=4/4 avg=4.0 draft_ms=4.49 verify_ms=92.38 kv_ms=0.61 refill_ms=13.84
0 0 0 0 ggml_backend_cuda_graph_compute: CUDA graph warmup reset
ggml_backend_cuda_graph_compute: CUDA graph warmup complete
[spec] draft KV sliding re-prefill: kept 2092 tokens (positions 47943..50034), dkv_cap=2096
[step 8] accept=4/4 avg=4.0 draft_ms=4.57 verify_ms=92.06 kv_ms=0.59 refill_ms=13.28
0 0 0 0 ggml_backend_cuda_graph_compute: CUDA graph warmup complete
[spec] draft KV sliding re-prefill: kept 2092 tokens (positions 47947..50038), dkv_cap=2096
[step 9] accept=4/4 avg=4.0 draft_ms=4.50 verify_ms=94.29 kv_ms=0.54 refill_ms=13.31
0 0 0 0 [spec] draft KV sliding re-prefill: kept 2092 tokens (positions 47951..50042), dkv_cap=2096
[step 10] accept=4/4 avg=4.0 draft_ms=4.49 verify_ms=92.29 kv_ms=0.38 refill_ms=12.94
0 0 0 0 [spec] draft KV sliding re-prefill: kept 2092 tokens (positions 47955..50046), dkv_cap=2096
[step 11] accept=4/4 avg=4.0 draft_ms=4.50 verify_ms=90.30 kv_ms=0.36 refill_ms=13.05
0 0 0 0 [spec] draft KV sliding re-prefill: kept 2092 tokens (positions 47959..50050), dkv_cap=2096
[step 12] accept=4/4 avg=4.0 draft_ms=4.56 verify_ms=93.55 kv_ms=0.37 refill_ms=13.10
0 0 0 0 [spec] draft KV sliding re-prefill: kept 2092 tokens (positions 47963..50054), dkv_cap=2096
[step 13] accept=4/4 avg=4.0 draft_ms=4.49 verify_ms=90.66 kv_ms=0.39 refill_ms=13.00
0 0 0 0 [spec] draft KV sliding re-prefill: kept 2092 tokens (positions 47967..50058), dkv_cap=2096
[step 14] accept=4/4 avg=4.0 draft_ms=4.49 verify_ms=90.71 kv_ms=0.37 refill_ms=12.88
0 0 0 0 [spec] draft KV sliding re-prefill: kept 2092 tokens (positions 47971..50062), dkv_cap=2096
[step 15] accept=4/4 avg=4.0 draft_ms=4.49 verify_ms=91.29 kv_ms=0.37 refill_ms=12.80
0 0 0 0 [step 16] accept=4/4 avg=4.0 draft_ms=4.50 verify_ms=91.12 kv_ms=0.38 refill_ms=12.94

[stats] generated=64  decode_ms=2142.8  tok/s=29.87  first_tok_ms=394.29
[stats] prefill=50003 tokens  context_used=50067/1048576
[spec] draft_steps=16 total_accepted=64 avg_accept=4.00
[mem]  VRAM used=24.00 GB  total=24.00 GB
