[dflash] WARNING: detected CUDA device 0 (NVIDIA GeForce RTX 3090) with 23 GiB VRAM.
[dflash]          Long-context prefill on <=24 GiB cards is significantly
[dflash]          slower with VMM enabled. Consider rebuilding with:
[dflash]              cmake -DGGML_CUDA_NO_VMM=ON ..
ggml_cuda_init: found 1 CUDA devices (Total VRAM: 24575 MiB):
  Device 0: NVIDIA GeForce RTX 3090, compute capability 8.6, VMM: no, VRAM: 24575 MiB
[gemma4 draft GGUF] loaded: n_layer=5 n_head=32 n_kv=8 n_embd=2816 n_ff=5632 head_dim=128 target_hidden=2816  (0.43 GiB on GPU)
[cache] narrow asymmetric: forced Q8_0 on 2 captured full-attn layer(s) (remaining 3 full-attn keep TQ3)
[cache] created max_ctx=1048576 (full_attn=1048576, swa=2048), kv_layers=30, saved 83.2%
[cache] kv types: SWA=tq3_0, full=tq3_0
[spec] draft KV sliding re-prefill: kept 2092 tokens (positions 47911..50002), dkv_cap=2096
[cfg] model=/home/peppi/models/gemma4-26b-a4b-it/gemma-4-26B-A4B-it-UD-Q4_K_M.gguf draft=/home/peppi/models/gemma4-26b-a4b-dflash/draft-q8_0.gguf method=dflash gpu=0 ctx=1048576 n_predict=64 kv_k=tq3_0 kv_v=tq3_0 temp=0.00 top_k=0 top_p=1.00 budget=22 bench=0 fa_window=0 draft_max=4 adaptive=0 draft_kv_cap_override=0 pflash=1 pflash_alpha=0.120
[gemma4_loader] bos_id=2 eos_id=106 eos_chat_id=107
[gemma4_loader] capture_layer_ids: 1 6 11 17 22 27
[target] loaded 30 layers, n_embd=2816, vocab=262144  (2623.7 ms)
[tok_embd] uploaded 748.0 MiB to GPU (q8_0 [2816, 262144])
[draft] loaded n_layer=5 n_head=32 n_embd=2816 n_vocab=262144 target_hidden=2816 block_size=16  (79.0 ms)
[cache] created max_ctx=1048576, kv_layers=30  (1086.8 ms)
[draft] KV cache allocated: 2096 slots
[tokens] using 50002 pre-tokenised IDs from --tokens
[tokens] prepended BOS token 2
[prefill] 50003 tokens ...
[prefill] 50003 tokens in 400648.8 ms (124.8 tok/s) [chunked+pflash, chunk_size=1024]  (last sampled token: 0)
[draft] KV prefill done: 2096 positions materialized (skipped 47907 early tokens, cap=2096, target_feat_cap=4096, dkv_pos=2096)
0 0 0 0 [spec] draft KV sliding re-prefill: kept 2092 tokens (positions 47915..50006), dkv_cap=2096
ggml_backend_cuda_graph_compute: CUDA graph warmup complete
[step 1] accept=4/4 avg=4.0 draft_ms=8.30 verify_ms=837.94 kv_ms=0.58 refill_ms=36.84
0 0 0 0 [spec] draft KV sliding re-prefill: kept 2092 tokens (positions 47919..50010), dkv_cap=2096
[step 2] accept=4/4 avg=4.0 draft_ms=6.27 verify_ms=97.29 kv_ms=0.70 refill_ms=80.78
0 0 0 0 [spec] draft KV sliding re-prefill: kept 2092 tokens (positions 47923..50014), dkv_cap=2096
[step 3] accept=4/4 avg=4.0 draft_ms=4.59 verify_ms=95.64 kv_ms=0.67 refill_ms=36.62
0 0 0 0 [spec] draft KV sliding re-prefill: kept 2092 tokens (positions 47927..50018), dkv_cap=2096
[step 4] accept=4/4 avg=4.0 draft_ms=4.59 verify_ms=96.14 kv_ms=0.58 refill_ms=36.33
0 0 0 0 [spec] draft KV sliding re-prefill: kept 2092 tokens (positions 47931..50022), dkv_cap=2096
[step 5] accept=4/4 avg=4.0 draft_ms=4.59 verify_ms=96.72 kv_ms=0.55 refill_ms=36.50
0 0 0 0 ggml_backend_cuda_graph_compute: CUDA graph warmup complete
[spec] draft KV sliding re-prefill: kept 2092 tokens (positions 47935..50026), dkv_cap=2096
[step 6] accept=4/4 avg=4.0 draft_ms=4.58 verify_ms=97.33 kv_ms=0.52 refill_ms=36.65
0 0 0 0 ggml_backend_cuda_graph_compute: CUDA graph warmup complete
ggml_backend_cuda_graph_compute: CUDA graph warmup reset
[spec] draft KV sliding re-prefill: kept 2092 tokens (positions 47939..50030), dkv_cap=2096
[step 7] accept=4/4 avg=4.0 draft_ms=4.56 verify_ms=97.16 kv_ms=0.77 refill_ms=36.43
0 0 0 0 ggml_backend_cuda_graph_compute: CUDA graph warmup reset
ggml_backend_cuda_graph_compute: CUDA graph warmup complete
[spec] draft KV sliding re-prefill: kept 2092 tokens (positions 47943..50034), dkv_cap=2096
[step 8] accept=4/4 avg=4.0 draft_ms=4.57 verify_ms=97.04 kv_ms=0.78 refill_ms=37.90
0 0 0 0 ggml_backend_cuda_graph_compute: CUDA graph warmup complete
[spec] draft KV sliding re-prefill: kept 2092 tokens (positions 47947..50038), dkv_cap=2096
[step 9] accept=4/4 avg=4.0 draft_ms=4.57 verify_ms=96.71 kv_ms=0.55 refill_ms=36.48
0 0 0 0 [spec] draft KV sliding re-prefill: kept 2092 tokens (positions 47951..50042), dkv_cap=2096
[step 10] accept=4/4 avg=4.0 draft_ms=4.57 verify_ms=97.41 kv_ms=0.39 refill_ms=36.19
0 0 0 0 [spec] draft KV sliding re-prefill: kept 2092 tokens (positions 47955..50046), dkv_cap=2096
[step 11] accept=4/4 avg=4.0 draft_ms=4.59 verify_ms=94.99 kv_ms=0.43 refill_ms=36.42
0 0 0 0 [spec] draft KV sliding re-prefill: kept 2092 tokens (positions 47959..50050), dkv_cap=2096
[step 12] accept=4/4 avg=4.0 draft_ms=4.57 verify_ms=97.69 kv_ms=0.43 refill_ms=36.12
0 0 0 0 [spec] draft KV sliding re-prefill: kept 2092 tokens (positions 47963..50054), dkv_cap=2096
[step 13] accept=4/4 avg=4.0 draft_ms=4.57 verify_ms=97.32 kv_ms=0.45 refill_ms=36.18
0 0 0 0 [spec] draft KV sliding re-prefill: kept 2092 tokens (positions 47967..50058), dkv_cap=2096
[step 14] accept=4/4 avg=4.0 draft_ms=4.57 verify_ms=95.97 kv_ms=0.52 refill_ms=36.19
0 0 0 0 [spec] draft KV sliding re-prefill: kept 2092 tokens (positions 47971..50062), dkv_cap=2096
[step 15] accept=4/4 avg=4.0 draft_ms=4.57 verify_ms=97.19 kv_ms=0.47 refill_ms=40.96
0 0 0 0 [step 16] accept=4/4 avg=4.0 draft_ms=4.64 verify_ms=96.02 kv_ms=0.43 refill_ms=36.41

[stats] generated=64  decode_ms=3087.4  tok/s=20.73  first_tok_ms=895.60
[stats] prefill=50003 tokens  context_used=50067/1048576
[spec] draft_steps=16 total_accepted=64 avg_accept=4.00
[mem]  VRAM used=24.00 GB  total=24.00 GB
