[dflash] WARNING: detected CUDA device 0 (NVIDIA GeForce RTX 3090) with 23 GiB VRAM.
[dflash]          Long-context prefill on <=24 GiB cards is significantly
[dflash]          slower with VMM enabled. Consider rebuilding with:
[dflash]              cmake -DGGML_CUDA_NO_VMM=ON ..
ggml_cuda_init: found 1 CUDA devices (Total VRAM: 24575 MiB):
  Device 0: NVIDIA GeForce RTX 3090, compute capability 8.6, VMM: no, VRAM: 24575 MiB
[cache] MTP donor override: forced Q8_0 on 2 layer(s) to avoid TQ3/FWHT cross-attn mismatch
[cache] created max_ctx=131072 (full_attn=131072, swa=2048), kv_layers=60, saved 82.0%
[cache] kv types: SWA=tq3_0, full=tq3_0
[cfg] model=/home/peppi/Dev/lucebox-hub/models/gemma-4-31B-it-Q4_K_M.gguf draft=(none) method=mtp gpu=0 ctx=131072 n_predict=64 kv_k=tq3_0 kv_v=tq3_0 temp=0.00 top_k=0 top_p=1.00 budget=22 bench=0 fa_window=0 draft_max=0 adaptive=0 draft_kv_cap_override=0 pflash=1 pflash_alpha=0.120
[gemma4_loader] bos_id=2 eos_id=106 eos_chat_id=107
[gemma4_loader] capture_layer_ids: 1 12 23 35 46 57
[target] loaded 60 layers, n_embd=5376, vocab=262144  (2505.5 ms)
[mtp_loader] loaded: n_embd_backbone=5376 n_mtp_layers=4 attention_k_eq_v=1 n_centroids=2048 use_ordered_embeddings=0 requires_target_arch=gemma4 tensors=49 GPU 322.06 MiB
[mtp_loader]   layer[0]: is_swa=1 donor_target_layer=59
[mtp_loader]   layer[1]: is_swa=1 donor_target_layer=59
[mtp_loader]   layer[2]: is_swa=1 donor_target_layer=59
[mtp_loader]   layer[3]: is_swa=0 donor_target_layer=58
[mtp] loaded n_layers=4 n_embd=1024 n_embd_backbone=5376  (113.3 ms)
[cache] created max_ctx=131072, kv_layers=60  (401.6 ms)
[mtp] mtp_last_full_layer=59
[mtp-fa-types] layer 0: Qfa=f32 Kfa=q8_0 Vfa=q8_0 head_dim_fa=256 kv_is_tq3=0 need_mask=0
[mtp-fa-types] layer 1: Qfa=f32 Kfa=q8_0 Vfa=q8_0 head_dim_fa=256 kv_is_tq3=0 need_mask=0
[mtp-fa-types] layer 2: Qfa=f32 Kfa=q8_0 Vfa=q8_0 head_dim_fa=256 kv_is_tq3=0 need_mask=0
[mtp-fa-types] layer 3: Qfa=f32 Kfa=q8_0 Vfa=q8_0 head_dim_fa=512 kv_is_tq3=0 need_mask=1
[mtp] step graph built ok
[tokens] using 50002 pre-tokenised IDs from --tokens
[tokens] prepended BOS token 2
[prefill] 50003 tokens ...
[prefill] 50003 tokens in 110363.7 ms (453.1 tok/s) [chunked+pflash, chunk_size=1024]  (last sampled token: 7243)
7243 [mtp-dbg] step=1 draft=107 target=107 MATCH
107 [mtp-dbg] step=2 draft=10354 target=10354 MATCH
10354 [mtp-dbg] step=3 draft=25252 target=25252 MATCH
25252 [mtp-dbg] step=4 draft=236787 target=529 miss
529 [mtp-dbg] step=5 draft=17856 target=8739 miss
8739 [mtp-dbg] step=6 draft=21072 target=21072 MATCH
21072 [mtp-dbg] step=7 draft=108 target=532 miss
532 [mtp-dbg] step=8 draft=72627 target=72627 MATCH
[mtp-step 8] accept_rate=0.62
72627 108 818 3847 9173 10594 529 496 [mtp-step 16] accept_rate=0.69
2455 5249 529 6829 14955 5151 236764 4547 [mtp-step 24] accept_rate=0.62
71882 699 496 13128 14929 653 20446 8319 [mtp-step 32] accept_rate=0.59
15297 568 17887 618 11096 110814 653 3361 [mtp-step 40] accept_rate=0.55
769 236743 108 2595 5213 236770 236761 8739 [mtp-step 48] accept_rate=0.54
21072 833 12939 28472 1018 107 236829 139 [mtp-step 56] accept_rate=0.54
1018 103831 45750 53121 669 3393 18677 69656 [mtp-step 64] accept_rate=0.50

[mtp] steps=64 accepted=32 accept_rate=0.50

[stats] generated=64  decode_ms=12037.9  tok/s=5.32  first_tok_ms=196.87
[stats] prefill=50003 tokens  context_used=50067/131072
[mem]  VRAM used=22.90 GB  total=24.00 GB
