[dflash] WARNING: detected CUDA device 0 (NVIDIA GeForce RTX 3090) with 23 GiB VRAM.
[dflash]          Long-context prefill on <=24 GiB cards is significantly
[dflash]          slower with VMM enabled. Consider rebuilding with:
[dflash]              cmake -DGGML_CUDA_NO_VMM=ON ..
ggml_cuda_init: found 1 CUDA devices (Total VRAM: 24575 MiB):
  Device 0: NVIDIA GeForce RTX 3090, compute capability 8.6, VMM: no, VRAM: 24575 MiB
[gemma4 draft GGUF] loaded: n_layer=5 n_head=64 n_kv=8 n_embd=5376 n_ff=10752 head_dim=128 target_hidden=5376  (1.52 GiB on GPU)
[cache] narrow asymmetric: forced Q8_0 on 2 captured full-attn layer(s) (remaining 8 full-attn keep TQ3)
[cache] created max_ctx=8192 (full_attn=8192, swa=2048), kv_layers=60, saved 62.5%
[cache] kv types: SWA=tq3_0, full=tq3_0
[spec] draft KV sliding re-prefill: kept 2092 tokens (positions 2005..4096), dkv_cap=2096
[cfg] model=/home/peppi/Dev/lucebox-hub/models/gemma-4-31B-it-Q4_K_M.gguf draft=/home/peppi/models/gemma4-31b-dflash/draft-q8_0.gguf method=dflash gpu=0 ctx=8192 n_predict=64 kv_k=tq3_0 kv_v=tq3_0 temp=0.00 top_k=0 top_p=1.00 budget=22 bench=0 fa_window=0 draft_max=4 adaptive=0 draft_kv_cap_override=0 pflash=1 pflash_alpha=0.120
[gemma4_loader] bos_id=2 eos_id=106 eos_chat_id=107
[gemma4_loader] capture_layer_ids: 1 12 23 35 46 57
[target] loaded 60 layers, n_embd=5376, vocab=262144  (2591.8 ms)
[tok_embd] uploaded 756.0 MiB to GPU (q4_K [5376, 262144])
[draft] loaded n_layer=5 n_head=64 n_embd=5376 n_vocab=262144 target_hidden=5376 block_size=16  (244.4 ms)
[cache] created max_ctx=8192, kv_layers=60  (96.9 ms)
[draft] KV cache allocated: 2096 slots
[tokens] using 4096 pre-tokenised IDs from --tokens
[tokens] prepended BOS token 2
[prefill] 4097 tokens ...
[prefill] 4097 tokens in 6321.4 ms (648.1 tok/s) [chunked+pflash, chunk_size=1024]  (last sampled token: 236787)
[draft] KV prefill done: 2096 positions materialized (skipped 2001 early tokens, cap=2096, target_feat_cap=4096, dkv_pos=2096)
236787 107 [spec] draft KV sliding re-prefill: kept 2092 tokens (positions 2007..4098), dkv_cap=2096
ggml_backend_cuda_graph_compute: CUDA graph warmup complete
[step 1] accept=2/4 avg=2.0 draft_ms=8.19 verify_ms=100.24 kv_ms=0.85 refill_ms=20.11
107 [spec] draft KV sliding re-prefill: kept 2092 tokens (positions 2008..4099), dkv_cap=2096
[step 2] accept=1/4 avg=1.5 draft_ms=5.97 verify_ms=96.65 kv_ms=0.77 refill_ms=20.75
514 [spec] draft KV sliding re-prefill: kept 2092 tokens (positions 2009..4100), dkv_cap=2096
[step 3] accept=1/4 avg=1.3 draft_ms=4.44 verify_ms=96.63 kv_ms=0.64 refill_ms=20.16
197973 [spec] draft KV sliding re-prefill: kept 2092 tokens (positions 2010..4101), dkv_cap=2096
[step 4] accept=1/4 avg=1.2 draft_ms=4.45 verify_ms=96.86 kv_ms=0.65 refill_ms=20.01
48010 ggml_backend_cuda_graph_compute: CUDA graph warmup complete
[spec] draft KV sliding re-prefill: kept 2092 tokens (positions 2011..4102), dkv_cap=2096
[step 5] accept=1/4 avg=1.2 draft_ms=4.45 verify_ms=95.71 kv_ms=0.63 refill_ms=20.77
48010 ggml_backend_cuda_graph_compute: CUDA graph warmup complete
[spec] draft KV sliding re-prefill: kept 2092 tokens (positions 2012..4103), dkv_cap=2096
[step 6] accept=1/4 avg=1.2 draft_ms=4.46 verify_ms=97.75 kv_ms=0.74 refill_ms=20.50
48010 [spec] draft KV sliding re-prefill: kept 2092 tokens (positions 2013..4104), dkv_cap=2096
[step 7] accept=1/4 avg=1.1 draft_ms=4.46 verify_ms=97.20 kv_ms=0.54 refill_ms=20.41
48010 [spec] draft KV sliding re-prefill: kept 2092 tokens (positions 2014..4105), dkv_cap=2096
[step 8] accept=1/4 avg=1.1 draft_ms=4.44 verify_ms=97.23 kv_ms=0.57 refill_ms=19.89
48010 [spec] draft KV sliding re-prefill: kept 2092 tokens (positions 2015..4106), dkv_cap=2096
[step 9] accept=1/4 avg=1.1 draft_ms=4.75 verify_ms=97.34 kv_ms=0.62 refill_ms=20.39
48010 [spec] draft KV sliding re-prefill: kept 2092 tokens (positions 2016..4107), dkv_cap=2096
[step 10] accept=1/4 avg=1.1 draft_ms=4.45 verify_ms=96.35 kv_ms=0.55 refill_ms=19.86
48010 [spec] draft KV sliding re-prefill: kept 2092 tokens (positions 2017..4108), dkv_cap=2096
[step 11] accept=1/4 avg=1.1 draft_ms=4.42 verify_ms=96.27 kv_ms=0.60 refill_ms=19.94
48010 [spec] draft KV sliding re-prefill: kept 2092 tokens (positions 2018..4109), dkv_cap=2096
[step 12] accept=1/4 avg=1.1 draft_ms=4.42 verify_ms=95.74 kv_ms=0.61 refill_ms=20.23
48010 [spec] draft KV sliding re-prefill: kept 2092 tokens (positions 2019..4110), dkv_cap=2096
[step 13] accept=1/4 avg=1.1 draft_ms=4.68 verify_ms=96.51 kv_ms=0.53 refill_ms=20.08
48010 [spec] draft KV sliding re-prefill: kept 2092 tokens (positions 2020..4111), dkv_cap=2096
[step 14] accept=1/4 avg=1.1 draft_ms=4.76 verify_ms=95.59 kv_ms=0.54 refill_ms=20.14
70469 [spec] draft KV sliding re-prefill: kept 2092 tokens (positions 2021..4112), dkv_cap=2096
[step 15] accept=1/4 avg=1.1 draft_ms=4.40 verify_ms=95.85 kv_ms=0.55 refill_ms=19.68
70469 [spec] draft KV sliding re-prefill: kept 2092 tokens (positions 2022..4113), dkv_cap=2096
[step 16] accept=1/4 avg=1.1 draft_ms=4.40 verify_ms=97.45 kv_ms=0.53 refill_ms=19.79
70469 [spec] draft KV sliding re-prefill: kept 2092 tokens (positions 2023..4114), dkv_cap=2096
[step 17] accept=1/4 avg=1.1 draft_ms=4.41 verify_ms=95.86 kv_ms=0.55 refill_ms=20.10
70469 [spec] draft KV sliding re-prefill: kept 2092 tokens (positions 2024..4115), dkv_cap=2096
[step 18] accept=1/4 avg=1.1 draft_ms=4.40 verify_ms=96.59 kv_ms=0.53 refill_ms=20.32
70469 [spec] draft KV sliding re-prefill: kept 2092 tokens (positions 2025..4116), dkv_cap=2096
[step 19] accept=1/4 avg=1.1 draft_ms=4.39 verify_ms=95.77 kv_ms=0.61 refill_ms=19.61
70469 [spec] draft KV sliding re-prefill: kept 2092 tokens (positions 2026..4117), dkv_cap=2096
[step 20] accept=1/4 avg=1.1 draft_ms=4.39 verify_ms=95.90 kv_ms=0.61 refill_ms=22.62
70469 [spec] draft KV sliding re-prefill: kept 2092 tokens (positions 2027..4118), dkv_cap=2096
[step 21] accept=1/4 avg=1.0 draft_ms=4.41 verify_ms=96.73 kv_ms=0.56 refill_ms=19.90
70469 70469 ggml_backend_cuda_graph_compute: CUDA graph warmup reset
[spec] draft KV sliding re-prefill: kept 2092 tokens (positions 2029..4120), dkv_cap=2096
[step 22] accept=2/4 avg=1.1 draft_ms=4.41 verify_ms=95.66 kv_ms=0.73 refill_ms=19.96
70469 [spec] draft KV sliding re-prefill: kept 2092 tokens (positions 2030..4121), dkv_cap=2096
[step 23] accept=1/4 avg=1.1 draft_ms=4.42 verify_ms=96.17 kv_ms=0.66 refill_ms=19.71
70469 ggml_backend_cuda_graph_compute: CUDA graph warmup complete
[spec] draft KV sliding re-prefill: kept 2092 tokens (positions 2031..4122), dkv_cap=2096
[step 24] accept=1/4 avg=1.1 draft_ms=4.41 verify_ms=95.49 kv_ms=0.61 refill_ms=20.73
70469 [spec] draft KV sliding re-prefill: kept 2092 tokens (positions 2032..4123), dkv_cap=2096
[step 25] accept=1/4 avg=1.1 draft_ms=4.38 verify_ms=96.50 kv_ms=0.57 refill_ms=20.12
70469 [spec] draft KV sliding re-prefill: kept 2092 tokens (positions 2033..4124), dkv_cap=2096
[step 26] accept=1/4 avg=1.1 draft_ms=4.43 verify_ms=95.49 kv_ms=0.56 refill_ms=19.83
70469 70469 ggml_backend_cuda_graph_compute: CUDA graph warmup reset
[spec] draft KV sliding re-prefill: kept 2092 tokens (positions 2035..4126), dkv_cap=2096
[step 27] accept=2/4 avg=1.1 draft_ms=4.39 verify_ms=96.03 kv_ms=0.65 refill_ms=20.06
70469 70469 ggml_backend_cuda_graph_compute: CUDA graph warmup complete
[spec] draft KV sliding re-prefill: kept 2092 tokens (positions 2037..4128), dkv_cap=2096
[step 28] accept=2/4 avg=1.1 draft_ms=4.78 verify_ms=95.22 kv_ms=0.64 refill_ms=19.69
70469 ggml_backend_cuda_graph_compute: CUDA graph warmup reset
[spec] draft KV sliding re-prefill: kept 2092 tokens (positions 2038..4129), dkv_cap=2096
[step 29] accept=1/4 avg=1.1 draft_ms=4.40 verify_ms=96.96 kv_ms=0.66 refill_ms=19.59
70469 ggml_backend_cuda_graph_compute: CUDA graph warmup complete
[spec] draft KV sliding re-prefill: kept 2092 tokens (positions 2039..4130), dkv_cap=2096
[step 30] accept=1/4 avg=1.1 draft_ms=4.39 verify_ms=95.06 kv_ms=0.64 refill_ms=20.07
70469 ggml_backend_cuda_graph_compute: CUDA graph warmup reset
[spec] draft KV sliding re-prefill: kept 2092 tokens (positions 2040..4131), dkv_cap=2096
[step 31] accept=1/4 avg=1.1 draft_ms=4.39 verify_ms=96.90 kv_ms=0.56 refill_ms=19.69
70469 70469 70469 ggml_backend_cuda_graph_compute: CUDA graph warmup reset
[spec] draft KV sliding re-prefill: kept 2092 tokens (positions 2043..4134), dkv_cap=2096
[step 32] accept=3/4 avg=1.2 draft_ms=4.39 verify_ms=95.96 kv_ms=0.85 refill_ms=19.75
70469 70469 70469 [spec] draft KV sliding re-prefill: kept 2092 tokens (positions 2046..4137), dkv_cap=2096
[step 33] accept=3/4 avg=1.2 draft_ms=4.40 verify_ms=94.74 kv_ms=0.73 refill_ms=19.78
70469 [spec] draft KV sliding re-prefill: kept 2092 tokens (positions 2047..4138), dkv_cap=2096
[step 34] accept=1/4 avg=1.2 draft_ms=4.45 verify_ms=96.57 kv_ms=0.60 refill_ms=19.92
70469 [spec] draft KV sliding re-prefill: kept 2092 tokens (positions 2048..4139), dkv_cap=2096
[step 35] accept=1/4 avg=1.2 draft_ms=4.38 verify_ms=95.59 kv_ms=0.66 refill_ms=19.72
70469 [spec] draft KV sliding re-prefill: kept 2092 tokens (positions 2049..4140), dkv_cap=2096
[step 36] accept=1/4 avg=1.2 draft_ms=4.41 verify_ms=96.07 kv_ms=0.70 refill_ms=19.90
70469 [spec] draft KV sliding re-prefill: kept 2092 tokens (positions 2050..4141), dkv_cap=2096
[step 37] accept=1/4 avg=1.2 draft_ms=4.39 verify_ms=95.18 kv_ms=0.62 refill_ms=19.83
70469 [spec] draft KV sliding re-prefill: kept 2092 tokens (positions 2051..4142), dkv_cap=2096
[step 38] accept=1/4 avg=1.2 draft_ms=4.39 verify_ms=96.16 kv_ms=0.63 refill_ms=19.86
70469 [spec] draft KV sliding re-prefill: kept 2092 tokens (positions 2052..4143), dkv_cap=2096
[step 39] accept=1/4 avg=1.2 draft_ms=4.42 verify_ms=95.72 kv_ms=0.80 refill_ms=20.96
70469 70469 70469 [spec] draft KV sliding re-prefill: kept 2092 tokens (positions 2055..4146), dkv_cap=2096
[step 40] accept=3/4 avg=1.2 draft_ms=4.39 verify_ms=95.41 kv_ms=0.67 refill_ms=20.04
70469 [spec] draft KV sliding re-prefill: kept 2092 tokens (positions 2056..4147), dkv_cap=2096
[step 41] accept=1/4 avg=1.2 draft_ms=4.39 verify_ms=96.50 kv_ms=0.88 refill_ms=20.31
70469 [spec] draft KV sliding re-prefill: kept 2092 tokens (positions 2057..4148), dkv_cap=2096
[step 42] accept=1/4 avg=1.2 draft_ms=4.43 verify_ms=94.93 kv_ms=0.72 refill_ms=20.20
70469 [spec] draft KV sliding re-prefill: kept 2092 tokens (positions 2058..4149), dkv_cap=2096
[step 43] accept=1/4 avg=1.2 draft_ms=4.39 verify_ms=95.93 kv_ms=0.67 refill_ms=19.93
70469 [spec] draft KV sliding re-prefill: kept 2092 tokens (positions 2059..4150), dkv_cap=2096
[step 44] accept=1/4 avg=1.2 draft_ms=4.42 verify_ms=96.34 kv_ms=0.67 refill_ms=20.41
70469 70469 [spec] draft KV sliding re-prefill: kept 2092 tokens (positions 2061..4152), dkv_cap=2096
[step 45] accept=2/4 avg=1.2 draft_ms=4.44 verify_ms=97.76 kv_ms=0.64 refill_ms=20.13
70469 70469 70469 70469 [spec] draft KV sliding re-prefill: kept 2092 tokens (positions 2065..4156), dkv_cap=2096
[step 46] accept=4/4 avg=1.3 draft_ms=4.41 verify_ms=100.87 kv_ms=0.75 refill_ms=20.06
70469 70469 70469 70469 [step 47] accept=4/4 avg=1.4 draft_ms=4.45 verify_ms=96.74 kv_ms=0.65 refill_ms=19.82

[stats] generated=64  decode_ms=5916.3  tok/s=10.82  first_tok_ms=143.10
[stats] prefill=4097 tokens  context_used=4161/8192
[spec] draft_steps=47 total_accepted=64 avg_accept=1.36
[mem]  VRAM used=22.42 GB  total=24.00 GB
