[dflash] WARNING: detected CUDA device 0 (NVIDIA GeForce RTX 3090) with 23 GiB VRAM.
[dflash]          Long-context prefill on <=24 GiB cards is significantly
[dflash]          slower with VMM enabled. Consider rebuilding with:
[dflash]              cmake -DGGML_CUDA_NO_VMM=ON ..
ggml_cuda_init: found 1 CUDA devices (Total VRAM: 24575 MiB):
  Device 0: NVIDIA GeForce RTX 3090, compute capability 8.6, VMM: no, VRAM: 24575 MiB
[cache] MTP donor override: forced Q8_0 on 2 layer(s) to avoid TQ3/FWHT cross-attn mismatch
[cache] created max_ctx=1024 (full_attn=1024, swa=1024), kv_layers=60, saved 0.0%
[cache] kv types: SWA=tq3_0, full=tq3_0
ggml_backend_cuda_graph_compute: CUDA graph warmup complete
[cfg] model=/home/peppi/Dev/lucebox-hub/models/gemma-4-31B-it-Q4_K_M.gguf draft=(none) method=mtp gpu=0 ctx=1024 n_predict=64 kv_k=tq3_0 kv_v=tq3_0 temp=0.00 top_k=0 top_p=1.00 budget=22 bench=0 fa_window=0 draft_max=0 adaptive=0 draft_kv_cap_override=0 pflash=1 pflash_alpha=0.120
[gemma4_loader] bos_id=2 eos_id=106 eos_chat_id=107
[gemma4_loader] capture_layer_ids: 1 12 23 35 46 57
[target] loaded 60 layers, n_embd=5376, vocab=262144  (2506.1 ms)
[mtp_loader] loaded: n_embd_backbone=5376 n_mtp_layers=4 attention_k_eq_v=1 n_centroids=2048 use_ordered_embeddings=0 requires_target_arch=gemma4 tensors=49 GPU 322.06 MiB
[mtp_loader]   layer[0]: is_swa=1 donor_target_layer=59
[mtp_loader]   layer[1]: is_swa=1 donor_target_layer=59
[mtp_loader]   layer[2]: is_swa=1 donor_target_layer=59
[mtp_loader]   layer[3]: is_swa=0 donor_target_layer=58
[mtp] loaded n_layers=4 n_embd=1024 n_embd_backbone=5376  (102.1 ms)
[cache] created max_ctx=1024, kv_layers=60  (36.8 ms)
[mtp] mtp_last_full_layer=59
[mtp-fa-types] layer 0: Qfa=f32 Kfa=q8_0 Vfa=q8_0 head_dim_fa=256 kv_is_tq3=0 need_mask=0
[mtp-fa-types] layer 1: Qfa=f32 Kfa=q8_0 Vfa=q8_0 head_dim_fa=256 kv_is_tq3=0 need_mask=0
[mtp-fa-types] layer 2: Qfa=f32 Kfa=q8_0 Vfa=q8_0 head_dim_fa=256 kv_is_tq3=0 need_mask=0
[mtp-fa-types] layer 3: Qfa=f32 Kfa=q8_0 Vfa=q8_0 head_dim_fa=512 kv_is_tq3=0 need_mask=1
[mtp] step graph built ok
[tokens] using 27 pre-tokenised IDs from --tokens
[tokens] prepended BOS token 2
[prefill] 28 tokens ...
[prefill] 28 tokens in 188.8 ms (148.3 tok/s) [chunked+pflash, chunk_size=28]  (last sampled token: 7243)
107 101 [mtp-gt1] chain k=1 accepted=1 bonus=101 total_acc=1 pos_mode=const
ggml_backend_cuda_graph_compute: CUDA graph warmup complete
2094 13315 563 496 5213 [mtp-gt1] chain k=2 accepted=4 bonus=5213 total_acc=5 pos_mode=const
ggml_backend_cuda_graph_compute: CUDA graph warmup reset
ggml_backend_cuda_graph_compute: CUDA graph warmup complete
158691 1043 125546 837 [mtp-gt1] chain k=3 accepted=3 bonus=837 total_acc=8 pos_mode=const
ggml_backend_cuda_graph_compute: CUDA graph warmup complete
563 496 20412 [mtp-gt1] chain k=4 accepted=2 bonus=20412 total_acc=10 pos_mode=const
ggml_backend_cuda_graph_compute: CUDA graph warmup reset
ggml_backend_cuda_graph_compute: CUDA graph warmup complete
600 6097 1418 6064 529 [mtp-gt1] chain k=5 accepted=4 bonus=529 total_acc=14 pos_mode=const
ggml_backend_cuda_graph_compute: CUDA graph warmup reset
ggml_backend_cuda_graph_compute: CUDA graph warmup complete
506 30796 657 [mtp-gt1] chain k=6 accepted=2 bonus=657 total_acc=16 pos_mode=const
ggml_backend_cuda_graph_compute: CUDA graph warmup reset
ggml_backend_cuda_graph_compute: CUDA graph warmup complete
3198 3622 236761 8468 [mtp-gt1] chain k=7 accepted=3 bonus=8468 total_acc=19 pos_mode=const
ggml_backend_cuda_graph_compute: CUDA graph warmup reset
ggml_backend_cuda_graph_compute: CUDA graph warmup complete
625 60432 [mtp-gt1] chain k=8 accepted=1 bonus=60432 total_acc=20 pos_mode=const
ggml_backend_cuda_graph_compute: CUDA graph warmup reset
ggml_backend_cuda_graph_compute: CUDA graph warmup complete
1418 6064 699 [mtp-gt1] chain k=9 accepted=2 bonus=699 total_acc=22 pos_mode=const
ggml_backend_cuda_graph_compute: CUDA graph warmup reset
ggml_backend_cuda_graph_compute: CUDA graph warmup complete
562 531 1491 236764 625 [mtp-gt1] chain k=10 accepted=4 bonus=625 total_acc=26 pos_mode=const
ggml_backend_cuda_graph_compute: CUDA graph warmup reset
ggml_backend_cuda_graph_compute: CUDA graph warmup complete
815 41063 1010 1456 618 [mtp-gt1] chain k=11 accepted=4 bonus=618 total_acc=30 pos_mode=const
ggml_backend_cuda_graph_compute: CUDA graph warmup reset
ggml_backend_cuda_graph_compute: CUDA graph warmup complete
496 4077 [mtp-gt1] chain k=12 accepted=1 bonus=4077 total_acc=31 pos_mode=const
ggml_backend_cuda_graph_compute: CUDA graph warmup complete
5904 573 7257 1722 [mtp-gt1] chain k=13 accepted=3 bonus=1722 total_acc=34 pos_mode=const
ggml_backend_cuda_graph_compute: CUDA graph warmup reset
ggml_backend_cuda_graph_compute: CUDA graph warmup complete
65003 236764 94221 236764 532 [mtp-gt1] chain k=14 accepted=4 bonus=532 total_acc=38 pos_mode=const
ggml_backend_cuda_graph_compute: CUDA graph warmup reset
ggml_backend_cuda_graph_compute: CUDA graph warmup complete
5194 [mtp-gt1] chain k=15 accepted=0 bonus=5194 total_acc=38 pos_mode=const
ggml_backend_cuda_graph_compute: CUDA graph warmup reset
ggml_backend_cuda_graph_compute: CUDA graph warmup complete
46221 531 5330 [mtp-gt1] chain k=16 accepted=2 bonus=5330 total_acc=40 pos_mode=const
ggml_backend_cuda_graph_compute: CUDA graph warmup reset
ggml_backend_cuda_graph_compute: CUDA graph warmup complete
600 1418 2872 19365 [mtp-gt1] chain k=17 accepted=3 bonus=19365 total_acc=43 pos_mode=const
ggml_backend_cuda_graph_compute: CUDA graph warmup reset
ggml_backend_cuda_graph_compute: CUDA graph warmup complete
15195 532 5151 [mtp-gt1] chain k=18 accepted=2 bonus=5151 total_acc=45 pos_mode=const
ggml_backend_cuda_graph_compute: CUDA graph warmup reset
ggml_backend_cuda_graph_compute: CUDA graph warmup complete
9668 [mtp-gt1] chain k=19 accepted=4 bonus=100 total_acc=49 pos_mode=const

[mtp-gt1] chains=19 total_accepted=49 mean_accept=2.58 accept_rate=0.645 gamma=4 pos_mode=const

[stats] generated=64  decode_ms=1632.6  tok/s=39.20  first_tok_ms=99.14
[stats] prefill=28 tokens  context_used=96/1024
[mem]  VRAM used=19.24 GB  total=24.00 GB
