[dflash] WARNING: detected CUDA device 0 (NVIDIA GeForce RTX 3090) with 23 GiB VRAM.
[dflash]          Long-context prefill on <=24 GiB cards is significantly
[dflash]          slower with VMM enabled. Consider rebuilding with:
[dflash]              cmake -DGGML_CUDA_NO_VMM=ON ..
ggml_cuda_init: found 1 CUDA devices (Total VRAM: 24575 MiB):
  Device 0: NVIDIA GeForce RTX 3090, compute capability 8.6, VMM: no, VRAM: 24575 MiB
[cache] created max_ctx=16384 (full_attn=16384, swa=2048), kv_layers=60, saved 72.9%
[cache] kv types: SWA=tq3_0, full=tq3_0
[cfg] model=/home/peppi/Dev/lucebox-hub/models/gemma-4-31B-it-Q4_K_M.gguf draft=(none) method=none gpu=0 ctx=16384 n_predict=64 kv_k=tq3_0 kv_v=tq3_0 temp=0.00 top_k=0 top_p=1.00 budget=22 bench=0 fa_window=0 draft_max=0 adaptive=0 draft_kv_cap_override=0 pflash=1 pflash_alpha=0.120
[gemma4_loader] bos_id=2 eos_id=106 eos_chat_id=107
[gemma4_loader] capture_layer_ids: 1 12 23 35 46 57
[target] loaded 60 layers, n_embd=5376, vocab=262144  (2396.6 ms)
[cache] created max_ctx=16384, kv_layers=60  (105.8 ms)
[tokens] using 8192 pre-tokenised IDs from --tokens
[tokens] prepended BOS token 2
[prefill] 8193 tokens ...
[prefill] 8193 tokens in 13323.2 ms (614.9 tok/s) [chunked+pflash, chunk_size=1024]  (last sampled token: 236787)
[tgt-only-dbg] logits[0..3]: -14.771 -11.171 -11.521 -14.812 max=14.339@236751 next=236751
236787 236751 759 1930 236787 107 236751 759 236751 4317 4317 4317 4317 107 4317 4317 4317 111970 111970 111970 111970 111970 232862 232862 232862 232862 232862 232862 232862 232862 232862 232862 514 1852 1852 1852 1852 1852 128361 1852 1852 1852 1852 1852 1852 128361 1852 514 1852 1852 86124 1852 1852 1852 1852 1852 1852 514 1852 1852 514 1852 1852 514 
[stats] generated=64  decode_ms=4678.8  tok/s=13.68  first_tok_ms=71.27
[stats] prefill=8193 tokens  context_used=8257/16384
[mem]  VRAM used=20.15 GB  total=24.00 GB
