[dflash] WARNING: detected CUDA device 0 (NVIDIA GeForce RTX 3090) with 23 GiB VRAM.
[dflash]          Long-context prefill on <=24 GiB cards is significantly
[dflash]          slower with VMM enabled. Consider rebuilding with:
[dflash]              cmake -DGGML_CUDA_NO_VMM=ON ..
ggml_cuda_init: found 1 CUDA devices (Total VRAM: 24575 MiB):
  Device 0: NVIDIA GeForce RTX 3090, compute capability 8.6, VMM: no, VRAM: 24575 MiB
[gemma4 draft GGUF] loaded: n_layer=5 n_head=64 n_kv=8 n_embd=5376 n_ff=10752 head_dim=128 target_hidden=5376  (1.52 GiB on GPU)
[cache] narrow asymmetric: forced Q8_0 on 2 captured full-attn layer(s) (remaining 8 full-attn keep TQ3)
[cache] created max_ctx=1024 (full_attn=1024, swa=1024), kv_layers=60, saved 0.0%
[cache] kv types: SWA=tq3_0, full=tq3_0
[cfg] model=/home/peppi/Dev/lucebox-hub/models/gemma-4-31B-it-Q4_K_M.gguf draft=/home/peppi/models/gemma4-31b-dflash/draft-q8_0.gguf method=dflash gpu=0 ctx=1024 n_predict=64 kv_k=tq3_0 kv_v=tq3_0 temp=0.00 top_k=0 top_p=1.00 budget=22 bench=0 fa_window=0 draft_max=4 adaptive=0 draft_kv_cap_override=0 pflash=1 pflash_alpha=0.120
[gemma4_loader] bos_id=2 eos_id=106 eos_chat_id=107
[gemma4_loader] capture_layer_ids: 1 12 23 35 46 57
[target] loaded 60 layers, n_embd=5376, vocab=262144  (2421.8 ms)
[tok_embd] uploaded 756.0 MiB to GPU (q4_K [5376, 262144])
[draft] loaded n_layer=5 n_head=64 n_embd=5376 n_vocab=262144 target_hidden=5376 block_size=16  (2141.0 ms)
[cache] created max_ctx=1024, kv_layers=60  (36.5 ms)
[draft] KV cache allocated: 2096 slots
[tokens] using 27 pre-tokenised IDs from --tokens
[tokens] prepended BOS token 2
[prefill] 28 tokens ...
[prefill] 28 tokens in 184.7 ms (151.6 tok/s) [chunked+pflash, chunk_size=28]  (last sampled token: 100)
[draft] KV prefill done: 28 positions materialized (skipped 0 early tokens, cap=2096, target_feat_cap=1024, dkv_pos=28)
100 45518 107 [step 1] accept=3/4 avg=3.0 draft_ms=5.93 verify_ms=77.75 kv_ms=0.86 refill_ms=0.00
101 2094 13315 563 [step 2] accept=4/4 avg=3.5 draft_ms=3.74 verify_ms=71.15 kv_ms=0.65 refill_ms=0.00
496 [step 3] accept=1/4 avg=2.7 draft_ms=3.79 verify_ms=71.65 kv_ms=0.69 refill_ms=0.00
5213 158691 1043 [step 4] accept=3/4 avg=2.8 draft_ms=3.83 verify_ms=71.78 kv_ms=0.62 refill_ms=0.00
125546 [step 5] accept=1/4 avg=2.4 draft_ms=3.82 verify_ms=70.54 kv_ms=0.63 refill_ms=0.00
837 563 496 20412 [step 6] accept=4/4 avg=2.7 draft_ms=3.75 verify_ms=71.84 kv_ms=0.62 refill_ms=0.00
600 6097 [step 7] accept=2/4 avg=2.6 draft_ms=3.75 verify_ms=70.68 kv_ms=0.70 refill_ms=0.00
1418 6064 529 [step 8] accept=3/4 avg=2.6 draft_ms=3.76 verify_ms=72.41 kv_ms=0.70 refill_ms=0.00
506 30796 [step 9] accept=2/4 avg=2.6 draft_ms=3.89 verify_ms=71.56 kv_ms=0.99 refill_ms=0.00
657 3198 3622 236761 [step 10] accept=4/4 avg=2.7 draft_ms=3.81 verify_ms=71.28 kv_ms=0.67 refill_ms=0.00
8468 625 [step 11] accept=2/4 avg=2.6 draft_ms=3.76 verify_ms=70.94 kv_ms=0.66 refill_ms=0.00
60432 784 [step 12] accept=2/4 avg=2.6 draft_ms=3.75 verify_ms=73.26 kv_ms=0.63 refill_ms=0.00
236743 236778 236825 11739 [step 13] accept=4/4 avg=2.7 draft_ms=3.75 verify_ms=71.62 kv_ms=0.74 refill_ms=0.00
529 506 [step 14] accept=2/4 avg=2.6 draft_ms=3.76 verify_ms=71.29 kv_ms=0.64 refill_ms=0.00
5422 30796 236764 625 [step 15] accept=4/4 avg=2.7 draft_ms=3.82 verify_ms=70.78 kv_ms=0.72 refill_ms=0.00
815 41063 [step 16] accept=2/4 avg=2.7 draft_ms=3.82 verify_ms=72.73 kv_ms=0.64 refill_ms=0.00
1010 1456 [step 17] accept=2/4 avg=2.6 draft_ms=3.82 verify_ms=70.56 kv_ms=0.65 refill_ms=0.00
618 496 [step 18] accept=2/4 avg=2.6 draft_ms=3.85 verify_ms=71.05 kv_ms=0.61 refill_ms=0.00
4077 [step 19] accept=1/4 avg=2.5 draft_ms=3.90 verify_ms=72.32 kv_ms=0.62 refill_ms=0.00
5904 573 [step 20] accept=2/4 avg=2.5 draft_ms=3.77 verify_ms=72.74 kv_ms=0.71 refill_ms=0.00
7257 [step 21] accept=1/4 avg=2.4 draft_ms=4.09 verify_ms=71.72 kv_ms=0.66 refill_ms=0.00
1722 [step 22] accept=1/4 avg=2.4 draft_ms=3.78 verify_ms=71.74 kv_ms=0.71 refill_ms=0.00
65003 236764 94221 236764 [step 23] accept=4/4 avg=2.4 draft_ms=3.94 verify_ms=71.46 kv_ms=0.77 refill_ms=0.00
532 [step 24] accept=1/4 avg=2.4 draft_ms=3.87 verify_ms=72.68 kv_ms=0.73 refill_ms=0.00
5194 46221 531 5330 [step 25] accept=4/4 avg=2.4 draft_ms=3.88 verify_ms=71.90 kv_ms=0.75 refill_ms=0.00
600 1418 [step 26] accept=2/4 avg=2.4 draft_ms=3.87 verify_ms=71.35 kv_ms=0.59 refill_ms=0.00
2872 [step 27] accept=3/4 avg=2.4 draft_ms=3.83 verify_ms=72.19 kv_ms=0.65 refill_ms=0.00

[stats] generated=64  decode_ms=2176.9  tok/s=29.40  first_tok_ms=98.03
[stats] prefill=28 tokens  context_used=92/1024
[spec] draft_steps=27 total_accepted=64 avg_accept=2.37
[mem]  VRAM used=21.24 GB  total=24.00 GB
