[dflash] WARNING: detected CUDA device 0 (NVIDIA GeForce RTX 3090) with 23 GiB VRAM.
[dflash]          Long-context prefill on <=24 GiB cards is significantly
[dflash]          slower with VMM enabled. Consider rebuilding with:
[dflash]              cmake -DGGML_CUDA_NO_VMM=ON ..
ggml_cuda_init: found 1 CUDA devices (Total VRAM: 24575 MiB):
  Device 0: NVIDIA GeForce RTX 3090, compute capability 8.6, VMM: no, VRAM: 24575 MiB
[cache] MTP donor override: forced Q8_0 on 2 layer(s) to avoid TQ3/FWHT cross-attn mismatch
[cache] created max_ctx=4096 (full_attn=4096, swa=2048), kv_layers=60, saved 41.7%
[cache] kv types: SWA=tq3_0, full=tq3_0
ggml_backend_cuda_graph_compute: CUDA graph warmup complete
[cfg] model=/home/peppi/Dev/lucebox-hub/models/gemma-4-31B-it-Q4_K_M.gguf draft=(none) method=mtp gpu=0 ctx=4096 n_predict=64 kv_k=tq3_0 kv_v=tq3_0 temp=0.00 top_k=0 top_p=1.00 budget=22 bench=0 fa_window=0 draft_max=0 adaptive=0 draft_kv_cap_override=0 pflash=1 pflash_alpha=0.120
[gemma4_loader] bos_id=2 eos_id=106 eos_chat_id=107
[gemma4_loader] capture_layer_ids: 1 12 23 35 46 57
[target] loaded 60 layers, n_embd=5376, vocab=262144  (2533.5 ms)
[mtp_loader] loaded: n_embd_backbone=5376 n_mtp_layers=4 attention_k_eq_v=1 n_centroids=2048 use_ordered_embeddings=0 requires_target_arch=gemma4 tensors=49 GPU 322.06 MiB
[mtp_loader]   layer[0]: is_swa=1 donor_target_layer=59
[mtp_loader]   layer[1]: is_swa=1 donor_target_layer=59
[mtp_loader]   layer[2]: is_swa=1 donor_target_layer=59
[mtp_loader]   layer[3]: is_swa=0 donor_target_layer=58
[mtp] loaded n_layers=4 n_embd=1024 n_embd_backbone=5376  (106.3 ms)
[cache] created max_ctx=4096, kv_layers=60  (87.6 ms)
[mtp] mtp_last_full_layer=59
[mtp-fa-types] layer 0: Qfa=f32 Kfa=q8_0 Vfa=q8_0 head_dim_fa=256 kv_is_tq3=0 need_mask=0
[mtp-fa-types] layer 1: Qfa=f32 Kfa=q8_0 Vfa=q8_0 head_dim_fa=256 kv_is_tq3=0 need_mask=0
[mtp-fa-types] layer 2: Qfa=f32 Kfa=q8_0 Vfa=q8_0 head_dim_fa=256 kv_is_tq3=0 need_mask=0
[mtp-fa-types] layer 3: Qfa=f32 Kfa=q8_0 Vfa=q8_0 head_dim_fa=512 kv_is_tq3=0 need_mask=1
[mtp] step graph built ok
[tokens] using 2611 pre-tokenised IDs from --tokens
[tokens] prepended BOS token 2
[prefill] 2612 tokens ...
[prefill] 2612 tokens in 4017.4 ms (650.2 tok/s) [chunked+pflash, chunk_size=1024]  (last sampled token: 7243)
107 100 45518 [mtp-gt1] chain k=1 accepted=2 bonus=45518 total_acc=2 pos_mode=const
ggml_backend_cuda_graph_compute: CUDA graph warmup complete
107 101 22515 [mtp-gt1] chain k=2 accepted=2 bonus=22515 total_acc=4 pos_mode=const
ggml_backend_cuda_graph_compute: CUDA graph warmup complete
580 506 1816 [mtp-gt1] chain k=3 accepted=2 bonus=1816 total_acc=6 pos_mode=const
ggml_backend_cuda_graph_compute: CUDA graph warmup complete
3847 236764 1590 [mtp-gt1] chain k=4 accepted=2 bonus=1590 total_acc=8 pos_mode=const
ggml_backend_cuda_graph_compute: CUDA graph warmup reset
ggml_backend_cuda_graph_compute: CUDA graph warmup complete
563 496 12323 [mtp-gt1] chain k=5 accepted=2 bonus=12323 total_acc=10 pos_mode=const
ggml_backend_cuda_graph_compute: CUDA graph warmup reset
ggml_backend_cuda_graph_compute: CUDA graph warmup complete
529 506 4749 [mtp-gt1] chain k=6 accepted=2 bonus=4749 total_acc=12 pos_mode=const
ggml_backend_cuda_graph_compute: CUDA graph warmup reset
ggml_backend_cuda_graph_compute: CUDA graph warmup complete
236787 [mtp-gt1] chain k=7 accepted=0 bonus=236787 total_acc=12 pos_mode=const
ggml_backend_cuda_graph_compute: CUDA graph warmup reset
ggml_backend_cuda_graph_compute: CUDA graph warmup complete
108 1018 818 [mtp-gt1] chain k=8 accepted=2 bonus=818 total_acc=14 pos_mode=const
ggml_backend_cuda_graph_compute: CUDA graph warmup reset
ggml_backend_cuda_graph_compute: CUDA graph warmup complete
181693 1018 107 [mtp-gt1] chain k=9 accepted=2 bonus=107 total_acc=16 pos_mode=const
ggml_backend_cuda_graph_compute: CUDA graph warmup reset
ggml_backend_cuda_graph_compute: CUDA graph warmup complete
236799 [mtp-gt1] chain k=10 accepted=0 bonus=236799 total_acc=16 pos_mode=const
ggml_backend_cuda_graph_compute: CUDA graph warmup reset
ggml_backend_cuda_graph_compute: CUDA graph warmup complete
2926 1651 [mtp-gt1] chain k=11 accepted=1 bonus=1651 total_acc=17 pos_mode=const
ggml_backend_cuda_graph_compute: CUDA graph warmup reset
ggml_backend_cuda_graph_compute: CUDA graph warmup complete
8116 684 1116 [mtp-gt1] chain k=12 accepted=2 bonus=1116 total_acc=19 pos_mode=const
ggml_backend_cuda_graph_compute: CUDA graph warmup reset
ggml_backend_cuda_graph_compute: CUDA graph warmup complete
12198 580 496 [mtp-gt1] chain k=13 accepted=2 bonus=496 total_acc=21 pos_mode=const
ggml_backend_cuda_graph_compute: CUDA graph warmup reset
ggml_backend_cuda_graph_compute: CUDA graph warmup complete
8858 15433 236764 [mtp-gt1] chain k=14 accepted=2 bonus=236764 total_acc=23 pos_mode=const
ggml_backend_cuda_graph_compute: CUDA graph warmup reset
ggml_backend_cuda_graph_compute: CUDA graph warmup complete
32858 5238 [mtp-gt1] chain k=15 accepted=1 bonus=5238 total_acc=24 pos_mode=const
ggml_backend_cuda_graph_compute: CUDA graph warmup reset
ggml_backend_cuda_graph_compute: CUDA graph warmup complete
496 228707 [mtp-gt1] chain k=16 accepted=1 bonus=228707 total_acc=25 pos_mode=const
ggml_backend_cuda_graph_compute: CUDA graph warmup reset
ggml_backend_cuda_graph_compute: CUDA graph warmup complete
236772 151977 [mtp-gt1] chain k=17 accepted=1 bonus=151977 total_acc=26 pos_mode=const
ggml_backend_cuda_graph_compute: CUDA graph warmup reset
ggml_backend_cuda_graph_compute: CUDA graph warmup complete
7286 62524 1679 [mtp-gt1] chain k=18 accepted=2 bonus=1679 total_acc=28 pos_mode=const
ggml_backend_cuda_graph_compute: CUDA graph warmup reset
ggml_backend_cuda_graph_compute: CUDA graph warmup complete
496 2455 [mtp-gt1] chain k=19 accepted=1 bonus=2455 total_acc=29 pos_mode=const
ggml_backend_cuda_graph_compute: CUDA graph warmup reset
ggml_backend_cuda_graph_compute: CUDA graph warmup complete
27973 236772 26026 [mtp-gt1] chain k=20 accepted=2 bonus=26026 total_acc=31 pos_mode=const
ggml_backend_cuda_graph_compute: CUDA graph warmup reset
ggml_backend_cuda_graph_compute: CUDA graph warmup complete
236761 2625 [mtp-gt1] chain k=21 accepted=1 bonus=2625 total_acc=32 pos_mode=const
ggml_backend_cuda_graph_compute: CUDA graph warmup reset
ggml_backend_cuda_graph_compute: CUDA graph warmup complete
16071 1679 [mtp-gt1] chain k=22 accepted=1 bonus=1679 total_acc=33 pos_mode=const
ggml_backend_cuda_graph_compute: CUDA graph warmup reset
ggml_backend_cuda_graph_compute: CUDA graph warmup complete
496 5268 [mtp-gt1] chain k=23 accepted=1 bonus=5268 total_acc=34 pos_mode=const
ggml_backend_cuda_graph_compute: CUDA graph warmup reset
ggml_backend_cuda_graph_compute: CUDA graph warmup complete
236764 68610 [mtp-gt1] chain k=24 accepted=1 bonus=68610 total_acc=35 pos_mode=const
ggml_backend_cuda_graph_compute: CUDA graph warmup reset
ggml_backend_cuda_graph_compute: CUDA graph warmup complete
1388 31584 [mtp-gt1] chain k=25 accepted=1 bonus=31584 total_acc=36 pos_mode=const
ggml_backend_cuda_graph_compute: CUDA graph warmup reset
ggml_backend_cuda_graph_compute: CUDA graph warmup complete
607 165835 532 [mtp-gt1] chain k=26 accepted=2 bonus=532 total_acc=38 pos_mode=const

[mtp-gt1] chains=26 total_accepted=38 mean_accept=1.46 accept_rate=0.731 gamma=2 pos_mode=const

[stats] generated=64  decode_ms=3117.6  tok/s=20.53  first_tok_ms=139.32
[stats] prefill=2612 tokens  context_used=2676/4096
[mem]  VRAM used=20.31 GB  total=24.00 GB
