[dflash] WARNING: detected CUDA device 0 (NVIDIA GeForce RTX 3090) with 23 GiB VRAM.
[dflash]          Long-context prefill on <=24 GiB cards is significantly
[dflash]          slower with VMM enabled. Consider rebuilding with:
[dflash]              cmake -DGGML_CUDA_NO_VMM=ON ..
ggml_cuda_init: found 1 CUDA devices (Total VRAM: 24575 MiB):
  Device 0: NVIDIA GeForce RTX 3090, compute capability 8.6, VMM: no, VRAM: 24575 MiB
[cache] created max_ctx=1024 (full_attn=1024, swa=1024), kv_layers=60, saved 0.0%
[cache] kv types: SWA=tq3_0, full=tq3_0
[cfg] model=/home/peppi/Dev/lucebox-hub/models/gemma-4-31B-it-Q4_K_M.gguf draft=(none) method=none gpu=0 ctx=1024 n_predict=64 kv_k=tq3_0 kv_v=tq3_0 temp=0.00 top_k=0 top_p=1.00 budget=22 bench=0 fa_window=0 draft_max=0 adaptive=0 draft_kv_cap_override=0 pflash=1 pflash_alpha=0.120
[gemma4_loader] bos_id=2 eos_id=106 eos_chat_id=107
[gemma4_loader] capture_layer_ids: 1 12 23 35 46 57
[target] loaded 60 layers, n_embd=5376, vocab=262144  (25737.8 ms)
[cache] created max_ctx=1024, kv_layers=60  (32.3 ms)
[tokens] using 27 pre-tokenised IDs from --tokens
[tokens] prepended BOS token 2
[prefill] 28 tokens ...
[prefill] 28 tokens in 177.2 ms (158.0 tok/s) [chunked+pflash, chunk_size=28]  (last sampled token: 100)
[tgt-only-dbg] logits[0..3]: -11.322 -8.259 -5.660 -11.333 max=25.653@45518 next=45518
100 45518 107 101 2094 13315 563 496 9639 5422 236772 19859 45494 1043 236764 837 563 496 13315 600 6097 1418 6064 529 506 30796 657 3198 3622 236761 8468 625 60432 1418 6064 699 562 531 1491 528 496 9150 2822 532 40137 20412 236764 625 563 11572 1456 531 1594 1722 65003 236764 94221 236764 532 5194 46221 531 5330 600 
[stats] generated=64  decode_ms=3149.8  tok/s=20.32  first_tok_ms=50.22
[stats] prefill=28 tokens  context_used=92/1024
[mem]  VRAM used=18.89 GB  total=24.00 GB
