[dflash] WARNING: detected CUDA device 0 (NVIDIA GeForce RTX 3090) with 23 GiB VRAM.
[dflash]          Long-context prefill on <=24 GiB cards is significantly
[dflash]          slower with VMM enabled. Consider rebuilding with:
[dflash]              cmake -DGGML_CUDA_NO_VMM=ON ..
ggml_cuda_init: found 1 CUDA devices (Total VRAM: 24575 MiB):
  Device 0: NVIDIA GeForce RTX 3090, compute capability 8.6, VMM: no, VRAM: 24575 MiB
[cache] created max_ctx=4096 (full_attn=4096, swa=2048), kv_layers=60, saved 41.7%
[cache] kv types: SWA=tq3_0, full=tq3_0
[cfg] model=/home/peppi/Dev/lucebox-hub/models/gemma-4-31B-it-Q4_K_M.gguf draft=(none) method=none gpu=0 ctx=4096 n_predict=64 kv_k=tq3_0 kv_v=tq3_0 temp=0.00 top_k=0 top_p=1.00 budget=22 bench=0 fa_window=0 draft_max=0 adaptive=0 draft_kv_cap_override=0 pflash=1 pflash_alpha=0.120
[gemma4_loader] bos_id=2 eos_id=106 eos_chat_id=107
[gemma4_loader] capture_layer_ids: 1 12 23 35 46 57
[target] loaded 60 layers, n_embd=5376, vocab=262144  (2514.3 ms)
[cache] created max_ctx=4096, kv_layers=60  (80.7 ms)
[tokens] using 2611 pre-tokenised IDs from --tokens
[tokens] prepended BOS token 2
[prefill] 2612 tokens ...
[prefill] 2612 tokens in 4087.4 ms (639.0 tok/s) [chunked+pflash, chunk_size=1024]  (last sampled token: 100)
[tgt-only-dbg] logits[0..3]: -10.393 0.241 -4.309 -10.439 max=25.148@45518 next=45518
100 45518 107 101 22515 580 506 1816 3847 236764 1590 563 496 12323 529 506 4749 236787 108 1018 818 181693 1018 107 236799 2926 1651 8116 684 1116 12198 580 496 8858 15433 236764 32858 5238 496 228707 236772 151977 7286 62524 1679 496 27973 236772 26026 236761 2625 16071 1679 496 5268 1388 31584 607 165835 532 186781 236764 1913 837 
[stats] generated=64  decode_ms=3813.3  tok/s=16.78  first_tok_ms=60.03
[stats] prefill=2612 tokens  context_used=2676/4096
[mem]  VRAM used=19.95 GB  total=24.00 GB
